[0.034s] Invoking command in '/home/bettanin/ros2dev/build/cpp_action_srvcli': CMAKE_PREFIX_PATH=/home/bettanin/ros2dev/install/action_tutorials_interfaces:/home/bettanin/ros2dev/install/cpp_action_srvcli:/home/bettanin/ros2dev/install/cpp_pubsub:/home/bettanin/ros2dev/install/tutorial_interfaces:/home/bettanin/ros2dev/install/my_package:/home/bettanin/ros2dev/install/more_interfaces:/home/bettanin/ros2dev/install/cpp_srvcli:/home/bettanin/ros2dev/install/cpp_parameters:/opt/ros/foxy LD_LIBRARY_PATH=/home/bettanin/ros2dev/install/action_tutorials_interfaces/lib:/home/bettanin/ros2dev/install/cpp_action_srvcli/lib:/home/bettanin/ros2dev/install/tutorial_interfaces/lib:/home/bettanin/ros2dev/install/more_interfaces/lib:/opt/ros/foxy/opt/yaml_cpp_vendor/lib:/opt/ros/foxy/opt/rviz_ogre_vendor/lib:/opt/ros/foxy/lib/x86_64-linux-gnu:/opt/ros/foxy/lib /usr/bin/cmake --build /home/bettanin/ros2dev/build/cpp_action_srvcli -- -j8 -l8
[0.143s] [35m[1mScanning dependencies of target action_server[0m
[0.177s] [ 25%] Built target fibonacci_action_client
[0.179s] [ 50%] Built target action_client
[0.193s] [ 75%] Built target fibonacci_action_server
[0.216s] [ 87%] [32mBuilding CXX object CMakeFiles/action_server.dir/src/fibonacci_action_server.cpp.o[0m
[5.703s] [100%] [32m[1mLinking CXX shared library libaction_server.so[0m
[6.019s] [100%] Built target action_server
[6.041s] Invoked command in '/home/bettanin/ros2dev/build/cpp_action_srvcli' returned '0': CMAKE_PREFIX_PATH=/home/bettanin/ros2dev/install/action_tutorials_interfaces:/home/bettanin/ros2dev/install/cpp_action_srvcli:/home/bettanin/ros2dev/install/cpp_pubsub:/home/bettanin/ros2dev/install/tutorial_interfaces:/home/bettanin/ros2dev/install/my_package:/home/bettanin/ros2dev/install/more_interfaces:/home/bettanin/ros2dev/install/cpp_srvcli:/home/bettanin/ros2dev/install/cpp_parameters:/opt/ros/foxy LD_LIBRARY_PATH=/home/bettanin/ros2dev/install/action_tutorials_interfaces/lib:/home/bettanin/ros2dev/install/cpp_action_srvcli/lib:/home/bettanin/ros2dev/install/tutorial_interfaces/lib:/home/bettanin/ros2dev/install/more_interfaces/lib:/opt/ros/foxy/opt/yaml_cpp_vendor/lib:/opt/ros/foxy/opt/rviz_ogre_vendor/lib:/opt/ros/foxy/lib/x86_64-linux-gnu:/opt/ros/foxy/lib /usr/bin/cmake --build /home/bettanin/ros2dev/build/cpp_action_srvcli -- -j8 -l8
[6.136s] Invoking command in '/home/bettanin/ros2dev/build/cpp_action_srvcli': CMAKE_PREFIX_PATH=/home/bettanin/ros2dev/install/action_tutorials_interfaces:/home/bettanin/ros2dev/install/cpp_action_srvcli:/home/bettanin/ros2dev/install/cpp_pubsub:/home/bettanin/ros2dev/install/tutorial_interfaces:/home/bettanin/ros2dev/install/my_package:/home/bettanin/ros2dev/install/more_interfaces:/home/bettanin/ros2dev/install/cpp_srvcli:/home/bettanin/ros2dev/install/cpp_parameters:/opt/ros/foxy LD_LIBRARY_PATH=/home/bettanin/ros2dev/install/action_tutorials_interfaces/lib:/home/bettanin/ros2dev/install/cpp_action_srvcli/lib:/home/bettanin/ros2dev/install/tutorial_interfaces/lib:/home/bettanin/ros2dev/install/more_interfaces/lib:/opt/ros/foxy/opt/yaml_cpp_vendor/lib:/opt/ros/foxy/opt/rviz_ogre_vendor/lib:/opt/ros/foxy/lib/x86_64-linux-gnu:/opt/ros/foxy/lib /usr/bin/cmake --install /home/bettanin/ros2dev/build/cpp_action_srvcli
[6.153s] -- Install configuration: ""
[6.154s] -- Up-to-date: /home/bettanin/ros2dev/install/cpp_action_srvcli/lib/cpp_action_srvcli/fibonacci_action_server
[6.155s] -- Installing: /home/bettanin/ros2dev/install/cpp_action_srvcli/lib/libaction_server.so
[6.159s] -- Set runtime path of "/home/bettanin/ros2dev/install/cpp_action_srvcli/lib/libaction_server.so" to ""
[6.159s] -- Up-to-date: /home/bettanin/ros2dev/install/cpp_action_srvcli/lib/cpp_action_srvcli/fibonacci_action_client
[6.160s] -- Up-to-date: /home/bettanin/ros2dev/install/cpp_action_srvcli/lib/libaction_client.so
[6.161s] -- Up-to-date: /home/bettanin/ros2dev/install/cpp_action_srvcli/share/ament_index/resource_index/package_run_dependencies/cpp_action_srvcli
[6.162s] -- Up-to-date: /home/bettanin/ros2dev/install/cpp_action_srvcli/share/ament_index/resource_index/parent_prefix_path/cpp_action_srvcli
[6.162s] -- Up-to-date: /home/bettanin/ros2dev/install/cpp_action_srvcli/share/cpp_action_srvcli/environment/ament_prefix_path.sh
[6.162s] -- Up-to-date: /home/bettanin/ros2dev/install/cpp_action_srvcli/share/cpp_action_srvcli/environment/ament_prefix_path.dsv
[6.163s] -- Up-to-date: /home/bettanin/ros2dev/install/cpp_action_srvcli/share/cpp_action_srvcli/environment/path.sh
[6.163s] -- Up-to-date: /home/bettanin/ros2dev/install/cpp_action_srvcli/share/cpp_action_srvcli/environment/path.dsv
[6.163s] -- Up-to-date: /home/bettanin/ros2dev/install/cpp_action_srvcli/share/cpp_action_srvcli/local_setup.bash
[6.163s] -- Up-to-date: /home/bettanin/ros2dev/install/cpp_action_srvcli/share/cpp_action_srvcli/local_setup.sh
[6.164s] -- Up-to-date: /home/bettanin/ros2dev/install/cpp_action_srvcli/share/cpp_action_srvcli/local_setup.zsh
[6.164s] -- Up-to-date: /home/bettanin/ros2dev/install/cpp_action_srvcli/share/cpp_action_srvcli/local_setup.dsv
[6.164s] -- Installing: /home/bettanin/ros2dev/install/cpp_action_srvcli/share/cpp_action_srvcli/package.dsv
[6.164s] -- Up-to-date: /home/bettanin/ros2dev/install/cpp_action_srvcli/share/ament_index/resource_index/packages/cpp_action_srvcli
[6.164s] -- Up-to-date: /home/bettanin/ros2dev/install/cpp_action_srvcli/share/ament_index/resource_index/rclcpp_components/cpp_action_srvcli
[6.165s] -- Up-to-date: /home/bettanin/ros2dev/install/cpp_action_srvcli/share/cpp_action_srvcli/cmake/cpp_action_srvcliConfig.cmake
[6.165s] -- Up-to-date: /home/bettanin/ros2dev/install/cpp_action_srvcli/share/cpp_action_srvcli/cmake/cpp_action_srvcliConfig-version.cmake
[6.165s] -- Up-to-date: /home/bettanin/ros2dev/install/cpp_action_srvcli/share/cpp_action_srvcli/package.xml
[6.168s] Invoked command in '/home/bettanin/ros2dev/build/cpp_action_srvcli' returned '0': CMAKE_PREFIX_PATH=/home/bettanin/ros2dev/install/action_tutorials_interfaces:/home/bettanin/ros2dev/install/cpp_action_srvcli:/home/bettanin/ros2dev/install/cpp_pubsub:/home/bettanin/ros2dev/install/tutorial_interfaces:/home/bettanin/ros2dev/install/my_package:/home/bettanin/ros2dev/install/more_interfaces:/home/bettanin/ros2dev/install/cpp_srvcli:/home/bettanin/ros2dev/install/cpp_parameters:/opt/ros/foxy LD_LIBRARY_PATH=/home/bettanin/ros2dev/install/action_tutorials_interfaces/lib:/home/bettanin/ros2dev/install/cpp_action_srvcli/lib:/home/bettanin/ros2dev/install/tutorial_interfaces/lib:/home/bettanin/ros2dev/install/more_interfaces/lib:/opt/ros/foxy/opt/yaml_cpp_vendor/lib:/opt/ros/foxy/opt/rviz_ogre_vendor/lib:/opt/ros/foxy/lib/x86_64-linux-gnu:/opt/ros/foxy/lib /usr/bin/cmake --install /home/bettanin/ros2dev/build/cpp_action_srvcli
