[1.265s] Invoking command in '/home/bettanin/ros2_ws/src/learning_tf2_py': PYTHONPATH=/home/bettanin/ros2_ws/install/learning_tf2_py/lib/python3.8/site-packages:${PYTHONPATH} /usr/bin/python3 setup.py egg_info --egg-base ../../build/learning_tf2_py build --build-base /home/bettanin/ros2_ws/build/learning_tf2_py/build install --prefix /home/bettanin/ros2_ws/install/learning_tf2_py --record /home/bettanin/ros2_ws/build/learning_tf2_py/install.log --single-version-externally-managed
[1.686s] running egg_info
[1.687s] writing ../../build/learning_tf2_py/learning_tf2_py.egg-info/PKG-INFO
[1.688s] writing dependency_links to ../../build/learning_tf2_py/learning_tf2_py.egg-info/dependency_links.txt
[1.688s] writing entry points to ../../build/learning_tf2_py/learning_tf2_py.egg-info/entry_points.txt
[1.688s] writing requirements to ../../build/learning_tf2_py/learning_tf2_py.egg-info/requires.txt
[1.688s] writing top-level names to ../../build/learning_tf2_py/learning_tf2_py.egg-info/top_level.txt
[1.750s] reading manifest file '../../build/learning_tf2_py/learning_tf2_py.egg-info/SOURCES.txt'
[1.751s] writing manifest file '../../build/learning_tf2_py/learning_tf2_py.egg-info/SOURCES.txt'
[1.751s] running build
[1.752s] running build_py
[1.752s] running install
[1.753s] running install_lib
[1.756s] running install_data
[1.756s] running install_egg_info
[1.759s] removing '/home/bettanin/ros2_ws/install/learning_tf2_py/lib/python3.8/site-packages/learning_tf2_py-0.0.0-py3.8.egg-info' (and everything under it)
[1.760s] Copying ../../build/learning_tf2_py/learning_tf2_py.egg-info to /home/bettanin/ros2_ws/install/learning_tf2_py/lib/python3.8/site-packages/learning_tf2_py-0.0.0-py3.8.egg-info
[1.761s] running install_scripts
[1.791s] Installing turtle_tf2_message_broadcaster script to /home/bettanin/ros2_ws/install/learning_tf2_py/lib/learning_tf2_py
[1.792s] writing list of installed files to '/home/bettanin/ros2_ws/build/learning_tf2_py/install.log'
[1.822s] Invoked command in '/home/bettanin/ros2_ws/src/learning_tf2_py' returned '0': PYTHONPATH=/home/bettanin/ros2_ws/install/learning_tf2_py/lib/python3.8/site-packages:${PYTHONPATH} /usr/bin/python3 setup.py egg_info --egg-base ../../build/learning_tf2_py build --build-base /home/bettanin/ros2_ws/build/learning_tf2_py/build install --prefix /home/bettanin/ros2_ws/install/learning_tf2_py --record /home/bettanin/ros2_ws/build/learning_tf2_py/install.log --single-version-externally-managed
