[35m[1mScanning dependencies of target talker[0m
[ 25%] [32mBuilding CXX object CMakeFiles/listener.dir/src/subscriber_member_function.cpp.o[0m
[ 50%] [32mBuilding CXX object CMakeFiles/talker.dir/src/publisher_member_function.cpp.o[0m
[01m[K/home/bettanin/ros2dev/src/cpp_pubsub/src/subscriber_member_function.cpp:35:52:[m[K [01;31m[Kerror: [m[Ktemplate argument 1 is invalid
   35 |   rclcpp::Subscription<tutorial_interfaces:msg::Num[01;31m[K>[m[K::SharedPtr subscription_;
      |                                                    [01;31m[K^[m[K
[01m[K/home/bettanin/ros2dev/src/cpp_pubsub/src/subscriber_member_function.cpp:35:52:[m[K [01;31m[Kerror: [m[Ktemplate argument 3 is invalid
[01m[K/home/bettanin/ros2dev/src/cpp_pubsub/src/subscriber_member_function.cpp:35:55:[m[K [01;31m[Kerror: [m[Kexpected ‘[01m[K;[m[K’ at end of member declaration
   35 |   rclcpp::Subscription<tutorial_interfaces:msg::Num>::[01;31m[KSharedPtr[m[K subscription_;
      |                                                       [01;31m[K^~~~~~~~~[m[K
      |                                                                [32m[K;[m[K
[01m[K/home/bettanin/ros2dev/src/cpp_pubsub/src/subscriber_member_function.cpp:35:65:[m[K [01;31m[Kerror: [m[K‘[01m[Ksubscription_[m[K’ does not name a type; did you mean ‘[01m[Krcl_subscription_t[m[K’?
   35 |   rclcpp::Subscription<tutorial_interfaces:msg::Num>::SharedPtr [01;31m[Ksubscription_[m[K;
      |                                                                 [01;31m[K^~~~~~~~~~~~~[m[K
      |                                                                 [32m[Krcl_subscription_t[m[K
[01m[K/home/bettanin/ros2dev/src/cpp_pubsub/src/subscriber_member_function.cpp:[m[K In constructor ‘[01m[KMinimalSubscriber::MinimalSubscriber()[m[K’:
[01m[K/home/bettanin/ros2dev/src/cpp_pubsub/src/subscriber_member_function.cpp:27:5:[m[K [01;31m[Kerror: [m[K‘[01m[Ksubscription_[m[K’ was not declared in this scope; did you mean ‘[01m[Krcl_subscription_t[m[K’?
   27 |     [01;31m[Ksubscription_[m[K = this->create_subscription<tutorial_interfaces::msg::Num>("topic", 10, std::bind(&MinimalSubscriber::topic_callback, this, _1));
      |     [01;31m[K^~~~~~~~~~~~~[m[K
      |     [32m[Krcl_subscription_t[m[K
make[2]: *** [CMakeFiles/listener.dir/build.make:63: CMakeFiles/listener.dir/src/subscriber_member_function.cpp.o] Error 1
make[1]: *** [CMakeFiles/Makefile2:80: CMakeFiles/listener.dir/all] Error 2
make[1]: *** Waiting for unfinished jobs....
[ 75%] [32m[1mLinking CXX executable talker[0m
[ 75%] Built target talker
make: *** [Makefile:141: all] Error 2
