[1.247s] Invoking command in '/home/bettanin/ros2_ws/src/launch_tutorial': PYTHONPATH=/home/bettanin/ros2_ws/install/launch_tutorial/lib/python3.8/site-packages:${PYTHONPATH} /usr/bin/python3 setup.py egg_info --egg-base ../../build/launch_tutorial build --build-base /home/bettanin/ros2_ws/build/launch_tutorial/build install --prefix /home/bettanin/ros2_ws/install/launch_tutorial --record /home/bettanin/ros2_ws/build/launch_tutorial/install.log --single-version-externally-managed
[1.663s] running egg_info
[1.664s] writing ../../build/launch_tutorial/launch_tutorial.egg-info/PKG-INFO
[1.664s] writing dependency_links to ../../build/launch_tutorial/launch_tutorial.egg-info/dependency_links.txt
[1.665s] writing entry points to ../../build/launch_tutorial/launch_tutorial.egg-info/entry_points.txt
[1.665s] writing requirements to ../../build/launch_tutorial/launch_tutorial.egg-info/requires.txt
[1.665s] writing top-level names to ../../build/launch_tutorial/launch_tutorial.egg-info/top_level.txt
[1.727s] reading manifest file '../../build/launch_tutorial/launch_tutorial.egg-info/SOURCES.txt'
[1.730s] writing manifest file '../../build/launch_tutorial/launch_tutorial.egg-info/SOURCES.txt'
[1.730s] running build
[1.730s] running build_py
[1.731s] running install
[1.732s] running install_lib
[1.734s] running install_data
[1.735s] copying launch/launch_turtlesim.launch.py -> /home/bettanin/ros2_ws/install/launch_tutorial/share/launch_tutorial/launch
[1.736s] running install_egg_info
[1.739s] removing '/home/bettanin/ros2_ws/install/launch_tutorial/lib/python3.8/site-packages/launch_tutorial-0.0.0-py3.8.egg-info' (and everything under it)
[1.739s] Copying ../../build/launch_tutorial/launch_tutorial.egg-info to /home/bettanin/ros2_ws/install/launch_tutorial/lib/python3.8/site-packages/launch_tutorial-0.0.0-py3.8.egg-info
[1.741s] running install_scripts
[1.771s] writing list of installed files to '/home/bettanin/ros2_ws/build/launch_tutorial/install.log'
[1.801s] Invoked command in '/home/bettanin/ros2_ws/src/launch_tutorial' returned '0': PYTHONPATH=/home/bettanin/ros2_ws/install/launch_tutorial/lib/python3.8/site-packages:${PYTHONPATH} /usr/bin/python3 setup.py egg_info --egg-base ../../build/launch_tutorial build --build-base /home/bettanin/ros2_ws/build/launch_tutorial/build install --prefix /home/bettanin/ros2_ws/install/launch_tutorial --record /home/bettanin/ros2_ws/build/launch_tutorial/install.log --single-version-externally-managed
