[1.398s] Invoking command in '/home/bettanin/ros2dev_ws/src/py_launch_example': PYTHONPATH=/home/bettanin/ros2dev_ws/install/py_launch_example/lib/python3.8/site-packages:${PYTHONPATH} /usr/bin/python3 setup.py egg_info --egg-base ../../build/py_launch_example build --build-base /home/bettanin/ros2dev_ws/build/py_launch_example/build install --prefix /home/bettanin/ros2dev_ws/install/py_launch_example --record /home/bettanin/ros2dev_ws/build/py_launch_example/install.log --single-version-externally-managed
[1.880s] running egg_info
[1.881s] writing ../../build/py_launch_example/py_launch_example.egg-info/PKG-INFO
[1.881s] writing dependency_links to ../../build/py_launch_example/py_launch_example.egg-info/dependency_links.txt
[1.882s] writing entry points to ../../build/py_launch_example/py_launch_example.egg-info/entry_points.txt
[1.882s] writing requirements to ../../build/py_launch_example/py_launch_example.egg-info/requires.txt
[1.882s] writing top-level names to ../../build/py_launch_example/py_launch_example.egg-info/top_level.txt
[1.955s] reading manifest file '../../build/py_launch_example/py_launch_example.egg-info/SOURCES.txt'
[1.957s] writing manifest file '../../build/py_launch_example/py_launch_example.egg-info/SOURCES.txt'
[1.957s] running build
[1.957s] running build_py
[1.957s] running install
[1.960s] running install_lib
[1.963s] running install_data
[1.964s] running install_egg_info
[1.967s] removing '/home/bettanin/ros2dev_ws/install/py_launch_example/lib/python3.8/site-packages/py_launch_example-0.0.0-py3.8.egg-info' (and everything under it)
[1.967s] Copying ../../build/py_launch_example/py_launch_example.egg-info to /home/bettanin/ros2dev_ws/install/py_launch_example/lib/python3.8/site-packages/py_launch_example-0.0.0-py3.8.egg-info
[1.969s] running install_scripts
[1.999s] writing list of installed files to '/home/bettanin/ros2dev_ws/build/py_launch_example/install.log'
[2.038s] Invoked command in '/home/bettanin/ros2dev_ws/src/py_launch_example' returned '0': PYTHONPATH=/home/bettanin/ros2dev_ws/install/py_launch_example/lib/python3.8/site-packages:${PYTHONPATH} /usr/bin/python3 setup.py egg_info --egg-base ../../build/py_launch_example build --build-base /home/bettanin/ros2dev_ws/build/py_launch_example/build install --prefix /home/bettanin/ros2dev_ws/install/py_launch_example --record /home/bettanin/ros2dev_ws/build/py_launch_example/install.log --single-version-externally-managed
