[1.226s] Invoking command in '/home/bettanin/ros2_ws/src/learning_tf2_py': PYTHONPATH=/home/bettanin/ros2_ws/install/learning_tf2_py/lib/python3.8/site-packages:${PYTHONPATH} /usr/bin/python3 setup.py egg_info --egg-base ../../build/learning_tf2_py build --build-base /home/bettanin/ros2_ws/build/learning_tf2_py/build install --prefix /home/bettanin/ros2_ws/install/learning_tf2_py --record /home/bettanin/ros2_ws/build/learning_tf2_py/install.log --single-version-externally-managed
[1.633s] running egg_info
[1.635s] creating ../../build/learning_tf2_py/learning_tf2_py.egg-info
[1.635s] writing ../../build/learning_tf2_py/learning_tf2_py.egg-info/PKG-INFO
[1.635s] writing dependency_links to ../../build/learning_tf2_py/learning_tf2_py.egg-info/dependency_links.txt
[1.636s] writing entry points to ../../build/learning_tf2_py/learning_tf2_py.egg-info/entry_points.txt
[1.636s] writing requirements to ../../build/learning_tf2_py/learning_tf2_py.egg-info/requires.txt
[1.636s] writing top-level names to ../../build/learning_tf2_py/learning_tf2_py.egg-info/top_level.txt
[1.638s] writing manifest file '../../build/learning_tf2_py/learning_tf2_py.egg-info/SOURCES.txt'
[1.697s] reading manifest file '../../build/learning_tf2_py/learning_tf2_py.egg-info/SOURCES.txt'
[1.698s] writing manifest file '../../build/learning_tf2_py/learning_tf2_py.egg-info/SOURCES.txt'
[1.698s] running build
[1.699s] running build_py
[1.699s] creating /home/bettanin/ros2_ws/build/learning_tf2_py/build
[1.699s] creating /home/bettanin/ros2_ws/build/learning_tf2_py/build/lib
[1.699s] creating /home/bettanin/ros2_ws/build/learning_tf2_py/build/lib/learning_tf2_py
[1.699s] copying learning_tf2_py/turtle_tf2_message_broadcaster.py -> /home/bettanin/ros2_ws/build/learning_tf2_py/build/lib/learning_tf2_py
[1.700s] copying learning_tf2_py/static_turtle_tf2_broadcaster.py -> /home/bettanin/ros2_ws/build/learning_tf2_py/build/lib/learning_tf2_py
[1.700s] copying learning_tf2_py/__init__.py -> /home/bettanin/ros2_ws/build/learning_tf2_py/build/lib/learning_tf2_py
[1.700s] running install
[1.702s] running install_lib
[1.704s] creating /home/bettanin/ros2_ws/install/learning_tf2_py/lib/python3.8/site-packages/learning_tf2_py
[1.704s] copying /home/bettanin/ros2_ws/build/learning_tf2_py/build/lib/learning_tf2_py/turtle_tf2_message_broadcaster.py -> /home/bettanin/ros2_ws/install/learning_tf2_py/lib/python3.8/site-packages/learning_tf2_py
[1.705s] copying /home/bettanin/ros2_ws/build/learning_tf2_py/build/lib/learning_tf2_py/static_turtle_tf2_broadcaster.py -> /home/bettanin/ros2_ws/install/learning_tf2_py/lib/python3.8/site-packages/learning_tf2_py
[1.705s] copying /home/bettanin/ros2_ws/build/learning_tf2_py/build/lib/learning_tf2_py/__init__.py -> /home/bettanin/ros2_ws/install/learning_tf2_py/lib/python3.8/site-packages/learning_tf2_py
[1.706s] byte-compiling /home/bettanin/ros2_ws/install/learning_tf2_py/lib/python3.8/site-packages/learning_tf2_py/turtle_tf2_message_broadcaster.py to turtle_tf2_message_broadcaster.cpython-38.pyc
[1.709s] byte-compiling /home/bettanin/ros2_ws/install/learning_tf2_py/lib/python3.8/site-packages/learning_tf2_py/static_turtle_tf2_broadcaster.py to static_turtle_tf2_broadcaster.cpython-38.pyc
[1.711s] byte-compiling /home/bettanin/ros2_ws/install/learning_tf2_py/lib/python3.8/site-packages/learning_tf2_py/__init__.py to __init__.cpython-38.pyc
[1.711s] running install_data
[1.712s] creating /home/bettanin/ros2_ws/install/learning_tf2_py/share/ament_index
[1.712s] creating /home/bettanin/ros2_ws/install/learning_tf2_py/share/ament_index/resource_index
[1.713s] creating /home/bettanin/ros2_ws/install/learning_tf2_py/share/ament_index/resource_index/packages
[1.713s] copying resource/learning_tf2_py -> /home/bettanin/ros2_ws/install/learning_tf2_py/share/ament_index/resource_index/packages
[1.713s] copying package.xml -> /home/bettanin/ros2_ws/install/learning_tf2_py/share/learning_tf2_py
[1.713s] running install_egg_info
[1.716s] Copying ../../build/learning_tf2_py/learning_tf2_py.egg-info to /home/bettanin/ros2_ws/install/learning_tf2_py/lib/python3.8/site-packages/learning_tf2_py-0.0.0-py3.8.egg-info
[1.719s] running install_scripts
[1.749s] Installing turtle_tf2_message_broadcaster script to /home/bettanin/ros2_ws/install/learning_tf2_py/lib/learning_tf2_py
[1.749s] writing list of installed files to '/home/bettanin/ros2_ws/build/learning_tf2_py/install.log'
[1.783s] Invoked command in '/home/bettanin/ros2_ws/src/learning_tf2_py' returned '0': PYTHONPATH=/home/bettanin/ros2_ws/install/learning_tf2_py/lib/python3.8/site-packages:${PYTHONPATH} /usr/bin/python3 setup.py egg_info --egg-base ../../build/learning_tf2_py build --build-base /home/bettanin/ros2_ws/build/learning_tf2_py/build install --prefix /home/bettanin/ros2_ws/install/learning_tf2_py --record /home/bettanin/ros2_ws/build/learning_tf2_py/install.log --single-version-externally-managed
