[1.239s] Invoking command in '/home/bettanin/ros2_ws/src/learning_tf2_py': PYTHONPATH=/home/bettanin/ros2_ws/install/learning_tf2_py/lib/python3.8/site-packages:${PYTHONPATH} /usr/bin/python3 setup.py egg_info --egg-base ../../build/learning_tf2_py build --build-base /home/bettanin/ros2_ws/build/learning_tf2_py/build install --prefix /home/bettanin/ros2_ws/install/learning_tf2_py --record /home/bettanin/ros2_ws/build/learning_tf2_py/install.log --single-version-externally-managed
[1.647s] running egg_info
[1.649s] creating ../../build/learning_tf2_py/learning_tf2_py.egg-info
[1.649s] writing ../../build/learning_tf2_py/learning_tf2_py.egg-info/PKG-INFO
[1.649s] writing dependency_links to ../../build/learning_tf2_py/learning_tf2_py.egg-info/dependency_links.txt
[1.650s] writing entry points to ../../build/learning_tf2_py/learning_tf2_py.egg-info/entry_points.txt
[1.650s] writing requirements to ../../build/learning_tf2_py/learning_tf2_py.egg-info/requires.txt
[1.650s] writing top-level names to ../../build/learning_tf2_py/learning_tf2_py.egg-info/top_level.txt
[1.653s] writing manifest file '../../build/learning_tf2_py/learning_tf2_py.egg-info/SOURCES.txt'
[1.713s] reading manifest file '../../build/learning_tf2_py/learning_tf2_py.egg-info/SOURCES.txt'
[1.714s] writing manifest file '../../build/learning_tf2_py/learning_tf2_py.egg-info/SOURCES.txt'
[1.715s] running build
[1.715s] running build_py
[1.716s] creating /home/bettanin/ros2_ws/build/learning_tf2_py/build
[1.716s] creating /home/bettanin/ros2_ws/build/learning_tf2_py/build/lib
[1.716s] creating /home/bettanin/ros2_ws/build/learning_tf2_py/build/lib/learning_tf2_py
[1.716s] copying learning_tf2_py/turtle_tf2_message_broadcaster.py -> /home/bettanin/ros2_ws/build/learning_tf2_py/build/lib/learning_tf2_py
[1.717s] copying learning_tf2_py/__init__.py -> /home/bettanin/ros2_ws/build/learning_tf2_py/build/lib/learning_tf2_py
[1.717s] running install
[1.718s] running install_lib
[1.720s] creating /home/bettanin/ros2_ws/install/learning_tf2_py/lib/python3.8/site-packages/learning_tf2_py
[1.721s] copying /home/bettanin/ros2_ws/build/learning_tf2_py/build/lib/learning_tf2_py/turtle_tf2_message_broadcaster.py -> /home/bettanin/ros2_ws/install/learning_tf2_py/lib/python3.8/site-packages/learning_tf2_py
[1.721s] copying /home/bettanin/ros2_ws/build/learning_tf2_py/build/lib/learning_tf2_py/__init__.py -> /home/bettanin/ros2_ws/install/learning_tf2_py/lib/python3.8/site-packages/learning_tf2_py
[1.722s] byte-compiling /home/bettanin/ros2_ws/install/learning_tf2_py/lib/python3.8/site-packages/learning_tf2_py/turtle_tf2_message_broadcaster.py to turtle_tf2_message_broadcaster.cpython-38.pyc
[1.725s] byte-compiling /home/bettanin/ros2_ws/install/learning_tf2_py/lib/python3.8/site-packages/learning_tf2_py/__init__.py to __init__.cpython-38.pyc
[1.725s] running install_data
[1.726s] creating /home/bettanin/ros2_ws/install/learning_tf2_py/share/ament_index
[1.727s] creating /home/bettanin/ros2_ws/install/learning_tf2_py/share/ament_index/resource_index
[1.727s] creating /home/bettanin/ros2_ws/install/learning_tf2_py/share/ament_index/resource_index/packages
[1.727s] copying resource/learning_tf2_py -> /home/bettanin/ros2_ws/install/learning_tf2_py/share/ament_index/resource_index/packages
[1.727s] copying package.xml -> /home/bettanin/ros2_ws/install/learning_tf2_py/share/learning_tf2_py
[1.728s] running install_egg_info
[1.730s] Copying ../../build/learning_tf2_py/learning_tf2_py.egg-info to /home/bettanin/ros2_ws/install/learning_tf2_py/lib/python3.8/site-packages/learning_tf2_py-0.0.0-py3.8.egg-info
[1.732s] running install_scripts
[1.762s] Installing turtle_tf2_message_broadcaster script to /home/bettanin/ros2_ws/install/learning_tf2_py/lib/learning_tf2_py
[1.763s] writing list of installed files to '/home/bettanin/ros2_ws/build/learning_tf2_py/install.log'
[1.796s] Invoked command in '/home/bettanin/ros2_ws/src/learning_tf2_py' returned '0': PYTHONPATH=/home/bettanin/ros2_ws/install/learning_tf2_py/lib/python3.8/site-packages:${PYTHONPATH} /usr/bin/python3 setup.py egg_info --egg-base ../../build/learning_tf2_py build --build-base /home/bettanin/ros2_ws/build/learning_tf2_py/build install --prefix /home/bettanin/ros2_ws/install/learning_tf2_py --record /home/bettanin/ros2_ws/build/learning_tf2_py/install.log --single-version-externally-managed
