[0.336s] DEBUG:colcon:Command line arguments: ['/usr/bin/colcon', 'build', '--packages-select', 'more_interfaces']
[0.336s] DEBUG:colcon:Parsed command line arguments: Namespace(allow_overriding=[], ament_cmake_args=None, base_paths=['.'], build_base='build', catkin_cmake_args=None, catkin_skip_building_tests=False, cmake_args=None, cmake_clean_cache=False, cmake_clean_first=False, cmake_force_configure=False, cmake_target=None, cmake_target_skip_unavailable=False, continue_on_error=False, event_handlers=None, executor='parallel', ignore_user_meta=False, install_base='install', log_base=None, log_level=None, main=<bound method BuildVerb.main of <colcon_core.verb.build.BuildVerb object at 0x7f5bf82fb580>>, merge_install=False, metas=['./colcon.meta'], mixin=None, mixin_files=None, mixin_verb=('build',), packages_above=None, packages_above_and_dependencies=None, packages_above_depth=None, packages_end=None, packages_ignore=None, packages_ignore_regex=None, packages_select=['more_interfaces'], packages_select_build_failed=False, packages_select_by_dep=None, packages_select_regex=None, packages_select_test_failures=False, packages_skip=None, packages_skip_build_finished=False, packages_skip_by_dep=None, packages_skip_regex=None, packages_skip_test_passed=False, packages_skip_up_to=None, packages_start=None, packages_up_to=None, packages_up_to_regex=None, parallel_workers=8, paths=None, symlink_install=False, test_result_base=None, verb_extension=<colcon_core.verb.build.BuildVerb object at 0x7f5bf82fb580>, verb_name='build', verb_parser=<colcon_mixin.mixin.mixin_argument.MixinArgumentDecorator object at 0x7f5bf82fbbe0>)
[0.383s] Level 1:colcon.colcon_core.package_discovery:discover_packages(colcon_meta) check parameters
[0.384s] Level 1:colcon.colcon_core.package_discovery:discover_packages(recursive) check parameters
[0.384s] Level 1:colcon.colcon_core.package_discovery:discover_packages(ignore) check parameters
[0.384s] Level 1:colcon.colcon_core.package_discovery:discover_packages(path) check parameters
[0.384s] Level 1:colcon.colcon_core.package_discovery:discover_packages(colcon_meta) discover
[0.384s] Level 1:colcon.colcon_core.package_discovery:discover_packages(recursive) discover
[0.384s] INFO:colcon.colcon_core.package_discovery:Crawling recursively for packages in '/home/bettanin/ros2dev'
[0.384s] Level 1:colcon.colcon_core.package_identification:_identify(.) by extensions ['ignore', 'ignore_ament_install']
[0.385s] Level 1:colcon.colcon_core.package_identification:_identify(.) by extension 'ignore'
[0.385s] Level 1:colcon.colcon_core.package_identification:_identify(.) by extension 'ignore_ament_install'
[0.385s] Level 1:colcon.colcon_core.package_identification:_identify(.) by extensions ['colcon_pkg']
[0.385s] Level 1:colcon.colcon_core.package_identification:_identify(.) by extension 'colcon_pkg'
[0.385s] Level 1:colcon.colcon_core.package_identification:_identify(.) by extensions ['colcon_meta']
[0.385s] Level 1:colcon.colcon_core.package_identification:_identify(.) by extension 'colcon_meta'
[0.385s] Level 1:colcon.colcon_core.package_identification:_identify(.) by extensions ['ros']
[0.385s] Level 1:colcon.colcon_core.package_identification:_identify(.) by extension 'ros'
[0.417s] Level 1:colcon.colcon_core.package_identification:_identify(.) by extensions ['cmake', 'python']
[0.417s] Level 1:colcon.colcon_core.package_identification:_identify(.) by extension 'cmake'
[0.417s] Level 1:colcon.colcon_core.package_identification:_identify(.) by extension 'python'
[0.417s] Level 1:colcon.colcon_core.package_identification:_identify(.) by extensions ['python_setup_py']
[0.418s] Level 1:colcon.colcon_core.package_identification:_identify(.) by extension 'python_setup_py'
[0.418s] Level 1:colcon.colcon_core.package_identification:_identify(build) by extensions ['ignore', 'ignore_ament_install']
[0.418s] Level 1:colcon.colcon_core.package_identification:_identify(build) by extension 'ignore'
[0.418s] Level 1:colcon.colcon_core.package_identification:_identify(build) ignored
[0.418s] Level 1:colcon.colcon_core.package_identification:_identify(install) by extensions ['ignore', 'ignore_ament_install']
[0.419s] Level 1:colcon.colcon_core.package_identification:_identify(install) by extension 'ignore'
[0.419s] Level 1:colcon.colcon_core.package_identification:_identify(install) ignored
[0.419s] Level 1:colcon.colcon_core.package_identification:_identify(log) by extensions ['ignore', 'ignore_ament_install']
[0.419s] Level 1:colcon.colcon_core.package_identification:_identify(log) by extension 'ignore'
[0.419s] Level 1:colcon.colcon_core.package_identification:_identify(log) ignored
[0.419s] Level 1:colcon.colcon_core.package_identification:_identify(src) by extensions ['ignore', 'ignore_ament_install']
[0.420s] Level 1:colcon.colcon_core.package_identification:_identify(src) by extension 'ignore'
[0.420s] Level 1:colcon.colcon_core.package_identification:_identify(src) by extension 'ignore_ament_install'
[0.420s] Level 1:colcon.colcon_core.package_identification:_identify(src) by extensions ['colcon_pkg']
[0.420s] Level 1:colcon.colcon_core.package_identification:_identify(src) by extension 'colcon_pkg'
[0.420s] Level 1:colcon.colcon_core.package_identification:_identify(src) by extensions ['colcon_meta']
[0.420s] Level 1:colcon.colcon_core.package_identification:_identify(src) by extension 'colcon_meta'
[0.420s] Level 1:colcon.colcon_core.package_identification:_identify(src) by extensions ['ros']
[0.420s] Level 1:colcon.colcon_core.package_identification:_identify(src) by extension 'ros'
[0.421s] Level 1:colcon.colcon_core.package_identification:_identify(src) by extensions ['cmake', 'python']
[0.421s] Level 1:colcon.colcon_core.package_identification:_identify(src) by extension 'cmake'
[0.421s] Level 1:colcon.colcon_core.package_identification:_identify(src) by extension 'python'
[0.421s] Level 1:colcon.colcon_core.package_identification:_identify(src) by extensions ['python_setup_py']
[0.421s] Level 1:colcon.colcon_core.package_identification:_identify(src) by extension 'python_setup_py'
[0.421s] Level 1:colcon.colcon_core.package_identification:_identify(src/cpp_pubsub) by extensions ['ignore', 'ignore_ament_install']
[0.421s] Level 1:colcon.colcon_core.package_identification:_identify(src/cpp_pubsub) by extension 'ignore'
[0.422s] Level 1:colcon.colcon_core.package_identification:_identify(src/cpp_pubsub) by extension 'ignore_ament_install'
[0.422s] Level 1:colcon.colcon_core.package_identification:_identify(src/cpp_pubsub) by extensions ['colcon_pkg']
[0.422s] Level 1:colcon.colcon_core.package_identification:_identify(src/cpp_pubsub) by extension 'colcon_pkg'
[0.422s] Level 1:colcon.colcon_core.package_identification:_identify(src/cpp_pubsub) by extensions ['colcon_meta']
[0.422s] Level 1:colcon.colcon_core.package_identification:_identify(src/cpp_pubsub) by extension 'colcon_meta'
[0.422s] Level 1:colcon.colcon_core.package_identification:_identify(src/cpp_pubsub) by extensions ['ros']
[0.422s] Level 1:colcon.colcon_core.package_identification:_identify(src/cpp_pubsub) by extension 'ros'
[0.427s] DEBUG:colcon.colcon_core.package_identification:Package 'src/cpp_pubsub' with type 'ros.ament_cmake' and name 'cpp_pubsub'
[0.427s] Level 1:colcon.colcon_core.package_identification:_identify(src/cpp_srvcli) by extensions ['ignore', 'ignore_ament_install']
[0.427s] Level 1:colcon.colcon_core.package_identification:_identify(src/cpp_srvcli) by extension 'ignore'
[0.427s] Level 1:colcon.colcon_core.package_identification:_identify(src/cpp_srvcli) by extension 'ignore_ament_install'
[0.427s] Level 1:colcon.colcon_core.package_identification:_identify(src/cpp_srvcli) by extensions ['colcon_pkg']
[0.428s] Level 1:colcon.colcon_core.package_identification:_identify(src/cpp_srvcli) by extension 'colcon_pkg'
[0.428s] Level 1:colcon.colcon_core.package_identification:_identify(src/cpp_srvcli) by extensions ['colcon_meta']
[0.428s] Level 1:colcon.colcon_core.package_identification:_identify(src/cpp_srvcli) by extension 'colcon_meta'
[0.428s] Level 1:colcon.colcon_core.package_identification:_identify(src/cpp_srvcli) by extensions ['ros']
[0.428s] Level 1:colcon.colcon_core.package_identification:_identify(src/cpp_srvcli) by extension 'ros'
[0.430s] DEBUG:colcon.colcon_core.package_identification:Package 'src/cpp_srvcli' with type 'ros.ament_cmake' and name 'cpp_srvcli'
[0.430s] Level 1:colcon.colcon_core.package_identification:_identify(src/examples) by extensions ['ignore', 'ignore_ament_install']
[0.430s] Level 1:colcon.colcon_core.package_identification:_identify(src/examples) by extension 'ignore'
[0.431s] Level 1:colcon.colcon_core.package_identification:_identify(src/examples) by extension 'ignore_ament_install'
[0.431s] Level 1:colcon.colcon_core.package_identification:_identify(src/examples) by extensions ['colcon_pkg']
[0.431s] Level 1:colcon.colcon_core.package_identification:_identify(src/examples) by extension 'colcon_pkg'
[0.431s] Level 1:colcon.colcon_core.package_identification:_identify(src/examples) by extensions ['colcon_meta']
[0.431s] Level 1:colcon.colcon_core.package_identification:_identify(src/examples) by extension 'colcon_meta'
[0.431s] Level 1:colcon.colcon_core.package_identification:_identify(src/examples) by extensions ['ros']
[0.431s] Level 1:colcon.colcon_core.package_identification:_identify(src/examples) by extension 'ros'
[0.431s] Level 1:colcon.colcon_core.package_identification:_identify(src/examples) by extensions ['cmake', 'python']
[0.431s] Level 1:colcon.colcon_core.package_identification:_identify(src/examples) by extension 'cmake'
[0.432s] Level 1:colcon.colcon_core.package_identification:_identify(src/examples) by extension 'python'
[0.432s] Level 1:colcon.colcon_core.package_identification:_identify(src/examples) by extensions ['python_setup_py']
[0.432s] Level 1:colcon.colcon_core.package_identification:_identify(src/examples) by extension 'python_setup_py'
[0.432s] Level 1:colcon.colcon_core.package_identification:_identify(src/examples/rclcpp) by extensions ['ignore', 'ignore_ament_install']
[0.432s] Level 1:colcon.colcon_core.package_identification:_identify(src/examples/rclcpp) by extension 'ignore'
[0.432s] Level 1:colcon.colcon_core.package_identification:_identify(src/examples/rclcpp) ignored
[0.433s] Level 1:colcon.colcon_core.package_identification:_identify(src/examples/rclpy) by extensions ['ignore', 'ignore_ament_install']
[0.433s] Level 1:colcon.colcon_core.package_identification:_identify(src/examples/rclpy) by extension 'ignore'
[0.433s] Level 1:colcon.colcon_core.package_identification:_identify(src/examples/rclpy) ignored
[0.433s] Level 1:colcon.colcon_core.package_identification:_identify(src/more_interfaces) by extensions ['ignore', 'ignore_ament_install']
[0.433s] Level 1:colcon.colcon_core.package_identification:_identify(src/more_interfaces) by extension 'ignore'
[0.433s] Level 1:colcon.colcon_core.package_identification:_identify(src/more_interfaces) by extension 'ignore_ament_install'
[0.433s] Level 1:colcon.colcon_core.package_identification:_identify(src/more_interfaces) by extensions ['colcon_pkg']
[0.434s] Level 1:colcon.colcon_core.package_identification:_identify(src/more_interfaces) by extension 'colcon_pkg'
[0.434s] Level 1:colcon.colcon_core.package_identification:_identify(src/more_interfaces) by extensions ['colcon_meta']
[0.434s] Level 1:colcon.colcon_core.package_identification:_identify(src/more_interfaces) by extension 'colcon_meta'
[0.434s] Level 1:colcon.colcon_core.package_identification:_identify(src/more_interfaces) by extensions ['ros']
[0.434s] Level 1:colcon.colcon_core.package_identification:_identify(src/more_interfaces) by extension 'ros'
[0.435s] DEBUG:colcon.colcon_core.package_identification:Package 'src/more_interfaces' with type 'ros.ament_cmake' and name 'more_interfaces'
[0.435s] Level 1:colcon.colcon_core.package_identification:_identify(src/my_package) by extensions ['ignore', 'ignore_ament_install']
[0.435s] Level 1:colcon.colcon_core.package_identification:_identify(src/my_package) by extension 'ignore'
[0.435s] Level 1:colcon.colcon_core.package_identification:_identify(src/my_package) by extension 'ignore_ament_install'
[0.436s] Level 1:colcon.colcon_core.package_identification:_identify(src/my_package) by extensions ['colcon_pkg']
[0.436s] Level 1:colcon.colcon_core.package_identification:_identify(src/my_package) by extension 'colcon_pkg'
[0.436s] Level 1:colcon.colcon_core.package_identification:_identify(src/my_package) by extensions ['colcon_meta']
[0.436s] Level 1:colcon.colcon_core.package_identification:_identify(src/my_package) by extension 'colcon_meta'
[0.436s] Level 1:colcon.colcon_core.package_identification:_identify(src/my_package) by extensions ['ros']
[0.436s] Level 1:colcon.colcon_core.package_identification:_identify(src/my_package) by extension 'ros'
[0.437s] DEBUG:colcon.colcon_core.package_identification:Package 'src/my_package' with type 'ros.ament_cmake' and name 'my_package'
[0.437s] Level 1:colcon.colcon_core.package_identification:_identify(src/ros_tutorials) by extensions ['ignore', 'ignore_ament_install']
[0.437s] Level 1:colcon.colcon_core.package_identification:_identify(src/ros_tutorials) by extension 'ignore'
[0.438s] Level 1:colcon.colcon_core.package_identification:_identify(src/ros_tutorials) by extension 'ignore_ament_install'
[0.438s] Level 1:colcon.colcon_core.package_identification:_identify(src/ros_tutorials) by extensions ['colcon_pkg']
[0.438s] Level 1:colcon.colcon_core.package_identification:_identify(src/ros_tutorials) by extension 'colcon_pkg'
[0.438s] Level 1:colcon.colcon_core.package_identification:_identify(src/ros_tutorials) by extensions ['colcon_meta']
[0.438s] Level 1:colcon.colcon_core.package_identification:_identify(src/ros_tutorials) by extension 'colcon_meta'
[0.438s] Level 1:colcon.colcon_core.package_identification:_identify(src/ros_tutorials) by extensions ['ros']
[0.438s] Level 1:colcon.colcon_core.package_identification:_identify(src/ros_tutorials) by extension 'ros'
[0.438s] Level 1:colcon.colcon_core.package_identification:_identify(src/ros_tutorials) by extensions ['cmake', 'python']
[0.438s] Level 1:colcon.colcon_core.package_identification:_identify(src/ros_tutorials) by extension 'cmake'
[0.439s] Level 1:colcon.colcon_core.package_identification:_identify(src/ros_tutorials) by extension 'python'
[0.439s] Level 1:colcon.colcon_core.package_identification:_identify(src/ros_tutorials) by extensions ['python_setup_py']
[0.439s] Level 1:colcon.colcon_core.package_identification:_identify(src/ros_tutorials) by extension 'python_setup_py'
[0.439s] Level 1:colcon.colcon_core.package_identification:_identify(src/ros_tutorials/ros_tutorials) by extensions ['ignore', 'ignore_ament_install']
[0.439s] Level 1:colcon.colcon_core.package_identification:_identify(src/ros_tutorials/ros_tutorials) by extension 'ignore'
[0.439s] Level 1:colcon.colcon_core.package_identification:_identify(src/ros_tutorials/ros_tutorials) ignored
[0.440s] Level 1:colcon.colcon_core.package_identification:_identify(src/ros_tutorials/roscpp_tutorials) by extensions ['ignore', 'ignore_ament_install']
[0.440s] Level 1:colcon.colcon_core.package_identification:_identify(src/ros_tutorials/roscpp_tutorials) by extension 'ignore'
[0.440s] Level 1:colcon.colcon_core.package_identification:_identify(src/ros_tutorials/roscpp_tutorials) ignored
[0.440s] Level 1:colcon.colcon_core.package_identification:_identify(src/ros_tutorials/rospy_tutorials) by extensions ['ignore', 'ignore_ament_install']
[0.440s] Level 1:colcon.colcon_core.package_identification:_identify(src/ros_tutorials/rospy_tutorials) by extension 'ignore'
[0.440s] Level 1:colcon.colcon_core.package_identification:_identify(src/ros_tutorials/rospy_tutorials) ignored
[0.441s] Level 1:colcon.colcon_core.package_identification:_identify(src/ros_tutorials/turtlesim) by extensions ['ignore', 'ignore_ament_install']
[0.441s] Level 1:colcon.colcon_core.package_identification:_identify(src/ros_tutorials/turtlesim) by extension 'ignore'
[0.441s] Level 1:colcon.colcon_core.package_identification:_identify(src/ros_tutorials/turtlesim) ignored
[0.441s] Level 1:colcon.colcon_core.package_identification:_identify(src/tutorial_interfaces) by extensions ['ignore', 'ignore_ament_install']
[0.441s] Level 1:colcon.colcon_core.package_identification:_identify(src/tutorial_interfaces) by extension 'ignore'
[0.441s] Level 1:colcon.colcon_core.package_identification:_identify(src/tutorial_interfaces) by extension 'ignore_ament_install'
[0.442s] Level 1:colcon.colcon_core.package_identification:_identify(src/tutorial_interfaces) by extensions ['colcon_pkg']
[0.442s] Level 1:colcon.colcon_core.package_identification:_identify(src/tutorial_interfaces) by extension 'colcon_pkg'
[0.442s] Level 1:colcon.colcon_core.package_identification:_identify(src/tutorial_interfaces) by extensions ['colcon_meta']
[0.442s] Level 1:colcon.colcon_core.package_identification:_identify(src/tutorial_interfaces) by extension 'colcon_meta'
[0.442s] Level 1:colcon.colcon_core.package_identification:_identify(src/tutorial_interfaces) by extensions ['ros']
[0.442s] Level 1:colcon.colcon_core.package_identification:_identify(src/tutorial_interfaces) by extension 'ros'
[0.443s] DEBUG:colcon.colcon_core.package_identification:Package 'src/tutorial_interfaces' with type 'ros.ament_cmake' and name 'tutorial_interfaces'
[0.443s] Level 1:colcon.colcon_core.package_discovery:discover_packages(recursive) using defaults
[0.444s] Level 1:colcon.colcon_core.package_discovery:discover_packages(ignore) discover
[0.444s] Level 1:colcon.colcon_core.package_discovery:discover_packages(ignore) using defaults
[0.444s] Level 1:colcon.colcon_core.package_discovery:discover_packages(path) discover
[0.444s] Level 1:colcon.colcon_core.package_discovery:discover_packages(path) using defaults
[0.481s] INFO:colcon.colcon_core.package_selection:Skipping not selected package 'cpp_srvcli' in 'src/cpp_srvcli'
[0.481s] INFO:colcon.colcon_core.package_selection:Skipping not selected package 'my_package' in 'src/my_package'
[0.481s] INFO:colcon.colcon_core.package_selection:Skipping not selected package 'tutorial_interfaces' in 'src/tutorial_interfaces'
[0.481s] INFO:colcon.colcon_core.package_selection:Skipping not selected package 'cpp_pubsub' in 'src/cpp_pubsub'
[0.482s] Level 1:colcon.colcon_core.package_discovery:discover_packages(prefix_path) check parameters
[0.482s] Level 1:colcon.colcon_core.package_discovery:discover_packages(prefix_path) discover
[0.489s] DEBUG:colcon.colcon_installed_package_information.package_discovery:Found 5 installed packages in /home/bettanin/ros2dev/install
[0.493s] DEBUG:colcon.colcon_installed_package_information.package_discovery:Found 311 installed packages in /opt/ros/foxy
[0.496s] Level 1:colcon.colcon_core.package_discovery:discover_packages(prefix_path) using defaults
[0.639s] Level 5:colcon.colcon_core.verb:set package 'more_interfaces' build argument 'cmake_args' from command line to 'None'
[0.639s] Level 5:colcon.colcon_core.verb:set package 'more_interfaces' build argument 'cmake_target' from command line to 'None'
[0.639s] Level 5:colcon.colcon_core.verb:set package 'more_interfaces' build argument 'cmake_target_skip_unavailable' from command line to 'False'
[0.639s] Level 5:colcon.colcon_core.verb:set package 'more_interfaces' build argument 'cmake_clean_cache' from command line to 'False'
[0.639s] Level 5:colcon.colcon_core.verb:set package 'more_interfaces' build argument 'cmake_clean_first' from command line to 'False'
[0.639s] Level 5:colcon.colcon_core.verb:set package 'more_interfaces' build argument 'cmake_force_configure' from command line to 'False'
[0.639s] Level 5:colcon.colcon_core.verb:set package 'more_interfaces' build argument 'ament_cmake_args' from command line to 'None'
[0.639s] Level 5:colcon.colcon_core.verb:set package 'more_interfaces' build argument 'catkin_cmake_args' from command line to 'None'
[0.639s] Level 5:colcon.colcon_core.verb:set package 'more_interfaces' build argument 'catkin_skip_building_tests' from command line to 'False'
[0.639s] DEBUG:colcon.colcon_core.verb:Building package 'more_interfaces' with the following arguments: {'ament_cmake_args': None, 'build_base': '/home/bettanin/ros2dev/build/more_interfaces', 'catkin_cmake_args': None, 'catkin_skip_building_tests': False, 'cmake_args': None, 'cmake_clean_cache': False, 'cmake_clean_first': False, 'cmake_force_configure': False, 'cmake_target': None, 'cmake_target_skip_unavailable': False, 'install_base': '/home/bettanin/ros2dev/install/more_interfaces', 'merge_install': False, 'path': '/home/bettanin/ros2dev/src/more_interfaces', 'symlink_install': False, 'test_result_base': None}
[0.641s] INFO:colcon.colcon_core.executor:Executing jobs using 'parallel' executor
[0.649s] DEBUG:colcon.colcon_parallel_executor.executor.parallel:run_until_complete
[0.649s] INFO:colcon.colcon_ros.task.ament_cmake.build:Building ROS package in '/home/bettanin/ros2dev/src/more_interfaces' with build type 'ament_cmake'
[0.650s] INFO:colcon.colcon_cmake.task.cmake.build:Building CMake package in '/home/bettanin/ros2dev/src/more_interfaces'
[0.658s] INFO:colcon.colcon_core.plugin_system:Skipping extension 'colcon_core.shell.bat': Not used on non-Windows systems
[0.659s] INFO:colcon.colcon_core.shell:Skip shell extension 'powershell' for command environment: Not usable outside of PowerShell
[0.659s] DEBUG:colcon.colcon_core.shell:Skip shell extension 'dsv' for command environment
[0.689s] DEBUG:colcon.colcon_core.event_handler.log_command:Invoking command in '/home/bettanin/ros2dev/build/more_interfaces': CMAKE_PREFIX_PATH=${CMAKE_PREFIX_PATH}:/opt/ros/foxy /usr/bin/cmake /home/bettanin/ros2dev/src/more_interfaces -DCMAKE_INSTALL_PREFIX=/home/bettanin/ros2dev/install/more_interfaces
[3.106s] DEBUG:colcon.colcon_core.event_handler.log_command:Invoked command in '/home/bettanin/ros2dev/build/more_interfaces' returned '0': CMAKE_PREFIX_PATH=${CMAKE_PREFIX_PATH}:/opt/ros/foxy /usr/bin/cmake /home/bettanin/ros2dev/src/more_interfaces -DCMAKE_INSTALL_PREFIX=/home/bettanin/ros2dev/install/more_interfaces
[3.112s] DEBUG:colcon.colcon_core.event_handler.log_command:Invoking command in '/home/bettanin/ros2dev/build/more_interfaces': CMAKE_PREFIX_PATH=${CMAKE_PREFIX_PATH}:/opt/ros/foxy /usr/bin/cmake --build /home/bettanin/ros2dev/build/more_interfaces -- -j8 -l8
[13.920s] DEBUG:colcon.colcon_core.event_handler.log_command:Invoked command in '/home/bettanin/ros2dev/build/more_interfaces' returned '0': CMAKE_PREFIX_PATH=${CMAKE_PREFIX_PATH}:/opt/ros/foxy /usr/bin/cmake --build /home/bettanin/ros2dev/build/more_interfaces -- -j8 -l8
[14.053s] DEBUG:colcon.colcon_core.event_handler.log_command:Invoking command in '/home/bettanin/ros2dev/build/more_interfaces': CMAKE_PREFIX_PATH=${CMAKE_PREFIX_PATH}:/opt/ros/foxy /usr/bin/cmake --install /home/bettanin/ros2dev/build/more_interfaces
[14.195s] Level 1:colcon.colcon_core.environment:create_environment_scripts_only(more_interfaces)
[14.197s] DEBUG:colcon.colcon_core.event_handler.log_command:Invoked command in '/home/bettanin/ros2dev/build/more_interfaces' returned '0': CMAKE_PREFIX_PATH=${CMAKE_PREFIX_PATH}:/opt/ros/foxy /usr/bin/cmake --install /home/bettanin/ros2dev/build/more_interfaces
[14.215s] Level 1:colcon.colcon_core.environment:checking '/home/bettanin/ros2dev/install/more_interfaces' for CMake module files
[14.217s] Level 1:colcon.colcon_core.environment:checking '/home/bettanin/ros2dev/install/more_interfaces' for CMake config files
[14.218s] Level 1:colcon.colcon_core.shell:create_environment_hook('more_interfaces', 'cmake_prefix_path')
[14.223s] INFO:colcon.colcon_core.shell:Creating environment hook '/home/bettanin/ros2dev/install/more_interfaces/share/more_interfaces/hook/cmake_prefix_path.ps1'
[14.224s] INFO:colcon.colcon_core.shell:Creating environment descriptor '/home/bettanin/ros2dev/install/more_interfaces/share/more_interfaces/hook/cmake_prefix_path.dsv'
[14.225s] INFO:colcon.colcon_core.shell:Creating environment hook '/home/bettanin/ros2dev/install/more_interfaces/share/more_interfaces/hook/cmake_prefix_path.sh'
[14.227s] Level 1:colcon.colcon_core.environment:checking '/home/bettanin/ros2dev/install/more_interfaces/lib'
[14.228s] Level 1:colcon.colcon_core.shell:create_environment_hook('more_interfaces', 'ld_library_path_lib')
[14.230s] INFO:colcon.colcon_core.shell:Creating environment hook '/home/bettanin/ros2dev/install/more_interfaces/share/more_interfaces/hook/ld_library_path_lib.ps1'
[14.231s] INFO:colcon.colcon_core.shell:Creating environment descriptor '/home/bettanin/ros2dev/install/more_interfaces/share/more_interfaces/hook/ld_library_path_lib.dsv'
[14.232s] INFO:colcon.colcon_core.shell:Creating environment hook '/home/bettanin/ros2dev/install/more_interfaces/share/more_interfaces/hook/ld_library_path_lib.sh'
[14.232s] Level 1:colcon.colcon_core.environment:checking '/home/bettanin/ros2dev/install/more_interfaces/bin'
[14.232s] Level 1:colcon.colcon_core.environment:checking '/home/bettanin/ros2dev/install/more_interfaces/lib/pkgconfig/more_interfaces.pc'
[14.233s] Level 1:colcon.colcon_core.environment:checking '/home/bettanin/ros2dev/install/more_interfaces/lib/python3.8/site-packages'
[14.233s] Level 1:colcon.colcon_core.shell:create_environment_hook('more_interfaces', 'pythonpath')
[14.236s] INFO:colcon.colcon_core.shell:Creating environment hook '/home/bettanin/ros2dev/install/more_interfaces/share/more_interfaces/hook/pythonpath.ps1'
[14.237s] INFO:colcon.colcon_core.shell:Creating environment descriptor '/home/bettanin/ros2dev/install/more_interfaces/share/more_interfaces/hook/pythonpath.dsv'
[14.238s] INFO:colcon.colcon_core.shell:Creating environment hook '/home/bettanin/ros2dev/install/more_interfaces/share/more_interfaces/hook/pythonpath.sh'
[14.239s] Level 1:colcon.colcon_core.environment:checking '/home/bettanin/ros2dev/install/more_interfaces/bin'
[14.241s] INFO:colcon.colcon_core.shell:Creating package script '/home/bettanin/ros2dev/install/more_interfaces/share/more_interfaces/package.ps1'
[14.243s] INFO:colcon.colcon_core.shell:Creating package descriptor '/home/bettanin/ros2dev/install/more_interfaces/share/more_interfaces/package.dsv'
[14.244s] INFO:colcon.colcon_core.shell:Creating package script '/home/bettanin/ros2dev/install/more_interfaces/share/more_interfaces/package.sh'
[14.245s] INFO:colcon.colcon_core.shell:Creating package script '/home/bettanin/ros2dev/install/more_interfaces/share/more_interfaces/package.bash'
[14.247s] INFO:colcon.colcon_core.shell:Creating package script '/home/bettanin/ros2dev/install/more_interfaces/share/more_interfaces/package.zsh'
[14.248s] Level 1:colcon.colcon_core.environment:create_file_with_runtime_dependencies(/home/bettanin/ros2dev/install/more_interfaces/share/colcon-core/packages/more_interfaces)
[14.363s] Level 1:colcon.colcon_core.environment:create_environment_scripts_only(more_interfaces)
[14.370s] Level 1:colcon.colcon_core.environment:checking '/home/bettanin/ros2dev/install/more_interfaces' for CMake module files
[14.372s] Level 1:colcon.colcon_core.environment:checking '/home/bettanin/ros2dev/install/more_interfaces' for CMake config files
[14.373s] Level 1:colcon.colcon_core.shell:create_environment_hook('more_interfaces', 'cmake_prefix_path')
[14.378s] INFO:colcon.colcon_core.shell:Creating environment hook '/home/bettanin/ros2dev/install/more_interfaces/share/more_interfaces/hook/cmake_prefix_path.ps1'
[14.379s] INFO:colcon.colcon_core.shell:Creating environment descriptor '/home/bettanin/ros2dev/install/more_interfaces/share/more_interfaces/hook/cmake_prefix_path.dsv'
[14.380s] INFO:colcon.colcon_core.shell:Creating environment hook '/home/bettanin/ros2dev/install/more_interfaces/share/more_interfaces/hook/cmake_prefix_path.sh'
[14.381s] Level 1:colcon.colcon_core.environment:checking '/home/bettanin/ros2dev/install/more_interfaces/lib'
[14.382s] Level 1:colcon.colcon_core.shell:create_environment_hook('more_interfaces', 'ld_library_path_lib')
[14.386s] INFO:colcon.colcon_core.shell:Creating environment hook '/home/bettanin/ros2dev/install/more_interfaces/share/more_interfaces/hook/ld_library_path_lib.ps1'
[14.387s] INFO:colcon.colcon_core.shell:Creating environment descriptor '/home/bettanin/ros2dev/install/more_interfaces/share/more_interfaces/hook/ld_library_path_lib.dsv'
[14.388s] INFO:colcon.colcon_core.shell:Creating environment hook '/home/bettanin/ros2dev/install/more_interfaces/share/more_interfaces/hook/ld_library_path_lib.sh'
[14.388s] Level 1:colcon.colcon_core.environment:checking '/home/bettanin/ros2dev/install/more_interfaces/bin'
[14.389s] Level 1:colcon.colcon_core.environment:checking '/home/bettanin/ros2dev/install/more_interfaces/lib/pkgconfig/more_interfaces.pc'
[14.389s] Level 1:colcon.colcon_core.environment:checking '/home/bettanin/ros2dev/install/more_interfaces/lib/python3.8/site-packages'
[14.389s] Level 1:colcon.colcon_core.shell:create_environment_hook('more_interfaces', 'pythonpath')
[14.392s] INFO:colcon.colcon_core.shell:Creating environment hook '/home/bettanin/ros2dev/install/more_interfaces/share/more_interfaces/hook/pythonpath.ps1'
[14.394s] INFO:colcon.colcon_core.shell:Creating environment descriptor '/home/bettanin/ros2dev/install/more_interfaces/share/more_interfaces/hook/pythonpath.dsv'
[14.394s] INFO:colcon.colcon_core.shell:Creating environment hook '/home/bettanin/ros2dev/install/more_interfaces/share/more_interfaces/hook/pythonpath.sh'
[14.395s] Level 1:colcon.colcon_core.environment:checking '/home/bettanin/ros2dev/install/more_interfaces/bin'
[14.398s] INFO:colcon.colcon_core.shell:Creating package script '/home/bettanin/ros2dev/install/more_interfaces/share/more_interfaces/package.ps1'
[14.399s] INFO:colcon.colcon_core.shell:Creating package descriptor '/home/bettanin/ros2dev/install/more_interfaces/share/more_interfaces/package.dsv'
[14.400s] INFO:colcon.colcon_core.shell:Creating package script '/home/bettanin/ros2dev/install/more_interfaces/share/more_interfaces/package.sh'
[14.401s] INFO:colcon.colcon_core.shell:Creating package script '/home/bettanin/ros2dev/install/more_interfaces/share/more_interfaces/package.bash'
[14.402s] INFO:colcon.colcon_core.shell:Creating package script '/home/bettanin/ros2dev/install/more_interfaces/share/more_interfaces/package.zsh'
[14.403s] Level 1:colcon.colcon_core.environment:create_file_with_runtime_dependencies(/home/bettanin/ros2dev/install/more_interfaces/share/colcon-core/packages/more_interfaces)
[14.404s] DEBUG:colcon.colcon_parallel_executor.executor.parallel:closing loop
[14.405s] DEBUG:colcon.colcon_parallel_executor.executor.parallel:loop closed
[14.406s] DEBUG:colcon.colcon_parallel_executor.executor.parallel:run_until_complete finished with '0'
[14.406s] DEBUG:colcon.colcon_core.event_reactor:joining thread
[14.424s] INFO:colcon.colcon_core.plugin_system:Skipping extension 'colcon_notification.desktop_notification.terminal_notifier': Not used on non-Darwin systems
[14.426s] INFO:colcon.colcon_core.plugin_system:Skipping extension 'colcon_notification.desktop_notification.win32': Not used on non-Windows systems
[14.426s] INFO:colcon.colcon_notification.desktop_notification:Sending desktop notification using 'notify2'
[14.448s] DEBUG:colcon.colcon_core.event_reactor:joined thread
[14.453s] INFO:colcon.colcon_core.shell:Creating prefix script '/home/bettanin/ros2dev/install/local_setup.ps1'
[14.456s] INFO:colcon.colcon_core.shell:Creating prefix util module '/home/bettanin/ros2dev/install/_local_setup_util_ps1.py'
[14.460s] INFO:colcon.colcon_core.shell:Creating prefix chain script '/home/bettanin/ros2dev/install/setup.ps1'
[14.465s] INFO:colcon.colcon_core.shell:Creating prefix script '/home/bettanin/ros2dev/install/local_setup.sh'
[14.466s] INFO:colcon.colcon_core.shell:Creating prefix util module '/home/bettanin/ros2dev/install/_local_setup_util_sh.py'
[14.468s] INFO:colcon.colcon_core.shell:Creating prefix chain script '/home/bettanin/ros2dev/install/setup.sh'
[14.472s] INFO:colcon.colcon_core.shell:Creating prefix script '/home/bettanin/ros2dev/install/local_setup.bash'
[14.473s] INFO:colcon.colcon_core.shell:Creating prefix chain script '/home/bettanin/ros2dev/install/setup.bash'
[14.476s] INFO:colcon.colcon_core.shell:Creating prefix script '/home/bettanin/ros2dev/install/local_setup.zsh'
[14.477s] INFO:colcon.colcon_core.shell:Creating prefix chain script '/home/bettanin/ros2dev/install/setup.zsh'
