[0.030s] Invoking command in '/home/bettanin/ros2dev/build/my_package': CMAKE_PREFIX_PATH=${CMAKE_PREFIX_PATH}:/home/bettanin/ros2dev/install/examples_rclpy_minimal_subscriber:/home/bettanin/ros2dev/install/examples_rclpy_minimal_service:/home/bettanin/ros2dev/install/examples_rclpy_minimal_publisher:/home/bettanin/ros2dev/install/examples_rclpy_minimal_client:/home/bettanin/ros2dev/install/examples_rclpy_minimal_action_server:/home/bettanin/ros2dev/install/examples_rclpy_minimal_action_client:/home/bettanin/ros2dev/install/examples_rclpy_executors:/opt/ros/foxy /usr/bin/cmake /home/bettanin/ros2dev/src/my_package -DCMAKE_INSTALL_PREFIX=/home/bettanin/ros2dev/install/my_package
[0.134s] -- The C compiler identification is GNU 9.4.0
[0.242s] -- The CXX compiler identification is GNU 9.4.0
[0.252s] -- Check for working C compiler: /usr/bin/cc
[0.381s] -- Check for working C compiler: /usr/bin/cc -- works
[0.383s] -- Detecting C compiler ABI info
[0.518s] -- Detecting C compiler ABI info - done
[0.541s] -- Detecting C compile features
[0.542s] -- Detecting C compile features - done
[0.548s] -- Check for working CXX compiler: /usr/bin/c++
[0.698s] -- Check for working CXX compiler: /usr/bin/c++ -- works
[0.700s] -- Detecting CXX compiler ABI info
[0.854s] -- Detecting CXX compiler ABI info - done
[0.877s] -- Detecting CXX compile features
[0.878s] -- Detecting CXX compile features - done
[0.884s] -- Found ament_cmake: 0.9.9 (/opt/ros/foxy/share/ament_cmake/cmake)
[0.931s] -- Found PythonInterp: /usr/bin/python3 (found suitable version "3.8.10", minimum required is "3") 
[0.931s] -- Using PYTHON_EXECUTABLE: /usr/bin/python3
[1.322s] -- Found ament_lint_auto: 0.9.6 (/opt/ros/foxy/share/ament_lint_auto/cmake)
[1.466s] -- Added test 'copyright' to check source files copyright and LICENSE
[1.469s] -- Added test 'cppcheck' to perform static code analysis on C / C++ code
[1.469s] -- Configured cppcheck include dirs: $<BUILD_INTERFACE:/home/bettanin/ros2dev/src/my_package/include>
[1.469s] -- Configured cppcheck exclude dirs and/or files: 
[1.472s] -- Added test 'cpplint' to check C / C++ code against the Google style
[1.472s] -- Configured cpplint exclude dirs and/or files: 
[1.474s] -- Added test 'lint_cmake' to check CMake code style
[1.476s] -- Added test 'uncrustify' to check C / C++ code style
[1.476s] -- Configured uncrustify additional arguments: 
[1.478s] -- Added test 'xmllint' to check XML markup files
[1.483s] -- Configuring done
[1.490s] -- Generating done
[1.494s] -- Build files have been written to: /home/bettanin/ros2dev/build/my_package
[1.499s] Invoked command in '/home/bettanin/ros2dev/build/my_package' returned '0': CMAKE_PREFIX_PATH=${CMAKE_PREFIX_PATH}:/home/bettanin/ros2dev/install/examples_rclpy_minimal_subscriber:/home/bettanin/ros2dev/install/examples_rclpy_minimal_service:/home/bettanin/ros2dev/install/examples_rclpy_minimal_publisher:/home/bettanin/ros2dev/install/examples_rclpy_minimal_client:/home/bettanin/ros2dev/install/examples_rclpy_minimal_action_server:/home/bettanin/ros2dev/install/examples_rclpy_minimal_action_client:/home/bettanin/ros2dev/install/examples_rclpy_executors:/opt/ros/foxy /usr/bin/cmake /home/bettanin/ros2dev/src/my_package -DCMAKE_INSTALL_PREFIX=/home/bettanin/ros2dev/install/my_package
[1.505s] Invoking command in '/home/bettanin/ros2dev/build/my_package': CMAKE_PREFIX_PATH=${CMAKE_PREFIX_PATH}:/home/bettanin/ros2dev/install/examples_rclpy_minimal_subscriber:/home/bettanin/ros2dev/install/examples_rclpy_minimal_service:/home/bettanin/ros2dev/install/examples_rclpy_minimal_publisher:/home/bettanin/ros2dev/install/examples_rclpy_minimal_client:/home/bettanin/ros2dev/install/examples_rclpy_minimal_action_server:/home/bettanin/ros2dev/install/examples_rclpy_minimal_action_client:/home/bettanin/ros2dev/install/examples_rclpy_executors:/opt/ros/foxy /usr/bin/cmake --build /home/bettanin/ros2dev/build/my_package -- -j8 -l8
[1.575s] [35m[1mScanning dependencies of target my_node[0m
[1.594s] [ 50%] [32mBuilding CXX object CMakeFiles/my_node.dir/src/my_node.cpp.o[0m
[1.651s] [100%] [32m[1mLinking CXX executable my_node[0m
[1.733s] [100%] Built target my_node
[1.754s] Invoked command in '/home/bettanin/ros2dev/build/my_package' returned '0': CMAKE_PREFIX_PATH=${CMAKE_PREFIX_PATH}:/home/bettanin/ros2dev/install/examples_rclpy_minimal_subscriber:/home/bettanin/ros2dev/install/examples_rclpy_minimal_service:/home/bettanin/ros2dev/install/examples_rclpy_minimal_publisher:/home/bettanin/ros2dev/install/examples_rclpy_minimal_client:/home/bettanin/ros2dev/install/examples_rclpy_minimal_action_server:/home/bettanin/ros2dev/install/examples_rclpy_minimal_action_client:/home/bettanin/ros2dev/install/examples_rclpy_executors:/opt/ros/foxy /usr/bin/cmake --build /home/bettanin/ros2dev/build/my_package -- -j8 -l8
[1.820s] Invoking command in '/home/bettanin/ros2dev/build/my_package': CMAKE_PREFIX_PATH=${CMAKE_PREFIX_PATH}:/home/bettanin/ros2dev/install/examples_rclpy_minimal_subscriber:/home/bettanin/ros2dev/install/examples_rclpy_minimal_service:/home/bettanin/ros2dev/install/examples_rclpy_minimal_publisher:/home/bettanin/ros2dev/install/examples_rclpy_minimal_client:/home/bettanin/ros2dev/install/examples_rclpy_minimal_action_server:/home/bettanin/ros2dev/install/examples_rclpy_minimal_action_client:/home/bettanin/ros2dev/install/examples_rclpy_executors:/opt/ros/foxy /usr/bin/cmake --install /home/bettanin/ros2dev/build/my_package
[1.835s] -- Install configuration: ""
[1.835s] -- Installing: /home/bettanin/ros2dev/install/my_package/lib/my_package/my_node
[1.836s] -- Installing: /home/bettanin/ros2dev/install/my_package/share/ament_index/resource_index/package_run_dependencies/my_package
[1.836s] -- Installing: /home/bettanin/ros2dev/install/my_package/share/ament_index/resource_index/parent_prefix_path/my_package
[1.836s] -- Installing: /home/bettanin/ros2dev/install/my_package/share/my_package/environment/ament_prefix_path.sh
[1.837s] -- Installing: /home/bettanin/ros2dev/install/my_package/share/my_package/environment/ament_prefix_path.dsv
[1.837s] -- Installing: /home/bettanin/ros2dev/install/my_package/share/my_package/environment/path.sh
[1.837s] -- Installing: /home/bettanin/ros2dev/install/my_package/share/my_package/environment/path.dsv
[1.838s] -- Installing: /home/bettanin/ros2dev/install/my_package/share/my_package/local_setup.bash
[1.838s] -- Installing: /home/bettanin/ros2dev/install/my_package/share/my_package/local_setup.sh
[1.838s] -- Installing: /home/bettanin/ros2dev/install/my_package/share/my_package/local_setup.zsh
[1.838s] -- Installing: /home/bettanin/ros2dev/install/my_package/share/my_package/local_setup.dsv
[1.839s] -- Installing: /home/bettanin/ros2dev/install/my_package/share/my_package/package.dsv
[1.839s] -- Installing: /home/bettanin/ros2dev/install/my_package/share/ament_index/resource_index/packages/my_package
[1.840s] -- Installing: /home/bettanin/ros2dev/install/my_package/share/my_package/cmake/my_packageConfig.cmake
[1.840s] -- Installing: /home/bettanin/ros2dev/install/my_package/share/my_package/cmake/my_packageConfig-version.cmake
[1.840s] -- Installing: /home/bettanin/ros2dev/install/my_package/share/my_package/package.xml
[1.847s] Invoked command in '/home/bettanin/ros2dev/build/my_package' returned '0': CMAKE_PREFIX_PATH=${CMAKE_PREFIX_PATH}:/home/bettanin/ros2dev/install/examples_rclpy_minimal_subscriber:/home/bettanin/ros2dev/install/examples_rclpy_minimal_service:/home/bettanin/ros2dev/install/examples_rclpy_minimal_publisher:/home/bettanin/ros2dev/install/examples_rclpy_minimal_client:/home/bettanin/ros2dev/install/examples_rclpy_minimal_action_server:/home/bettanin/ros2dev/install/examples_rclpy_minimal_action_client:/home/bettanin/ros2dev/install/examples_rclpy_executors:/opt/ros/foxy /usr/bin/cmake --install /home/bettanin/ros2dev/build/my_package
