[0.029s] Invoking command in '/home/bettanin/ros2dev/build/cpp_action_srvcli': AMENT_PREFIX_PATH=/home/bettanin/ros2dev/install/action_tutorials_interfaces:${AMENT_PREFIX_PATH} CMAKE_PREFIX_PATH=/home/bettanin/ros2dev/install/action_tutorials_interfaces:/home/bettanin/ros2dev/install/cpp_pubsub:/home/bettanin/ros2dev/install/tutorial_interfaces:/home/bettanin/ros2dev/install/my_package:/home/bettanin/ros2dev/install/more_interfaces:/home/bettanin/ros2dev/install/cpp_srvcli:/home/bettanin/ros2dev/install/cpp_parameters:/opt/ros/foxy LD_LIBRARY_PATH=/home/bettanin/ros2dev/install/action_tutorials_interfaces/lib:${LD_LIBRARY_PATH} PYTHONPATH=/home/bettanin/ros2dev/install/action_tutorials_interfaces/lib/python3.8/site-packages:${PYTHONPATH} /usr/bin/cmake /home/bettanin/ros2dev/src/cpp_action_srvcli -DCMAKE_INSTALL_PREFIX=/home/bettanin/ros2dev/install/cpp_action_srvcli
[0.141s] -- The C compiler identification is GNU 9.4.0
[0.247s] -- The CXX compiler identification is GNU 9.4.0
[0.256s] -- Check for working C compiler: /usr/bin/cc
[0.387s] -- Check for working C compiler: /usr/bin/cc -- works
[0.389s] -- Detecting C compiler ABI info
[0.531s] -- Detecting C compiler ABI info - done
[0.555s] -- Detecting C compile features
[0.556s] -- Detecting C compile features - done
[0.561s] -- Check for working CXX compiler: /usr/bin/c++
[0.713s] -- Check for working CXX compiler: /usr/bin/c++ -- works
[0.715s] -- Detecting CXX compiler ABI info
[0.870s] -- Detecting CXX compiler ABI info - done
[0.892s] -- Detecting CXX compile features
[0.893s] -- Detecting CXX compile features - done
[0.899s] -- Found ament_cmake: 0.9.9 (/opt/ros/foxy/share/ament_cmake/cmake)
[0.949s] -- Found PythonInterp: /usr/bin/python3 (found suitable version "3.8.10", minimum required is "3") 
[0.949s] -- Using PYTHON_EXECUTABLE: /usr/bin/python3
[1.380s] -- Found action_tutorials_interfaces: 0.0.0 (/home/bettanin/ros2dev/install/action_tutorials_interfaces/share/action_tutorials_interfaces/cmake)
[1.455s] -- Using all available rosidl_typesupport_c: rosidl_typesupport_fastrtps_c;rosidl_typesupport_introspection_c
[1.475s] -- Found rosidl_adapter: 1.2.1 (/opt/ros/foxy/share/rosidl_adapter/cmake)
[1.648s] -- Found OpenSSL: /usr/lib/x86_64-linux-gnu/libcrypto.so (found version "1.1.1f")  
[1.710s] -- Found FastRTPS: /opt/ros/foxy/include  
[1.878s] -- Using all available rosidl_typesupport_cpp: rosidl_typesupport_fastrtps_cpp;rosidl_typesupport_introspection_cpp
[2.144s] -- Found rclcpp: 2.4.1 (/opt/ros/foxy/share/rclcpp/cmake)
[2.243s] -- Found rmw_implementation_cmake: 1.0.3 (/opt/ros/foxy/share/rmw_implementation_cmake/cmake)
[2.246s] -- Using RMW implementation 'rmw_fastrtps_cpp' as default
[2.248s] -- Looking for pthread.h
[2.386s] -- Looking for pthread.h - found
[2.386s] -- Performing Test CMAKE_HAVE_LIBC_PTHREAD
[2.537s] -- Performing Test CMAKE_HAVE_LIBC_PTHREAD - Failed
[2.537s] -- Looking for pthread_create in pthreads
[2.678s] -- Looking for pthread_create in pthreads - not found
[2.678s] -- Looking for pthread_create in pthread
[2.814s] -- Looking for pthread_create in pthread - found
[2.816s] -- Found Threads: TRUE  
[3.135s] -- Found rclcpp_action: 2.4.1 (/opt/ros/foxy/share/rclcpp_action/cmake)
[3.208s] -- Found rclcpp_components: 2.4.1 (/opt/ros/foxy/share/rclcpp_components/cmake)
[3.357s] -- Found ament_lint_auto: 0.9.6 (/opt/ros/foxy/share/ament_lint_auto/cmake)
[3.516s] -- Added test 'copyright' to check source files copyright and LICENSE
[3.518s] -- Added test 'cppcheck' to perform static code analysis on C / C++ code
[3.520s] -- Configured cppcheck include dirs: $<BUILD_INTERFACE:/home/bettanin/ros2dev/src/cpp_action_srvcli/include>
[3.520s] -- Configured cppcheck exclude dirs and/or files: 
[3.522s] -- Added test 'cpplint' to check C / C++ code against the Google style
[3.522s] -- Configured cpplint exclude dirs and/or files: 
[3.523s] -- Added test 'lint_cmake' to check CMake code style
[3.525s] -- Added test 'uncrustify' to check C / C++ code style
[3.526s] -- Configured uncrustify additional arguments: 
[3.526s] -- Added test 'xmllint' to check XML markup files
[3.534s] -- Configuring done
[3.559s] -- Generating done
[3.562s] -- Build files have been written to: /home/bettanin/ros2dev/build/cpp_action_srvcli
[3.577s] Invoked command in '/home/bettanin/ros2dev/build/cpp_action_srvcli' returned '0': AMENT_PREFIX_PATH=/home/bettanin/ros2dev/install/action_tutorials_interfaces:${AMENT_PREFIX_PATH} CMAKE_PREFIX_PATH=/home/bettanin/ros2dev/install/action_tutorials_interfaces:/home/bettanin/ros2dev/install/cpp_pubsub:/home/bettanin/ros2dev/install/tutorial_interfaces:/home/bettanin/ros2dev/install/my_package:/home/bettanin/ros2dev/install/more_interfaces:/home/bettanin/ros2dev/install/cpp_srvcli:/home/bettanin/ros2dev/install/cpp_parameters:/opt/ros/foxy LD_LIBRARY_PATH=/home/bettanin/ros2dev/install/action_tutorials_interfaces/lib:${LD_LIBRARY_PATH} PYTHONPATH=/home/bettanin/ros2dev/install/action_tutorials_interfaces/lib/python3.8/site-packages:${PYTHONPATH} /usr/bin/cmake /home/bettanin/ros2dev/src/cpp_action_srvcli -DCMAKE_INSTALL_PREFIX=/home/bettanin/ros2dev/install/cpp_action_srvcli
[3.583s] Invoking command in '/home/bettanin/ros2dev/build/cpp_action_srvcli': AMENT_PREFIX_PATH=/home/bettanin/ros2dev/install/action_tutorials_interfaces:${AMENT_PREFIX_PATH} CMAKE_PREFIX_PATH=/home/bettanin/ros2dev/install/action_tutorials_interfaces:/home/bettanin/ros2dev/install/cpp_pubsub:/home/bettanin/ros2dev/install/tutorial_interfaces:/home/bettanin/ros2dev/install/my_package:/home/bettanin/ros2dev/install/more_interfaces:/home/bettanin/ros2dev/install/cpp_srvcli:/home/bettanin/ros2dev/install/cpp_parameters:/opt/ros/foxy LD_LIBRARY_PATH=/home/bettanin/ros2dev/install/action_tutorials_interfaces/lib:${LD_LIBRARY_PATH} PYTHONPATH=/home/bettanin/ros2dev/install/action_tutorials_interfaces/lib/python3.8/site-packages:${PYTHONPATH} /usr/bin/cmake --build /home/bettanin/ros2dev/build/cpp_action_srvcli -- -j8 -l8
[3.662s] [35m[1mScanning dependencies of target action_server[0m
[3.663s] [35m[1mScanning dependencies of target fibonacci_action_server[0m
[3.753s] [ 25%] [32mBuilding CXX object CMakeFiles/fibonacci_action_server.dir/rclcpp_components/node_main_fibonacci_action_server.cpp.o[0m
[3.759s] [ 50%] [32mBuilding CXX object CMakeFiles/action_server.dir/src/fibonacci_action_server.cpp.o[0m
[4.002s] [01m[K/home/bettanin/ros2dev/src/cpp_action_srvcli/src/fibonacci_action_server.cpp:10:10:[m[K [01;31m[Kfatal error: [m[Kaction_tutorials_cpp/visibility_control.h: No such file or directory
[4.002s]    10 | #include [01;31m[K"action_tutorials_cpp/visibility_control.h"[m[K
[4.002s]       |          [01;31m[K^~~~~~~~~~~~~~~~~~~~~~~~~~~~~~~~~~~~~~~~~~~[m[K
[4.002s] compilation terminated.
[4.005s] make[2]: *** [CMakeFiles/action_server.dir/build.make:63: CMakeFiles/action_server.dir/src/fibonacci_action_server.cpp.o] Error 1
[4.006s] make[1]: *** [CMakeFiles/Makefile2:107: CMakeFiles/action_server.dir/all] Error 2
[4.006s] make[1]: *** Waiting for unfinished jobs....
[7.372s] [ 75%] [32m[1mLinking CXX executable fibonacci_action_server[0m
[7.628s] [ 75%] Built target fibonacci_action_server
[7.630s] make: *** [Makefile:141: all] Error 2
[7.637s] Invoked command in '/home/bettanin/ros2dev/build/cpp_action_srvcli' returned '2': AMENT_PREFIX_PATH=/home/bettanin/ros2dev/install/action_tutorials_interfaces:${AMENT_PREFIX_PATH} CMAKE_PREFIX_PATH=/home/bettanin/ros2dev/install/action_tutorials_interfaces:/home/bettanin/ros2dev/install/cpp_pubsub:/home/bettanin/ros2dev/install/tutorial_interfaces:/home/bettanin/ros2dev/install/my_package:/home/bettanin/ros2dev/install/more_interfaces:/home/bettanin/ros2dev/install/cpp_srvcli:/home/bettanin/ros2dev/install/cpp_parameters:/opt/ros/foxy LD_LIBRARY_PATH=/home/bettanin/ros2dev/install/action_tutorials_interfaces/lib:${LD_LIBRARY_PATH} PYTHONPATH=/home/bettanin/ros2dev/install/action_tutorials_interfaces/lib/python3.8/site-packages:${PYTHONPATH} /usr/bin/cmake --build /home/bettanin/ros2dev/build/cpp_action_srvcli -- -j8 -l8
