[0.039s] Invoking command in '/home/bettanin/ros2dev/build/cpp_action_srvcli': CMAKE_PREFIX_PATH=/home/bettanin/ros2dev/install/action_tutorials_interfaces:/home/bettanin/ros2dev/install/cpp_action_srvcli:/home/bettanin/ros2dev/install/cpp_pubsub:/home/bettanin/ros2dev/install/tutorial_interfaces:/home/bettanin/ros2dev/install/my_package:/home/bettanin/ros2dev/install/more_interfaces:/home/bettanin/ros2dev/install/cpp_srvcli:/home/bettanin/ros2dev/install/cpp_parameters:/opt/ros/foxy LD_LIBRARY_PATH=/home/bettanin/ros2dev/install/action_tutorials_interfaces/lib:/home/bettanin/ros2dev/install/cpp_action_srvcli/lib:/home/bettanin/ros2dev/install/tutorial_interfaces/lib:/home/bettanin/ros2dev/install/more_interfaces/lib:/opt/ros/foxy/opt/yaml_cpp_vendor/lib:/opt/ros/foxy/opt/rviz_ogre_vendor/lib:/opt/ros/foxy/lib/x86_64-linux-gnu:/opt/ros/foxy/lib /usr/bin/cmake --build /home/bettanin/ros2dev/build/cpp_action_srvcli -- -j8 -l8
[0.129s] [35m[1mScanning dependencies of target action_server[0m
[0.166s] [ 25%] Built target fibonacci_action_client
[0.175s] [ 50%] Built target fibonacci_action_server
[0.187s] [ 75%] Built target action_client
[0.199s] [ 87%] [32mBuilding CXX object CMakeFiles/action_server.dir/src/fibonacci_action_server.cpp.o[0m
[2.766s] [01m[K/home/bettanin/ros2dev/src/cpp_action_srvcli/src/fibonacci_action_server.cpp:[m[K In function ‘[01m[Kint main(int, char**)[m[K’:
[2.766s] [01m[K/home/bettanin/ros2dev/src/cpp_action_srvcli/src/fibonacci_action_server.cpp:103:60:[m[K [01;31m[Kerror: [m[Ktemporary of non-literal type ‘[01m[Kcpp_action_srvcli::FibonacciActionServer[m[K’ in a constant expression
[2.766s]   103 |   auto action_server = std::make_shared<cpp_action_srvcli::[01;31m[KFibonacciActionServer()[m[K;
[2.766s]       |                                                            [01;31m[K^~~~~~~~~~~~~~~~~~~~~~~[m[K
[2.767s] [01m[K/home/bettanin/ros2dev/src/cpp_action_srvcli/src/fibonacci_action_server.cpp:12:11:[m[K [01;36m[Knote: [m[K‘[01m[Kcpp_action_srvcli::FibonacciActionServer[m[K’ is not literal because:
[2.767s]    12 |     class [01;36m[KFibonacciActionServer[m[K : public rclcpp::Node
[2.767s]       |           [01;36m[K^~~~~~~~~~~~~~~~~~~~~[m[K
[2.768s] [01m[K/home/bettanin/ros2dev/src/cpp_action_srvcli/src/fibonacci_action_server.cpp:12:11:[m[K [01;36m[Knote: [m[K  ‘[01m[Kcpp_action_srvcli::FibonacciActionServer[m[K’ has a non-trivial destructor
[2.768s] [01m[K/home/bettanin/ros2dev/src/cpp_action_srvcli/src/fibonacci_action_server.cpp:103:29:[m[K [01;31m[Kerror: [m[Kparse error in template argument list
[2.768s]   103 |   auto action_server = std::[01;31m[Kmake_shared<cpp_action_srvcli::FibonacciActionServer()[m[K;
[2.768s]       |                             [01;31m[K^~~~~~~~~~~~~~~~~~~~~~~~~~~~~~~~~~~~~~~~~~~~~~~~~~~~~~[m[K
[2.769s] [01m[K/home/bettanin/ros2dev/src/cpp_action_srvcli/src/fibonacci_action_server.cpp:103:29:[m[K [01;31m[Kerror: [m[Kunable to deduce ‘[01m[Kauto[m[K’ from ‘[01m[Kmake_shared<cpp_action_srvcli::FibonacciActionServer(rclcpp::NodeOptions(rcutils_get_default_allocator()))>[m[K’
[2.769s] [01m[K/home/bettanin/ros2dev/src/cpp_action_srvcli/src/fibonacci_action_server.cpp:103:29:[m[K [01;36m[Knote: [m[K  couldn’t deduce template parameter ‘[01m[Kauto[m[K’
[4.189s] make[2]: *** [CMakeFiles/action_server.dir/build.make:63: CMakeFiles/action_server.dir/src/fibonacci_action_server.cpp.o] Error 1
[4.190s] make[1]: *** [CMakeFiles/Makefile2:165: CMakeFiles/action_server.dir/all] Error 2
[4.190s] make: *** [Makefile:141: all] Error 2
[4.194s] Invoked command in '/home/bettanin/ros2dev/build/cpp_action_srvcli' returned '2': CMAKE_PREFIX_PATH=/home/bettanin/ros2dev/install/action_tutorials_interfaces:/home/bettanin/ros2dev/install/cpp_action_srvcli:/home/bettanin/ros2dev/install/cpp_pubsub:/home/bettanin/ros2dev/install/tutorial_interfaces:/home/bettanin/ros2dev/install/my_package:/home/bettanin/ros2dev/install/more_interfaces:/home/bettanin/ros2dev/install/cpp_srvcli:/home/bettanin/ros2dev/install/cpp_parameters:/opt/ros/foxy LD_LIBRARY_PATH=/home/bettanin/ros2dev/install/action_tutorials_interfaces/lib:/home/bettanin/ros2dev/install/cpp_action_srvcli/lib:/home/bettanin/ros2dev/install/tutorial_interfaces/lib:/home/bettanin/ros2dev/install/more_interfaces/lib:/opt/ros/foxy/opt/yaml_cpp_vendor/lib:/opt/ros/foxy/opt/rviz_ogre_vendor/lib:/opt/ros/foxy/lib/x86_64-linux-gnu:/opt/ros/foxy/lib /usr/bin/cmake --build /home/bettanin/ros2dev/build/cpp_action_srvcli -- -j8 -l8
