[0.036s] Invoking command in '/home/bettanin/ros2dev/build/cpp_action_srvcli': CMAKE_PREFIX_PATH=/home/bettanin/ros2dev/install/action_tutorials_interfaces:/home/bettanin/ros2dev/install/cpp_action_srvcli:/home/bettanin/ros2dev/install/cpp_pubsub:/home/bettanin/ros2dev/install/tutorial_interfaces:/home/bettanin/ros2dev/install/my_package:/home/bettanin/ros2dev/install/more_interfaces:/home/bettanin/ros2dev/install/cpp_srvcli:/home/bettanin/ros2dev/install/cpp_parameters:/opt/ros/foxy LD_LIBRARY_PATH=/home/bettanin/ros2dev/install/action_tutorials_interfaces/lib:/home/bettanin/ros2dev/install/cpp_action_srvcli/lib:/home/bettanin/ros2dev/install/tutorial_interfaces/lib:/home/bettanin/ros2dev/install/more_interfaces/lib:/opt/ros/foxy/opt/yaml_cpp_vendor/lib:/opt/ros/foxy/opt/rviz_ogre_vendor/lib:/opt/ros/foxy/lib/x86_64-linux-gnu:/opt/ros/foxy/lib /usr/bin/cmake --build /home/bettanin/ros2dev/build/cpp_action_srvcli -- -j8 -l8
[0.097s] -- Found ament_cmake: 0.9.9 (/opt/ros/foxy/share/ament_cmake/cmake)
[0.143s] -- Using PYTHON_EXECUTABLE: /usr/bin/python3
[0.540s] -- Found action_tutorials_interfaces: 0.0.0 (/home/bettanin/ros2dev/install/action_tutorials_interfaces/share/action_tutorials_interfaces/cmake)
[0.586s] -- Using all available rosidl_typesupport_c: rosidl_typesupport_fastrtps_c;rosidl_typesupport_introspection_c
[0.593s] -- Found rosidl_adapter: 1.2.1 (/opt/ros/foxy/share/rosidl_adapter/cmake)
[0.853s] -- Using all available rosidl_typesupport_cpp: rosidl_typesupport_fastrtps_cpp;rosidl_typesupport_introspection_cpp
[1.105s] -- Found rclcpp: 2.4.1 (/opt/ros/foxy/share/rclcpp/cmake)
[1.184s] -- Found rmw_implementation_cmake: 1.0.3 (/opt/ros/foxy/share/rmw_implementation_cmake/cmake)
[1.187s] -- Using RMW implementation 'rmw_fastrtps_cpp' as default
[1.546s] -- Found rclcpp_action: 2.4.1 (/opt/ros/foxy/share/rclcpp_action/cmake)
[1.611s] -- Found rclcpp_components: 2.4.1 (/opt/ros/foxy/share/rclcpp_components/cmake)
[1.738s] -- Found ament_lint_auto: 0.9.6 (/opt/ros/foxy/share/ament_lint_auto/cmake)
[1.866s] -- Added test 'copyright' to check source files copyright and LICENSE
[1.868s] -- Added test 'cppcheck' to perform static code analysis on C / C++ code
[1.868s] -- Configured cppcheck include dirs: $<BUILD_INTERFACE:/home/bettanin/ros2dev/src/cpp_action_srvcli/include>
[1.868s] -- Configured cppcheck exclude dirs and/or files: 
[1.870s] -- Added test 'cpplint' to check C / C++ code against the Google style
[1.870s] -- Configured cpplint exclude dirs and/or files: 
[1.871s] -- Added test 'lint_cmake' to check CMake code style
[1.872s] -- Added test 'uncrustify' to check C / C++ code style
[1.873s] -- Configured uncrustify additional arguments: 
[1.873s] -- Added test 'xmllint' to check XML markup files
[1.879s] -- Configuring done
[1.924s] -- Generating done
[1.929s] -- Build files have been written to: /home/bettanin/ros2dev/build/cpp_action_srvcli
[1.979s] [35m[1mScanning dependencies of target action_client[0m
[1.979s] [35m[1mScanning dependencies of target fibonacci_action_client[0m
[2.022s] [ 25%] Built target fibonacci_action_server
[2.032s] [ 50%] Built target action_server
[2.061s] [ 62%] [32mBuilding CXX object CMakeFiles/fibonacci_action_client.dir/rclcpp_components/node_main_fibonacci_action_client.cpp.o[0m
[2.093s] [ 75%] [32mBuilding CXX object CMakeFiles/action_client.dir/src/fibonacci_action_client.cpp.o[0m
[5.820s] [ 87%] [32m[1mLinking CXX executable fibonacci_action_client[0m
[6.073s] [ 87%] Built target fibonacci_action_client
[8.355s] [100%] [32m[1mLinking CXX shared library libaction_client.so[0m
[8.701s] [100%] Built target action_client
[8.723s] Invoked command in '/home/bettanin/ros2dev/build/cpp_action_srvcli' returned '0': CMAKE_PREFIX_PATH=/home/bettanin/ros2dev/install/action_tutorials_interfaces:/home/bettanin/ros2dev/install/cpp_action_srvcli:/home/bettanin/ros2dev/install/cpp_pubsub:/home/bettanin/ros2dev/install/tutorial_interfaces:/home/bettanin/ros2dev/install/my_package:/home/bettanin/ros2dev/install/more_interfaces:/home/bettanin/ros2dev/install/cpp_srvcli:/home/bettanin/ros2dev/install/cpp_parameters:/opt/ros/foxy LD_LIBRARY_PATH=/home/bettanin/ros2dev/install/action_tutorials_interfaces/lib:/home/bettanin/ros2dev/install/cpp_action_srvcli/lib:/home/bettanin/ros2dev/install/tutorial_interfaces/lib:/home/bettanin/ros2dev/install/more_interfaces/lib:/opt/ros/foxy/opt/yaml_cpp_vendor/lib:/opt/ros/foxy/opt/rviz_ogre_vendor/lib:/opt/ros/foxy/lib/x86_64-linux-gnu:/opt/ros/foxy/lib /usr/bin/cmake --build /home/bettanin/ros2dev/build/cpp_action_srvcli -- -j8 -l8
[8.811s] Invoking command in '/home/bettanin/ros2dev/build/cpp_action_srvcli': CMAKE_PREFIX_PATH=/home/bettanin/ros2dev/install/action_tutorials_interfaces:/home/bettanin/ros2dev/install/cpp_action_srvcli:/home/bettanin/ros2dev/install/cpp_pubsub:/home/bettanin/ros2dev/install/tutorial_interfaces:/home/bettanin/ros2dev/install/my_package:/home/bettanin/ros2dev/install/more_interfaces:/home/bettanin/ros2dev/install/cpp_srvcli:/home/bettanin/ros2dev/install/cpp_parameters:/opt/ros/foxy LD_LIBRARY_PATH=/home/bettanin/ros2dev/install/action_tutorials_interfaces/lib:/home/bettanin/ros2dev/install/cpp_action_srvcli/lib:/home/bettanin/ros2dev/install/tutorial_interfaces/lib:/home/bettanin/ros2dev/install/more_interfaces/lib:/opt/ros/foxy/opt/yaml_cpp_vendor/lib:/opt/ros/foxy/opt/rviz_ogre_vendor/lib:/opt/ros/foxy/lib/x86_64-linux-gnu:/opt/ros/foxy/lib /usr/bin/cmake --install /home/bettanin/ros2dev/build/cpp_action_srvcli
[8.828s] -- Install configuration: ""
[8.828s] -- Up-to-date: /home/bettanin/ros2dev/install/cpp_action_srvcli/lib/cpp_action_srvcli/fibonacci_action_server
[8.829s] -- Up-to-date: /home/bettanin/ros2dev/install/cpp_action_srvcli/lib/libaction_server.so
[8.830s] -- Installing: /home/bettanin/ros2dev/install/cpp_action_srvcli/lib/cpp_action_srvcli/fibonacci_action_client
[8.831s] -- Set runtime path of "/home/bettanin/ros2dev/install/cpp_action_srvcli/lib/cpp_action_srvcli/fibonacci_action_client" to ""
[8.831s] -- Installing: /home/bettanin/ros2dev/install/cpp_action_srvcli/lib/libaction_client.so
[8.837s] -- Set runtime path of "/home/bettanin/ros2dev/install/cpp_action_srvcli/lib/libaction_client.so" to ""
[8.837s] -- Up-to-date: /home/bettanin/ros2dev/install/cpp_action_srvcli/share/ament_index/resource_index/package_run_dependencies/cpp_action_srvcli
[8.838s] -- Installing: /home/bettanin/ros2dev/install/cpp_action_srvcli/share/ament_index/resource_index/parent_prefix_path/cpp_action_srvcli
[8.838s] -- Up-to-date: /home/bettanin/ros2dev/install/cpp_action_srvcli/share/cpp_action_srvcli/environment/ament_prefix_path.sh
[8.838s] -- Installing: /home/bettanin/ros2dev/install/cpp_action_srvcli/share/cpp_action_srvcli/environment/ament_prefix_path.dsv
[8.839s] -- Up-to-date: /home/bettanin/ros2dev/install/cpp_action_srvcli/share/cpp_action_srvcli/environment/path.sh
[8.839s] -- Installing: /home/bettanin/ros2dev/install/cpp_action_srvcli/share/cpp_action_srvcli/environment/path.dsv
[8.839s] -- Up-to-date: /home/bettanin/ros2dev/install/cpp_action_srvcli/share/cpp_action_srvcli/local_setup.bash
[8.840s] -- Up-to-date: /home/bettanin/ros2dev/install/cpp_action_srvcli/share/cpp_action_srvcli/local_setup.sh
[8.840s] -- Up-to-date: /home/bettanin/ros2dev/install/cpp_action_srvcli/share/cpp_action_srvcli/local_setup.zsh
[8.840s] -- Installing: /home/bettanin/ros2dev/install/cpp_action_srvcli/share/cpp_action_srvcli/local_setup.dsv
[8.840s] -- Installing: /home/bettanin/ros2dev/install/cpp_action_srvcli/share/cpp_action_srvcli/package.dsv
[8.841s] -- Up-to-date: /home/bettanin/ros2dev/install/cpp_action_srvcli/share/ament_index/resource_index/packages/cpp_action_srvcli
[8.841s] -- Installing: /home/bettanin/ros2dev/install/cpp_action_srvcli/share/ament_index/resource_index/rclcpp_components/cpp_action_srvcli
[8.841s] -- Up-to-date: /home/bettanin/ros2dev/install/cpp_action_srvcli/share/cpp_action_srvcli/cmake/cpp_action_srvcliConfig.cmake
[8.841s] -- Up-to-date: /home/bettanin/ros2dev/install/cpp_action_srvcli/share/cpp_action_srvcli/cmake/cpp_action_srvcliConfig-version.cmake
[8.842s] -- Up-to-date: /home/bettanin/ros2dev/install/cpp_action_srvcli/share/cpp_action_srvcli/package.xml
[8.845s] Invoked command in '/home/bettanin/ros2dev/build/cpp_action_srvcli' returned '0': CMAKE_PREFIX_PATH=/home/bettanin/ros2dev/install/action_tutorials_interfaces:/home/bettanin/ros2dev/install/cpp_action_srvcli:/home/bettanin/ros2dev/install/cpp_pubsub:/home/bettanin/ros2dev/install/tutorial_interfaces:/home/bettanin/ros2dev/install/my_package:/home/bettanin/ros2dev/install/more_interfaces:/home/bettanin/ros2dev/install/cpp_srvcli:/home/bettanin/ros2dev/install/cpp_parameters:/opt/ros/foxy LD_LIBRARY_PATH=/home/bettanin/ros2dev/install/action_tutorials_interfaces/lib:/home/bettanin/ros2dev/install/cpp_action_srvcli/lib:/home/bettanin/ros2dev/install/tutorial_interfaces/lib:/home/bettanin/ros2dev/install/more_interfaces/lib:/opt/ros/foxy/opt/yaml_cpp_vendor/lib:/opt/ros/foxy/opt/rviz_ogre_vendor/lib:/opt/ros/foxy/lib/x86_64-linux-gnu:/opt/ros/foxy/lib /usr/bin/cmake --install /home/bettanin/ros2dev/build/cpp_action_srvcli
