[0.025s] Invoking command in '/home/bettanin/ros2dev/build/cpp_parameters': CMAKE_PREFIX_PATH=${CMAKE_PREFIX_PATH}:/opt/ros/foxy /usr/bin/cmake /home/bettanin/ros2dev/src/cpp_parameters -DCMAKE_INSTALL_PREFIX=/home/bettanin/ros2dev/install/cpp_parameters
[0.134s] -- The C compiler identification is GNU 9.4.0
[0.238s] -- The CXX compiler identification is GNU 9.4.0
[0.248s] -- Check for working C compiler: /usr/bin/cc
[0.378s] -- Check for working C compiler: /usr/bin/cc -- works
[0.379s] -- Detecting C compiler ABI info
[0.511s] -- Detecting C compiler ABI info - done
[0.533s] -- Detecting C compile features
[0.534s] -- Detecting C compile features - done
[0.539s] -- Check for working CXX compiler: /usr/bin/c++
[0.689s] -- Check for working CXX compiler: /usr/bin/c++ -- works
[0.691s] -- Detecting CXX compiler ABI info
[0.851s] -- Detecting CXX compiler ABI info - done
[0.874s] -- Detecting CXX compile features
[0.875s] -- Detecting CXX compile features - done
[0.881s] -- Found ament_cmake: 0.9.9 (/opt/ros/foxy/share/ament_cmake/cmake)
[0.930s] -- Found PythonInterp: /usr/bin/python3 (found suitable version "3.8.10", minimum required is "3") 
[0.930s] -- Using PYTHON_EXECUTABLE: /usr/bin/python3
[1.358s] -- Found rclcpp: 2.4.1 (/opt/ros/foxy/share/rclcpp/cmake)
[1.472s] -- Using all available rosidl_typesupport_c: rosidl_typesupport_fastrtps_c;rosidl_typesupport_introspection_c
[1.488s] -- Found rosidl_adapter: 1.2.1 (/opt/ros/foxy/share/rosidl_adapter/cmake)
[1.655s] -- Found OpenSSL: /usr/lib/x86_64-linux-gnu/libcrypto.so (found version "1.1.1f")  
[1.716s] -- Found FastRTPS: /opt/ros/foxy/include  
[1.879s] -- Using all available rosidl_typesupport_cpp: rosidl_typesupport_fastrtps_cpp;rosidl_typesupport_introspection_cpp
[1.999s] -- Found rmw_implementation_cmake: 1.0.3 (/opt/ros/foxy/share/rmw_implementation_cmake/cmake)
[2.002s] -- Using RMW implementation 'rmw_fastrtps_cpp' as default
[2.004s] -- Looking for pthread.h
[2.142s] -- Looking for pthread.h - found
[2.143s] -- Performing Test CMAKE_HAVE_LIBC_PTHREAD
[2.284s] -- Performing Test CMAKE_HAVE_LIBC_PTHREAD - Failed
[2.284s] -- Looking for pthread_create in pthreads
[2.398s] -- Looking for pthread_create in pthreads - not found
[2.398s] -- Looking for pthread_create in pthread
[2.531s] -- Looking for pthread_create in pthread - found
[2.534s] -- Found Threads: TRUE  
[2.868s] -- Found ament_lint_auto: 0.9.6 (/opt/ros/foxy/share/ament_lint_auto/cmake)
[3.025s] -- Added test 'copyright' to check source files copyright and LICENSE
[3.027s] -- Added test 'cppcheck' to perform static code analysis on C / C++ code
[3.027s] -- Configured cppcheck include dirs: 
[3.027s] -- Configured cppcheck exclude dirs and/or files: 
[3.029s] -- Added test 'cpplint' to check C / C++ code against the Google style
[3.030s] -- Configured cpplint exclude dirs and/or files: 
[3.032s] -- Added test 'lint_cmake' to check CMake code style
[3.034s] -- Added test 'uncrustify' to check C / C++ code style
[3.034s] -- Configured uncrustify additional arguments: 
[3.036s] -- Added test 'xmllint' to check XML markup files
[3.043s] -- Configuring done
[3.055s] -- Generating done
[3.058s] -- Build files have been written to: /home/bettanin/ros2dev/build/cpp_parameters
[3.069s] Invoked command in '/home/bettanin/ros2dev/build/cpp_parameters' returned '0': CMAKE_PREFIX_PATH=${CMAKE_PREFIX_PATH}:/opt/ros/foxy /usr/bin/cmake /home/bettanin/ros2dev/src/cpp_parameters -DCMAKE_INSTALL_PREFIX=/home/bettanin/ros2dev/install/cpp_parameters
[3.074s] Invoking command in '/home/bettanin/ros2dev/build/cpp_parameters': CMAKE_PREFIX_PATH=${CMAKE_PREFIX_PATH}:/opt/ros/foxy /usr/bin/cmake --build /home/bettanin/ros2dev/build/cpp_parameters -- -j8 -l8
[3.153s] [35m[1mScanning dependencies of target parameter_node[0m
[3.225s] [ 50%] [32mBuilding CXX object CMakeFiles/parameter_node.dir/src/cpp_parameters_node.cpp.o[0m
[6.658s] [100%] [32m[1mLinking CXX executable parameter_node[0m
[6.950s] [100%] Built target parameter_node
[6.972s] Invoked command in '/home/bettanin/ros2dev/build/cpp_parameters' returned '0': CMAKE_PREFIX_PATH=${CMAKE_PREFIX_PATH}:/opt/ros/foxy /usr/bin/cmake --build /home/bettanin/ros2dev/build/cpp_parameters -- -j8 -l8
[7.041s] Invoking command in '/home/bettanin/ros2dev/build/cpp_parameters': CMAKE_PREFIX_PATH=${CMAKE_PREFIX_PATH}:/opt/ros/foxy /usr/bin/cmake --install /home/bettanin/ros2dev/build/cpp_parameters
[7.056s] -- Install configuration: ""
[7.057s] -- Installing: /home/bettanin/ros2dev/install/cpp_parameters/lib/cpp_parameters/parameter_node
[7.058s] -- Set runtime path of "/home/bettanin/ros2dev/install/cpp_parameters/lib/cpp_parameters/parameter_node" to ""
[7.058s] -- Installing: /home/bettanin/ros2dev/install/cpp_parameters/share/ament_index/resource_index/package_run_dependencies/cpp_parameters
[7.059s] -- Installing: /home/bettanin/ros2dev/install/cpp_parameters/share/ament_index/resource_index/parent_prefix_path/cpp_parameters
[7.059s] -- Installing: /home/bettanin/ros2dev/install/cpp_parameters/share/cpp_parameters/environment/ament_prefix_path.sh
[7.060s] -- Installing: /home/bettanin/ros2dev/install/cpp_parameters/share/cpp_parameters/environment/ament_prefix_path.dsv
[7.060s] -- Installing: /home/bettanin/ros2dev/install/cpp_parameters/share/cpp_parameters/environment/path.sh
[7.061s] -- Installing: /home/bettanin/ros2dev/install/cpp_parameters/share/cpp_parameters/environment/path.dsv
[7.061s] -- Installing: /home/bettanin/ros2dev/install/cpp_parameters/share/cpp_parameters/local_setup.bash
[7.061s] -- Installing: /home/bettanin/ros2dev/install/cpp_parameters/share/cpp_parameters/local_setup.sh
[7.062s] -- Installing: /home/bettanin/ros2dev/install/cpp_parameters/share/cpp_parameters/local_setup.zsh
[7.062s] -- Installing: /home/bettanin/ros2dev/install/cpp_parameters/share/cpp_parameters/local_setup.dsv
[7.063s] -- Installing: /home/bettanin/ros2dev/install/cpp_parameters/share/cpp_parameters/package.dsv
[7.063s] -- Installing: /home/bettanin/ros2dev/install/cpp_parameters/share/ament_index/resource_index/packages/cpp_parameters
[7.063s] -- Installing: /home/bettanin/ros2dev/install/cpp_parameters/share/cpp_parameters/cmake/cpp_parametersConfig.cmake
[7.064s] -- Installing: /home/bettanin/ros2dev/install/cpp_parameters/share/cpp_parameters/cmake/cpp_parametersConfig-version.cmake
[7.064s] -- Installing: /home/bettanin/ros2dev/install/cpp_parameters/share/cpp_parameters/package.xml
[7.068s] Invoked command in '/home/bettanin/ros2dev/build/cpp_parameters' returned '0': CMAKE_PREFIX_PATH=${CMAKE_PREFIX_PATH}:/opt/ros/foxy /usr/bin/cmake --install /home/bettanin/ros2dev/build/cpp_parameters
