[1.372s] Invoking command in '/home/bettanin/ros2dev_ws/src/launch_tutorial': PYTHONPATH=/home/bettanin/ros2dev_ws/install/launch_tutorial/lib/python3.8/site-packages:${PYTHONPATH} /usr/bin/python3 setup.py egg_info --egg-base ../../build/launch_tutorial build --build-base /home/bettanin/ros2dev_ws/build/launch_tutorial/build install --prefix /home/bettanin/ros2dev_ws/install/launch_tutorial --record /home/bettanin/ros2dev_ws/build/launch_tutorial/install.log --single-version-externally-managed
[1.818s] running egg_info
[1.819s] writing ../../build/launch_tutorial/launch_tutorial.egg-info/PKG-INFO
[1.820s] writing dependency_links to ../../build/launch_tutorial/launch_tutorial.egg-info/dependency_links.txt
[1.820s] writing entry points to ../../build/launch_tutorial/launch_tutorial.egg-info/entry_points.txt
[1.821s] writing requirements to ../../build/launch_tutorial/launch_tutorial.egg-info/requires.txt
[1.821s] writing top-level names to ../../build/launch_tutorial/launch_tutorial.egg-info/top_level.txt
[1.885s] reading manifest file '../../build/launch_tutorial/launch_tutorial.egg-info/SOURCES.txt'
[1.886s] writing manifest file '../../build/launch_tutorial/launch_tutorial.egg-info/SOURCES.txt'
[1.886s] running build
[1.887s] running build_py
[1.887s] running install
[1.888s] running install_lib
[1.890s] running install_data
[1.891s] copying launch/example_event_handlers.launch.py -> /home/bettanin/ros2dev_ws/install/launch_tutorial/share/launch_tutorial
[1.892s] running install_egg_info
[1.894s] removing '/home/bettanin/ros2dev_ws/install/launch_tutorial/lib/python3.8/site-packages/launch_tutorial-0.0.0-py3.8.egg-info' (and everything under it)
[1.895s] Copying ../../build/launch_tutorial/launch_tutorial.egg-info to /home/bettanin/ros2dev_ws/install/launch_tutorial/lib/python3.8/site-packages/launch_tutorial-0.0.0-py3.8.egg-info
[1.896s] running install_scripts
[1.931s] writing list of installed files to '/home/bettanin/ros2dev_ws/build/launch_tutorial/install.log'
[1.963s] Invoked command in '/home/bettanin/ros2dev_ws/src/launch_tutorial' returned '0': PYTHONPATH=/home/bettanin/ros2dev_ws/install/launch_tutorial/lib/python3.8/site-packages:${PYTHONPATH} /usr/bin/python3 setup.py egg_info --egg-base ../../build/launch_tutorial build --build-base /home/bettanin/ros2dev_ws/build/launch_tutorial/build install --prefix /home/bettanin/ros2dev_ws/install/launch_tutorial --record /home/bettanin/ros2dev_ws/build/launch_tutorial/install.log --single-version-externally-managed
