[1.339s] Invoking command in '/home/bettanin/ros2dev_ws/src/launch_tutorial': PYTHONPATH=/home/bettanin/ros2dev_ws/install/launch_tutorial/lib/python3.8/site-packages:${PYTHONPATH} /usr/bin/python3 setup.py egg_info --egg-base ../../build/launch_tutorial build --build-base /home/bettanin/ros2dev_ws/build/launch_tutorial/build install --prefix /home/bettanin/ros2dev_ws/install/launch_tutorial --record /home/bettanin/ros2dev_ws/build/launch_tutorial/install.log --single-version-externally-managed
[1.789s] running egg_info
[1.790s] writing ../../build/launch_tutorial/launch_tutorial.egg-info/PKG-INFO
[1.791s] writing dependency_links to ../../build/launch_tutorial/launch_tutorial.egg-info/dependency_links.txt
[1.791s] writing entry points to ../../build/launch_tutorial/launch_tutorial.egg-info/entry_points.txt
[1.791s] writing requirements to ../../build/launch_tutorial/launch_tutorial.egg-info/requires.txt
[1.792s] writing top-level names to ../../build/launch_tutorial/launch_tutorial.egg-info/top_level.txt
[1.859s] reading manifest file '../../build/launch_tutorial/launch_tutorial.egg-info/SOURCES.txt'
[1.861s] writing manifest file '../../build/launch_tutorial/launch_tutorial.egg-info/SOURCES.txt'
[1.861s] running build
[1.861s] running build_py
[1.861s] running install
[1.862s] running install_lib
[1.865s] running install_data
[1.866s] copying launch/turtlesim_world_2.launch.py -> /home/bettanin/ros2dev_ws/install/launch_tutorial/share/launch_tutorial
[1.866s] copying launch/fixed_broadcaster.launch.py -> /home/bettanin/ros2dev_ws/install/launch_tutorial/share/launch_tutorial
[1.866s] copying launch/turtlesim_world_1.launch.py -> /home/bettanin/ros2dev_ws/install/launch_tutorial/share/launch_tutorial
[1.867s] copying launch/turtlesim_world_3.launch.py -> /home/bettanin/ros2dev_ws/install/launch_tutorial/share/launch_tutorial
[1.867s] copying launch/turtlesim_rviz.launch.py -> /home/bettanin/ros2dev_ws/install/launch_tutorial/share/launch_tutorial
[1.867s] copying launch/launch_turtlesim.launch.py -> /home/bettanin/ros2dev_ws/install/launch_tutorial/share/launch_tutorial
[1.868s] copying launch/mimic.launch.py -> /home/bettanin/ros2dev_ws/install/launch_tutorial/share/launch_tutorial
[1.868s] copying launch/broadcaster_listener.launch.py -> /home/bettanin/ros2dev_ws/install/launch_tutorial/share/launch_tutorial
[1.868s] creating /home/bettanin/ros2dev_ws/install/launch_tutorial/share/launch_tutorial/launch
[1.868s] copying launch/turtlesim_world_2.launch.py -> /home/bettanin/ros2dev_ws/install/launch_tutorial/share/launch_tutorial/launch
[1.869s] copying launch/fixed_broadcaster.launch.py -> /home/bettanin/ros2dev_ws/install/launch_tutorial/share/launch_tutorial/launch
[1.869s] copying launch/example_event_handlers.launch.py -> /home/bettanin/ros2dev_ws/install/launch_tutorial/share/launch_tutorial/launch
[1.869s] copying launch/turtlesim_world_1.launch.py -> /home/bettanin/ros2dev_ws/install/launch_tutorial/share/launch_tutorial/launch
[1.869s] copying launch/turtlesim_world_3.launch.py -> /home/bettanin/ros2dev_ws/install/launch_tutorial/share/launch_tutorial/launch
[1.870s] copying launch/turtlesim_rviz.launch.py -> /home/bettanin/ros2dev_ws/install/launch_tutorial/share/launch_tutorial/launch
[1.870s] copying launch/launch_turtlesim.launch.py -> /home/bettanin/ros2dev_ws/install/launch_tutorial/share/launch_tutorial/launch
[1.870s] copying launch/mimic.launch.py -> /home/bettanin/ros2dev_ws/install/launch_tutorial/share/launch_tutorial/launch
[1.870s] copying launch/broadcaster_listener.launch.py -> /home/bettanin/ros2dev_ws/install/launch_tutorial/share/launch_tutorial/launch
[1.871s] copying launch/example_substitutions.launch.py -> /home/bettanin/ros2dev_ws/install/launch_tutorial/share/launch_tutorial/launch
[1.871s] copying launch/example_main.launch.py -> /home/bettanin/ros2dev_ws/install/launch_tutorial/share/launch_tutorial/launch
[1.871s] creating /home/bettanin/ros2dev_ws/install/launch_tutorial/share/launch_tutorial/config
[1.871s] copying config/turtlesim.yaml -> /home/bettanin/ros2dev_ws/install/launch_tutorial/share/launch_tutorial/config
[1.871s] running install_egg_info
[1.872s] removing '/home/bettanin/ros2dev_ws/install/launch_tutorial/lib/python3.8/site-packages/launch_tutorial-0.0.0-py3.8.egg-info' (and everything under it)
[1.873s] Copying ../../build/launch_tutorial/launch_tutorial.egg-info to /home/bettanin/ros2dev_ws/install/launch_tutorial/lib/python3.8/site-packages/launch_tutorial-0.0.0-py3.8.egg-info
[1.875s] running install_scripts
[1.904s] writing list of installed files to '/home/bettanin/ros2dev_ws/build/launch_tutorial/install.log'
[1.943s] Invoked command in '/home/bettanin/ros2dev_ws/src/launch_tutorial' returned '0': PYTHONPATH=/home/bettanin/ros2dev_ws/install/launch_tutorial/lib/python3.8/site-packages:${PYTHONPATH} /usr/bin/python3 setup.py egg_info --egg-base ../../build/launch_tutorial build --build-base /home/bettanin/ros2dev_ws/build/launch_tutorial/build install --prefix /home/bettanin/ros2dev_ws/install/launch_tutorial --record /home/bettanin/ros2dev_ws/build/launch_tutorial/install.log --single-version-externally-managed
