/home/bettanin/ros2dev_ws/install/launch_tutorial/lib/python3.8/site-packages/launch_tutorial/__init__.py
/home/bettanin/ros2dev_ws/install/launch_tutorial/lib/python3.8/site-packages/launch_tutorial/__pycache__/__init__.cpython-38.pyc
/home/bettanin/ros2dev_ws/install/launch_tutorial/share/ament_index/resource_index/packages/launch_tutorial
/home/bettanin/ros2dev_ws/install/launch_tutorial/share/launch_tutorial/package.xml
/home/bettanin/ros2dev_ws/install/launch_tutorial/share/launch_tutorial/launch/turtlesim_world_2.launch.py
/home/bettanin/ros2dev_ws/install/launch_tutorial/share/launch_tutorial/launch/fixed_broadcaster.launch.py
/home/bettanin/ros2dev_ws/install/launch_tutorial/share/launch_tutorial/launch/example_event_handlers.launch.py
/home/bettanin/ros2dev_ws/install/launch_tutorial/share/launch_tutorial/launch/turtlesim_world_1.launch.py
/home/bettanin/ros2dev_ws/install/launch_tutorial/share/launch_tutorial/launch/turtlesim_world_3.launch.py
/home/bettanin/ros2dev_ws/install/launch_tutorial/share/launch_tutorial/launch/turtlesim_rviz.launch.py
/home/bettanin/ros2dev_ws/install/launch_tutorial/share/launch_tutorial/launch/launch_turtlesim.launch.py
/home/bettanin/ros2dev_ws/install/launch_tutorial/share/launch_tutorial/launch/mimic.launch.py
/home/bettanin/ros2dev_ws/install/launch_tutorial/share/launch_tutorial/launch/broadcaster_listener.launch.py
/home/bettanin/ros2dev_ws/install/launch_tutorial/share/launch_tutorial/launch/example_substitutions.launch.py
/home/bettanin/ros2dev_ws/install/launch_tutorial/share/launch_tutorial/launch/example_main.launch.py
/home/bettanin/ros2dev_ws/install/launch_tutorial/share/launch_tutorial/config/turtlesim.yaml
/home/bettanin/ros2dev_ws/install/launch_tutorial/lib/python3.8/site-packages/launch_tutorial-0.0.0-py3.8.egg-info/SOURCES.txt
/home/bettanin/ros2dev_ws/install/launch_tutorial/lib/python3.8/site-packages/launch_tutorial-0.0.0-py3.8.egg-info/top_level.txt
/home/bettanin/ros2dev_ws/install/launch_tutorial/lib/python3.8/site-packages/launch_tutorial-0.0.0-py3.8.egg-info/zip-safe
/home/bettanin/ros2dev_ws/install/launch_tutorial/lib/python3.8/site-packages/launch_tutorial-0.0.0-py3.8.egg-info/PKG-INFO
/home/bettanin/ros2dev_ws/install/launch_tutorial/lib/python3.8/site-packages/launch_tutorial-0.0.0-py3.8.egg-info/dependency_links.txt
/home/bettanin/ros2dev_ws/install/launch_tutorial/lib/python3.8/site-packages/launch_tutorial-0.0.0-py3.8.egg-info/entry_points.txt
/home/bettanin/ros2dev_ws/install/launch_tutorial/lib/python3.8/site-packages/launch_tutorial-0.0.0-py3.8.egg-info/requires.txt
