[0.028s] Invoking command in '/home/bettanin/ros2dev/build/cpp_srvcli': CMAKE_PREFIX_PATH=${CMAKE_PREFIX_PATH}:/opt/ros/foxy /usr/bin/cmake --build /home/bettanin/ros2dev/build/cpp_srvcli -- -j8 -l8
[0.147s] [100%] Built target client
[0.147s] [100%] Built target server
[0.170s] Invoked command in '/home/bettanin/ros2dev/build/cpp_srvcli' returned '0': CMAKE_PREFIX_PATH=${CMAKE_PREFIX_PATH}:/opt/ros/foxy /usr/bin/cmake --build /home/bettanin/ros2dev/build/cpp_srvcli -- -j8 -l8
[0.237s] Invoking command in '/home/bettanin/ros2dev/build/cpp_srvcli': CMAKE_PREFIX_PATH=${CMAKE_PREFIX_PATH}:/opt/ros/foxy /usr/bin/cmake --install /home/bettanin/ros2dev/build/cpp_srvcli
[0.252s] -- Install configuration: ""
[0.252s] -- Up-to-date: /home/bettanin/ros2dev/install/cpp_srvcli/lib/cpp_srvcli/server
[0.253s] -- Up-to-date: /home/bettanin/ros2dev/install/cpp_srvcli/lib/cpp_srvcli/client
[0.254s] -- Up-to-date: /home/bettanin/ros2dev/install/cpp_srvcli/share/ament_index/resource_index/package_run_dependencies/cpp_srvcli
[0.254s] -- Up-to-date: /home/bettanin/ros2dev/install/cpp_srvcli/share/ament_index/resource_index/parent_prefix_path/cpp_srvcli
[0.254s] -- Up-to-date: /home/bettanin/ros2dev/install/cpp_srvcli/share/cpp_srvcli/environment/ament_prefix_path.sh
[0.254s] -- Up-to-date: /home/bettanin/ros2dev/install/cpp_srvcli/share/cpp_srvcli/environment/ament_prefix_path.dsv
[0.255s] -- Up-to-date: /home/bettanin/ros2dev/install/cpp_srvcli/share/cpp_srvcli/environment/path.sh
[0.255s] -- Up-to-date: /home/bettanin/ros2dev/install/cpp_srvcli/share/cpp_srvcli/environment/path.dsv
[0.255s] -- Up-to-date: /home/bettanin/ros2dev/install/cpp_srvcli/share/cpp_srvcli/local_setup.bash
[0.255s] -- Up-to-date: /home/bettanin/ros2dev/install/cpp_srvcli/share/cpp_srvcli/local_setup.sh
[0.255s] -- Up-to-date: /home/bettanin/ros2dev/install/cpp_srvcli/share/cpp_srvcli/local_setup.zsh
[0.256s] -- Up-to-date: /home/bettanin/ros2dev/install/cpp_srvcli/share/cpp_srvcli/local_setup.dsv
[0.256s] -- Installing: /home/bettanin/ros2dev/install/cpp_srvcli/share/cpp_srvcli/package.dsv
[0.256s] -- Up-to-date: /home/bettanin/ros2dev/install/cpp_srvcli/share/ament_index/resource_index/packages/cpp_srvcli
[0.256s] -- Up-to-date: /home/bettanin/ros2dev/install/cpp_srvcli/share/cpp_srvcli/cmake/cpp_srvcliConfig.cmake
[0.256s] -- Up-to-date: /home/bettanin/ros2dev/install/cpp_srvcli/share/cpp_srvcli/cmake/cpp_srvcliConfig-version.cmake
[0.256s] -- Up-to-date: /home/bettanin/ros2dev/install/cpp_srvcli/share/cpp_srvcli/package.xml
[0.263s] Invoked command in '/home/bettanin/ros2dev/build/cpp_srvcli' returned '0': CMAKE_PREFIX_PATH=${CMAKE_PREFIX_PATH}:/opt/ros/foxy /usr/bin/cmake --install /home/bettanin/ros2dev/build/cpp_srvcli
