[0.037s] Invoking command in '/home/bettanin/ros2dev/build/more_interfaces': CMAKE_PREFIX_PATH=${CMAKE_PREFIX_PATH}:/opt/ros/foxy /usr/bin/cmake /home/bettanin/ros2dev/src/more_interfaces -DCMAKE_INSTALL_PREFIX=/home/bettanin/ros2dev/install/more_interfaces
[0.077s] -- Found ament_cmake: 0.9.9 (/opt/ros/foxy/share/ament_cmake/cmake)
[0.123s] -- Found PythonInterp: /usr/bin/python3 (found suitable version "3.8.10", minimum required is "3") 
[0.124s] -- Using PYTHON_EXECUTABLE: /usr/bin/python3
[0.568s] -- Found rclcpp: 2.4.1 (/opt/ros/foxy/share/rclcpp/cmake)
[0.655s] -- Using all available rosidl_typesupport_c: rosidl_typesupport_fastrtps_c;rosidl_typesupport_introspection_c
[0.661s] -- Found rosidl_adapter: 1.2.1 (/opt/ros/foxy/share/rosidl_adapter/cmake)
[0.948s] -- Using all available rosidl_typesupport_cpp: rosidl_typesupport_fastrtps_cpp;rosidl_typesupport_introspection_cpp
[1.062s] -- Found rmw_implementation_cmake: 1.0.3 (/opt/ros/foxy/share/rmw_implementation_cmake/cmake)
[1.065s] -- Using RMW implementation 'rmw_fastrtps_cpp' as default
[1.402s] -- Found rosidl_default_generators: 1.0.1 (/opt/ros/foxy/share/rosidl_default_generators/cmake)
[1.476s] -- Found PythonInterp: /usr/bin/python3 (found version "3.8.10") 
[1.730s] -- Found ament_cmake_ros: 0.9.2 (/opt/ros/foxy/share/ament_cmake_ros/cmake)
[1.974s] -- Using all available rosidl_typesupport_c: rosidl_typesupport_fastrtps_c;rosidl_typesupport_introspection_c
[1.994s] -- Using all available rosidl_typesupport_cpp: rosidl_typesupport_fastrtps_cpp;rosidl_typesupport_introspection_cpp
[2.053s] -- Found PythonInterp: /usr/bin/python3 (found suitable version "3.8.10", minimum required is "3.5") 
[2.058s] -- Found python_cmake_module: 0.8.1 (/opt/ros/foxy/share/python_cmake_module/cmake)
[2.113s] -- Found PythonLibs: /usr/lib/x86_64-linux-gnu/libpython3.8.so (found suitable version "3.8.10", minimum required is "3.5") 
[2.113s] -- Using PYTHON_EXECUTABLE: /usr/bin/python3
[2.113s] -- Using PYTHON_INCLUDE_DIRS: /usr/include/python3.8
[2.113s] -- Using PYTHON_LIBRARIES: /usr/lib/x86_64-linux-gnu/libpython3.8.so
[2.163s] -- Found PythonExtra: .so  
[2.251s] -- Found ament_lint_auto: 0.9.6 (/opt/ros/foxy/share/ament_lint_auto/cmake)
[2.308s] -- Added test 'copyright' to check source files copyright and LICENSE
[2.311s] -- Added test 'cppcheck' to perform static code analysis on C / C++ code
[2.315s] -- Configured cppcheck include dirs: 
[2.315s] -- Configured cppcheck exclude dirs and/or files: 
[2.318s] -- Added test 'cpplint' to check C / C++ code against the Google style
[2.319s] -- Configured cpplint exclude dirs and/or files: 
[2.321s] -- Added test 'lint_cmake' to check CMake code style
[2.325s] -- Added test 'uncrustify' to check C / C++ code style
[2.326s] -- Configured uncrustify additional arguments: 
[2.327s] -- Added test 'xmllint' to check XML markup files
[2.344s] -- Configuring done
[2.430s] -- Generating done
[2.440s] -- Build files have been written to: /home/bettanin/ros2dev/build/more_interfaces
[2.453s] Invoked command in '/home/bettanin/ros2dev/build/more_interfaces' returned '0': CMAKE_PREFIX_PATH=${CMAKE_PREFIX_PATH}:/opt/ros/foxy /usr/bin/cmake /home/bettanin/ros2dev/src/more_interfaces -DCMAKE_INSTALL_PREFIX=/home/bettanin/ros2dev/install/more_interfaces
[2.459s] Invoking command in '/home/bettanin/ros2dev/build/more_interfaces': CMAKE_PREFIX_PATH=${CMAKE_PREFIX_PATH}:/opt/ros/foxy /usr/bin/cmake --build /home/bettanin/ros2dev/build/more_interfaces -- -j8 -l8
[2.548s] [  3%] [34m[1mGenerating C code for ROS interfaces[0m
[2.551s] [35m[1mScanning dependencies of target more_interfaces__cpp[0m
[2.571s] [  6%] [34m[1mGenerating C++ code for ROS interfaces[0m
[3.117s] [  6%] Built target more_interfaces__cpp
[3.152s] [  9%] [34m[1mGenerating C++ introspection for ROS interfaces[0m
[3.153s] [35m[1mScanning dependencies of target more_interfaces__rosidl_generator_c[0m
[3.158s] [ 15%] [34m[1mGenerating C++ type support dispatch for ROS interfaces[0m
[3.158s] [ 15%] [34m[1mGenerating C++ type support for eProsima Fast-RTPS[0m
[3.183s] [ 18%] [32mBuilding C object CMakeFiles/more_interfaces__rosidl_generator_c.dir/rosidl_generator_c/more_interfaces/msg/detail/address_book__functions.c.o[0m
[3.286s] [ 21%] [32m[1mLinking C shared library libmore_interfaces__rosidl_generator_c.so[0m
[3.373s] [ 21%] Built target more_interfaces__rosidl_generator_c
[3.394s] [ 24%] [34m[1mGenerating C type support dispatch for ROS interfaces[0m
[3.401s] [ 27%] [34m[1mGenerating C introspection for ROS interfaces[0m
[3.695s] [35m[1mScanning dependencies of target more_interfaces__rosidl_typesupport_cpp[0m
[3.708s] [35m[1mScanning dependencies of target more_interfaces__rosidl_typesupport_introspection_cpp[0m
[3.727s] [ 30%] [32mBuilding CXX object CMakeFiles/more_interfaces__rosidl_typesupport_cpp.dir/rosidl_typesupport_cpp/more_interfaces/msg/address_book__type_support.cpp.o[0m
[3.751s] [ 33%] [32mBuilding CXX object CMakeFiles/more_interfaces__rosidl_typesupport_introspection_cpp.dir/rosidl_typesupport_introspection_cpp/more_interfaces/msg/detail/address_book__type_support.cpp.o[0m
[3.805s] [35m[1mScanning dependencies of target more_interfaces__rosidl_typesupport_fastrtps_cpp[0m
[3.875s] [ 36%] [32mBuilding CXX object CMakeFiles/more_interfaces__rosidl_typesupport_fastrtps_cpp.dir/rosidl_typesupport_fastrtps_cpp/more_interfaces/msg/detail/dds_fastrtps/address_book__type_support.cpp.o[0m
[3.992s] [35m[1mScanning dependencies of target more_interfaces__rosidl_typesupport_introspection_c[0m
[4.015s] [35m[1mScanning dependencies of target more_interfaces__rosidl_typesupport_c[0m
[4.051s] [ 39%] [32mBuilding C object CMakeFiles/more_interfaces__rosidl_typesupport_introspection_c.dir/rosidl_typesupport_introspection_c/more_interfaces/msg/detail/address_book__type_support.c.o[0m
[4.055s] [ 42%] [32mBuilding CXX object CMakeFiles/more_interfaces__rosidl_typesupport_c.dir/rosidl_typesupport_c/more_interfaces/msg/address_book__type_support.cpp.o[0m
[4.128s] [ 45%] [32m[1mLinking C shared library libmore_interfaces__rosidl_typesupport_introspection_c.so[0m
[4.165s] [ 48%] [32m[1mLinking CXX shared library libmore_interfaces__rosidl_typesupport_c.so[0m
[4.232s] [ 48%] Built target more_interfaces__rosidl_typesupport_introspection_c
[4.270s] [ 48%] Built target more_interfaces__rosidl_typesupport_c
[4.487s] [ 51%] [32m[1mLinking CXX shared library libmore_interfaces__rosidl_typesupport_cpp.so[0m
[4.582s] [ 54%] [32m[1mLinking CXX shared library libmore_interfaces__rosidl_typesupport_introspection_cpp.so[0m
[4.582s] [ 54%] Built target more_interfaces__rosidl_typesupport_cpp
[4.712s] [ 54%] Built target more_interfaces__rosidl_typesupport_introspection_cpp
[4.935s] [ 57%] [32m[1mLinking CXX shared library libmore_interfaces__rosidl_typesupport_fastrtps_cpp.so[0m
[5.108s] [ 57%] Built target more_interfaces__rosidl_typesupport_fastrtps_cpp
[5.134s] [ 60%] [34m[1mGenerating C type support for eProsima Fast-RTPS[0m
[5.626s] [35m[1mScanning dependencies of target more_interfaces__rosidl_typesupport_fastrtps_c[0m
[5.660s] [ 63%] [32mBuilding CXX object CMakeFiles/more_interfaces__rosidl_typesupport_fastrtps_c.dir/rosidl_typesupport_fastrtps_c/more_interfaces/msg/detail/address_book__type_support_c.cpp.o[0m
[6.463s] [ 66%] [32m[1mLinking CXX shared library libmore_interfaces__rosidl_typesupport_fastrtps_c.so[0m
[6.635s] [ 66%] Built target more_interfaces__rosidl_typesupport_fastrtps_c
[6.664s] [35m[1mScanning dependencies of target more_interfaces[0m
[6.685s] [ 66%] Built target more_interfaces
[6.704s] [35m[1mScanning dependencies of target more_interfaces__py[0m
[6.705s] [35m[1mScanning dependencies of target publish_address_book[0m
[6.728s] [ 69%] [34m[1mGenerating Python code for ROS interfaces[0m
[6.799s] [ 72%] [32mBuilding CXX object CMakeFiles/publish_address_book.dir/src/publish_address_book.cpp.o[0m
[7.833s] [ 72%] Built target more_interfaces__py
[7.861s] [35m[1mScanning dependencies of target more_interfaces__python[0m
[7.919s] [ 75%] [32mBuilding C object CMakeFiles/more_interfaces__python.dir/rosidl_generator_py/more_interfaces/msg/_address_book_s.c.o[0m
[8.151s] [ 78%] [32m[1mLinking C shared library rosidl_generator_py/more_interfaces/libmore_interfaces__python.so[0m
[8.239s] [ 78%] Built target more_interfaces__python
[8.268s] [35m[1mScanning dependencies of target more_interfaces__rosidl_typesupport_c__pyext[0m
[8.271s] [35m[1mScanning dependencies of target more_interfaces__rosidl_typesupport_fastrtps_c__pyext[0m
[8.279s] [35m[1mScanning dependencies of target more_interfaces__rosidl_typesupport_introspection_c__pyext[0m
[8.312s] [ 81%] [32mBuilding C object CMakeFiles/more_interfaces__rosidl_typesupport_c__pyext.dir/rosidl_generator_py/more_interfaces/_more_interfaces_s.ep.rosidl_typesupport_c.c.o[0m
[8.322s] [ 84%] [32mBuilding C object CMakeFiles/more_interfaces__rosidl_typesupport_fastrtps_c__pyext.dir/rosidl_generator_py/more_interfaces/_more_interfaces_s.ep.rosidl_typesupport_fastrtps_c.c.o[0m
[8.326s] [ 87%] [32mBuilding C object CMakeFiles/more_interfaces__rosidl_typesupport_introspection_c__pyext.dir/rosidl_generator_py/more_interfaces/_more_interfaces_s.ep.rosidl_typesupport_introspection_c.c.o[0m
[8.539s] [ 90%] [32m[1mLinking CXX shared library rosidl_generator_py/more_interfaces/more_interfaces_s__rosidl_typesupport_fastrtps_c.cpython-38-x86_64-linux-gnu.so[0m
[8.569s] [ 93%] [32m[1mLinking C shared library rosidl_generator_py/more_interfaces/more_interfaces_s__rosidl_typesupport_c.cpython-38-x86_64-linux-gnu.so[0m
[8.604s] [ 96%] [32m[1mLinking C shared library rosidl_generator_py/more_interfaces/more_interfaces_s__rosidl_typesupport_introspection_c.cpython-38-x86_64-linux-gnu.so[0m
[8.678s] [ 96%] Built target more_interfaces__rosidl_typesupport_c__pyext
[8.706s] [ 96%] Built target more_interfaces__rosidl_typesupport_introspection_c__pyext
[8.712s] [ 96%] Built target more_interfaces__rosidl_typesupport_fastrtps_c__pyext
[12.897s] [100%] [32m[1mLinking CXX executable publish_address_book[0m
[13.234s] [100%] Built target publish_address_book
[13.267s] Invoked command in '/home/bettanin/ros2dev/build/more_interfaces' returned '0': CMAKE_PREFIX_PATH=${CMAKE_PREFIX_PATH}:/opt/ros/foxy /usr/bin/cmake --build /home/bettanin/ros2dev/build/more_interfaces -- -j8 -l8
[13.400s] Invoking command in '/home/bettanin/ros2dev/build/more_interfaces': CMAKE_PREFIX_PATH=${CMAKE_PREFIX_PATH}:/opt/ros/foxy /usr/bin/cmake --install /home/bettanin/ros2dev/build/more_interfaces
[13.416s] -- Install configuration: ""
[13.417s] -- Installing: /home/bettanin/ros2dev/install/more_interfaces/lib/more_interfaces/publish_address_book
[13.419s] -- Set runtime path of "/home/bettanin/ros2dev/install/more_interfaces/lib/more_interfaces/publish_address_book" to ""
[13.419s] -- Installing: /home/bettanin/ros2dev/install/more_interfaces/share/ament_index/resource_index/rosidl_interfaces/more_interfaces
[13.420s] -- Installing: /home/bettanin/ros2dev/install/more_interfaces/include/more_interfaces
[13.420s] -- Installing: /home/bettanin/ros2dev/install/more_interfaces/include/more_interfaces/msg
[13.420s] -- Installing: /home/bettanin/ros2dev/install/more_interfaces/include/more_interfaces/msg/rosidl_generator_c__visibility_control.h
[13.420s] -- Installing: /home/bettanin/ros2dev/install/more_interfaces/include/more_interfaces/msg/address_book.h
[13.420s] -- Installing: /home/bettanin/ros2dev/install/more_interfaces/include/more_interfaces/msg/detail
[13.421s] -- Installing: /home/bettanin/ros2dev/install/more_interfaces/include/more_interfaces/msg/detail/address_book__struct.h
[13.421s] -- Installing: /home/bettanin/ros2dev/install/more_interfaces/include/more_interfaces/msg/detail/address_book__functions.c
[13.421s] -- Installing: /home/bettanin/ros2dev/install/more_interfaces/include/more_interfaces/msg/detail/address_book__functions.h
[13.421s] -- Installing: /home/bettanin/ros2dev/install/more_interfaces/include/more_interfaces/msg/detail/address_book__type_support.h
[13.422s] -- Installing: /home/bettanin/ros2dev/install/more_interfaces/share/more_interfaces/environment/library_path.sh
[13.422s] -- Installing: /home/bettanin/ros2dev/install/more_interfaces/share/more_interfaces/environment/library_path.dsv
[13.423s] -- Installing: /home/bettanin/ros2dev/install/more_interfaces/lib/libmore_interfaces__rosidl_generator_c.so
[13.424s] -- Set runtime path of "/home/bettanin/ros2dev/install/more_interfaces/lib/libmore_interfaces__rosidl_generator_c.so" to ""
[13.424s] -- Up-to-date: /home/bettanin/ros2dev/install/more_interfaces/include/more_interfaces
[13.424s] -- Up-to-date: /home/bettanin/ros2dev/install/more_interfaces/include/more_interfaces/msg
[13.425s] -- Installing: /home/bettanin/ros2dev/install/more_interfaces/include/more_interfaces/msg/rosidl_typesupport_fastrtps_c__visibility_control.h
[13.425s] -- Up-to-date: /home/bettanin/ros2dev/install/more_interfaces/include/more_interfaces/msg/detail
[13.425s] -- Installing: /home/bettanin/ros2dev/install/more_interfaces/include/more_interfaces/msg/detail/address_book__rosidl_typesupport_fastrtps_c.h
[13.425s] -- Installing: /home/bettanin/ros2dev/install/more_interfaces/lib/libmore_interfaces__rosidl_typesupport_fastrtps_c.so
[13.426s] -- Set runtime path of "/home/bettanin/ros2dev/install/more_interfaces/lib/libmore_interfaces__rosidl_typesupport_fastrtps_c.so" to ""
[13.426s] -- Up-to-date: /home/bettanin/ros2dev/install/more_interfaces/include/more_interfaces
[13.426s] -- Up-to-date: /home/bettanin/ros2dev/install/more_interfaces/include/more_interfaces/msg
[13.427s] -- Installing: /home/bettanin/ros2dev/install/more_interfaces/include/more_interfaces/msg/rosidl_typesupport_fastrtps_cpp__visibility_control.h
[13.427s] -- Up-to-date: /home/bettanin/ros2dev/install/more_interfaces/include/more_interfaces/msg/detail
[13.427s] -- Installing: /home/bettanin/ros2dev/install/more_interfaces/include/more_interfaces/msg/detail/address_book__rosidl_typesupport_fastrtps_cpp.hpp
[13.427s] -- Installing: /home/bettanin/ros2dev/install/more_interfaces/include/more_interfaces/msg/detail/dds_fastrtps
[13.428s] -- Installing: /home/bettanin/ros2dev/install/more_interfaces/lib/libmore_interfaces__rosidl_typesupport_fastrtps_cpp.so
[13.429s] -- Set runtime path of "/home/bettanin/ros2dev/install/more_interfaces/lib/libmore_interfaces__rosidl_typesupport_fastrtps_cpp.so" to ""
[13.429s] -- Up-to-date: /home/bettanin/ros2dev/install/more_interfaces/include/more_interfaces
[13.429s] -- Up-to-date: /home/bettanin/ros2dev/install/more_interfaces/include/more_interfaces/msg
[13.429s] -- Up-to-date: /home/bettanin/ros2dev/install/more_interfaces/include/more_interfaces/msg/detail
[13.429s] -- Installing: /home/bettanin/ros2dev/install/more_interfaces/include/more_interfaces/msg/detail/address_book__type_support.c
[13.430s] -- Installing: /home/bettanin/ros2dev/install/more_interfaces/include/more_interfaces/msg/detail/address_book__rosidl_typesupport_introspection_c.h
[13.430s] -- Installing: /home/bettanin/ros2dev/install/more_interfaces/include/more_interfaces/msg/rosidl_typesupport_introspection_c__visibility_control.h
[13.430s] -- Installing: /home/bettanin/ros2dev/install/more_interfaces/lib/libmore_interfaces__rosidl_typesupport_introspection_c.so
[13.431s] -- Set runtime path of "/home/bettanin/ros2dev/install/more_interfaces/lib/libmore_interfaces__rosidl_typesupport_introspection_c.so" to ""
[13.432s] -- Installing: /home/bettanin/ros2dev/install/more_interfaces/lib/libmore_interfaces__rosidl_typesupport_c.so
[13.433s] -- Set runtime path of "/home/bettanin/ros2dev/install/more_interfaces/lib/libmore_interfaces__rosidl_typesupport_c.so" to ""
[13.433s] -- Up-to-date: /home/bettanin/ros2dev/install/more_interfaces/include/more_interfaces
[13.433s] -- Up-to-date: /home/bettanin/ros2dev/install/more_interfaces/include/more_interfaces/msg
[13.434s] -- Installing: /home/bettanin/ros2dev/install/more_interfaces/include/more_interfaces/msg/address_book.hpp
[13.434s] -- Up-to-date: /home/bettanin/ros2dev/install/more_interfaces/include/more_interfaces/msg/detail
[13.434s] -- Installing: /home/bettanin/ros2dev/install/more_interfaces/include/more_interfaces/msg/detail/address_book__builder.hpp
[13.434s] -- Installing: /home/bettanin/ros2dev/install/more_interfaces/include/more_interfaces/msg/detail/address_book__traits.hpp
[13.434s] -- Installing: /home/bettanin/ros2dev/install/more_interfaces/include/more_interfaces/msg/detail/address_book__struct.hpp
[13.434s] -- Up-to-date: /home/bettanin/ros2dev/install/more_interfaces/include/more_interfaces
[13.435s] -- Up-to-date: /home/bettanin/ros2dev/install/more_interfaces/include/more_interfaces/msg
[13.435s] -- Up-to-date: /home/bettanin/ros2dev/install/more_interfaces/include/more_interfaces/msg/detail
[13.435s] -- Installing: /home/bettanin/ros2dev/install/more_interfaces/include/more_interfaces/msg/detail/address_book__rosidl_typesupport_introspection_cpp.hpp
[13.435s] -- Installing: /home/bettanin/ros2dev/install/more_interfaces/include/more_interfaces/msg/detail/address_book__type_support.cpp
[13.435s] -- Installing: /home/bettanin/ros2dev/install/more_interfaces/lib/libmore_interfaces__rosidl_typesupport_introspection_cpp.so
[13.436s] -- Set runtime path of "/home/bettanin/ros2dev/install/more_interfaces/lib/libmore_interfaces__rosidl_typesupport_introspection_cpp.so" to ""
[13.437s] -- Installing: /home/bettanin/ros2dev/install/more_interfaces/lib/libmore_interfaces__rosidl_typesupport_cpp.so
[13.438s] -- Set runtime path of "/home/bettanin/ros2dev/install/more_interfaces/lib/libmore_interfaces__rosidl_typesupport_cpp.so" to ""
[13.438s] -- Installing: /home/bettanin/ros2dev/install/more_interfaces/share/more_interfaces/environment/pythonpath.sh
[13.438s] -- Installing: /home/bettanin/ros2dev/install/more_interfaces/share/more_interfaces/environment/pythonpath.dsv
[13.439s] -- Installing: /home/bettanin/ros2dev/install/more_interfaces/lib/python3.8/site-packages/more_interfaces/__init__.py
[13.508s] Compiling '/home/bettanin/ros2dev/install/more_interfaces/lib/python3.8/site-packages/more_interfaces/__init__.py'...
[13.516s] -- Installing: /home/bettanin/ros2dev/install/more_interfaces/lib/python3.8/site-packages/more_interfaces/msg
[13.516s] -- Installing: /home/bettanin/ros2dev/install/more_interfaces/lib/python3.8/site-packages/more_interfaces/msg/_address_book.py
[13.516s] -- Installing: /home/bettanin/ros2dev/install/more_interfaces/lib/python3.8/site-packages/more_interfaces/msg/_address_book_s.c
[13.516s] -- Installing: /home/bettanin/ros2dev/install/more_interfaces/lib/python3.8/site-packages/more_interfaces/msg/__init__.py
[13.517s] -- Installing: /home/bettanin/ros2dev/install/more_interfaces/lib/python3.8/site-packages/more_interfaces/more_interfaces_s__rosidl_typesupport_fastrtps_c.cpython-38-x86_64-linux-gnu.so
[13.519s] -- Set runtime path of "/home/bettanin/ros2dev/install/more_interfaces/lib/python3.8/site-packages/more_interfaces/more_interfaces_s__rosidl_typesupport_fastrtps_c.cpython-38-x86_64-linux-gnu.so" to ""
[13.519s] -- Installing: /home/bettanin/ros2dev/install/more_interfaces/lib/python3.8/site-packages/more_interfaces/more_interfaces_s__rosidl_typesupport_introspection_c.cpython-38-x86_64-linux-gnu.so
[13.521s] -- Set runtime path of "/home/bettanin/ros2dev/install/more_interfaces/lib/python3.8/site-packages/more_interfaces/more_interfaces_s__rosidl_typesupport_introspection_c.cpython-38-x86_64-linux-gnu.so" to ""
[13.521s] -- Installing: /home/bettanin/ros2dev/install/more_interfaces/lib/python3.8/site-packages/more_interfaces/more_interfaces_s__rosidl_typesupport_c.cpython-38-x86_64-linux-gnu.so
[13.522s] -- Set runtime path of "/home/bettanin/ros2dev/install/more_interfaces/lib/python3.8/site-packages/more_interfaces/more_interfaces_s__rosidl_typesupport_c.cpython-38-x86_64-linux-gnu.so" to ""
[13.523s] -- Installing: /home/bettanin/ros2dev/install/more_interfaces/lib/libmore_interfaces__python.so
[13.524s] -- Set runtime path of "/home/bettanin/ros2dev/install/more_interfaces/lib/libmore_interfaces__python.so" to ""
[13.524s] -- Installing: /home/bettanin/ros2dev/install/more_interfaces/share/more_interfaces/msg/AddressBook.idl
[13.525s] -- Installing: /home/bettanin/ros2dev/install/more_interfaces/share/more_interfaces/msg/AddressBook.msg
[13.525s] -- Installing: /home/bettanin/ros2dev/install/more_interfaces/share/ament_index/resource_index/package_run_dependencies/more_interfaces
[13.525s] -- Installing: /home/bettanin/ros2dev/install/more_interfaces/share/ament_index/resource_index/parent_prefix_path/more_interfaces
[13.526s] -- Installing: /home/bettanin/ros2dev/install/more_interfaces/share/more_interfaces/environment/ament_prefix_path.sh
[13.526s] -- Installing: /home/bettanin/ros2dev/install/more_interfaces/share/more_interfaces/environment/ament_prefix_path.dsv
[13.527s] -- Installing: /home/bettanin/ros2dev/install/more_interfaces/share/more_interfaces/environment/path.sh
[13.527s] -- Installing: /home/bettanin/ros2dev/install/more_interfaces/share/more_interfaces/environment/path.dsv
[13.527s] -- Installing: /home/bettanin/ros2dev/install/more_interfaces/share/more_interfaces/local_setup.bash
[13.528s] -- Installing: /home/bettanin/ros2dev/install/more_interfaces/share/more_interfaces/local_setup.sh
[13.528s] -- Installing: /home/bettanin/ros2dev/install/more_interfaces/share/more_interfaces/local_setup.zsh
[13.529s] -- Installing: /home/bettanin/ros2dev/install/more_interfaces/share/more_interfaces/local_setup.dsv
[13.529s] -- Installing: /home/bettanin/ros2dev/install/more_interfaces/share/more_interfaces/package.dsv
[13.530s] -- Installing: /home/bettanin/ros2dev/install/more_interfaces/share/ament_index/resource_index/packages/more_interfaces
[13.530s] -- Installing: /home/bettanin/ros2dev/install/more_interfaces/share/more_interfaces/cmake/more_interfaces__rosidl_generator_cExport.cmake
[13.531s] -- Installing: /home/bettanin/ros2dev/install/more_interfaces/share/more_interfaces/cmake/more_interfaces__rosidl_generator_cExport-noconfig.cmake
[13.531s] -- Installing: /home/bettanin/ros2dev/install/more_interfaces/share/more_interfaces/cmake/more_interfaces__rosidl_typesupport_introspection_cExport.cmake
[13.532s] -- Installing: /home/bettanin/ros2dev/install/more_interfaces/share/more_interfaces/cmake/more_interfaces__rosidl_typesupport_introspection_cExport-noconfig.cmake
[13.532s] -- Installing: /home/bettanin/ros2dev/install/more_interfaces/share/more_interfaces/cmake/more_interfaces__rosidl_typesupport_cExport.cmake
[13.533s] -- Installing: /home/bettanin/ros2dev/install/more_interfaces/share/more_interfaces/cmake/more_interfaces__rosidl_typesupport_cExport-noconfig.cmake
[13.533s] -- Installing: /home/bettanin/ros2dev/install/more_interfaces/share/more_interfaces/cmake/more_interfaces__rosidl_generator_cppExport.cmake
[13.534s] -- Installing: /home/bettanin/ros2dev/install/more_interfaces/share/more_interfaces/cmake/more_interfaces__rosidl_typesupport_introspection_cppExport.cmake
[13.534s] -- Installing: /home/bettanin/ros2dev/install/more_interfaces/share/more_interfaces/cmake/more_interfaces__rosidl_typesupport_introspection_cppExport-noconfig.cmake
[13.535s] -- Installing: /home/bettanin/ros2dev/install/more_interfaces/share/more_interfaces/cmake/more_interfaces__rosidl_typesupport_cppExport.cmake
[13.535s] -- Installing: /home/bettanin/ros2dev/install/more_interfaces/share/more_interfaces/cmake/more_interfaces__rosidl_typesupport_cppExport-noconfig.cmake
[13.536s] -- Installing: /home/bettanin/ros2dev/install/more_interfaces/share/more_interfaces/cmake/rosidl_cmake-extras.cmake
[13.536s] -- Installing: /home/bettanin/ros2dev/install/more_interfaces/share/more_interfaces/cmake/ament_cmake_export_dependencies-extras.cmake
[13.536s] -- Installing: /home/bettanin/ros2dev/install/more_interfaces/share/more_interfaces/cmake/ament_cmake_export_libraries-extras.cmake
[13.537s] -- Installing: /home/bettanin/ros2dev/install/more_interfaces/share/more_interfaces/cmake/ament_cmake_export_targets-extras.cmake
[13.537s] -- Installing: /home/bettanin/ros2dev/install/more_interfaces/share/more_interfaces/cmake/ament_cmake_export_include_directories-extras.cmake
[13.538s] -- Installing: /home/bettanin/ros2dev/install/more_interfaces/share/more_interfaces/cmake/rosidl_cmake_export_typesupport_libraries-extras.cmake
[13.538s] -- Installing: /home/bettanin/ros2dev/install/more_interfaces/share/more_interfaces/cmake/rosidl_cmake_export_typesupport_targets-extras.cmake
[13.538s] -- Installing: /home/bettanin/ros2dev/install/more_interfaces/share/more_interfaces/cmake/more_interfacesConfig.cmake
[13.539s] -- Installing: /home/bettanin/ros2dev/install/more_interfaces/share/more_interfaces/cmake/more_interfacesConfig-version.cmake
[13.539s] -- Installing: /home/bettanin/ros2dev/install/more_interfaces/share/more_interfaces/package.xml
[13.545s] Invoked command in '/home/bettanin/ros2dev/build/more_interfaces' returned '0': CMAKE_PREFIX_PATH=${CMAKE_PREFIX_PATH}:/opt/ros/foxy /usr/bin/cmake --install /home/bettanin/ros2dev/build/more_interfaces
