[0.034s] Invoking command in '/home/bettanin/ros2dev/build/more_interfaces': CMAKE_PREFIX_PATH=${CMAKE_PREFIX_PATH}:/opt/ros/foxy /usr/bin/cmake /home/bettanin/ros2dev/src/more_interfaces -DCMAKE_INSTALL_PREFIX=/home/bettanin/ros2dev/install/more_interfaces
[0.286s] -- The C compiler identification is GNU 9.4.0
[0.400s] -- The CXX compiler identification is GNU 9.4.0
[0.411s] -- Check for working C compiler: /usr/bin/cc
[0.557s] -- Check for working C compiler: /usr/bin/cc -- works
[0.560s] -- Detecting C compiler ABI info
[0.698s] -- Detecting C compiler ABI info - done
[0.726s] -- Detecting C compile features
[0.727s] -- Detecting C compile features - done
[0.732s] -- Check for working CXX compiler: /usr/bin/c++
[0.886s] -- Check for working CXX compiler: /usr/bin/c++ -- works
[0.888s] -- Detecting CXX compiler ABI info
[1.049s] -- Detecting CXX compiler ABI info - done
[1.071s] -- Detecting CXX compile features
[1.072s] -- Detecting CXX compile features - done
[1.078s] -- Found ament_cmake: 0.9.9 (/opt/ros/foxy/share/ament_cmake/cmake)
[1.135s] -- Found PythonInterp: /usr/bin/python3 (found suitable version "3.8.10", minimum required is "3") 
[1.135s] -- Using PYTHON_EXECUTABLE: /usr/bin/python3
[1.567s] -- Found rclcpp: 2.4.1 (/opt/ros/foxy/share/rclcpp/cmake)
[1.676s] -- Using all available rosidl_typesupport_c: rosidl_typesupport_fastrtps_c;rosidl_typesupport_introspection_c
[1.693s] -- Found rosidl_adapter: 1.2.1 (/opt/ros/foxy/share/rosidl_adapter/cmake)
[1.887s] -- Found OpenSSL: /usr/lib/x86_64-linux-gnu/libcrypto.so (found version "1.1.1f")  
[1.954s] -- Found FastRTPS: /opt/ros/foxy/include  
[2.133s] -- Using all available rosidl_typesupport_cpp: rosidl_typesupport_fastrtps_cpp;rosidl_typesupport_introspection_cpp
[2.269s] -- Found rmw_implementation_cmake: 1.0.3 (/opt/ros/foxy/share/rmw_implementation_cmake/cmake)
[2.272s] -- Using RMW implementation 'rmw_fastrtps_cpp' as default
[2.274s] -- Looking for pthread.h
[2.419s] -- Looking for pthread.h - found
[2.420s] -- Performing Test CMAKE_HAVE_LIBC_PTHREAD
[2.576s] -- Performing Test CMAKE_HAVE_LIBC_PTHREAD - Failed
[2.577s] -- Looking for pthread_create in pthreads
[2.700s] -- Looking for pthread_create in pthreads - not found
[2.700s] -- Looking for pthread_create in pthread
[2.849s] -- Looking for pthread_create in pthread - found
[2.852s] -- Found Threads: TRUE  
[3.194s] -- Found rosidl_default_generators: 1.0.1 (/opt/ros/foxy/share/rosidl_default_generators/cmake)
[3.268s] -- Found PythonInterp: /usr/bin/python3 (found version "3.8.10") 
[3.492s] CMake Error at /opt/ros/foxy/share/rosidl_cmake/cmake/rosidl_generate_interfaces.cmake:229 (message):
[3.493s]   Packages installing interfaces must include
[3.493s]   '<member_of_group>rosidl_interface_packages</member_of_group>' in their
[3.493s]   package.xml
[3.493s] Call Stack (most recent call first):
[3.494s]   CMakeLists.txt:42 (rosidl_generate_interfaces)
[3.494s] 
[3.494s] 
[3.497s] -- Configuring incomplete, errors occurred!
[3.498s] See also "/home/bettanin/ros2dev/build/more_interfaces/CMakeFiles/CMakeOutput.log".
[3.498s] See also "/home/bettanin/ros2dev/build/more_interfaces/CMakeFiles/CMakeError.log".
[3.519s] Invoked command in '/home/bettanin/ros2dev/build/more_interfaces' returned '1': CMAKE_PREFIX_PATH=${CMAKE_PREFIX_PATH}:/opt/ros/foxy /usr/bin/cmake /home/bettanin/ros2dev/src/more_interfaces -DCMAKE_INSTALL_PREFIX=/home/bettanin/ros2dev/install/more_interfaces
