[0.031s] Invoking command in '/home/bettanin/ros2dev/build/cpp_parameters': CMAKE_PREFIX_PATH=${CMAKE_PREFIX_PATH}:/opt/ros/foxy /usr/bin/cmake --build /home/bettanin/ros2dev/build/cpp_parameters -- -j8 -l8
[0.082s] -- Found ament_cmake: 0.9.9 (/opt/ros/foxy/share/ament_cmake/cmake)
[0.125s] -- Using PYTHON_EXECUTABLE: /usr/bin/python3
[0.519s] -- Found rclcpp: 2.4.1 (/opt/ros/foxy/share/rclcpp/cmake)
[0.617s] -- Using all available rosidl_typesupport_c: rosidl_typesupport_fastrtps_c;rosidl_typesupport_introspection_c
[0.626s] -- Found rosidl_adapter: 1.2.1 (/opt/ros/foxy/share/rosidl_adapter/cmake)
[0.932s] -- Using all available rosidl_typesupport_cpp: rosidl_typesupport_fastrtps_cpp;rosidl_typesupport_introspection_cpp
[1.029s] -- Found rmw_implementation_cmake: 1.0.3 (/opt/ros/foxy/share/rmw_implementation_cmake/cmake)
[1.033s] -- Using RMW implementation 'rmw_fastrtps_cpp' as default
[1.315s] CMake Error at CMakeLists.txt:30 (install):
[1.315s]   install TARGETS given target "DIRECTORY" which does not exist.
[1.315s] 
[1.315s] 
[1.316s] -- Found ament_lint_auto: 0.9.6 (/opt/ros/foxy/share/ament_lint_auto/cmake)
[1.434s] -- Added test 'copyright' to check source files copyright and LICENSE
[1.437s] -- Added test 'cppcheck' to perform static code analysis on C / C++ code
[1.437s] -- Configured cppcheck include dirs: 
[1.437s] -- Configured cppcheck exclude dirs and/or files: 
[1.438s] -- Added test 'cpplint' to check C / C++ code against the Google style
[1.439s] -- Configured cpplint exclude dirs and/or files: 
[1.439s] -- Added test 'flake8' to check Python code syntax and style conventions
[1.440s] -- Added test 'lint_cmake' to check CMake code style
[1.441s] -- Added test 'pep257' to check Python code against some of the style conventions in PEP 257
[1.442s] -- Added test 'uncrustify' to check C / C++ code style
[1.442s] -- Configured uncrustify additional arguments: 
[1.443s] -- Added test 'xmllint' to check XML markup files
[1.448s] -- Configuring incomplete, errors occurred!
[1.448s] See also "/home/bettanin/ros2dev/build/cpp_parameters/CMakeFiles/CMakeOutput.log".
[1.448s] See also "/home/bettanin/ros2dev/build/cpp_parameters/CMakeFiles/CMakeError.log".
[1.459s] make: *** [Makefile:266: cmake_check_build_system] Error 1
[1.462s] Invoked command in '/home/bettanin/ros2dev/build/cpp_parameters' returned '2': CMAKE_PREFIX_PATH=${CMAKE_PREFIX_PATH}:/opt/ros/foxy /usr/bin/cmake --build /home/bettanin/ros2dev/build/cpp_parameters -- -j8 -l8
