[0.068s] Invoking command in '/home/bettanin/ros2dev/build/cpp_srvcli': CMAKE_PREFIX_PATH=${CMAKE_PREFIX_PATH}:/opt/ros/foxy /usr/bin/cmake --build /home/bettanin/ros2dev/build/cpp_srvcli -- -j8 -l8
[0.222s] [ 50%] Built target client
[0.223s] [100%] Built target server
[0.254s] Invoked command in '/home/bettanin/ros2dev/build/cpp_srvcli' returned '0': CMAKE_PREFIX_PATH=${CMAKE_PREFIX_PATH}:/opt/ros/foxy /usr/bin/cmake --build /home/bettanin/ros2dev/build/cpp_srvcli -- -j8 -l8
[0.328s] Invoking command in '/home/bettanin/ros2dev/build/cpp_srvcli': CMAKE_PREFIX_PATH=${CMAKE_PREFIX_PATH}:/opt/ros/foxy /usr/bin/cmake --install /home/bettanin/ros2dev/build/cpp_srvcli
[0.345s] -- Install configuration: ""
[0.351s] -- Up-to-date: /home/bettanin/ros2dev/install/cpp_srvcli/lib/cpp_srvcli/server
[0.352s] -- Up-to-date: /home/bettanin/ros2dev/install/cpp_srvcli/lib/cpp_srvcli/client
[0.352s] -- Up-to-date: /home/bettanin/ros2dev/install/cpp_srvcli/share/ament_index/resource_index/package_run_dependencies/cpp_srvcli
[0.353s] -- Up-to-date: /home/bettanin/ros2dev/install/cpp_srvcli/share/ament_index/resource_index/parent_prefix_path/cpp_srvcli
[0.354s] -- Up-to-date: /home/bettanin/ros2dev/install/cpp_srvcli/share/cpp_srvcli/environment/ament_prefix_path.sh
[0.354s] -- Up-to-date: /home/bettanin/ros2dev/install/cpp_srvcli/share/cpp_srvcli/environment/ament_prefix_path.dsv
[0.356s] -- Up-to-date: /home/bettanin/ros2dev/install/cpp_srvcli/share/cpp_srvcli/environment/path.sh
[0.356s] -- Up-to-date: /home/bettanin/ros2dev/install/cpp_srvcli/share/cpp_srvcli/environment/path.dsv
[0.357s] -- Up-to-date: /home/bettanin/ros2dev/install/cpp_srvcli/share/cpp_srvcli/local_setup.bash
[0.357s] -- Up-to-date: /home/bettanin/ros2dev/install/cpp_srvcli/share/cpp_srvcli/local_setup.sh
[0.358s] -- Up-to-date: /home/bettanin/ros2dev/install/cpp_srvcli/share/cpp_srvcli/local_setup.zsh
[0.358s] -- Up-to-date: /home/bettanin/ros2dev/install/cpp_srvcli/share/cpp_srvcli/local_setup.dsv
[0.359s] -- Installing: /home/bettanin/ros2dev/install/cpp_srvcli/share/cpp_srvcli/package.dsv
[0.359s] -- Up-to-date: /home/bettanin/ros2dev/install/cpp_srvcli/share/ament_index/resource_index/packages/cpp_srvcli
[0.360s] -- Up-to-date: /home/bettanin/ros2dev/install/cpp_srvcli/share/cpp_srvcli/cmake/cpp_srvcliConfig.cmake
[0.360s] -- Up-to-date: /home/bettanin/ros2dev/install/cpp_srvcli/share/cpp_srvcli/cmake/cpp_srvcliConfig-version.cmake
[0.360s] -- Up-to-date: /home/bettanin/ros2dev/install/cpp_srvcli/share/cpp_srvcli/package.xml
[0.405s] Invoked command in '/home/bettanin/ros2dev/build/cpp_srvcli' returned '0': CMAKE_PREFIX_PATH=${CMAKE_PREFIX_PATH}:/opt/ros/foxy /usr/bin/cmake --install /home/bettanin/ros2dev/build/cpp_srvcli
