[0.028s] Invoking command in '/home/bettanin/ros2dev/build/cpp_pubsub': CMAKE_PREFIX_PATH=/home/bettanin/ros2dev/install/tutorial_interfaces:/home/bettanin/ros2dev/install/cpp_pubsub:/home/bettanin/ros2dev/install/my_package:/home/bettanin/ros2dev/install/more_interfaces:/home/bettanin/ros2dev/install/cpp_srvcli:/opt/ros/foxy /usr/bin/cmake --build /home/bettanin/ros2dev/build/cpp_pubsub -- -j8 -l8
[0.148s] [100%] Built target talker
[0.149s] [100%] Built target listener
[0.170s] Invoked command in '/home/bettanin/ros2dev/build/cpp_pubsub' returned '0': CMAKE_PREFIX_PATH=/home/bettanin/ros2dev/install/tutorial_interfaces:/home/bettanin/ros2dev/install/cpp_pubsub:/home/bettanin/ros2dev/install/my_package:/home/bettanin/ros2dev/install/more_interfaces:/home/bettanin/ros2dev/install/cpp_srvcli:/opt/ros/foxy /usr/bin/cmake --build /home/bettanin/ros2dev/build/cpp_pubsub -- -j8 -l8
[0.225s] Invoking command in '/home/bettanin/ros2dev/build/cpp_pubsub': CMAKE_PREFIX_PATH=/home/bettanin/ros2dev/install/tutorial_interfaces:/home/bettanin/ros2dev/install/cpp_pubsub:/home/bettanin/ros2dev/install/my_package:/home/bettanin/ros2dev/install/more_interfaces:/home/bettanin/ros2dev/install/cpp_srvcli:/opt/ros/foxy /usr/bin/cmake --install /home/bettanin/ros2dev/build/cpp_pubsub
[0.242s] -- Install configuration: ""
[0.243s] -- Up-to-date: /home/bettanin/ros2dev/install/cpp_pubsub/lib/cpp_pubsub/talker
[0.246s] -- Up-to-date: /home/bettanin/ros2dev/install/cpp_pubsub/lib/cpp_pubsub/listener
[0.246s] -- Up-to-date: /home/bettanin/ros2dev/install/cpp_pubsub/share/ament_index/resource_index/package_run_dependencies/cpp_pubsub
[0.247s] -- Up-to-date: /home/bettanin/ros2dev/install/cpp_pubsub/share/ament_index/resource_index/parent_prefix_path/cpp_pubsub
[0.247s] -- Up-to-date: /home/bettanin/ros2dev/install/cpp_pubsub/share/cpp_pubsub/environment/ament_prefix_path.sh
[0.247s] -- Up-to-date: /home/bettanin/ros2dev/install/cpp_pubsub/share/cpp_pubsub/environment/ament_prefix_path.dsv
[0.248s] -- Up-to-date: /home/bettanin/ros2dev/install/cpp_pubsub/share/cpp_pubsub/environment/path.sh
[0.248s] -- Up-to-date: /home/bettanin/ros2dev/install/cpp_pubsub/share/cpp_pubsub/environment/path.dsv
[0.248s] -- Up-to-date: /home/bettanin/ros2dev/install/cpp_pubsub/share/cpp_pubsub/local_setup.bash
[0.248s] -- Up-to-date: /home/bettanin/ros2dev/install/cpp_pubsub/share/cpp_pubsub/local_setup.sh
[0.248s] -- Up-to-date: /home/bettanin/ros2dev/install/cpp_pubsub/share/cpp_pubsub/local_setup.zsh
[0.248s] -- Up-to-date: /home/bettanin/ros2dev/install/cpp_pubsub/share/cpp_pubsub/local_setup.dsv
[0.248s] -- Installing: /home/bettanin/ros2dev/install/cpp_pubsub/share/cpp_pubsub/package.dsv
[0.249s] -- Up-to-date: /home/bettanin/ros2dev/install/cpp_pubsub/share/ament_index/resource_index/packages/cpp_pubsub
[0.249s] -- Up-to-date: /home/bettanin/ros2dev/install/cpp_pubsub/share/cpp_pubsub/cmake/cpp_pubsubConfig.cmake
[0.249s] -- Up-to-date: /home/bettanin/ros2dev/install/cpp_pubsub/share/cpp_pubsub/cmake/cpp_pubsubConfig-version.cmake
[0.249s] -- Up-to-date: /home/bettanin/ros2dev/install/cpp_pubsub/share/cpp_pubsub/package.xml
[0.259s] Invoked command in '/home/bettanin/ros2dev/build/cpp_pubsub' returned '0': CMAKE_PREFIX_PATH=/home/bettanin/ros2dev/install/tutorial_interfaces:/home/bettanin/ros2dev/install/cpp_pubsub:/home/bettanin/ros2dev/install/my_package:/home/bettanin/ros2dev/install/more_interfaces:/home/bettanin/ros2dev/install/cpp_srvcli:/opt/ros/foxy /usr/bin/cmake --install /home/bettanin/ros2dev/build/cpp_pubsub
