[0.024s] Invoking command in '/home/bettanin/ros2_ws/build/learning_tf2_cpp': CMAKE_PREFIX_PATH=${CMAKE_PREFIX_PATH}:/home/bettanin/ros2_ws/install/py_launch_example:/home/bettanin/ros2_ws/install/launch_tutorial /usr/bin/cmake --build /home/bettanin/ros2_ws/build/learning_tf2_cpp -- -j8 -l8
[0.079s] -- Found ament_cmake: 0.9.9 (/opt/ros/foxy/share/ament_cmake/cmake)
[0.123s] -- Using PYTHON_EXECUTABLE: /usr/bin/python3
[0.400s] Traceback (most recent call last):
[0.400s]   File "/opt/ros/foxy/share/ament_cmake_core/cmake/package_templates/templates_2_cmake.py", line 21, in <module>
[0.400s]     from ament_package.templates import get_environment_hook_template_path
[0.401s] ModuleNotFoundError: No module named 'ament_package'
[0.428s] CMake Error at /opt/ros/foxy/share/ament_cmake_core/cmake/ament_cmake_package_templates-extras.cmake:41 (message):
[0.428s]   execute_process(/usr/bin/python3
[0.428s]   /opt/ros/foxy/share/ament_cmake_core/cmake/package_templates/templates_2_cmake.py
[0.428s]   /home/bettanin/ros2_ws/build/learning_tf2_cpp/ament_cmake_package_templates/templates.cmake)
[0.429s]   returned error code 1
[0.429s] Call Stack (most recent call first):
[0.429s]   /opt/ros/foxy/share/ament_cmake_core/cmake/ament_cmake_coreConfig.cmake:41 (include)
[0.429s]   /opt/ros/foxy/share/ament_cmake/cmake/ament_cmake_export_dependencies-extras.cmake:15 (find_package)
[0.430s]   /opt/ros/foxy/share/ament_cmake/cmake/ament_cmakeConfig.cmake:41 (include)
[0.430s]   CMakeLists.txt:19 (find_package)
[0.430s] 
[0.430s] 
[0.431s] -- Configuring incomplete, errors occurred!
[0.431s] See also "/home/bettanin/ros2_ws/build/learning_tf2_cpp/CMakeFiles/CMakeOutput.log".
[0.431s] See also "/home/bettanin/ros2_ws/build/learning_tf2_cpp/CMakeFiles/CMakeError.log".
[0.432s] make: *** [Makefile:398: cmake_check_build_system] Error 1
[0.436s] Invoked command in '/home/bettanin/ros2_ws/build/learning_tf2_cpp' returned '2': CMAKE_PREFIX_PATH=${CMAKE_PREFIX_PATH}:/home/bettanin/ros2_ws/install/py_launch_example:/home/bettanin/ros2_ws/install/launch_tutorial /usr/bin/cmake --build /home/bettanin/ros2_ws/build/learning_tf2_cpp -- -j8 -l8
