[0.063s] Invoking command in '/home/bettanin/ros2dev/build/my_package': CMAKE_PREFIX_PATH=${CMAKE_PREFIX_PATH}:/opt/ros/foxy /usr/bin/cmake --build /home/bettanin/ros2dev/build/my_package -- -j8 -l8
[0.173s] [100%] Built target my_node
[0.218s] Invoked command in '/home/bettanin/ros2dev/build/my_package' returned '0': CMAKE_PREFIX_PATH=${CMAKE_PREFIX_PATH}:/opt/ros/foxy /usr/bin/cmake --build /home/bettanin/ros2dev/build/my_package -- -j8 -l8
[0.297s] Invoking command in '/home/bettanin/ros2dev/build/my_package': CMAKE_PREFIX_PATH=${CMAKE_PREFIX_PATH}:/opt/ros/foxy /usr/bin/cmake --install /home/bettanin/ros2dev/build/my_package
[0.318s] -- Install configuration: ""
[0.319s] -- Up-to-date: /home/bettanin/ros2dev/install/my_package/lib/my_package/my_node
[0.320s] -- Up-to-date: /home/bettanin/ros2dev/install/my_package/share/ament_index/resource_index/package_run_dependencies/my_package
[0.320s] -- Up-to-date: /home/bettanin/ros2dev/install/my_package/share/ament_index/resource_index/parent_prefix_path/my_package
[0.321s] -- Up-to-date: /home/bettanin/ros2dev/install/my_package/share/my_package/environment/ament_prefix_path.sh
[0.321s] -- Up-to-date: /home/bettanin/ros2dev/install/my_package/share/my_package/environment/ament_prefix_path.dsv
[0.321s] -- Up-to-date: /home/bettanin/ros2dev/install/my_package/share/my_package/environment/path.sh
[0.322s] -- Up-to-date: /home/bettanin/ros2dev/install/my_package/share/my_package/environment/path.dsv
[0.322s] -- Up-to-date: /home/bettanin/ros2dev/install/my_package/share/my_package/local_setup.bash
[0.322s] -- Up-to-date: /home/bettanin/ros2dev/install/my_package/share/my_package/local_setup.sh
[0.323s] -- Up-to-date: /home/bettanin/ros2dev/install/my_package/share/my_package/local_setup.zsh
[0.323s] -- Up-to-date: /home/bettanin/ros2dev/install/my_package/share/my_package/local_setup.dsv
[0.323s] -- Installing: /home/bettanin/ros2dev/install/my_package/share/my_package/package.dsv
[0.324s] -- Up-to-date: /home/bettanin/ros2dev/install/my_package/share/ament_index/resource_index/packages/my_package
[0.324s] -- Up-to-date: /home/bettanin/ros2dev/install/my_package/share/my_package/cmake/my_packageConfig.cmake
[0.324s] -- Up-to-date: /home/bettanin/ros2dev/install/my_package/share/my_package/cmake/my_packageConfig-version.cmake
[0.326s] -- Up-to-date: /home/bettanin/ros2dev/install/my_package/share/my_package/package.xml
[0.328s] Invoked command in '/home/bettanin/ros2dev/build/my_package' returned '0': CMAKE_PREFIX_PATH=${CMAKE_PREFIX_PATH}:/opt/ros/foxy /usr/bin/cmake --install /home/bettanin/ros2dev/build/my_package
