[0.043s] Invoking command in '/home/bettanin/ros2dev/build/my_package': CMAKE_PREFIX_PATH=${CMAKE_PREFIX_PATH}:/opt/ros/foxy /usr/bin/cmake --build /home/bettanin/ros2dev/build/my_package -- -j8 -l8
[0.085s] -- Found ament_cmake: 0.9.9 (/opt/ros/foxy/share/ament_cmake/cmake)
[0.128s] -- Using PYTHON_EXECUTABLE: /usr/bin/python3
[0.503s] -- Found ament_lint_auto: 0.9.6 (/opt/ros/foxy/share/ament_lint_auto/cmake)
[0.624s] -- Added test 'copyright' to check source files copyright and LICENSE
[0.626s] -- Added test 'cppcheck' to perform static code analysis on C / C++ code
[0.627s] -- Configured cppcheck include dirs: $<BUILD_INTERFACE:/home/bettanin/ros2dev/src/my_package/include>
[0.627s] -- Configured cppcheck exclude dirs and/or files: 
[0.629s] -- Added test 'cpplint' to check C / C++ code against the Google style
[0.629s] -- Configured cpplint exclude dirs and/or files: 
[0.630s] -- Added test 'lint_cmake' to check CMake code style
[0.632s] -- Added test 'uncrustify' to check C / C++ code style
[0.632s] -- Configured uncrustify additional arguments: 
[0.633s] -- Added test 'xmllint' to check XML markup files
[0.637s] -- Configuring done
[0.646s] -- Generating done
[0.650s] -- Build files have been written to: /home/bettanin/ros2dev/build/my_package
[0.706s] [100%] Built target my_node
[0.728s] Invoked command in '/home/bettanin/ros2dev/build/my_package' returned '0': CMAKE_PREFIX_PATH=${CMAKE_PREFIX_PATH}:/opt/ros/foxy /usr/bin/cmake --build /home/bettanin/ros2dev/build/my_package -- -j8 -l8
[0.793s] Invoking command in '/home/bettanin/ros2dev/build/my_package': CMAKE_PREFIX_PATH=${CMAKE_PREFIX_PATH}:/opt/ros/foxy /usr/bin/cmake --install /home/bettanin/ros2dev/build/my_package
[0.808s] -- Install configuration: ""
[0.809s] -- Up-to-date: /home/bettanin/ros2dev/install/my_package/lib/my_package/my_node
[0.809s] -- Up-to-date: /home/bettanin/ros2dev/install/my_package/share/ament_index/resource_index/package_run_dependencies/my_package
[0.810s] -- Installing: /home/bettanin/ros2dev/install/my_package/share/ament_index/resource_index/parent_prefix_path/my_package
[0.810s] -- Up-to-date: /home/bettanin/ros2dev/install/my_package/share/my_package/environment/ament_prefix_path.sh
[0.810s] -- Installing: /home/bettanin/ros2dev/install/my_package/share/my_package/environment/ament_prefix_path.dsv
[0.810s] -- Up-to-date: /home/bettanin/ros2dev/install/my_package/share/my_package/environment/path.sh
[0.810s] -- Installing: /home/bettanin/ros2dev/install/my_package/share/my_package/environment/path.dsv
[0.811s] -- Up-to-date: /home/bettanin/ros2dev/install/my_package/share/my_package/local_setup.bash
[0.811s] -- Up-to-date: /home/bettanin/ros2dev/install/my_package/share/my_package/local_setup.sh
[0.811s] -- Up-to-date: /home/bettanin/ros2dev/install/my_package/share/my_package/local_setup.zsh
[0.811s] -- Installing: /home/bettanin/ros2dev/install/my_package/share/my_package/local_setup.dsv
[0.811s] -- Installing: /home/bettanin/ros2dev/install/my_package/share/my_package/package.dsv
[0.812s] -- Up-to-date: /home/bettanin/ros2dev/install/my_package/share/ament_index/resource_index/packages/my_package
[0.812s] -- Up-to-date: /home/bettanin/ros2dev/install/my_package/share/my_package/cmake/my_packageConfig.cmake
[0.812s] -- Up-to-date: /home/bettanin/ros2dev/install/my_package/share/my_package/cmake/my_packageConfig-version.cmake
[0.812s] -- Installing: /home/bettanin/ros2dev/install/my_package/share/my_package/package.xml
[0.817s] Invoked command in '/home/bettanin/ros2dev/build/my_package' returned '0': CMAKE_PREFIX_PATH=${CMAKE_PREFIX_PATH}:/opt/ros/foxy /usr/bin/cmake --install /home/bettanin/ros2dev/build/my_package
