[0.038s] Invoking command in '/home/bettanin/ros2dev/build/action_tutorials_interfaces': CMAKE_PREFIX_PATH=${CMAKE_PREFIX_PATH}:/opt/ros/foxy /usr/bin/cmake /home/bettanin/ros2dev/src/action_tutorials_interfaces -DCMAKE_INSTALL_PREFIX=/home/bettanin/ros2dev/install/action_tutorials_interfaces
[0.193s] -- The C compiler identification is GNU 9.4.0
[0.350s] -- The CXX compiler identification is GNU 9.4.0
[0.364s] -- Check for working C compiler: /usr/bin/cc
[0.515s] -- Check for working C compiler: /usr/bin/cc -- works
[0.520s] -- Detecting C compiler ABI info
[0.674s] -- Detecting C compiler ABI info - done
[0.696s] -- Detecting C compile features
[0.697s] -- Detecting C compile features - done
[0.702s] -- Check for working CXX compiler: /usr/bin/c++
[0.882s] -- Check for working CXX compiler: /usr/bin/c++ -- works
[0.884s] -- Detecting CXX compiler ABI info
[1.065s] -- Detecting CXX compiler ABI info - done
[1.089s] -- Detecting CXX compile features
[1.090s] -- Detecting CXX compile features - done
[1.098s] -- Found ament_cmake: 0.9.9 (/opt/ros/foxy/share/ament_cmake/cmake)
[1.161s] -- Found PythonInterp: /usr/bin/python3 (found suitable version "3.8.10", minimum required is "3") 
[1.161s] -- Using PYTHON_EXECUTABLE: /usr/bin/python3
[1.656s] -- Found rosidl_default_generators: 1.0.1 (/opt/ros/foxy/share/rosidl_default_generators/cmake)
[1.665s] -- Using all available rosidl_typesupport_c: rosidl_typesupport_fastrtps_c;rosidl_typesupport_introspection_c
[1.682s] -- Found rosidl_adapter: 1.2.1 (/opt/ros/foxy/share/rosidl_adapter/cmake)
[1.949s] -- Found OpenSSL: /usr/lib/x86_64-linux-gnu/libcrypto.so (found version "1.1.1f")  
[2.018s] -- Found FastRTPS: /opt/ros/foxy/include  
[2.225s] -- Using all available rosidl_typesupport_cpp: rosidl_typesupport_fastrtps_cpp;rosidl_typesupport_introspection_cpp
[2.345s] -- Found PythonInterp: /usr/bin/python3 (found version "3.8.10") 
[2.795s] -- Found ament_cmake_ros: 0.9.2 (/opt/ros/foxy/share/ament_cmake_ros/cmake)
[3.121s] -- Using all available rosidl_typesupport_c: rosidl_typesupport_fastrtps_c;rosidl_typesupport_introspection_c
[3.181s] -- Using all available rosidl_typesupport_cpp: rosidl_typesupport_fastrtps_cpp;rosidl_typesupport_introspection_cpp
[3.242s] -- Found PythonInterp: /usr/bin/python3 (found suitable version "3.8.10", minimum required is "3.5") 
[3.247s] -- Found python_cmake_module: 0.8.1 (/opt/ros/foxy/share/python_cmake_module/cmake)
[3.301s] -- Found PythonLibs: /usr/lib/x86_64-linux-gnu/libpython3.8.so (found suitable version "3.8.10", minimum required is "3.5") 
[3.302s] -- Using PYTHON_EXECUTABLE: /usr/bin/python3
[3.302s] -- Using PYTHON_INCLUDE_DIRS: /usr/include/python3.8
[3.302s] -- Using PYTHON_LIBRARIES: /usr/lib/x86_64-linux-gnu/libpython3.8.so
[3.358s] -- Found PythonExtra: .so  
[3.476s] -- Found ament_lint_auto: 0.9.6 (/opt/ros/foxy/share/ament_lint_auto/cmake)
[3.547s] -- Added test 'copyright' to check source files copyright and LICENSE
[3.553s] -- Added test 'lint_cmake' to check CMake code style
[3.556s] -- Added test 'xmllint' to check XML markup files
[3.567s] -- Configuring done
[3.693s] -- Generating done
[3.699s] -- Build files have been written to: /home/bettanin/ros2dev/build/action_tutorials_interfaces
[3.721s] Invoked command in '/home/bettanin/ros2dev/build/action_tutorials_interfaces' returned '0': CMAKE_PREFIX_PATH=${CMAKE_PREFIX_PATH}:/opt/ros/foxy /usr/bin/cmake /home/bettanin/ros2dev/src/action_tutorials_interfaces -DCMAKE_INSTALL_PREFIX=/home/bettanin/ros2dev/install/action_tutorials_interfaces
[3.724s] Invoking command in '/home/bettanin/ros2dev/build/action_tutorials_interfaces': CMAKE_PREFIX_PATH=${CMAKE_PREFIX_PATH}:/opt/ros/foxy /usr/bin/cmake --build /home/bettanin/ros2dev/build/action_tutorials_interfaces -- -j8 -l8
[3.815s] [35m[1mScanning dependencies of target action_tutorials_interfaces__cpp[0m
[3.815s] [  3%] [34m[1mGenerating C code for ROS interfaces[0m
[3.849s] [  6%] [34m[1mGenerating C++ code for ROS interfaces[0m
[4.690s] [35m[1mScanning dependencies of target action_tutorials_interfaces__rosidl_generator_c[0m
[4.723s] [  9%] [32mBuilding C object CMakeFiles/action_tutorials_interfaces__rosidl_generator_c.dir/rosidl_generator_c/action_tutorials_interfaces/action/detail/fibonacci__functions.c.o[0m
[4.738s] [  9%] Built target action_tutorials_interfaces__cpp
[4.767s] [ 12%] [34m[1mGenerating C++ type support for eProsima Fast-RTPS[0m
[4.771s] [ 16%] [34m[1mGenerating C++ introspection for ROS interfaces[0m
[4.773s] [ 19%] [34m[1mGenerating C++ type support dispatch for ROS interfaces[0m
[4.983s] [ 22%] [32m[1mLinking C shared library libaction_tutorials_interfaces__rosidl_generator_c.so[0m
[5.106s] [ 22%] Built target action_tutorials_interfaces__rosidl_generator_c
[5.142s] [ 25%] [34m[1mGenerating C type support dispatch for ROS interfaces[0m
[5.155s] [ 29%] [34m[1mGenerating C introspection for ROS interfaces[0m
[5.703s] [35m[1mScanning dependencies of target action_tutorials_interfaces__rosidl_typesupport_cpp[0m
[5.772s] [ 32%] [32mBuilding CXX object CMakeFiles/action_tutorials_interfaces__rosidl_typesupport_cpp.dir/rosidl_typesupport_cpp/action_tutorials_interfaces/action/fibonacci__type_support.cpp.o[0m
[5.864s] [35m[1mScanning dependencies of target action_tutorials_interfaces__rosidl_typesupport_introspection_cpp[0m
[5.939s] [ 35%] [32mBuilding CXX object CMakeFiles/action_tutorials_interfaces__rosidl_typesupport_introspection_cpp.dir/rosidl_typesupport_introspection_cpp/action_tutorials_interfaces/action/detail/fibonacci__type_support.cpp.o[0m
[5.972s] [35m[1mScanning dependencies of target action_tutorials_interfaces__rosidl_typesupport_c[0m
[6.030s] [35m[1mScanning dependencies of target action_tutorials_interfaces__rosidl_typesupport_fastrtps_cpp[0m
[6.036s] [ 38%] [32mBuilding CXX object CMakeFiles/action_tutorials_interfaces__rosidl_typesupport_c.dir/rosidl_typesupport_c/action_tutorials_interfaces/action/fibonacci__type_support.cpp.o[0m
[6.103s] [ 41%] [32mBuilding CXX object CMakeFiles/action_tutorials_interfaces__rosidl_typesupport_fastrtps_cpp.dir/rosidl_typesupport_fastrtps_cpp/action_tutorials_interfaces/action/detail/dds_fastrtps/fibonacci__type_support.cpp.o[0m
[6.277s] [ 45%] [32m[1mLinking CXX shared library libaction_tutorials_interfaces__rosidl_typesupport_c.so[0m
[6.294s] [35m[1mScanning dependencies of target action_tutorials_interfaces__rosidl_typesupport_introspection_c[0m
[6.337s] [ 48%] [32mBuilding C object CMakeFiles/action_tutorials_interfaces__rosidl_typesupport_introspection_c.dir/rosidl_typesupport_introspection_c/action_tutorials_interfaces/action/detail/fibonacci__type_support.c.o[0m
[6.463s] [ 48%] Built target action_tutorials_interfaces__rosidl_typesupport_c
[6.511s] [ 51%] [32m[1mLinking C shared library libaction_tutorials_interfaces__rosidl_typesupport_introspection_c.so[0m
[6.610s] [ 51%] Built target action_tutorials_interfaces__rosidl_typesupport_introspection_c
[6.838s] [ 54%] [32m[1mLinking CXX shared library libaction_tutorials_interfaces__rosidl_typesupport_cpp.so[0m
[6.966s] [ 54%] Built target action_tutorials_interfaces__rosidl_typesupport_cpp
[7.100s] [ 58%] [32m[1mLinking CXX shared library libaction_tutorials_interfaces__rosidl_typesupport_introspection_cpp.so[0m
[7.271s] [ 58%] Built target action_tutorials_interfaces__rosidl_typesupport_introspection_cpp
[7.598s] [ 61%] [32m[1mLinking CXX shared library libaction_tutorials_interfaces__rosidl_typesupport_fastrtps_cpp.so[0m
[7.798s] [ 61%] Built target action_tutorials_interfaces__rosidl_typesupport_fastrtps_cpp
[7.820s] [ 64%] [34m[1mGenerating C type support for eProsima Fast-RTPS[0m
[8.590s] [35m[1mScanning dependencies of target action_tutorials_interfaces__rosidl_typesupport_fastrtps_c[0m
[8.636s] [ 67%] [32mBuilding CXX object CMakeFiles/action_tutorials_interfaces__rosidl_typesupport_fastrtps_c.dir/rosidl_typesupport_fastrtps_c/action_tutorials_interfaces/action/detail/fibonacci__type_support_c.cpp.o[0m
[9.502s] [ 70%] [32m[1mLinking CXX shared library libaction_tutorials_interfaces__rosidl_typesupport_fastrtps_c.so[0m
[9.705s] [ 70%] Built target action_tutorials_interfaces__rosidl_typesupport_fastrtps_c
[9.726s] [35m[1mScanning dependencies of target action_tutorials_interfaces[0m
[9.747s] [ 70%] Built target action_tutorials_interfaces
[9.768s] [35m[1mScanning dependencies of target action_tutorials_interfaces__py[0m
[9.797s] [ 74%] [34m[1mGenerating Python code for ROS interfaces[0m
[11.797s] [ 74%] Built target action_tutorials_interfaces__py
[11.825s] [35m[1mScanning dependencies of target action_tutorials_interfaces__python[0m
[11.864s] [ 77%] [32mBuilding C object CMakeFiles/action_tutorials_interfaces__python.dir/rosidl_generator_py/action_tutorials_interfaces/action/_fibonacci_s.c.o[0m
[12.205s] [ 80%] [32m[1mLinking C shared library rosidl_generator_py/action_tutorials_interfaces/libaction_tutorials_interfaces__python.so[0m
[12.311s] [ 80%] Built target action_tutorials_interfaces__python
[12.337s] [35m[1mScanning dependencies of target action_tutorials_interfaces__rosidl_typesupport_c__pyext[0m
[12.337s] [35m[1mScanning dependencies of target action_tutorials_interfaces__rosidl_typesupport_fastrtps_c__pyext[0m
[12.341s] [35m[1mScanning dependencies of target action_tutorials_interfaces__rosidl_typesupport_introspection_c__pyext[0m
[12.381s] [ 83%] [32mBuilding C object CMakeFiles/action_tutorials_interfaces__rosidl_typesupport_c__pyext.dir/rosidl_generator_py/action_tutorials_interfaces/_action_tutorials_interfaces_s.ep.rosidl_typesupport_c.c.o[0m
[12.382s] [ 87%] [32mBuilding C object CMakeFiles/action_tutorials_interfaces__rosidl_typesupport_fastrtps_c__pyext.dir/rosidl_generator_py/action_tutorials_interfaces/_action_tutorials_interfaces_s.ep.rosidl_typesupport_fastrtps_c.c.o[0m
[12.395s] [ 90%] [32mBuilding C object CMakeFiles/action_tutorials_interfaces__rosidl_typesupport_introspection_c__pyext.dir/rosidl_generator_py/action_tutorials_interfaces/_action_tutorials_interfaces_s.ep.rosidl_typesupport_introspection_c.c.o[0m
[12.654s] [ 93%] [32m[1mLinking CXX shared library rosidl_generator_py/action_tutorials_interfaces/action_tutorials_interfaces_s__rosidl_typesupport_fastrtps_c.cpython-38-x86_64-linux-gnu.so[0m
[12.706s] [ 96%] [32m[1mLinking C shared library rosidl_generator_py/action_tutorials_interfaces/action_tutorials_interfaces_s__rosidl_typesupport_c.cpython-38-x86_64-linux-gnu.so[0m
[12.737s] [100%] [32m[1mLinking C shared library rosidl_generator_py/action_tutorials_interfaces/action_tutorials_interfaces_s__rosidl_typesupport_introspection_c.cpython-38-x86_64-linux-gnu.so[0m
[12.817s] [100%] Built target action_tutorials_interfaces__rosidl_typesupport_c__pyext
[12.847s] [100%] Built target action_tutorials_interfaces__rosidl_typesupport_introspection_c__pyext
[12.848s] [100%] Built target action_tutorials_interfaces__rosidl_typesupport_fastrtps_c__pyext
[12.872s] Invoked command in '/home/bettanin/ros2dev/build/action_tutorials_interfaces' returned '0': CMAKE_PREFIX_PATH=${CMAKE_PREFIX_PATH}:/opt/ros/foxy /usr/bin/cmake --build /home/bettanin/ros2dev/build/action_tutorials_interfaces -- -j8 -l8
[13.021s] Invoking command in '/home/bettanin/ros2dev/build/action_tutorials_interfaces': CMAKE_PREFIX_PATH=${CMAKE_PREFIX_PATH}:/opt/ros/foxy /usr/bin/cmake --install /home/bettanin/ros2dev/build/action_tutorials_interfaces
[13.039s] -- Install configuration: ""
[13.039s] -- Installing: /home/bettanin/ros2dev/install/action_tutorials_interfaces/share/ament_index/resource_index/rosidl_interfaces/action_tutorials_interfaces
[13.040s] -- Installing: /home/bettanin/ros2dev/install/action_tutorials_interfaces/include/action_tutorials_interfaces
[13.040s] -- Installing: /home/bettanin/ros2dev/install/action_tutorials_interfaces/include/action_tutorials_interfaces/action
[13.040s] -- Installing: /home/bettanin/ros2dev/install/action_tutorials_interfaces/include/action_tutorials_interfaces/action/fibonacci.h
[13.041s] -- Installing: /home/bettanin/ros2dev/install/action_tutorials_interfaces/include/action_tutorials_interfaces/action/detail
[13.041s] -- Installing: /home/bettanin/ros2dev/install/action_tutorials_interfaces/include/action_tutorials_interfaces/action/detail/fibonacci__functions.c
[13.041s] -- Installing: /home/bettanin/ros2dev/install/action_tutorials_interfaces/include/action_tutorials_interfaces/action/detail/fibonacci__struct.h
[13.042s] -- Installing: /home/bettanin/ros2dev/install/action_tutorials_interfaces/include/action_tutorials_interfaces/action/detail/fibonacci__functions.h
[13.042s] -- Installing: /home/bettanin/ros2dev/install/action_tutorials_interfaces/include/action_tutorials_interfaces/action/detail/fibonacci__type_support.h
[13.042s] -- Installing: /home/bettanin/ros2dev/install/action_tutorials_interfaces/include/action_tutorials_interfaces/msg
[13.042s] -- Installing: /home/bettanin/ros2dev/install/action_tutorials_interfaces/include/action_tutorials_interfaces/msg/rosidl_generator_c__visibility_control.h
[13.043s] -- Installing: /home/bettanin/ros2dev/install/action_tutorials_interfaces/share/action_tutorials_interfaces/environment/library_path.sh
[13.043s] -- Installing: /home/bettanin/ros2dev/install/action_tutorials_interfaces/share/action_tutorials_interfaces/environment/library_path.dsv
[13.043s] -- Installing: /home/bettanin/ros2dev/install/action_tutorials_interfaces/lib/libaction_tutorials_interfaces__rosidl_generator_c.so
[13.045s] -- Set runtime path of "/home/bettanin/ros2dev/install/action_tutorials_interfaces/lib/libaction_tutorials_interfaces__rosidl_generator_c.so" to ""
[13.045s] -- Up-to-date: /home/bettanin/ros2dev/install/action_tutorials_interfaces/include/action_tutorials_interfaces
[13.045s] -- Up-to-date: /home/bettanin/ros2dev/install/action_tutorials_interfaces/include/action_tutorials_interfaces/action
[13.046s] -- Up-to-date: /home/bettanin/ros2dev/install/action_tutorials_interfaces/include/action_tutorials_interfaces/action/detail
[13.046s] -- Installing: /home/bettanin/ros2dev/install/action_tutorials_interfaces/include/action_tutorials_interfaces/action/detail/fibonacci__rosidl_typesupport_fastrtps_c.h
[13.046s] -- Up-to-date: /home/bettanin/ros2dev/install/action_tutorials_interfaces/include/action_tutorials_interfaces/msg
[13.046s] -- Installing: /home/bettanin/ros2dev/install/action_tutorials_interfaces/include/action_tutorials_interfaces/msg/rosidl_typesupport_fastrtps_c__visibility_control.h
[13.047s] -- Installing: /home/bettanin/ros2dev/install/action_tutorials_interfaces/lib/libaction_tutorials_interfaces__rosidl_typesupport_fastrtps_c.so
[13.047s] -- Set runtime path of "/home/bettanin/ros2dev/install/action_tutorials_interfaces/lib/libaction_tutorials_interfaces__rosidl_typesupport_fastrtps_c.so" to ""
[13.048s] -- Up-to-date: /home/bettanin/ros2dev/install/action_tutorials_interfaces/include/action_tutorials_interfaces
[13.048s] -- Up-to-date: /home/bettanin/ros2dev/install/action_tutorials_interfaces/include/action_tutorials_interfaces/action
[13.048s] -- Up-to-date: /home/bettanin/ros2dev/install/action_tutorials_interfaces/include/action_tutorials_interfaces/action/detail
[13.049s] -- Installing: /home/bettanin/ros2dev/install/action_tutorials_interfaces/include/action_tutorials_interfaces/action/detail/dds_fastrtps
[13.049s] -- Installing: /home/bettanin/ros2dev/install/action_tutorials_interfaces/include/action_tutorials_interfaces/action/detail/fibonacci__rosidl_typesupport_fastrtps_cpp.hpp
[13.049s] -- Up-to-date: /home/bettanin/ros2dev/install/action_tutorials_interfaces/include/action_tutorials_interfaces/msg
[13.049s] -- Installing: /home/bettanin/ros2dev/install/action_tutorials_interfaces/include/action_tutorials_interfaces/msg/rosidl_typesupport_fastrtps_cpp__visibility_control.h
[13.050s] -- Installing: /home/bettanin/ros2dev/install/action_tutorials_interfaces/lib/libaction_tutorials_interfaces__rosidl_typesupport_fastrtps_cpp.so
[13.051s] -- Set runtime path of "/home/bettanin/ros2dev/install/action_tutorials_interfaces/lib/libaction_tutorials_interfaces__rosidl_typesupport_fastrtps_cpp.so" to ""
[13.051s] -- Up-to-date: /home/bettanin/ros2dev/install/action_tutorials_interfaces/include/action_tutorials_interfaces
[13.051s] -- Up-to-date: /home/bettanin/ros2dev/install/action_tutorials_interfaces/include/action_tutorials_interfaces/action
[13.052s] -- Up-to-date: /home/bettanin/ros2dev/install/action_tutorials_interfaces/include/action_tutorials_interfaces/action/detail
[13.052s] -- Installing: /home/bettanin/ros2dev/install/action_tutorials_interfaces/include/action_tutorials_interfaces/action/detail/fibonacci__rosidl_typesupport_introspection_c.h
[13.052s] -- Installing: /home/bettanin/ros2dev/install/action_tutorials_interfaces/include/action_tutorials_interfaces/action/detail/fibonacci__type_support.c
[13.053s] -- Up-to-date: /home/bettanin/ros2dev/install/action_tutorials_interfaces/include/action_tutorials_interfaces/msg
[13.053s] -- Installing: /home/bettanin/ros2dev/install/action_tutorials_interfaces/include/action_tutorials_interfaces/msg/rosidl_typesupport_introspection_c__visibility_control.h
[13.053s] -- Installing: /home/bettanin/ros2dev/install/action_tutorials_interfaces/lib/libaction_tutorials_interfaces__rosidl_typesupport_introspection_c.so
[13.054s] -- Set runtime path of "/home/bettanin/ros2dev/install/action_tutorials_interfaces/lib/libaction_tutorials_interfaces__rosidl_typesupport_introspection_c.so" to ""
[13.055s] -- Installing: /home/bettanin/ros2dev/install/action_tutorials_interfaces/lib/libaction_tutorials_interfaces__rosidl_typesupport_c.so
[13.057s] -- Set runtime path of "/home/bettanin/ros2dev/install/action_tutorials_interfaces/lib/libaction_tutorials_interfaces__rosidl_typesupport_c.so" to ""
[13.058s] -- Up-to-date: /home/bettanin/ros2dev/install/action_tutorials_interfaces/include/action_tutorials_interfaces
[13.058s] -- Up-to-date: /home/bettanin/ros2dev/install/action_tutorials_interfaces/include/action_tutorials_interfaces/action
[13.059s] -- Installing: /home/bettanin/ros2dev/install/action_tutorials_interfaces/include/action_tutorials_interfaces/action/fibonacci.hpp
[13.059s] -- Up-to-date: /home/bettanin/ros2dev/install/action_tutorials_interfaces/include/action_tutorials_interfaces/action/detail
[13.059s] -- Installing: /home/bettanin/ros2dev/install/action_tutorials_interfaces/include/action_tutorials_interfaces/action/detail/fibonacci__builder.hpp
[13.060s] -- Installing: /home/bettanin/ros2dev/install/action_tutorials_interfaces/include/action_tutorials_interfaces/action/detail/fibonacci__struct.hpp
[13.061s] -- Installing: /home/bettanin/ros2dev/install/action_tutorials_interfaces/include/action_tutorials_interfaces/action/detail/fibonacci__traits.hpp
[13.061s] -- Up-to-date: /home/bettanin/ros2dev/install/action_tutorials_interfaces/include/action_tutorials_interfaces
[13.062s] -- Up-to-date: /home/bettanin/ros2dev/install/action_tutorials_interfaces/include/action_tutorials_interfaces/action
[13.062s] -- Up-to-date: /home/bettanin/ros2dev/install/action_tutorials_interfaces/include/action_tutorials_interfaces/action/detail
[13.062s] -- Installing: /home/bettanin/ros2dev/install/action_tutorials_interfaces/include/action_tutorials_interfaces/action/detail/fibonacci__rosidl_typesupport_introspection_cpp.hpp
[13.063s] -- Installing: /home/bettanin/ros2dev/install/action_tutorials_interfaces/include/action_tutorials_interfaces/action/detail/fibonacci__type_support.cpp
[13.063s] -- Installing: /home/bettanin/ros2dev/install/action_tutorials_interfaces/lib/libaction_tutorials_interfaces__rosidl_typesupport_introspection_cpp.so
[13.064s] -- Set runtime path of "/home/bettanin/ros2dev/install/action_tutorials_interfaces/lib/libaction_tutorials_interfaces__rosidl_typesupport_introspection_cpp.so" to ""
[13.064s] -- Installing: /home/bettanin/ros2dev/install/action_tutorials_interfaces/lib/libaction_tutorials_interfaces__rosidl_typesupport_cpp.so
[13.065s] -- Set runtime path of "/home/bettanin/ros2dev/install/action_tutorials_interfaces/lib/libaction_tutorials_interfaces__rosidl_typesupport_cpp.so" to ""
[13.065s] -- Installing: /home/bettanin/ros2dev/install/action_tutorials_interfaces/share/action_tutorials_interfaces/environment/pythonpath.sh
[13.066s] -- Installing: /home/bettanin/ros2dev/install/action_tutorials_interfaces/share/action_tutorials_interfaces/environment/pythonpath.dsv
[13.066s] -- Installing: /home/bettanin/ros2dev/install/action_tutorials_interfaces/lib/python3.8/site-packages/action_tutorials_interfaces/__init__.py
[13.141s] Compiling '/home/bettanin/ros2dev/install/action_tutorials_interfaces/lib/python3.8/site-packages/action_tutorials_interfaces/__init__.py'...
[13.154s] -- Installing: /home/bettanin/ros2dev/install/action_tutorials_interfaces/lib/python3.8/site-packages/action_tutorials_interfaces/action
[13.154s] -- Installing: /home/bettanin/ros2dev/install/action_tutorials_interfaces/lib/python3.8/site-packages/action_tutorials_interfaces/action/_fibonacci.py
[13.155s] -- Installing: /home/bettanin/ros2dev/install/action_tutorials_interfaces/lib/python3.8/site-packages/action_tutorials_interfaces/action/_fibonacci_s.c
[13.155s] -- Installing: /home/bettanin/ros2dev/install/action_tutorials_interfaces/lib/python3.8/site-packages/action_tutorials_interfaces/action/__init__.py
[13.156s] -- Installing: /home/bettanin/ros2dev/install/action_tutorials_interfaces/lib/python3.8/site-packages/action_tutorials_interfaces/action_tutorials_interfaces_s__rosidl_typesupport_fastrtps_c.cpython-38-x86_64-linux-gnu.so
[13.158s] -- Set runtime path of "/home/bettanin/ros2dev/install/action_tutorials_interfaces/lib/python3.8/site-packages/action_tutorials_interfaces/action_tutorials_interfaces_s__rosidl_typesupport_fastrtps_c.cpython-38-x86_64-linux-gnu.so" to ""
[13.159s] -- Installing: /home/bettanin/ros2dev/install/action_tutorials_interfaces/lib/python3.8/site-packages/action_tutorials_interfaces/action_tutorials_interfaces_s__rosidl_typesupport_introspection_c.cpython-38-x86_64-linux-gnu.so
[13.161s] -- Set runtime path of "/home/bettanin/ros2dev/install/action_tutorials_interfaces/lib/python3.8/site-packages/action_tutorials_interfaces/action_tutorials_interfaces_s__rosidl_typesupport_introspection_c.cpython-38-x86_64-linux-gnu.so" to ""
[13.161s] -- Installing: /home/bettanin/ros2dev/install/action_tutorials_interfaces/lib/python3.8/site-packages/action_tutorials_interfaces/action_tutorials_interfaces_s__rosidl_typesupport_c.cpython-38-x86_64-linux-gnu.so
[13.163s] -- Set runtime path of "/home/bettanin/ros2dev/install/action_tutorials_interfaces/lib/python3.8/site-packages/action_tutorials_interfaces/action_tutorials_interfaces_s__rosidl_typesupport_c.cpython-38-x86_64-linux-gnu.so" to ""
[13.164s] -- Installing: /home/bettanin/ros2dev/install/action_tutorials_interfaces/lib/libaction_tutorials_interfaces__python.so
[13.165s] -- Set runtime path of "/home/bettanin/ros2dev/install/action_tutorials_interfaces/lib/libaction_tutorials_interfaces__python.so" to ""
[13.165s] -- Installing: /home/bettanin/ros2dev/install/action_tutorials_interfaces/share/action_tutorials_interfaces/action/Fibonacci.idl
[13.166s] -- Installing: /home/bettanin/ros2dev/install/action_tutorials_interfaces/share/action_tutorials_interfaces/action/Fibonacci.action
[13.166s] -- Installing: /home/bettanin/ros2dev/install/action_tutorials_interfaces/share/ament_index/resource_index/package_run_dependencies/action_tutorials_interfaces
[13.167s] -- Installing: /home/bettanin/ros2dev/install/action_tutorials_interfaces/share/ament_index/resource_index/parent_prefix_path/action_tutorials_interfaces
[13.168s] -- Installing: /home/bettanin/ros2dev/install/action_tutorials_interfaces/share/action_tutorials_interfaces/environment/ament_prefix_path.sh
[13.168s] -- Installing: /home/bettanin/ros2dev/install/action_tutorials_interfaces/share/action_tutorials_interfaces/environment/ament_prefix_path.dsv
[13.168s] -- Installing: /home/bettanin/ros2dev/install/action_tutorials_interfaces/share/action_tutorials_interfaces/environment/path.sh
[13.169s] -- Installing: /home/bettanin/ros2dev/install/action_tutorials_interfaces/share/action_tutorials_interfaces/environment/path.dsv
[13.169s] -- Installing: /home/bettanin/ros2dev/install/action_tutorials_interfaces/share/action_tutorials_interfaces/local_setup.bash
[13.170s] -- Installing: /home/bettanin/ros2dev/install/action_tutorials_interfaces/share/action_tutorials_interfaces/local_setup.sh
[13.170s] -- Installing: /home/bettanin/ros2dev/install/action_tutorials_interfaces/share/action_tutorials_interfaces/local_setup.zsh
[13.171s] -- Installing: /home/bettanin/ros2dev/install/action_tutorials_interfaces/share/action_tutorials_interfaces/local_setup.dsv
[13.171s] -- Installing: /home/bettanin/ros2dev/install/action_tutorials_interfaces/share/action_tutorials_interfaces/package.dsv
[13.172s] -- Installing: /home/bettanin/ros2dev/install/action_tutorials_interfaces/share/ament_index/resource_index/packages/action_tutorials_interfaces
[13.173s] -- Installing: /home/bettanin/ros2dev/install/action_tutorials_interfaces/share/action_tutorials_interfaces/cmake/action_tutorials_interfaces__rosidl_generator_cExport.cmake
[13.173s] -- Installing: /home/bettanin/ros2dev/install/action_tutorials_interfaces/share/action_tutorials_interfaces/cmake/action_tutorials_interfaces__rosidl_generator_cExport-noconfig.cmake
[13.174s] -- Installing: /home/bettanin/ros2dev/install/action_tutorials_interfaces/share/action_tutorials_interfaces/cmake/action_tutorials_interfaces__rosidl_typesupport_introspection_cExport.cmake
[13.174s] -- Installing: /home/bettanin/ros2dev/install/action_tutorials_interfaces/share/action_tutorials_interfaces/cmake/action_tutorials_interfaces__rosidl_typesupport_introspection_cExport-noconfig.cmake
[13.175s] -- Installing: /home/bettanin/ros2dev/install/action_tutorials_interfaces/share/action_tutorials_interfaces/cmake/action_tutorials_interfaces__rosidl_typesupport_cExport.cmake
[13.176s] -- Installing: /home/bettanin/ros2dev/install/action_tutorials_interfaces/share/action_tutorials_interfaces/cmake/action_tutorials_interfaces__rosidl_typesupport_cExport-noconfig.cmake
[13.176s] -- Installing: /home/bettanin/ros2dev/install/action_tutorials_interfaces/share/action_tutorials_interfaces/cmake/action_tutorials_interfaces__rosidl_generator_cppExport.cmake
[13.177s] -- Installing: /home/bettanin/ros2dev/install/action_tutorials_interfaces/share/action_tutorials_interfaces/cmake/action_tutorials_interfaces__rosidl_typesupport_introspection_cppExport.cmake
[13.177s] -- Installing: /home/bettanin/ros2dev/install/action_tutorials_interfaces/share/action_tutorials_interfaces/cmake/action_tutorials_interfaces__rosidl_typesupport_introspection_cppExport-noconfig.cmake
[13.178s] -- Installing: /home/bettanin/ros2dev/install/action_tutorials_interfaces/share/action_tutorials_interfaces/cmake/action_tutorials_interfaces__rosidl_typesupport_cppExport.cmake
[13.179s] -- Installing: /home/bettanin/ros2dev/install/action_tutorials_interfaces/share/action_tutorials_interfaces/cmake/action_tutorials_interfaces__rosidl_typesupport_cppExport-noconfig.cmake
[13.179s] -- Installing: /home/bettanin/ros2dev/install/action_tutorials_interfaces/share/action_tutorials_interfaces/cmake/rosidl_cmake-extras.cmake
[13.180s] -- Installing: /home/bettanin/ros2dev/install/action_tutorials_interfaces/share/action_tutorials_interfaces/cmake/ament_cmake_export_dependencies-extras.cmake
[13.180s] -- Installing: /home/bettanin/ros2dev/install/action_tutorials_interfaces/share/action_tutorials_interfaces/cmake/ament_cmake_export_libraries-extras.cmake
[13.181s] -- Installing: /home/bettanin/ros2dev/install/action_tutorials_interfaces/share/action_tutorials_interfaces/cmake/ament_cmake_export_targets-extras.cmake
[13.181s] -- Installing: /home/bettanin/ros2dev/install/action_tutorials_interfaces/share/action_tutorials_interfaces/cmake/ament_cmake_export_include_directories-extras.cmake
[13.181s] -- Installing: /home/bettanin/ros2dev/install/action_tutorials_interfaces/share/action_tutorials_interfaces/cmake/rosidl_cmake_export_typesupport_libraries-extras.cmake
[13.182s] -- Installing: /home/bettanin/ros2dev/install/action_tutorials_interfaces/share/action_tutorials_interfaces/cmake/rosidl_cmake_export_typesupport_targets-extras.cmake
[13.182s] -- Installing: /home/bettanin/ros2dev/install/action_tutorials_interfaces/share/action_tutorials_interfaces/cmake/action_tutorials_interfacesConfig.cmake
[13.183s] -- Installing: /home/bettanin/ros2dev/install/action_tutorials_interfaces/share/action_tutorials_interfaces/cmake/action_tutorials_interfacesConfig-version.cmake
[13.183s] -- Installing: /home/bettanin/ros2dev/install/action_tutorials_interfaces/share/action_tutorials_interfaces/package.xml
[13.190s] Invoked command in '/home/bettanin/ros2dev/build/action_tutorials_interfaces' returned '0': CMAKE_PREFIX_PATH=${CMAKE_PREFIX_PATH}:/opt/ros/foxy /usr/bin/cmake --install /home/bettanin/ros2dev/build/action_tutorials_interfaces
