[0.043s] Invoking command in '/home/bettanin/ros2dev/build/cpp_pubsub': CMAKE_PREFIX_PATH=${CMAKE_PREFIX_PATH}:/opt/ros/foxy /usr/bin/cmake /home/bettanin/ros2dev/src/cpp_pubsub -DCMAKE_INSTALL_PREFIX=/home/bettanin/ros2dev/install/cpp_pubsub
[0.149s] -- The C compiler identification is GNU 9.4.0
[0.253s] -- The CXX compiler identification is GNU 9.4.0
[0.261s] -- Check for working C compiler: /usr/bin/cc
[0.391s] -- Check for working C compiler: /usr/bin/cc -- works
[0.394s] -- Detecting C compiler ABI info
[0.533s] -- Detecting C compiler ABI info - done
[0.560s] -- Detecting C compile features
[0.561s] -- Detecting C compile features - done
[0.568s] -- Check for working CXX compiler: /usr/bin/c++
[0.720s] -- Check for working CXX compiler: /usr/bin/c++ -- works
[0.722s] -- Detecting CXX compiler ABI info
[0.876s] -- Detecting CXX compiler ABI info - done
[0.898s] -- Detecting CXX compile features
[0.899s] -- Detecting CXX compile features - done
[0.913s] -- Found ament_cmake: 0.9.9 (/opt/ros/foxy/share/ament_cmake/cmake)
[0.952s] -- Found PythonInterp: /usr/bin/python3 (found suitable version "3.8.10", minimum required is "3") 
[0.952s] -- Using PYTHON_EXECUTABLE: /usr/bin/python3
[1.356s] -- Found rclcpp: 2.4.1 (/opt/ros/foxy/share/rclcpp/cmake)
[1.450s] -- Using all available rosidl_typesupport_c: rosidl_typesupport_fastrtps_c;rosidl_typesupport_introspection_c
[1.466s] -- Found rosidl_adapter: 1.2.1 (/opt/ros/foxy/share/rosidl_adapter/cmake)
[1.628s] -- Found OpenSSL: /usr/lib/x86_64-linux-gnu/libcrypto.so (found version "1.1.1f")  
[1.688s] -- Found FastRTPS: /opt/ros/foxy/include  
[1.847s] -- Using all available rosidl_typesupport_cpp: rosidl_typesupport_fastrtps_cpp;rosidl_typesupport_introspection_cpp
[1.963s] -- Found rmw_implementation_cmake: 1.0.3 (/opt/ros/foxy/share/rmw_implementation_cmake/cmake)
[1.965s] -- Using RMW implementation 'rmw_fastrtps_cpp' as default
[1.967s] -- Looking for pthread.h
[2.103s] -- Looking for pthread.h - found
[2.103s] -- Performing Test CMAKE_HAVE_LIBC_PTHREAD
[2.240s] -- Performing Test CMAKE_HAVE_LIBC_PTHREAD - Failed
[2.241s] -- Looking for pthread_create in pthreads
[2.357s] -- Looking for pthread_create in pthreads - not found
[2.357s] -- Looking for pthread_create in pthread
[2.493s] -- Looking for pthread_create in pthread - found
[2.496s] -- Found Threads: TRUE  
[2.802s] CMake Error at CMakeLists.txt:23 (install):
[2.802s]   install TARGETS given target "target" which does not exist.
[2.803s] 
[2.803s] 
[2.805s] -- Found ament_lint_auto: 0.9.6 (/opt/ros/foxy/share/ament_lint_auto/cmake)
[2.947s] -- Added test 'copyright' to check source files copyright and LICENSE
[2.949s] -- Added test 'cppcheck' to perform static code analysis on C / C++ code
[2.949s] -- Configured cppcheck include dirs: 
[2.950s] -- Configured cppcheck exclude dirs and/or files: 
[2.951s] -- Added test 'cpplint' to check C / C++ code against the Google style
[2.951s] -- Configured cpplint exclude dirs and/or files: 
[2.953s] -- Added test 'lint_cmake' to check CMake code style
[2.955s] -- Added test 'uncrustify' to check C / C++ code style
[2.955s] -- Configured uncrustify additional arguments: 
[2.956s] -- Added test 'xmllint' to check XML markup files
[2.962s] -- Configuring incomplete, errors occurred!
[2.962s] See also "/home/bettanin/ros2dev/build/cpp_pubsub/CMakeFiles/CMakeOutput.log".
[2.963s] See also "/home/bettanin/ros2dev/build/cpp_pubsub/CMakeFiles/CMakeError.log".
[2.973s] Invoked command in '/home/bettanin/ros2dev/build/cpp_pubsub' returned '1': CMAKE_PREFIX_PATH=${CMAKE_PREFIX_PATH}:/opt/ros/foxy /usr/bin/cmake /home/bettanin/ros2dev/src/cpp_pubsub -DCMAKE_INSTALL_PREFIX=/home/bettanin/ros2dev/install/cpp_pubsub
