[0.028s] Invoking command in '/home/bettanin/ros2_ws/build/learning_tf2_cpp': CMAKE_PREFIX_PATH=${CMAKE_PREFIX_PATH}:/home/bettanin/ros2_ws/install/py_launch_example:/home/bettanin/ros2_ws/install/launch_tutorial:/opt/ros/foxy /usr/bin/cmake --build /home/bettanin/ros2_ws/build/learning_tf2_cpp -- -j8 -l8
[0.128s] [35m[1mScanning dependencies of target turtle_tf2_listener[0m
[0.164s] [ 20%] Built target dynamic_frame_tf2_broadcaster
[0.172s] [ 40%] Built target fixed_frame_tf2_broadcaster
[0.173s] [ 60%] Built target static_turtle_tf2_broadcaster
[0.175s] [ 80%] Built target turtle_tf2_broadcaster
[0.195s] [ 90%] [32mBuilding CXX object CMakeFiles/turtle_tf2_listener.dir/src/turtle_tf2_listener.cpp.o[0m
[0.408s] [01m[K/home/bettanin/ros2_ws/src/learning_tf2_cpp/src/turtle_tf2_listener.cpp:71:80:[m[K [01;35m[Kwarning: [m[Kcharacter constant too long for its type
[0.408s]    71 |           t = tf_buffer_->lookupTransform(toFrameRel, now, fromFrameRel, when, [01;35m[K'world'[m[K, 50ms);
[0.408s]       |                                                                                [01;35m[K^~~~~~~[m[K
[2.698s] [01m[K/home/bettanin/ros2_ws/src/learning_tf2_cpp/src/turtle_tf2_listener.cpp:[m[K In member function ‘[01m[Kvoid FrameListener::on_timer()[m[K’:
[2.698s] [01m[K/home/bettanin/ros2_ws/src/learning_tf2_cpp/src/turtle_tf2_listener.cpp:71:93:[m[K [01;31m[Kerror: [m[Kno matching function for call to ‘[01m[Ktf2_ros::Buffer::lookupTransform(std::string&, rclcpp::Time&, std::string&, rclcpp::Time&, int, std::chrono::milliseconds)[m[K’
[2.698s]    71 |           t = tf_buffer_->lookupTransform(toFrameRel, now, fromFrameRel, when, 'world', 50ms[01;31m[K)[m[K;
[2.699s]       |                                                                                             [01;31m[K^[m[K
[2.699s] In file included from [01m[K/opt/ros/foxy/include/tf2_ros/transform_listener.h:41[m[K,
[2.699s]                  from [01m[K/home/bettanin/ros2_ws/src/learning_tf2_cpp/src/turtle_tf2_listener.cpp:24[m[K:
[2.700s] [01m[K/opt/ros/foxy/include/tf2_ros/buffer.h:85:5:[m[K [01;36m[Knote: [m[Kcandidate: ‘[01m[Kvirtual geometry_msgs::msg::TransformStamped tf2_ros::Buffer::lookupTransform(const string&, const string&, const TimePoint&, tf2::Duration) const[m[K’
[2.700s]    85 |     [01;36m[KlookupTransform[m[K(const std::string& target_frame, const std::string& source_frame,
[2.700s]       |     [01;36m[K^~~~~~~~~~~~~~~[m[K
[2.700s] [01m[K/opt/ros/foxy/include/tf2_ros/buffer.h:85:5:[m[K [01;36m[Knote: [m[K  candidate expects 4 arguments, 6 provided
[2.701s] [01m[K/opt/ros/foxy/include/tf2_ros/buffer.h:94:5:[m[K [01;36m[Knote: [m[Kcandidate: ‘[01m[Kgeometry_msgs::msg::TransformStamped tf2_ros::Buffer::lookupTransform(const string&, const string&, const rclcpp::Time&, rclcpp::Duration) const[m[K’
[2.701s]    94 |     [01;36m[KlookupTransform[m[K(const std::string& target_frame, const std::string& source_frame,
[2.701s]       |     [01;36m[K^~~~~~~~~~~~~~~[m[K
[2.701s] [01m[K/opt/ros/foxy/include/tf2_ros/buffer.h:94:5:[m[K [01;36m[Knote: [m[K  candidate expects 4 arguments, 6 provided
[2.702s] [01m[K/opt/ros/foxy/include/tf2_ros/buffer.h:114:5:[m[K [01;36m[Knote: [m[Kcandidate: ‘[01m[Kvirtual geometry_msgs::msg::TransformStamped tf2_ros::Buffer::lookupTransform(const string&, const TimePoint&, const string&, const TimePoint&, const string&, tf2::Duration) const[m[K’
[2.702s]   114 |     [01;36m[KlookupTransform[m[K(const std::string& target_frame, const tf2::TimePoint& target_time,
[2.702s]       |     [01;36m[K^~~~~~~~~~~~~~~[m[K
[2.703s] [01m[K/opt/ros/foxy/include/tf2_ros/buffer.h:114:76:[m[K [01;36m[Knote: [m[K  no known conversion for argument 2 from ‘[01m[Krclcpp::Time[m[K’ to ‘[01m[Kconst TimePoint&[m[K’ {aka ‘[01m[Kconst std::chrono::time_point<std::chrono::_V2::system_clock, std::chrono::duration<long int, std::ratio<1, 1000000000> > >&[m[K’}
[2.703s]   114 |     lookupTransform(const std::string& target_frame, [01;36m[Kconst tf2::TimePoint& target_time[m[K,
[2.703s]       |                                                      [01;36m[K~~~~~~~~~~~~~~~~~~~~~~^~~~~~~~~~~[m[K
[2.703s] [01m[K/opt/ros/foxy/include/tf2_ros/buffer.h:125:5:[m[K [01;36m[Knote: [m[Kcandidate: ‘[01m[Kgeometry_msgs::msg::TransformStamped tf2_ros::Buffer::lookupTransform(const string&, const rclcpp::Time&, const string&, const rclcpp::Time&, const string&, rclcpp::Duration) const[m[K’
[2.704s]   125 |     [01;36m[KlookupTransform[m[K(const std::string & target_frame, const rclcpp::Time & target_time,
[2.704s]       |     [01;36m[K^~~~~~~~~~~~~~~[m[K
[2.704s] [01m[K/opt/ros/foxy/include/tf2_ros/buffer.h:127:27:[m[K [01;36m[Knote: [m[K  no known conversion for argument 5 from ‘[01m[Kint[m[K’ to ‘[01m[Kconst string&[m[K’ {aka ‘[01m[Kconst std::__cxx11::basic_string<char>&[m[K’}
[2.704s]   127 |       [01;36m[Kconst std::string & fixed_frame[m[K, const rclcpp::Duration timeout=rclcpp::Duration(0)) const
[2.705s]       |       [01;36m[K~~~~~~~~~~~~~~~~~~~~^~~~~~~~~~~[m[K
[2.705s] In file included from [01m[K/opt/ros/foxy/include/tf2_ros/buffer.h:43[m[K,
[2.705s]                  from [01m[K/opt/ros/foxy/include/tf2_ros/transform_listener.h:41[m[K,
[2.706s]                  from [01m[K/home/bettanin/ros2_ws/src/learning_tf2_cpp/src/turtle_tf2_listener.cpp:24[m[K:
[2.706s] [01m[K/opt/ros/foxy/include/tf2/buffer_core.h:153:5:[m[K [01;36m[Knote: [m[Kcandidate: ‘[01m[Kvirtual geometry_msgs::msg::TransformStamped tf2::BufferCore::lookupTransform(const string&, const TimePoint&, const string&, const TimePoint&, const string&) const[m[K’
[2.706s]   153 |     [01;36m[KlookupTransform[m[K(const std::string& target_frame, const TimePoint& target_time,
[2.706s]       |     [01;36m[K^~~~~~~~~~~~~~~[m[K
[2.707s] [01m[K/opt/ros/foxy/include/tf2/buffer_core.h:153:5:[m[K [01;36m[Knote: [m[K  candidate expects 5 arguments, 6 provided
[2.707s] [01m[K/opt/ros/foxy/include/tf2/buffer_core.h:136:5:[m[K [01;36m[Knote: [m[Kcandidate: ‘[01m[Kvirtual geometry_msgs::msg::TransformStamped tf2::BufferCore::lookupTransform(const string&, const string&, const TimePoint&) const[m[K’
[2.707s]   136 |     [01;36m[KlookupTransform[m[K(const std::string& target_frame, const std::string& source_frame,
[2.708s]       |     [01;36m[K^~~~~~~~~~~~~~~[m[K
[2.708s] [01m[K/opt/ros/foxy/include/tf2/buffer_core.h:136:5:[m[K [01;36m[Knote: [m[K  candidate expects 3 arguments, 6 provided
[4.552s] make[2]: *** [CMakeFiles/turtle_tf2_listener.dir/build.make:63: CMakeFiles/turtle_tf2_listener.dir/src/turtle_tf2_listener.cpp.o] Error 1
[4.552s] make[1]: *** [CMakeFiles/Makefile2:248: CMakeFiles/turtle_tf2_listener.dir/all] Error 2
[4.552s] make: *** [Makefile:141: all] Error 2
[4.556s] Invoked command in '/home/bettanin/ros2_ws/build/learning_tf2_cpp' returned '2': CMAKE_PREFIX_PATH=${CMAKE_PREFIX_PATH}:/home/bettanin/ros2_ws/install/py_launch_example:/home/bettanin/ros2_ws/install/launch_tutorial:/opt/ros/foxy /usr/bin/cmake --build /home/bettanin/ros2_ws/build/learning_tf2_cpp -- -j8 -l8
