[0.037s] Invoking command in '/home/bettanin/ros2dev/build/cpp_pubsub': CMAKE_PREFIX_PATH=/home/bettanin/ros2dev/install/tutorial_interfaces:/home/bettanin/ros2dev/install/cpp_pubsub:/home/bettanin/ros2dev/install/my_package:/home/bettanin/ros2dev/install/cpp_srvcli:/opt/ros/foxy /usr/bin/cmake --build /home/bettanin/ros2dev/build/cpp_pubsub -- -j8 -l8
[0.119s] [35m[1mScanning dependencies of target listener[0m
[0.120s] [35m[1mScanning dependencies of target talker[0m
[0.176s] [ 25%] [32mBuilding CXX object CMakeFiles/listener.dir/src/subscriber_member_function.cpp.o[0m
[0.183s] [ 50%] [32mBuilding CXX object CMakeFiles/talker.dir/src/publisher_member_function.cpp.o[0m
[5.561s] [ 75%] [32m[1mLinking CXX executable talker[0m
[5.882s] [ 75%] Built target talker
[8.611s] [100%] [32m[1mLinking CXX executable listener[0m
[9.082s] [100%] Built target listener
[9.103s] Invoked command in '/home/bettanin/ros2dev/build/cpp_pubsub' returned '0': CMAKE_PREFIX_PATH=/home/bettanin/ros2dev/install/tutorial_interfaces:/home/bettanin/ros2dev/install/cpp_pubsub:/home/bettanin/ros2dev/install/my_package:/home/bettanin/ros2dev/install/cpp_srvcli:/opt/ros/foxy /usr/bin/cmake --build /home/bettanin/ros2dev/build/cpp_pubsub -- -j8 -l8
[9.178s] Invoking command in '/home/bettanin/ros2dev/build/cpp_pubsub': CMAKE_PREFIX_PATH=/home/bettanin/ros2dev/install/tutorial_interfaces:/home/bettanin/ros2dev/install/cpp_pubsub:/home/bettanin/ros2dev/install/my_package:/home/bettanin/ros2dev/install/cpp_srvcli:/opt/ros/foxy /usr/bin/cmake --install /home/bettanin/ros2dev/build/cpp_pubsub
[9.193s] -- Install configuration: ""
[9.195s] -- Installing: /home/bettanin/ros2dev/install/cpp_pubsub/lib/cpp_pubsub/talker
[9.198s] -- Set runtime path of "/home/bettanin/ros2dev/install/cpp_pubsub/lib/cpp_pubsub/talker" to ""
[9.199s] -- Installing: /home/bettanin/ros2dev/install/cpp_pubsub/lib/cpp_pubsub/listener
[9.204s] -- Set runtime path of "/home/bettanin/ros2dev/install/cpp_pubsub/lib/cpp_pubsub/listener" to ""
[9.205s] -- Installing: /home/bettanin/ros2dev/install/cpp_pubsub/share/ament_index/resource_index/package_run_dependencies/cpp_pubsub
[9.205s] -- Installing: /home/bettanin/ros2dev/install/cpp_pubsub/share/ament_index/resource_index/parent_prefix_path/cpp_pubsub
[9.205s] -- Up-to-date: /home/bettanin/ros2dev/install/cpp_pubsub/share/cpp_pubsub/environment/ament_prefix_path.sh
[9.206s] -- Installing: /home/bettanin/ros2dev/install/cpp_pubsub/share/cpp_pubsub/environment/ament_prefix_path.dsv
[9.206s] -- Up-to-date: /home/bettanin/ros2dev/install/cpp_pubsub/share/cpp_pubsub/environment/path.sh
[9.206s] -- Installing: /home/bettanin/ros2dev/install/cpp_pubsub/share/cpp_pubsub/environment/path.dsv
[9.206s] -- Up-to-date: /home/bettanin/ros2dev/install/cpp_pubsub/share/cpp_pubsub/local_setup.bash
[9.207s] -- Up-to-date: /home/bettanin/ros2dev/install/cpp_pubsub/share/cpp_pubsub/local_setup.sh
[9.207s] -- Up-to-date: /home/bettanin/ros2dev/install/cpp_pubsub/share/cpp_pubsub/local_setup.zsh
[9.207s] -- Installing: /home/bettanin/ros2dev/install/cpp_pubsub/share/cpp_pubsub/local_setup.dsv
[9.208s] -- Installing: /home/bettanin/ros2dev/install/cpp_pubsub/share/cpp_pubsub/package.dsv
[9.208s] -- Up-to-date: /home/bettanin/ros2dev/install/cpp_pubsub/share/ament_index/resource_index/packages/cpp_pubsub
[9.208s] -- Up-to-date: /home/bettanin/ros2dev/install/cpp_pubsub/share/cpp_pubsub/cmake/cpp_pubsubConfig.cmake
[9.209s] -- Up-to-date: /home/bettanin/ros2dev/install/cpp_pubsub/share/cpp_pubsub/cmake/cpp_pubsubConfig-version.cmake
[9.209s] -- Installing: /home/bettanin/ros2dev/install/cpp_pubsub/share/cpp_pubsub/package.xml
[9.213s] Invoked command in '/home/bettanin/ros2dev/build/cpp_pubsub' returned '0': CMAKE_PREFIX_PATH=/home/bettanin/ros2dev/install/tutorial_interfaces:/home/bettanin/ros2dev/install/cpp_pubsub:/home/bettanin/ros2dev/install/my_package:/home/bettanin/ros2dev/install/cpp_srvcli:/opt/ros/foxy /usr/bin/cmake --install /home/bettanin/ros2dev/build/cpp_pubsub
