[0.022s] Invoking command in '/home/bettanin/ros2_ws/build/learning_tf2_cpp': /usr/bin/cmake /home/bettanin/ros2_ws/src/learning_tf2_cpp -DCMAKE_INSTALL_PREFIX=/home/bettanin/ros2_ws/install/learning_tf2_cpp
[0.323s] -- The C compiler identification is GNU 9.4.0
[0.544s] -- The CXX compiler identification is GNU 9.4.0
[0.561s] -- Check for working C compiler: /usr/bin/cc
[0.698s] -- Check for working C compiler: /usr/bin/cc -- works
[0.701s] -- Detecting C compiler ABI info
[0.846s] -- Detecting C compiler ABI info - done
[0.876s] -- Detecting C compile features
[0.877s] -- Detecting C compile features - done
[0.883s] -- Check for working CXX compiler: /usr/bin/c++
[1.053s] -- Check for working CXX compiler: /usr/bin/c++ -- works
[1.055s] -- Detecting CXX compiler ABI info
[1.222s] -- Detecting CXX compiler ABI info - done
[1.252s] -- Detecting CXX compile features
[1.253s] -- Detecting CXX compile features - done
[1.284s] CMake Error at CMakeLists.txt:19 (find_package):
[1.285s]   By not providing "Findament_cmake.cmake" in CMAKE_MODULE_PATH this project
[1.285s]   has asked CMake to find a package configuration file provided by
[1.285s]   "ament_cmake", but CMake did not find one.
[1.285s] 
[1.285s]   Could not find a package configuration file provided by "ament_cmake" with
[1.286s]   any of the following names:
[1.286s] 
[1.286s]     ament_cmakeConfig.cmake
[1.286s]     ament_cmake-config.cmake
[1.286s] 
[1.286s]   Add the installation prefix of "ament_cmake" to CMAKE_PREFIX_PATH or set
[1.286s]   "ament_cmake_DIR" to a directory containing one of the above files.  If
[1.287s]   "ament_cmake" provides a separate development package or SDK, be sure it
[1.287s]   has been installed.
[1.287s] 
[1.287s] 
[1.287s] -- Configuring incomplete, errors occurred!
[1.287s] See also "/home/bettanin/ros2_ws/build/learning_tf2_cpp/CMakeFiles/CMakeOutput.log".
[1.290s] Invoked command in '/home/bettanin/ros2_ws/build/learning_tf2_cpp' returned '1': /usr/bin/cmake /home/bettanin/ros2_ws/src/learning_tf2_cpp -DCMAKE_INSTALL_PREFIX=/home/bettanin/ros2_ws/install/learning_tf2_cpp
