[1.325s] Invoking command in '/home/bettanin/ros2dev_ws/src/launch_tutorial': PYTHONPATH=/home/bettanin/ros2dev_ws/install/launch_tutorial/lib/python3.8/site-packages:${PYTHONPATH} /usr/bin/python3 setup.py egg_info --egg-base ../../build/launch_tutorial build --build-base /home/bettanin/ros2dev_ws/build/launch_tutorial/build install --prefix /home/bettanin/ros2dev_ws/install/launch_tutorial --record /home/bettanin/ros2dev_ws/build/launch_tutorial/install.log --single-version-externally-managed
[1.763s] running egg_info
[1.764s] creating ../../build/launch_tutorial/launch_tutorial.egg-info
[1.764s] writing ../../build/launch_tutorial/launch_tutorial.egg-info/PKG-INFO
[1.765s] writing dependency_links to ../../build/launch_tutorial/launch_tutorial.egg-info/dependency_links.txt
[1.765s] writing entry points to ../../build/launch_tutorial/launch_tutorial.egg-info/entry_points.txt
[1.766s] writing requirements to ../../build/launch_tutorial/launch_tutorial.egg-info/requires.txt
[1.766s] writing top-level names to ../../build/launch_tutorial/launch_tutorial.egg-info/top_level.txt
[1.768s] writing manifest file '../../build/launch_tutorial/launch_tutorial.egg-info/SOURCES.txt'
[1.833s] reading manifest file '../../build/launch_tutorial/launch_tutorial.egg-info/SOURCES.txt'
[1.834s] writing manifest file '../../build/launch_tutorial/launch_tutorial.egg-info/SOURCES.txt'
[1.835s] running build
[1.835s] running build_py
[1.835s] creating /home/bettanin/ros2dev_ws/build/launch_tutorial/build
[1.835s] creating /home/bettanin/ros2dev_ws/build/launch_tutorial/build/lib
[1.836s] creating /home/bettanin/ros2dev_ws/build/launch_tutorial/build/lib/launch_tutorial
[1.836s] copying launch_tutorial/__init__.py -> /home/bettanin/ros2dev_ws/build/launch_tutorial/build/lib/launch_tutorial
[1.836s] running install
[1.837s] running install_lib
[1.839s] creating /home/bettanin/ros2dev_ws/install/launch_tutorial/lib/python3.8/site-packages/launch_tutorial
[1.840s] copying /home/bettanin/ros2dev_ws/build/launch_tutorial/build/lib/launch_tutorial/__init__.py -> /home/bettanin/ros2dev_ws/install/launch_tutorial/lib/python3.8/site-packages/launch_tutorial
[1.840s] byte-compiling /home/bettanin/ros2dev_ws/install/launch_tutorial/lib/python3.8/site-packages/launch_tutorial/__init__.py to __init__.cpython-38.pyc
[1.842s] running install_data
[1.843s] creating /home/bettanin/ros2dev_ws/install/launch_tutorial/share/ament_index
[1.844s] creating /home/bettanin/ros2dev_ws/install/launch_tutorial/share/ament_index/resource_index
[1.844s] creating /home/bettanin/ros2dev_ws/install/launch_tutorial/share/ament_index/resource_index/packages
[1.845s] copying resource/launch_tutorial -> /home/bettanin/ros2dev_ws/install/launch_tutorial/share/ament_index/resource_index/packages
[1.845s] copying package.xml -> /home/bettanin/ros2dev_ws/install/launch_tutorial/share/launch_tutorial
[1.845s] copying launch/example_substitutions.launch.py -> /home/bettanin/ros2dev_ws/install/launch_tutorial/share/launch_tutorial
[1.845s] copying launch/example_main.launch.py -> /home/bettanin/ros2dev_ws/install/launch_tutorial/share/launch_tutorial
[1.846s] running install_egg_info
[1.848s] Copying ../../build/launch_tutorial/launch_tutorial.egg-info to /home/bettanin/ros2dev_ws/install/launch_tutorial/lib/python3.8/site-packages/launch_tutorial-0.0.0-py3.8.egg-info
[1.850s] running install_scripts
[1.880s] writing list of installed files to '/home/bettanin/ros2dev_ws/build/launch_tutorial/install.log'
[1.917s] Invoked command in '/home/bettanin/ros2dev_ws/src/launch_tutorial' returned '0': PYTHONPATH=/home/bettanin/ros2dev_ws/install/launch_tutorial/lib/python3.8/site-packages:${PYTHONPATH} /usr/bin/python3 setup.py egg_info --egg-base ../../build/launch_tutorial build --build-base /home/bettanin/ros2dev_ws/build/launch_tutorial/build install --prefix /home/bettanin/ros2dev_ws/install/launch_tutorial --record /home/bettanin/ros2dev_ws/build/launch_tutorial/install.log --single-version-externally-managed
