[0.030s] Invoking command in '/home/bettanin/ros2dev/build/cpp_pubsub': CMAKE_PREFIX_PATH=${CMAKE_PREFIX_PATH}:/opt/ros/foxy /usr/bin/cmake --build /home/bettanin/ros2dev/build/cpp_pubsub -- -j8 -l8
[0.077s] -- Found ament_cmake: 0.9.9 (/opt/ros/foxy/share/ament_cmake/cmake)
[0.119s] -- Using PYTHON_EXECUTABLE: /usr/bin/python3
[0.474s] -- Found rclcpp: 2.4.1 (/opt/ros/foxy/share/rclcpp/cmake)
[0.543s] -- Using all available rosidl_typesupport_c: rosidl_typesupport_fastrtps_c;rosidl_typesupport_introspection_c
[0.551s] -- Found rosidl_adapter: 1.2.1 (/opt/ros/foxy/share/rosidl_adapter/cmake)
[0.804s] -- Using all available rosidl_typesupport_cpp: rosidl_typesupport_fastrtps_cpp;rosidl_typesupport_introspection_cpp
[0.904s] -- Found rmw_implementation_cmake: 1.0.3 (/opt/ros/foxy/share/rmw_implementation_cmake/cmake)
[0.907s] -- Using RMW implementation 'rmw_fastrtps_cpp' as default
[1.194s] -- Found ament_lint_auto: 0.9.6 (/opt/ros/foxy/share/ament_lint_auto/cmake)
[1.309s] -- Added test 'copyright' to check source files copyright and LICENSE
[1.311s] -- Added test 'cppcheck' to perform static code analysis on C / C++ code
[1.312s] -- Configured cppcheck include dirs: 
[1.312s] -- Configured cppcheck exclude dirs and/or files: 
[1.313s] -- Added test 'cpplint' to check C / C++ code against the Google style
[1.313s] -- Configured cpplint exclude dirs and/or files: 
[1.314s] -- Added test 'lint_cmake' to check CMake code style
[1.316s] -- Added test 'uncrustify' to check C / C++ code style
[1.316s] -- Configured uncrustify additional arguments: 
[1.317s] -- Added test 'xmllint' to check XML markup files
[1.322s] -- Configuring done
[1.342s] -- Generating done
[1.345s] -- Build files have been written to: /home/bettanin/ros2dev/build/cpp_pubsub
[1.389s] [35m[1mScanning dependencies of target listener[0m
[1.428s] [ 50%] Built target talker
[1.459s] [ 75%] [32mBuilding CXX object CMakeFiles/listener.dir/src/subscriber_member_function.cpp.o[0m
[9.664s] [100%] [32m[1mLinking CXX executable listener[0m
[10.100s] [100%] Built target listener
[10.123s] Invoked command in '/home/bettanin/ros2dev/build/cpp_pubsub' returned '0': CMAKE_PREFIX_PATH=${CMAKE_PREFIX_PATH}:/opt/ros/foxy /usr/bin/cmake --build /home/bettanin/ros2dev/build/cpp_pubsub -- -j8 -l8
[10.188s] Invoking command in '/home/bettanin/ros2dev/build/cpp_pubsub': CMAKE_PREFIX_PATH=${CMAKE_PREFIX_PATH}:/opt/ros/foxy /usr/bin/cmake --install /home/bettanin/ros2dev/build/cpp_pubsub
[10.203s] -- Install configuration: ""
[10.204s] -- Up-to-date: /home/bettanin/ros2dev/install/cpp_pubsub/lib/cpp_pubsub/talker
[10.204s] -- Installing: /home/bettanin/ros2dev/install/cpp_pubsub/lib/cpp_pubsub/listener
[10.208s] -- Set runtime path of "/home/bettanin/ros2dev/install/cpp_pubsub/lib/cpp_pubsub/listener" to ""
[10.209s] -- Up-to-date: /home/bettanin/ros2dev/install/cpp_pubsub/share/ament_index/resource_index/package_run_dependencies/cpp_pubsub
[10.209s] -- Installing: /home/bettanin/ros2dev/install/cpp_pubsub/share/ament_index/resource_index/parent_prefix_path/cpp_pubsub
[10.209s] -- Up-to-date: /home/bettanin/ros2dev/install/cpp_pubsub/share/cpp_pubsub/environment/ament_prefix_path.sh
[10.210s] -- Installing: /home/bettanin/ros2dev/install/cpp_pubsub/share/cpp_pubsub/environment/ament_prefix_path.dsv
[10.210s] -- Up-to-date: /home/bettanin/ros2dev/install/cpp_pubsub/share/cpp_pubsub/environment/path.sh
[10.210s] -- Installing: /home/bettanin/ros2dev/install/cpp_pubsub/share/cpp_pubsub/environment/path.dsv
[10.210s] -- Up-to-date: /home/bettanin/ros2dev/install/cpp_pubsub/share/cpp_pubsub/local_setup.bash
[10.211s] -- Up-to-date: /home/bettanin/ros2dev/install/cpp_pubsub/share/cpp_pubsub/local_setup.sh
[10.211s] -- Up-to-date: /home/bettanin/ros2dev/install/cpp_pubsub/share/cpp_pubsub/local_setup.zsh
[10.211s] -- Installing: /home/bettanin/ros2dev/install/cpp_pubsub/share/cpp_pubsub/local_setup.dsv
[10.212s] -- Installing: /home/bettanin/ros2dev/install/cpp_pubsub/share/cpp_pubsub/package.dsv
[10.212s] -- Up-to-date: /home/bettanin/ros2dev/install/cpp_pubsub/share/ament_index/resource_index/packages/cpp_pubsub
[10.212s] -- Up-to-date: /home/bettanin/ros2dev/install/cpp_pubsub/share/cpp_pubsub/cmake/cpp_pubsubConfig.cmake
[10.212s] -- Up-to-date: /home/bettanin/ros2dev/install/cpp_pubsub/share/cpp_pubsub/cmake/cpp_pubsubConfig-version.cmake
[10.213s] -- Up-to-date: /home/bettanin/ros2dev/install/cpp_pubsub/share/cpp_pubsub/package.xml
[10.216s] Invoked command in '/home/bettanin/ros2dev/build/cpp_pubsub' returned '0': CMAKE_PREFIX_PATH=${CMAKE_PREFIX_PATH}:/opt/ros/foxy /usr/bin/cmake --install /home/bettanin/ros2dev/build/cpp_pubsub
