[0.030s] Invoking command in '/home/bettanin/ros2dev/build/tutorial_interfaces': CMAKE_PREFIX_PATH=${CMAKE_PREFIX_PATH}:/opt/ros/foxy /usr/bin/cmake /home/bettanin/ros2dev/src/tutorial_interfaces -DCMAKE_INSTALL_PREFIX=/home/bettanin/ros2dev/install/tutorial_interfaces
[0.147s] -- The C compiler identification is GNU 9.4.0
[0.268s] -- The CXX compiler identification is GNU 9.4.0
[0.278s] -- Check for working C compiler: /usr/bin/cc
[0.425s] -- Check for working C compiler: /usr/bin/cc -- works
[0.427s] -- Detecting C compiler ABI info
[0.581s] -- Detecting C compiler ABI info - done
[0.610s] -- Detecting C compile features
[0.611s] -- Detecting C compile features - done
[0.616s] -- Check for working CXX compiler: /usr/bin/c++
[0.780s] -- Check for working CXX compiler: /usr/bin/c++ -- works
[0.782s] -- Detecting CXX compiler ABI info
[0.946s] -- Detecting CXX compiler ABI info - done
[0.969s] -- Detecting CXX compile features
[0.970s] -- Detecting CXX compile features - done
[0.975s] -- Found ament_cmake: 0.9.9 (/opt/ros/foxy/share/ament_cmake/cmake)
[1.031s] -- Found PythonInterp: /usr/bin/python3 (found suitable version "3.8.10", minimum required is "3") 
[1.032s] -- Using PYTHON_EXECUTABLE: /usr/bin/python3
[1.476s] -- Found geometry_msgs: 2.0.5 (/opt/ros/foxy/share/geometry_msgs/cmake)
[1.551s] -- Using all available rosidl_typesupport_c: rosidl_typesupport_fastrtps_c;rosidl_typesupport_introspection_c
[1.567s] -- Found rosidl_adapter: 1.2.1 (/opt/ros/foxy/share/rosidl_adapter/cmake)
[1.754s] -- Found OpenSSL: /usr/lib/x86_64-linux-gnu/libcrypto.so (found version "1.1.1f")  
[1.824s] -- Found FastRTPS: /opt/ros/foxy/include  
[1.998s] -- Using all available rosidl_typesupport_cpp: rosidl_typesupport_fastrtps_cpp;rosidl_typesupport_introspection_cpp
[2.197s] -- Found rosidl_default_generators: 1.0.1 (/opt/ros/foxy/share/rosidl_default_generators/cmake)
[2.272s] -- Found PythonInterp: /usr/bin/python3 (found version "3.8.10") 
[2.643s] -- Found ament_cmake_ros: 0.9.2 (/opt/ros/foxy/share/ament_cmake_ros/cmake)
[3.177s] -- Using all available rosidl_typesupport_c: rosidl_typesupport_fastrtps_c;rosidl_typesupport_introspection_c
[3.424s] -- Using all available rosidl_typesupport_cpp: rosidl_typesupport_fastrtps_cpp;rosidl_typesupport_introspection_cpp
[3.475s] -- Found PythonInterp: /usr/bin/python3 (found suitable version "3.8.10", minimum required is "3.5") 
[3.479s] -- Found python_cmake_module: 0.8.1 (/opt/ros/foxy/share/python_cmake_module/cmake)
[3.537s] -- Found PythonLibs: /usr/lib/x86_64-linux-gnu/libpython3.8.so (found suitable version "3.8.10", minimum required is "3.5") 
[3.537s] -- Using PYTHON_EXECUTABLE: /usr/bin/python3
[3.537s] -- Using PYTHON_INCLUDE_DIRS: /usr/include/python3.8
[3.537s] -- Using PYTHON_LIBRARIES: /usr/lib/x86_64-linux-gnu/libpython3.8.so
[3.577s] -- Found PythonExtra: .so  
[3.757s] -- Found ament_lint_auto: 0.9.6 (/opt/ros/foxy/share/ament_lint_auto/cmake)
[3.809s] -- Added test 'copyright' to check source files copyright and LICENSE
[3.816s] -- Added test 'lint_cmake' to check CMake code style
[3.819s] -- Added test 'xmllint' to check XML markup files
[3.834s] -- Configuring done
[3.978s] -- Generating done
[3.984s] -- Build files have been written to: /home/bettanin/ros2dev/build/tutorial_interfaces
[3.998s] Invoked command in '/home/bettanin/ros2dev/build/tutorial_interfaces' returned '0': CMAKE_PREFIX_PATH=${CMAKE_PREFIX_PATH}:/opt/ros/foxy /usr/bin/cmake /home/bettanin/ros2dev/src/tutorial_interfaces -DCMAKE_INSTALL_PREFIX=/home/bettanin/ros2dev/install/tutorial_interfaces
[4.003s] Invoking command in '/home/bettanin/ros2dev/build/tutorial_interfaces': CMAKE_PREFIX_PATH=${CMAKE_PREFIX_PATH}:/opt/ros/foxy /usr/bin/cmake --build /home/bettanin/ros2dev/build/tutorial_interfaces -- -j8 -l8
[4.089s] [35m[1mScanning dependencies of target tutorial_interfaces__cpp[0m
[4.090s] [  2%] [34m[1mGenerating C code for ROS interfaces[0m
[4.115s] [  4%] [34m[1mGenerating C++ code for ROS interfaces[0m
[4.825s] [35m[1mScanning dependencies of target tutorial_interfaces__rosidl_generator_c[0m
[4.840s] [  4%] Built target tutorial_interfaces__cpp
[4.861s] [  6%] [32mBuilding C object CMakeFiles/tutorial_interfaces__rosidl_generator_c.dir/rosidl_generator_c/tutorial_interfaces/msg/detail/num__functions.c.o[0m
[4.862s] [  8%] [32mBuilding C object CMakeFiles/tutorial_interfaces__rosidl_generator_c.dir/rosidl_generator_c/tutorial_interfaces/msg/detail/sphere__functions.c.o[0m
[4.864s] [ 10%] [32mBuilding C object CMakeFiles/tutorial_interfaces__rosidl_generator_c.dir/rosidl_generator_c/tutorial_interfaces/srv/detail/add_three_ints__functions.c.o[0m
[4.868s] [ 12%] [34m[1mGenerating C++ type support dispatch for ROS interfaces[0m
[4.870s] [ 14%] [34m[1mGenerating C++ introspection for ROS interfaces[0m
[4.871s] [ 17%] [34m[1mGenerating C++ type support for eProsima Fast-RTPS[0m
[4.988s] [ 19%] [32m[1mLinking C shared library libtutorial_interfaces__rosidl_generator_c.so[0m
[5.086s] [ 19%] Built target tutorial_interfaces__rosidl_generator_c
[5.117s] [ 21%] [34m[1mGenerating C type support dispatch for ROS interfaces[0m
[5.122s] [ 23%] [34m[1mGenerating C introspection for ROS interfaces[0m
[5.650s] [35m[1mScanning dependencies of target tutorial_interfaces__rosidl_typesupport_cpp[0m
[5.703s] [ 25%] [32mBuilding CXX object CMakeFiles/tutorial_interfaces__rosidl_typesupport_cpp.dir/rosidl_typesupport_cpp/tutorial_interfaces/msg/num__type_support.cpp.o[0m
[5.707s] [ 27%] [32mBuilding CXX object CMakeFiles/tutorial_interfaces__rosidl_typesupport_cpp.dir/rosidl_typesupport_cpp/tutorial_interfaces/msg/sphere__type_support.cpp.o[0m
[5.743s] [ 29%] [32mBuilding CXX object CMakeFiles/tutorial_interfaces__rosidl_typesupport_cpp.dir/rosidl_typesupport_cpp/tutorial_interfaces/srv/add_three_ints__type_support.cpp.o[0m
[6.087s] [35m[1mScanning dependencies of target tutorial_interfaces__rosidl_typesupport_introspection_cpp[0m
[6.130s] [35m[1mScanning dependencies of target tutorial_interfaces__rosidl_typesupport_fastrtps_cpp[0m
[6.166s] [ 31%] [32mBuilding CXX object CMakeFiles/tutorial_interfaces__rosidl_typesupport_introspection_cpp.dir/rosidl_typesupport_introspection_cpp/tutorial_interfaces/msg/detail/num__type_support.cpp.o[0m
[6.192s] [ 34%] [32mBuilding CXX object CMakeFiles/tutorial_interfaces__rosidl_typesupport_introspection_cpp.dir/rosidl_typesupport_introspection_cpp/tutorial_interfaces/msg/detail/sphere__type_support.cpp.o[0m
[6.210s] [35m[1mScanning dependencies of target tutorial_interfaces__rosidl_typesupport_c[0m
[6.213s] [ 36%] [32mBuilding CXX object CMakeFiles/tutorial_interfaces__rosidl_typesupport_fastrtps_cpp.dir/rosidl_typesupport_fastrtps_cpp/tutorial_interfaces/msg/detail/dds_fastrtps/num__type_support.cpp.o[0m
[6.292s] [ 38%] [32mBuilding CXX object CMakeFiles/tutorial_interfaces__rosidl_typesupport_c.dir/rosidl_typesupport_c/tutorial_interfaces/msg/num__type_support.cpp.o[0m
[6.492s] [35m[1mScanning dependencies of target tutorial_interfaces__rosidl_typesupport_introspection_c[0m
[6.499s] [ 40%] [32mBuilding CXX object CMakeFiles/tutorial_interfaces__rosidl_typesupport_c.dir/rosidl_typesupport_c/tutorial_interfaces/msg/sphere__type_support.cpp.o[0m
[6.633s] [ 42%] [32mBuilding CXX object CMakeFiles/tutorial_interfaces__rosidl_typesupport_c.dir/rosidl_typesupport_c/tutorial_interfaces/srv/add_three_ints__type_support.cpp.o[0m
[6.633s] [ 44%] [32mBuilding C object CMakeFiles/tutorial_interfaces__rosidl_typesupport_introspection_c.dir/rosidl_typesupport_introspection_c/tutorial_interfaces/msg/detail/num__type_support.c.o[0m
[6.830s] [ 46%] [32mBuilding C object CMakeFiles/tutorial_interfaces__rosidl_typesupport_introspection_c.dir/rosidl_typesupport_introspection_c/tutorial_interfaces/msg/detail/sphere__type_support.c.o[0m
[6.848s] [ 48%] [32m[1mLinking CXX shared library libtutorial_interfaces__rosidl_typesupport_c.so[0m
[6.917s] [ 51%] [32mBuilding CXX object CMakeFiles/tutorial_interfaces__rosidl_typesupport_fastrtps_cpp.dir/rosidl_typesupport_fastrtps_cpp/tutorial_interfaces/msg/detail/dds_fastrtps/sphere__type_support.cpp.o[0m
[7.044s] [ 51%] Built target tutorial_interfaces__rosidl_typesupport_c
[7.123s] [ 53%] [32mBuilding C object CMakeFiles/tutorial_interfaces__rosidl_typesupport_introspection_c.dir/rosidl_typesupport_introspection_c/tutorial_interfaces/srv/detail/add_three_ints__type_support.c.o[0m
[7.144s] [ 55%] [32mBuilding CXX object CMakeFiles/tutorial_interfaces__rosidl_typesupport_fastrtps_cpp.dir/rosidl_typesupport_fastrtps_cpp/tutorial_interfaces/srv/detail/dds_fastrtps/add_three_ints__type_support.cpp.o[0m
[7.285s] [ 57%] [32mBuilding CXX object CMakeFiles/tutorial_interfaces__rosidl_typesupport_introspection_cpp.dir/rosidl_typesupport_introspection_cpp/tutorial_interfaces/srv/detail/add_three_ints__type_support.cpp.o[0m
[7.300s] [ 59%] [32m[1mLinking C shared library libtutorial_interfaces__rosidl_typesupport_introspection_c.so[0m
[7.446s] [ 61%] [32m[1mLinking CXX shared library libtutorial_interfaces__rosidl_typesupport_cpp.so[0m
[7.517s] [ 61%] Built target tutorial_interfaces__rosidl_typesupport_introspection_c
[7.633s] [ 61%] Built target tutorial_interfaces__rosidl_typesupport_cpp
[8.260s] [ 63%] [32m[1mLinking CXX shared library libtutorial_interfaces__rosidl_typesupport_introspection_cpp.so[0m
[8.408s] [ 63%] Built target tutorial_interfaces__rosidl_typesupport_introspection_cpp
[8.575s] [ 65%] [32m[1mLinking CXX shared library libtutorial_interfaces__rosidl_typesupport_fastrtps_cpp.so[0m
[8.761s] [ 65%] Built target tutorial_interfaces__rosidl_typesupport_fastrtps_cpp
[8.788s] [ 68%] [34m[1mGenerating C type support for eProsima Fast-RTPS[0m
[9.408s] [35m[1mScanning dependencies of target tutorial_interfaces__rosidl_typesupport_fastrtps_c[0m
[9.464s] [ 70%] [32mBuilding CXX object CMakeFiles/tutorial_interfaces__rosidl_typesupport_fastrtps_c.dir/rosidl_typesupport_fastrtps_c/tutorial_interfaces/msg/detail/num__type_support_c.cpp.o[0m
[9.471s] [ 72%] [32mBuilding CXX object CMakeFiles/tutorial_interfaces__rosidl_typesupport_fastrtps_c.dir/rosidl_typesupport_fastrtps_c/tutorial_interfaces/msg/detail/sphere__type_support_c.cpp.o[0m
[9.471s] [ 74%] [32mBuilding CXX object CMakeFiles/tutorial_interfaces__rosidl_typesupport_fastrtps_c.dir/rosidl_typesupport_fastrtps_c/tutorial_interfaces/srv/detail/add_three_ints__type_support_c.cpp.o[0m
[10.434s] [ 76%] [32m[1mLinking CXX shared library libtutorial_interfaces__rosidl_typesupport_fastrtps_c.so[0m
[10.655s] [ 76%] Built target tutorial_interfaces__rosidl_typesupport_fastrtps_c
[10.675s] [35m[1mScanning dependencies of target tutorial_interfaces[0m
[10.702s] [ 76%] Built target tutorial_interfaces
[10.723s] [35m[1mScanning dependencies of target tutorial_interfaces__py[0m
[10.746s] [ 78%] [34m[1mGenerating Python code for ROS interfaces[0m
[12.011s] [ 78%] Built target tutorial_interfaces__py
[12.032s] [35m[1mScanning dependencies of target tutorial_interfaces__python[0m
[12.076s] [ 80%] [32mBuilding C object CMakeFiles/tutorial_interfaces__python.dir/rosidl_generator_py/tutorial_interfaces/msg/_num_s.c.o[0m
[12.077s] [ 82%] [32mBuilding C object CMakeFiles/tutorial_interfaces__python.dir/rosidl_generator_py/tutorial_interfaces/msg/_sphere_s.c.o[0m
[12.092s] [ 85%] [32mBuilding C object CMakeFiles/tutorial_interfaces__python.dir/rosidl_generator_py/tutorial_interfaces/srv/_add_three_ints_s.c.o[0m
[12.388s] [ 87%] [32m[1mLinking C shared library rosidl_generator_py/tutorial_interfaces/libtutorial_interfaces__python.so[0m
[12.545s] [ 87%] Built target tutorial_interfaces__python
[12.576s] [35m[1mScanning dependencies of target tutorial_interfaces__rosidl_typesupport_c__pyext[0m
[12.577s] [35m[1mScanning dependencies of target tutorial_interfaces__rosidl_typesupport_introspection_c__pyext[0m
[12.577s] [35m[1mScanning dependencies of target tutorial_interfaces__rosidl_typesupport_fastrtps_c__pyext[0m
[12.643s] [ 89%] [32mBuilding C object CMakeFiles/tutorial_interfaces__rosidl_typesupport_introspection_c__pyext.dir/rosidl_generator_py/tutorial_interfaces/_tutorial_interfaces_s.ep.rosidl_typesupport_introspection_c.c.o[0m
[12.648s] [ 91%] [32mBuilding C object CMakeFiles/tutorial_interfaces__rosidl_typesupport_c__pyext.dir/rosidl_generator_py/tutorial_interfaces/_tutorial_interfaces_s.ep.rosidl_typesupport_c.c.o[0m
[12.653s] [ 93%] [32mBuilding C object CMakeFiles/tutorial_interfaces__rosidl_typesupport_fastrtps_c__pyext.dir/rosidl_generator_py/tutorial_interfaces/_tutorial_interfaces_s.ep.rosidl_typesupport_fastrtps_c.c.o[0m
[12.856s] [ 95%] [32m[1mLinking C shared library rosidl_generator_py/tutorial_interfaces/tutorial_interfaces_s__rosidl_typesupport_c.cpython-38-x86_64-linux-gnu.so[0m
[12.864s] [ 97%] [32m[1mLinking CXX shared library rosidl_generator_py/tutorial_interfaces/tutorial_interfaces_s__rosidl_typesupport_fastrtps_c.cpython-38-x86_64-linux-gnu.so[0m
[12.869s] [100%] [32m[1mLinking C shared library rosidl_generator_py/tutorial_interfaces/tutorial_interfaces_s__rosidl_typesupport_introspection_c.cpython-38-x86_64-linux-gnu.so[0m
[12.958s] [100%] Built target tutorial_interfaces__rosidl_typesupport_c__pyext
[12.997s] [100%] Built target tutorial_interfaces__rosidl_typesupport_introspection_c__pyext
[13.085s] [100%] Built target tutorial_interfaces__rosidl_typesupport_fastrtps_c__pyext
[13.118s] Invoked command in '/home/bettanin/ros2dev/build/tutorial_interfaces' returned '0': CMAKE_PREFIX_PATH=${CMAKE_PREFIX_PATH}:/opt/ros/foxy /usr/bin/cmake --build /home/bettanin/ros2dev/build/tutorial_interfaces -- -j8 -l8
[13.328s] Invoking command in '/home/bettanin/ros2dev/build/tutorial_interfaces': CMAKE_PREFIX_PATH=${CMAKE_PREFIX_PATH}:/opt/ros/foxy /usr/bin/cmake --install /home/bettanin/ros2dev/build/tutorial_interfaces
[13.346s] -- Install configuration: ""
[13.347s] -- Installing: /home/bettanin/ros2dev/install/tutorial_interfaces/share/ament_index/resource_index/rosidl_interfaces/tutorial_interfaces
[13.347s] -- Installing: /home/bettanin/ros2dev/install/tutorial_interfaces/include/tutorial_interfaces
[13.347s] -- Installing: /home/bettanin/ros2dev/install/tutorial_interfaces/include/tutorial_interfaces/srv
[13.347s] -- Installing: /home/bettanin/ros2dev/install/tutorial_interfaces/include/tutorial_interfaces/srv/add_three_ints.h
[13.348s] -- Installing: /home/bettanin/ros2dev/install/tutorial_interfaces/include/tutorial_interfaces/srv/detail
[13.348s] -- Installing: /home/bettanin/ros2dev/install/tutorial_interfaces/include/tutorial_interfaces/srv/detail/add_three_ints__type_support.h
[13.348s] -- Installing: /home/bettanin/ros2dev/install/tutorial_interfaces/include/tutorial_interfaces/srv/detail/add_three_ints__struct.h
[13.348s] -- Installing: /home/bettanin/ros2dev/install/tutorial_interfaces/include/tutorial_interfaces/srv/detail/add_three_ints__functions.c
[13.348s] -- Installing: /home/bettanin/ros2dev/install/tutorial_interfaces/include/tutorial_interfaces/srv/detail/add_three_ints__functions.h
[13.349s] -- Installing: /home/bettanin/ros2dev/install/tutorial_interfaces/include/tutorial_interfaces/msg
[13.349s] -- Installing: /home/bettanin/ros2dev/install/tutorial_interfaces/include/tutorial_interfaces/msg/rosidl_generator_c__visibility_control.h
[13.349s] -- Installing: /home/bettanin/ros2dev/install/tutorial_interfaces/include/tutorial_interfaces/msg/sphere.h
[13.350s] -- Installing: /home/bettanin/ros2dev/install/tutorial_interfaces/include/tutorial_interfaces/msg/num.h
[13.350s] -- Installing: /home/bettanin/ros2dev/install/tutorial_interfaces/include/tutorial_interfaces/msg/detail
[13.350s] -- Installing: /home/bettanin/ros2dev/install/tutorial_interfaces/include/tutorial_interfaces/msg/detail/sphere__type_support.h
[13.350s] -- Installing: /home/bettanin/ros2dev/install/tutorial_interfaces/include/tutorial_interfaces/msg/detail/num__functions.c
[13.351s] -- Installing: /home/bettanin/ros2dev/install/tutorial_interfaces/include/tutorial_interfaces/msg/detail/num__type_support.h
[13.351s] -- Installing: /home/bettanin/ros2dev/install/tutorial_interfaces/include/tutorial_interfaces/msg/detail/num__functions.h
[13.351s] -- Installing: /home/bettanin/ros2dev/install/tutorial_interfaces/include/tutorial_interfaces/msg/detail/sphere__struct.h
[13.352s] -- Installing: /home/bettanin/ros2dev/install/tutorial_interfaces/include/tutorial_interfaces/msg/detail/sphere__functions.c
[13.352s] -- Installing: /home/bettanin/ros2dev/install/tutorial_interfaces/include/tutorial_interfaces/msg/detail/sphere__functions.h
[13.352s] -- Installing: /home/bettanin/ros2dev/install/tutorial_interfaces/include/tutorial_interfaces/msg/detail/num__struct.h
[13.353s] -- Installing: /home/bettanin/ros2dev/install/tutorial_interfaces/share/tutorial_interfaces/environment/library_path.sh
[13.353s] -- Installing: /home/bettanin/ros2dev/install/tutorial_interfaces/share/tutorial_interfaces/environment/library_path.dsv
[13.354s] -- Installing: /home/bettanin/ros2dev/install/tutorial_interfaces/lib/libtutorial_interfaces__rosidl_generator_c.so
[13.355s] -- Set runtime path of "/home/bettanin/ros2dev/install/tutorial_interfaces/lib/libtutorial_interfaces__rosidl_generator_c.so" to ""
[13.355s] -- Up-to-date: /home/bettanin/ros2dev/install/tutorial_interfaces/include/tutorial_interfaces
[13.356s] -- Up-to-date: /home/bettanin/ros2dev/install/tutorial_interfaces/include/tutorial_interfaces/srv
[13.356s] -- Up-to-date: /home/bettanin/ros2dev/install/tutorial_interfaces/include/tutorial_interfaces/srv/detail
[13.356s] -- Installing: /home/bettanin/ros2dev/install/tutorial_interfaces/include/tutorial_interfaces/srv/detail/add_three_ints__rosidl_typesupport_fastrtps_c.h
[13.356s] -- Up-to-date: /home/bettanin/ros2dev/install/tutorial_interfaces/include/tutorial_interfaces/msg
[13.357s] -- Installing: /home/bettanin/ros2dev/install/tutorial_interfaces/include/tutorial_interfaces/msg/rosidl_typesupport_fastrtps_c__visibility_control.h
[13.357s] -- Up-to-date: /home/bettanin/ros2dev/install/tutorial_interfaces/include/tutorial_interfaces/msg/detail
[13.357s] -- Installing: /home/bettanin/ros2dev/install/tutorial_interfaces/include/tutorial_interfaces/msg/detail/num__rosidl_typesupport_fastrtps_c.h
[13.357s] -- Installing: /home/bettanin/ros2dev/install/tutorial_interfaces/include/tutorial_interfaces/msg/detail/sphere__rosidl_typesupport_fastrtps_c.h
[13.358s] -- Installing: /home/bettanin/ros2dev/install/tutorial_interfaces/lib/libtutorial_interfaces__rosidl_typesupport_fastrtps_c.so
[13.358s] -- Set runtime path of "/home/bettanin/ros2dev/install/tutorial_interfaces/lib/libtutorial_interfaces__rosidl_typesupport_fastrtps_c.so" to ""
[13.359s] -- Up-to-date: /home/bettanin/ros2dev/install/tutorial_interfaces/include/tutorial_interfaces
[13.359s] -- Up-to-date: /home/bettanin/ros2dev/install/tutorial_interfaces/include/tutorial_interfaces/srv
[13.359s] -- Up-to-date: /home/bettanin/ros2dev/install/tutorial_interfaces/include/tutorial_interfaces/srv/detail
[13.359s] -- Installing: /home/bettanin/ros2dev/install/tutorial_interfaces/include/tutorial_interfaces/srv/detail/add_three_ints__rosidl_typesupport_fastrtps_cpp.hpp
[13.359s] -- Installing: /home/bettanin/ros2dev/install/tutorial_interfaces/include/tutorial_interfaces/srv/detail/dds_fastrtps
[13.360s] -- Up-to-date: /home/bettanin/ros2dev/install/tutorial_interfaces/include/tutorial_interfaces/msg
[13.360s] -- Installing: /home/bettanin/ros2dev/install/tutorial_interfaces/include/tutorial_interfaces/msg/rosidl_typesupport_fastrtps_cpp__visibility_control.h
[13.360s] -- Up-to-date: /home/bettanin/ros2dev/install/tutorial_interfaces/include/tutorial_interfaces/msg/detail
[13.360s] -- Installing: /home/bettanin/ros2dev/install/tutorial_interfaces/include/tutorial_interfaces/msg/detail/num__rosidl_typesupport_fastrtps_cpp.hpp
[13.360s] -- Installing: /home/bettanin/ros2dev/install/tutorial_interfaces/include/tutorial_interfaces/msg/detail/sphere__rosidl_typesupport_fastrtps_cpp.hpp
[13.361s] -- Installing: /home/bettanin/ros2dev/install/tutorial_interfaces/include/tutorial_interfaces/msg/detail/dds_fastrtps
[13.361s] -- Installing: /home/bettanin/ros2dev/install/tutorial_interfaces/lib/libtutorial_interfaces__rosidl_typesupport_fastrtps_cpp.so
[13.362s] -- Set runtime path of "/home/bettanin/ros2dev/install/tutorial_interfaces/lib/libtutorial_interfaces__rosidl_typesupport_fastrtps_cpp.so" to ""
[13.362s] -- Up-to-date: /home/bettanin/ros2dev/install/tutorial_interfaces/include/tutorial_interfaces
[13.363s] -- Up-to-date: /home/bettanin/ros2dev/install/tutorial_interfaces/include/tutorial_interfaces/srv
[13.363s] -- Up-to-date: /home/bettanin/ros2dev/install/tutorial_interfaces/include/tutorial_interfaces/srv/detail
[13.363s] -- Installing: /home/bettanin/ros2dev/install/tutorial_interfaces/include/tutorial_interfaces/srv/detail/add_three_ints__type_support.c
[13.363s] -- Installing: /home/bettanin/ros2dev/install/tutorial_interfaces/include/tutorial_interfaces/srv/detail/add_three_ints__rosidl_typesupport_introspection_c.h
[13.364s] -- Up-to-date: /home/bettanin/ros2dev/install/tutorial_interfaces/include/tutorial_interfaces/msg
[13.364s] -- Up-to-date: /home/bettanin/ros2dev/install/tutorial_interfaces/include/tutorial_interfaces/msg/detail
[13.364s] -- Installing: /home/bettanin/ros2dev/install/tutorial_interfaces/include/tutorial_interfaces/msg/detail/sphere__type_support.c
[13.364s] -- Installing: /home/bettanin/ros2dev/install/tutorial_interfaces/include/tutorial_interfaces/msg/detail/num__rosidl_typesupport_introspection_c.h
[13.364s] -- Installing: /home/bettanin/ros2dev/install/tutorial_interfaces/include/tutorial_interfaces/msg/detail/sphere__rosidl_typesupport_introspection_c.h
[13.364s] -- Installing: /home/bettanin/ros2dev/install/tutorial_interfaces/include/tutorial_interfaces/msg/detail/num__type_support.c
[13.365s] -- Installing: /home/bettanin/ros2dev/install/tutorial_interfaces/include/tutorial_interfaces/msg/rosidl_typesupport_introspection_c__visibility_control.h
[13.365s] -- Installing: /home/bettanin/ros2dev/install/tutorial_interfaces/lib/libtutorial_interfaces__rosidl_typesupport_introspection_c.so
[13.366s] -- Set runtime path of "/home/bettanin/ros2dev/install/tutorial_interfaces/lib/libtutorial_interfaces__rosidl_typesupport_introspection_c.so" to ""
[13.366s] -- Installing: /home/bettanin/ros2dev/install/tutorial_interfaces/lib/libtutorial_interfaces__rosidl_typesupport_c.so
[13.367s] -- Set runtime path of "/home/bettanin/ros2dev/install/tutorial_interfaces/lib/libtutorial_interfaces__rosidl_typesupport_c.so" to ""
[13.368s] -- Up-to-date: /home/bettanin/ros2dev/install/tutorial_interfaces/include/tutorial_interfaces
[13.368s] -- Up-to-date: /home/bettanin/ros2dev/install/tutorial_interfaces/include/tutorial_interfaces/srv
[13.368s] -- Installing: /home/bettanin/ros2dev/install/tutorial_interfaces/include/tutorial_interfaces/srv/add_three_ints.hpp
[13.369s] -- Up-to-date: /home/bettanin/ros2dev/install/tutorial_interfaces/include/tutorial_interfaces/srv/detail
[13.369s] -- Installing: /home/bettanin/ros2dev/install/tutorial_interfaces/include/tutorial_interfaces/srv/detail/add_three_ints__traits.hpp
[13.369s] -- Installing: /home/bettanin/ros2dev/install/tutorial_interfaces/include/tutorial_interfaces/srv/detail/add_three_ints__struct.hpp
[13.370s] -- Installing: /home/bettanin/ros2dev/install/tutorial_interfaces/include/tutorial_interfaces/srv/detail/add_three_ints__builder.hpp
[13.370s] -- Up-to-date: /home/bettanin/ros2dev/install/tutorial_interfaces/include/tutorial_interfaces/msg
[13.370s] -- Installing: /home/bettanin/ros2dev/install/tutorial_interfaces/include/tutorial_interfaces/msg/sphere.hpp
[13.370s] -- Installing: /home/bettanin/ros2dev/install/tutorial_interfaces/include/tutorial_interfaces/msg/num.hpp
[13.370s] -- Up-to-date: /home/bettanin/ros2dev/install/tutorial_interfaces/include/tutorial_interfaces/msg/detail
[13.371s] -- Installing: /home/bettanin/ros2dev/install/tutorial_interfaces/include/tutorial_interfaces/msg/detail/num__struct.hpp
[13.371s] -- Installing: /home/bettanin/ros2dev/install/tutorial_interfaces/include/tutorial_interfaces/msg/detail/sphere__traits.hpp
[13.371s] -- Installing: /home/bettanin/ros2dev/install/tutorial_interfaces/include/tutorial_interfaces/msg/detail/sphere__builder.hpp
[13.372s] -- Installing: /home/bettanin/ros2dev/install/tutorial_interfaces/include/tutorial_interfaces/msg/detail/num__traits.hpp
[13.372s] -- Installing: /home/bettanin/ros2dev/install/tutorial_interfaces/include/tutorial_interfaces/msg/detail/sphere__struct.hpp
[13.372s] -- Installing: /home/bettanin/ros2dev/install/tutorial_interfaces/include/tutorial_interfaces/msg/detail/num__builder.hpp
[13.372s] -- Up-to-date: /home/bettanin/ros2dev/install/tutorial_interfaces/include/tutorial_interfaces
[13.372s] -- Up-to-date: /home/bettanin/ros2dev/install/tutorial_interfaces/include/tutorial_interfaces/srv
[13.373s] -- Up-to-date: /home/bettanin/ros2dev/install/tutorial_interfaces/include/tutorial_interfaces/srv/detail
[13.373s] -- Installing: /home/bettanin/ros2dev/install/tutorial_interfaces/include/tutorial_interfaces/srv/detail/add_three_ints__rosidl_typesupport_introspection_cpp.hpp
[13.373s] -- Installing: /home/bettanin/ros2dev/install/tutorial_interfaces/include/tutorial_interfaces/srv/detail/add_three_ints__type_support.cpp
[13.373s] -- Up-to-date: /home/bettanin/ros2dev/install/tutorial_interfaces/include/tutorial_interfaces/msg
[13.373s] -- Up-to-date: /home/bettanin/ros2dev/install/tutorial_interfaces/include/tutorial_interfaces/msg/detail
[13.374s] -- Installing: /home/bettanin/ros2dev/install/tutorial_interfaces/include/tutorial_interfaces/msg/detail/num__rosidl_typesupport_introspection_cpp.hpp
[13.374s] -- Installing: /home/bettanin/ros2dev/install/tutorial_interfaces/include/tutorial_interfaces/msg/detail/num__type_support.cpp
[13.374s] -- Installing: /home/bettanin/ros2dev/install/tutorial_interfaces/include/tutorial_interfaces/msg/detail/sphere__type_support.cpp
[13.374s] -- Installing: /home/bettanin/ros2dev/install/tutorial_interfaces/include/tutorial_interfaces/msg/detail/sphere__rosidl_typesupport_introspection_cpp.hpp
[13.375s] -- Installing: /home/bettanin/ros2dev/install/tutorial_interfaces/lib/libtutorial_interfaces__rosidl_typesupport_introspection_cpp.so
[13.375s] -- Set runtime path of "/home/bettanin/ros2dev/install/tutorial_interfaces/lib/libtutorial_interfaces__rosidl_typesupport_introspection_cpp.so" to ""
[13.375s] -- Installing: /home/bettanin/ros2dev/install/tutorial_interfaces/lib/libtutorial_interfaces__rosidl_typesupport_cpp.so
[13.375s] -- Set runtime path of "/home/bettanin/ros2dev/install/tutorial_interfaces/lib/libtutorial_interfaces__rosidl_typesupport_cpp.so" to ""
[13.375s] -- Installing: /home/bettanin/ros2dev/install/tutorial_interfaces/share/tutorial_interfaces/environment/pythonpath.sh
[13.376s] -- Installing: /home/bettanin/ros2dev/install/tutorial_interfaces/share/tutorial_interfaces/environment/pythonpath.dsv
[13.376s] -- Installing: /home/bettanin/ros2dev/install/tutorial_interfaces/lib/python3.8/site-packages/tutorial_interfaces/__init__.py
[13.441s] Compiling '/home/bettanin/ros2dev/install/tutorial_interfaces/lib/python3.8/site-packages/tutorial_interfaces/__init__.py'...
[13.450s] -- Installing: /home/bettanin/ros2dev/install/tutorial_interfaces/lib/python3.8/site-packages/tutorial_interfaces/msg
[13.451s] -- Installing: /home/bettanin/ros2dev/install/tutorial_interfaces/lib/python3.8/site-packages/tutorial_interfaces/msg/_sphere.py
[13.451s] -- Installing: /home/bettanin/ros2dev/install/tutorial_interfaces/lib/python3.8/site-packages/tutorial_interfaces/msg/_num_s.c
[13.452s] -- Installing: /home/bettanin/ros2dev/install/tutorial_interfaces/lib/python3.8/site-packages/tutorial_interfaces/msg/_sphere_s.c
[13.452s] -- Installing: /home/bettanin/ros2dev/install/tutorial_interfaces/lib/python3.8/site-packages/tutorial_interfaces/msg/_num.py
[13.452s] -- Installing: /home/bettanin/ros2dev/install/tutorial_interfaces/lib/python3.8/site-packages/tutorial_interfaces/msg/__init__.py
[13.453s] -- Installing: /home/bettanin/ros2dev/install/tutorial_interfaces/lib/python3.8/site-packages/tutorial_interfaces/srv
[13.453s] -- Installing: /home/bettanin/ros2dev/install/tutorial_interfaces/lib/python3.8/site-packages/tutorial_interfaces/srv/_add_three_ints_s.c
[13.453s] -- Installing: /home/bettanin/ros2dev/install/tutorial_interfaces/lib/python3.8/site-packages/tutorial_interfaces/srv/_add_three_ints.py
[13.454s] -- Installing: /home/bettanin/ros2dev/install/tutorial_interfaces/lib/python3.8/site-packages/tutorial_interfaces/srv/__init__.py
[13.454s] -- Installing: /home/bettanin/ros2dev/install/tutorial_interfaces/lib/python3.8/site-packages/tutorial_interfaces/tutorial_interfaces_s__rosidl_typesupport_fastrtps_c.cpython-38-x86_64-linux-gnu.so
[13.456s] -- Set runtime path of "/home/bettanin/ros2dev/install/tutorial_interfaces/lib/python3.8/site-packages/tutorial_interfaces/tutorial_interfaces_s__rosidl_typesupport_fastrtps_c.cpython-38-x86_64-linux-gnu.so" to ""
[13.457s] -- Installing: /home/bettanin/ros2dev/install/tutorial_interfaces/lib/python3.8/site-packages/tutorial_interfaces/tutorial_interfaces_s__rosidl_typesupport_introspection_c.cpython-38-x86_64-linux-gnu.so
[13.458s] -- Set runtime path of "/home/bettanin/ros2dev/install/tutorial_interfaces/lib/python3.8/site-packages/tutorial_interfaces/tutorial_interfaces_s__rosidl_typesupport_introspection_c.cpython-38-x86_64-linux-gnu.so" to ""
[13.458s] -- Installing: /home/bettanin/ros2dev/install/tutorial_interfaces/lib/python3.8/site-packages/tutorial_interfaces/tutorial_interfaces_s__rosidl_typesupport_c.cpython-38-x86_64-linux-gnu.so
[13.460s] -- Set runtime path of "/home/bettanin/ros2dev/install/tutorial_interfaces/lib/python3.8/site-packages/tutorial_interfaces/tutorial_interfaces_s__rosidl_typesupport_c.cpython-38-x86_64-linux-gnu.so" to ""
[13.460s] -- Installing: /home/bettanin/ros2dev/install/tutorial_interfaces/lib/libtutorial_interfaces__python.so
[13.461s] -- Set runtime path of "/home/bettanin/ros2dev/install/tutorial_interfaces/lib/libtutorial_interfaces__python.so" to ""
[13.461s] -- Installing: /home/bettanin/ros2dev/install/tutorial_interfaces/share/tutorial_interfaces/msg/Num.idl
[13.461s] -- Installing: /home/bettanin/ros2dev/install/tutorial_interfaces/share/tutorial_interfaces/msg/Sphere.idl
[13.462s] -- Installing: /home/bettanin/ros2dev/install/tutorial_interfaces/share/tutorial_interfaces/srv/AddThreeInts.idl
[13.462s] -- Installing: /home/bettanin/ros2dev/install/tutorial_interfaces/share/tutorial_interfaces/msg/Num.msg
[13.462s] -- Installing: /home/bettanin/ros2dev/install/tutorial_interfaces/share/tutorial_interfaces/msg/Sphere.msg
[13.463s] -- Installing: /home/bettanin/ros2dev/install/tutorial_interfaces/share/tutorial_interfaces/srv/AddThreeInts.srv
[13.463s] -- Installing: /home/bettanin/ros2dev/install/tutorial_interfaces/share/tutorial_interfaces/srv/AddThreeInts_Request.msg
[13.464s] -- Installing: /home/bettanin/ros2dev/install/tutorial_interfaces/share/tutorial_interfaces/srv/AddThreeInts_Response.msg
[13.464s] -- Installing: /home/bettanin/ros2dev/install/tutorial_interfaces/share/ament_index/resource_index/package_run_dependencies/tutorial_interfaces
[13.464s] -- Installing: /home/bettanin/ros2dev/install/tutorial_interfaces/share/ament_index/resource_index/parent_prefix_path/tutorial_interfaces
[13.465s] -- Installing: /home/bettanin/ros2dev/install/tutorial_interfaces/share/tutorial_interfaces/environment/ament_prefix_path.sh
[13.465s] -- Installing: /home/bettanin/ros2dev/install/tutorial_interfaces/share/tutorial_interfaces/environment/ament_prefix_path.dsv
[13.466s] -- Installing: /home/bettanin/ros2dev/install/tutorial_interfaces/share/tutorial_interfaces/environment/path.sh
[13.466s] -- Installing: /home/bettanin/ros2dev/install/tutorial_interfaces/share/tutorial_interfaces/environment/path.dsv
[13.466s] -- Installing: /home/bettanin/ros2dev/install/tutorial_interfaces/share/tutorial_interfaces/local_setup.bash
[13.467s] -- Installing: /home/bettanin/ros2dev/install/tutorial_interfaces/share/tutorial_interfaces/local_setup.sh
[13.467s] -- Installing: /home/bettanin/ros2dev/install/tutorial_interfaces/share/tutorial_interfaces/local_setup.zsh
[13.467s] -- Installing: /home/bettanin/ros2dev/install/tutorial_interfaces/share/tutorial_interfaces/local_setup.dsv
[13.468s] -- Installing: /home/bettanin/ros2dev/install/tutorial_interfaces/share/tutorial_interfaces/package.dsv
[13.468s] -- Installing: /home/bettanin/ros2dev/install/tutorial_interfaces/share/ament_index/resource_index/packages/tutorial_interfaces
[13.469s] -- Installing: /home/bettanin/ros2dev/install/tutorial_interfaces/share/tutorial_interfaces/cmake/tutorial_interfaces__rosidl_generator_cExport.cmake
[13.470s] -- Installing: /home/bettanin/ros2dev/install/tutorial_interfaces/share/tutorial_interfaces/cmake/tutorial_interfaces__rosidl_generator_cExport-noconfig.cmake
[13.470s] -- Installing: /home/bettanin/ros2dev/install/tutorial_interfaces/share/tutorial_interfaces/cmake/tutorial_interfaces__rosidl_typesupport_introspection_cExport.cmake
[13.471s] -- Installing: /home/bettanin/ros2dev/install/tutorial_interfaces/share/tutorial_interfaces/cmake/tutorial_interfaces__rosidl_typesupport_introspection_cExport-noconfig.cmake
[13.471s] -- Installing: /home/bettanin/ros2dev/install/tutorial_interfaces/share/tutorial_interfaces/cmake/tutorial_interfaces__rosidl_typesupport_cExport.cmake
[13.472s] -- Installing: /home/bettanin/ros2dev/install/tutorial_interfaces/share/tutorial_interfaces/cmake/tutorial_interfaces__rosidl_typesupport_cExport-noconfig.cmake
[13.472s] -- Installing: /home/bettanin/ros2dev/install/tutorial_interfaces/share/tutorial_interfaces/cmake/tutorial_interfaces__rosidl_generator_cppExport.cmake
[13.473s] -- Installing: /home/bettanin/ros2dev/install/tutorial_interfaces/share/tutorial_interfaces/cmake/tutorial_interfaces__rosidl_typesupport_introspection_cppExport.cmake
[13.473s] -- Installing: /home/bettanin/ros2dev/install/tutorial_interfaces/share/tutorial_interfaces/cmake/tutorial_interfaces__rosidl_typesupport_introspection_cppExport-noconfig.cmake
[13.474s] -- Installing: /home/bettanin/ros2dev/install/tutorial_interfaces/share/tutorial_interfaces/cmake/tutorial_interfaces__rosidl_typesupport_cppExport.cmake
[13.475s] -- Installing: /home/bettanin/ros2dev/install/tutorial_interfaces/share/tutorial_interfaces/cmake/tutorial_interfaces__rosidl_typesupport_cppExport-noconfig.cmake
[13.475s] -- Installing: /home/bettanin/ros2dev/install/tutorial_interfaces/share/tutorial_interfaces/cmake/rosidl_cmake-extras.cmake
[13.475s] -- Installing: /home/bettanin/ros2dev/install/tutorial_interfaces/share/tutorial_interfaces/cmake/ament_cmake_export_dependencies-extras.cmake
[13.476s] -- Installing: /home/bettanin/ros2dev/install/tutorial_interfaces/share/tutorial_interfaces/cmake/ament_cmake_export_libraries-extras.cmake
[13.476s] -- Installing: /home/bettanin/ros2dev/install/tutorial_interfaces/share/tutorial_interfaces/cmake/ament_cmake_export_targets-extras.cmake
[13.477s] -- Installing: /home/bettanin/ros2dev/install/tutorial_interfaces/share/tutorial_interfaces/cmake/ament_cmake_export_include_directories-extras.cmake
[13.477s] -- Installing: /home/bettanin/ros2dev/install/tutorial_interfaces/share/tutorial_interfaces/cmake/rosidl_cmake_export_typesupport_libraries-extras.cmake
[13.478s] -- Installing: /home/bettanin/ros2dev/install/tutorial_interfaces/share/tutorial_interfaces/cmake/rosidl_cmake_export_typesupport_targets-extras.cmake
[13.478s] -- Installing: /home/bettanin/ros2dev/install/tutorial_interfaces/share/tutorial_interfaces/cmake/tutorial_interfacesConfig.cmake
[13.479s] -- Installing: /home/bettanin/ros2dev/install/tutorial_interfaces/share/tutorial_interfaces/cmake/tutorial_interfacesConfig-version.cmake
[13.479s] -- Installing: /home/bettanin/ros2dev/install/tutorial_interfaces/share/tutorial_interfaces/package.xml
[13.485s] Invoked command in '/home/bettanin/ros2dev/build/tutorial_interfaces' returned '0': CMAKE_PREFIX_PATH=${CMAKE_PREFIX_PATH}:/opt/ros/foxy /usr/bin/cmake --install /home/bettanin/ros2dev/build/tutorial_interfaces
