[0.027s] Invoking command in '/home/bettanin/ros2dev/build/tutorial_interfaces': CMAKE_PREFIX_PATH=${CMAKE_PREFIX_PATH}:/opt/ros/foxy /usr/bin/cmake --build /home/bettanin/ros2dev/build/tutorial_interfaces -- -j8 -l8
[0.142s] [  2%] Built target tutorial_interfaces__cpp
[0.155s] [ 12%] Built target tutorial_interfaces__rosidl_generator_c
[0.192s] [ 23%] Built target tutorial_interfaces__rosidl_typesupport_introspection_cpp
[0.195s] [ 34%] Built target tutorial_interfaces__rosidl_typesupport_cpp
[0.206s] [ 44%] Built target tutorial_interfaces__rosidl_typesupport_c
[0.208s] [ 55%] Built target tutorial_interfaces__rosidl_typesupport_fastrtps_cpp
[0.215s] [ 65%] Built target tutorial_interfaces__rosidl_typesupport_introspection_c
[0.267s] [ 76%] Built target tutorial_interfaces__rosidl_typesupport_fastrtps_c
[0.306s] [ 76%] Built target tutorial_interfaces
[0.365s] [ 78%] Built target tutorial_interfaces__py
[0.428s] [ 87%] Built target tutorial_interfaces__python
[0.481s] [ 91%] Built target tutorial_interfaces__rosidl_typesupport_c__pyext
[0.482s] [100%] Built target tutorial_interfaces__rosidl_typesupport_introspection_c__pyext
[0.482s] [100%] Built target tutorial_interfaces__rosidl_typesupport_fastrtps_c__pyext
[0.505s] Invoked command in '/home/bettanin/ros2dev/build/tutorial_interfaces' returned '0': CMAKE_PREFIX_PATH=${CMAKE_PREFIX_PATH}:/opt/ros/foxy /usr/bin/cmake --build /home/bettanin/ros2dev/build/tutorial_interfaces -- -j8 -l8
[0.678s] Invoking command in '/home/bettanin/ros2dev/build/tutorial_interfaces': CMAKE_PREFIX_PATH=${CMAKE_PREFIX_PATH}:/opt/ros/foxy /usr/bin/cmake --install /home/bettanin/ros2dev/build/tutorial_interfaces
[0.694s] -- Install configuration: ""
[0.695s] -- Up-to-date: /home/bettanin/ros2dev/install/tutorial_interfaces/share/ament_index/resource_index/rosidl_interfaces/tutorial_interfaces
[0.695s] -- Up-to-date: /home/bettanin/ros2dev/install/tutorial_interfaces/include/tutorial_interfaces
[0.695s] -- Up-to-date: /home/bettanin/ros2dev/install/tutorial_interfaces/include/tutorial_interfaces/srv
[0.696s] -- Up-to-date: /home/bettanin/ros2dev/install/tutorial_interfaces/include/tutorial_interfaces/srv/add_three_ints.h
[0.696s] -- Up-to-date: /home/bettanin/ros2dev/install/tutorial_interfaces/include/tutorial_interfaces/srv/detail
[0.696s] -- Up-to-date: /home/bettanin/ros2dev/install/tutorial_interfaces/include/tutorial_interfaces/srv/detail/add_three_ints__type_support.h
[0.696s] -- Up-to-date: /home/bettanin/ros2dev/install/tutorial_interfaces/include/tutorial_interfaces/srv/detail/add_three_ints__struct.h
[0.696s] -- Up-to-date: /home/bettanin/ros2dev/install/tutorial_interfaces/include/tutorial_interfaces/srv/detail/add_three_ints__functions.c
[0.697s] -- Up-to-date: /home/bettanin/ros2dev/install/tutorial_interfaces/include/tutorial_interfaces/srv/detail/add_three_ints__functions.h
[0.697s] -- Up-to-date: /home/bettanin/ros2dev/install/tutorial_interfaces/include/tutorial_interfaces/msg
[0.697s] -- Up-to-date: /home/bettanin/ros2dev/install/tutorial_interfaces/include/tutorial_interfaces/msg/rosidl_generator_c__visibility_control.h
[0.697s] -- Up-to-date: /home/bettanin/ros2dev/install/tutorial_interfaces/include/tutorial_interfaces/msg/sphere.h
[0.698s] -- Up-to-date: /home/bettanin/ros2dev/install/tutorial_interfaces/include/tutorial_interfaces/msg/num.h
[0.698s] -- Up-to-date: /home/bettanin/ros2dev/install/tutorial_interfaces/include/tutorial_interfaces/msg/detail
[0.698s] -- Up-to-date: /home/bettanin/ros2dev/install/tutorial_interfaces/include/tutorial_interfaces/msg/detail/sphere__type_support.h
[0.698s] -- Up-to-date: /home/bettanin/ros2dev/install/tutorial_interfaces/include/tutorial_interfaces/msg/detail/num__functions.c
[0.698s] -- Up-to-date: /home/bettanin/ros2dev/install/tutorial_interfaces/include/tutorial_interfaces/msg/detail/num__type_support.h
[0.698s] -- Up-to-date: /home/bettanin/ros2dev/install/tutorial_interfaces/include/tutorial_interfaces/msg/detail/num__functions.h
[0.698s] -- Up-to-date: /home/bettanin/ros2dev/install/tutorial_interfaces/include/tutorial_interfaces/msg/detail/sphere__struct.h
[0.699s] -- Up-to-date: /home/bettanin/ros2dev/install/tutorial_interfaces/include/tutorial_interfaces/msg/detail/sphere__functions.c
[0.699s] -- Up-to-date: /home/bettanin/ros2dev/install/tutorial_interfaces/include/tutorial_interfaces/msg/detail/sphere__functions.h
[0.699s] -- Up-to-date: /home/bettanin/ros2dev/install/tutorial_interfaces/include/tutorial_interfaces/msg/detail/num__struct.h
[0.699s] -- Up-to-date: /home/bettanin/ros2dev/install/tutorial_interfaces/share/tutorial_interfaces/environment/library_path.sh
[0.699s] -- Up-to-date: /home/bettanin/ros2dev/install/tutorial_interfaces/share/tutorial_interfaces/environment/library_path.dsv
[0.699s] -- Up-to-date: /home/bettanin/ros2dev/install/tutorial_interfaces/lib/libtutorial_interfaces__rosidl_generator_c.so
[0.700s] -- Up-to-date: /home/bettanin/ros2dev/install/tutorial_interfaces/include/tutorial_interfaces
[0.700s] -- Up-to-date: /home/bettanin/ros2dev/install/tutorial_interfaces/include/tutorial_interfaces/srv
[0.700s] -- Up-to-date: /home/bettanin/ros2dev/install/tutorial_interfaces/include/tutorial_interfaces/srv/detail
[0.700s] -- Up-to-date: /home/bettanin/ros2dev/install/tutorial_interfaces/include/tutorial_interfaces/srv/detail/add_three_ints__rosidl_typesupport_fastrtps_c.h
[0.700s] -- Up-to-date: /home/bettanin/ros2dev/install/tutorial_interfaces/include/tutorial_interfaces/msg
[0.700s] -- Up-to-date: /home/bettanin/ros2dev/install/tutorial_interfaces/include/tutorial_interfaces/msg/rosidl_typesupport_fastrtps_c__visibility_control.h
[0.700s] -- Up-to-date: /home/bettanin/ros2dev/install/tutorial_interfaces/include/tutorial_interfaces/msg/detail
[0.701s] -- Up-to-date: /home/bettanin/ros2dev/install/tutorial_interfaces/include/tutorial_interfaces/msg/detail/num__rosidl_typesupport_fastrtps_c.h
[0.701s] -- Up-to-date: /home/bettanin/ros2dev/install/tutorial_interfaces/include/tutorial_interfaces/msg/detail/sphere__rosidl_typesupport_fastrtps_c.h
[0.701s] -- Up-to-date: /home/bettanin/ros2dev/install/tutorial_interfaces/lib/libtutorial_interfaces__rosidl_typesupport_fastrtps_c.so
[0.701s] -- Up-to-date: /home/bettanin/ros2dev/install/tutorial_interfaces/include/tutorial_interfaces
[0.701s] -- Up-to-date: /home/bettanin/ros2dev/install/tutorial_interfaces/include/tutorial_interfaces/srv
[0.702s] -- Up-to-date: /home/bettanin/ros2dev/install/tutorial_interfaces/include/tutorial_interfaces/srv/detail
[0.702s] -- Up-to-date: /home/bettanin/ros2dev/install/tutorial_interfaces/include/tutorial_interfaces/srv/detail/add_three_ints__rosidl_typesupport_fastrtps_cpp.hpp
[0.702s] -- Up-to-date: /home/bettanin/ros2dev/install/tutorial_interfaces/include/tutorial_interfaces/srv/detail/dds_fastrtps
[0.702s] -- Up-to-date: /home/bettanin/ros2dev/install/tutorial_interfaces/include/tutorial_interfaces/msg
[0.702s] -- Up-to-date: /home/bettanin/ros2dev/install/tutorial_interfaces/include/tutorial_interfaces/msg/rosidl_typesupport_fastrtps_cpp__visibility_control.h
[0.702s] -- Up-to-date: /home/bettanin/ros2dev/install/tutorial_interfaces/include/tutorial_interfaces/msg/detail
[0.703s] -- Up-to-date: /home/bettanin/ros2dev/install/tutorial_interfaces/include/tutorial_interfaces/msg/detail/num__rosidl_typesupport_fastrtps_cpp.hpp
[0.703s] -- Up-to-date: /home/bettanin/ros2dev/install/tutorial_interfaces/include/tutorial_interfaces/msg/detail/sphere__rosidl_typesupport_fastrtps_cpp.hpp
[0.703s] -- Up-to-date: /home/bettanin/ros2dev/install/tutorial_interfaces/include/tutorial_interfaces/msg/detail/dds_fastrtps
[0.703s] -- Up-to-date: /home/bettanin/ros2dev/install/tutorial_interfaces/lib/libtutorial_interfaces__rosidl_typesupport_fastrtps_cpp.so
[0.704s] -- Up-to-date: /home/bettanin/ros2dev/install/tutorial_interfaces/include/tutorial_interfaces
[0.704s] -- Up-to-date: /home/bettanin/ros2dev/install/tutorial_interfaces/include/tutorial_interfaces/srv
[0.704s] -- Up-to-date: /home/bettanin/ros2dev/install/tutorial_interfaces/include/tutorial_interfaces/srv/detail
[0.705s] -- Up-to-date: /home/bettanin/ros2dev/install/tutorial_interfaces/include/tutorial_interfaces/srv/detail/add_three_ints__type_support.c
[0.705s] -- Up-to-date: /home/bettanin/ros2dev/install/tutorial_interfaces/include/tutorial_interfaces/srv/detail/add_three_ints__rosidl_typesupport_introspection_c.h
[0.705s] -- Up-to-date: /home/bettanin/ros2dev/install/tutorial_interfaces/include/tutorial_interfaces/msg
[0.705s] -- Up-to-date: /home/bettanin/ros2dev/install/tutorial_interfaces/include/tutorial_interfaces/msg/detail
[0.705s] -- Up-to-date: /home/bettanin/ros2dev/install/tutorial_interfaces/include/tutorial_interfaces/msg/detail/sphere__type_support.c
[0.705s] -- Up-to-date: /home/bettanin/ros2dev/install/tutorial_interfaces/include/tutorial_interfaces/msg/detail/num__rosidl_typesupport_introspection_c.h
[0.705s] -- Up-to-date: /home/bettanin/ros2dev/install/tutorial_interfaces/include/tutorial_interfaces/msg/detail/sphere__rosidl_typesupport_introspection_c.h
[0.706s] -- Up-to-date: /home/bettanin/ros2dev/install/tutorial_interfaces/include/tutorial_interfaces/msg/detail/num__type_support.c
[0.706s] -- Up-to-date: /home/bettanin/ros2dev/install/tutorial_interfaces/include/tutorial_interfaces/msg/rosidl_typesupport_introspection_c__visibility_control.h
[0.706s] -- Up-to-date: /home/bettanin/ros2dev/install/tutorial_interfaces/lib/libtutorial_interfaces__rosidl_typesupport_introspection_c.so
[0.707s] -- Up-to-date: /home/bettanin/ros2dev/install/tutorial_interfaces/lib/libtutorial_interfaces__rosidl_typesupport_c.so
[0.708s] -- Up-to-date: /home/bettanin/ros2dev/install/tutorial_interfaces/include/tutorial_interfaces
[0.708s] -- Up-to-date: /home/bettanin/ros2dev/install/tutorial_interfaces/include/tutorial_interfaces/srv
[0.708s] -- Up-to-date: /home/bettanin/ros2dev/install/tutorial_interfaces/include/tutorial_interfaces/srv/add_three_ints.hpp
[0.709s] -- Up-to-date: /home/bettanin/ros2dev/install/tutorial_interfaces/include/tutorial_interfaces/srv/detail
[0.709s] -- Up-to-date: /home/bettanin/ros2dev/install/tutorial_interfaces/include/tutorial_interfaces/srv/detail/add_three_ints__traits.hpp
[0.709s] -- Up-to-date: /home/bettanin/ros2dev/install/tutorial_interfaces/include/tutorial_interfaces/srv/detail/add_three_ints__struct.hpp
[0.710s] -- Up-to-date: /home/bettanin/ros2dev/install/tutorial_interfaces/include/tutorial_interfaces/srv/detail/add_three_ints__builder.hpp
[0.710s] -- Up-to-date: /home/bettanin/ros2dev/install/tutorial_interfaces/include/tutorial_interfaces/msg
[0.710s] -- Up-to-date: /home/bettanin/ros2dev/install/tutorial_interfaces/include/tutorial_interfaces/msg/sphere.hpp
[0.710s] -- Up-to-date: /home/bettanin/ros2dev/install/tutorial_interfaces/include/tutorial_interfaces/msg/num.hpp
[0.711s] -- Up-to-date: /home/bettanin/ros2dev/install/tutorial_interfaces/include/tutorial_interfaces/msg/detail
[0.711s] -- Up-to-date: /home/bettanin/ros2dev/install/tutorial_interfaces/include/tutorial_interfaces/msg/detail/num__struct.hpp
[0.711s] -- Up-to-date: /home/bettanin/ros2dev/install/tutorial_interfaces/include/tutorial_interfaces/msg/detail/sphere__traits.hpp
[0.711s] -- Up-to-date: /home/bettanin/ros2dev/install/tutorial_interfaces/include/tutorial_interfaces/msg/detail/sphere__builder.hpp
[0.712s] -- Up-to-date: /home/bettanin/ros2dev/install/tutorial_interfaces/include/tutorial_interfaces/msg/detail/num__traits.hpp
[0.712s] -- Up-to-date: /home/bettanin/ros2dev/install/tutorial_interfaces/include/tutorial_interfaces/msg/detail/sphere__struct.hpp
[0.712s] -- Up-to-date: /home/bettanin/ros2dev/install/tutorial_interfaces/include/tutorial_interfaces/msg/detail/num__builder.hpp
[0.712s] -- Up-to-date: /home/bettanin/ros2dev/install/tutorial_interfaces/include/tutorial_interfaces
[0.713s] -- Up-to-date: /home/bettanin/ros2dev/install/tutorial_interfaces/include/tutorial_interfaces/srv
[0.713s] -- Up-to-date: /home/bettanin/ros2dev/install/tutorial_interfaces/include/tutorial_interfaces/srv/detail
[0.713s] -- Up-to-date: /home/bettanin/ros2dev/install/tutorial_interfaces/include/tutorial_interfaces/srv/detail/add_three_ints__rosidl_typesupport_introspection_cpp.hpp
[0.713s] -- Up-to-date: /home/bettanin/ros2dev/install/tutorial_interfaces/include/tutorial_interfaces/srv/detail/add_three_ints__type_support.cpp
[0.713s] -- Up-to-date: /home/bettanin/ros2dev/install/tutorial_interfaces/include/tutorial_interfaces/msg
[0.713s] -- Up-to-date: /home/bettanin/ros2dev/install/tutorial_interfaces/include/tutorial_interfaces/msg/detail
[0.713s] -- Up-to-date: /home/bettanin/ros2dev/install/tutorial_interfaces/include/tutorial_interfaces/msg/detail/num__rosidl_typesupport_introspection_cpp.hpp
[0.714s] -- Up-to-date: /home/bettanin/ros2dev/install/tutorial_interfaces/include/tutorial_interfaces/msg/detail/num__type_support.cpp
[0.714s] -- Up-to-date: /home/bettanin/ros2dev/install/tutorial_interfaces/include/tutorial_interfaces/msg/detail/sphere__type_support.cpp
[0.714s] -- Up-to-date: /home/bettanin/ros2dev/install/tutorial_interfaces/include/tutorial_interfaces/msg/detail/sphere__rosidl_typesupport_introspection_cpp.hpp
[0.714s] -- Up-to-date: /home/bettanin/ros2dev/install/tutorial_interfaces/lib/libtutorial_interfaces__rosidl_typesupport_introspection_cpp.so
[0.714s] -- Up-to-date: /home/bettanin/ros2dev/install/tutorial_interfaces/lib/libtutorial_interfaces__rosidl_typesupport_cpp.so
[0.714s] -- Up-to-date: /home/bettanin/ros2dev/install/tutorial_interfaces/share/tutorial_interfaces/environment/pythonpath.sh
[0.714s] -- Up-to-date: /home/bettanin/ros2dev/install/tutorial_interfaces/share/tutorial_interfaces/environment/pythonpath.dsv
[0.715s] -- Up-to-date: /home/bettanin/ros2dev/install/tutorial_interfaces/lib/python3.8/site-packages/tutorial_interfaces/__init__.py
[0.778s] -- Up-to-date: /home/bettanin/ros2dev/install/tutorial_interfaces/lib/python3.8/site-packages/tutorial_interfaces/msg
[0.779s] -- Up-to-date: /home/bettanin/ros2dev/install/tutorial_interfaces/lib/python3.8/site-packages/tutorial_interfaces/msg/_sphere.py
[0.779s] -- Up-to-date: /home/bettanin/ros2dev/install/tutorial_interfaces/lib/python3.8/site-packages/tutorial_interfaces/msg/_num_s.c
[0.779s] -- Up-to-date: /home/bettanin/ros2dev/install/tutorial_interfaces/lib/python3.8/site-packages/tutorial_interfaces/msg/_sphere_s.c
[0.779s] -- Up-to-date: /home/bettanin/ros2dev/install/tutorial_interfaces/lib/python3.8/site-packages/tutorial_interfaces/msg/_num.py
[0.779s] -- Up-to-date: /home/bettanin/ros2dev/install/tutorial_interfaces/lib/python3.8/site-packages/tutorial_interfaces/msg/__init__.py
[0.779s] -- Up-to-date: /home/bettanin/ros2dev/install/tutorial_interfaces/lib/python3.8/site-packages/tutorial_interfaces/srv
[0.780s] -- Up-to-date: /home/bettanin/ros2dev/install/tutorial_interfaces/lib/python3.8/site-packages/tutorial_interfaces/srv/_add_three_ints_s.c
[0.780s] -- Up-to-date: /home/bettanin/ros2dev/install/tutorial_interfaces/lib/python3.8/site-packages/tutorial_interfaces/srv/_add_three_ints.py
[0.780s] -- Up-to-date: /home/bettanin/ros2dev/install/tutorial_interfaces/lib/python3.8/site-packages/tutorial_interfaces/srv/__init__.py
[0.780s] -- Up-to-date: /home/bettanin/ros2dev/install/tutorial_interfaces/lib/python3.8/site-packages/tutorial_interfaces/tutorial_interfaces_s__rosidl_typesupport_fastrtps_c.cpython-38-x86_64-linux-gnu.so
[0.782s] -- Up-to-date: /home/bettanin/ros2dev/install/tutorial_interfaces/lib/python3.8/site-packages/tutorial_interfaces/tutorial_interfaces_s__rosidl_typesupport_introspection_c.cpython-38-x86_64-linux-gnu.so
[0.785s] -- Up-to-date: /home/bettanin/ros2dev/install/tutorial_interfaces/lib/python3.8/site-packages/tutorial_interfaces/tutorial_interfaces_s__rosidl_typesupport_c.cpython-38-x86_64-linux-gnu.so
[0.786s] -- Up-to-date: /home/bettanin/ros2dev/install/tutorial_interfaces/lib/libtutorial_interfaces__python.so
[0.787s] -- Up-to-date: /home/bettanin/ros2dev/install/tutorial_interfaces/share/tutorial_interfaces/msg/Num.idl
[0.787s] -- Up-to-date: /home/bettanin/ros2dev/install/tutorial_interfaces/share/tutorial_interfaces/msg/Sphere.idl
[0.788s] -- Up-to-date: /home/bettanin/ros2dev/install/tutorial_interfaces/share/tutorial_interfaces/srv/AddThreeInts.idl
[0.788s] -- Up-to-date: /home/bettanin/ros2dev/install/tutorial_interfaces/share/tutorial_interfaces/msg/Num.msg
[0.788s] -- Up-to-date: /home/bettanin/ros2dev/install/tutorial_interfaces/share/tutorial_interfaces/msg/Sphere.msg
[0.788s] -- Up-to-date: /home/bettanin/ros2dev/install/tutorial_interfaces/share/tutorial_interfaces/srv/AddThreeInts.srv
[0.788s] -- Up-to-date: /home/bettanin/ros2dev/install/tutorial_interfaces/share/tutorial_interfaces/srv/AddThreeInts_Request.msg
[0.789s] -- Up-to-date: /home/bettanin/ros2dev/install/tutorial_interfaces/share/tutorial_interfaces/srv/AddThreeInts_Response.msg
[0.789s] -- Up-to-date: /home/bettanin/ros2dev/install/tutorial_interfaces/share/ament_index/resource_index/package_run_dependencies/tutorial_interfaces
[0.789s] -- Up-to-date: /home/bettanin/ros2dev/install/tutorial_interfaces/share/ament_index/resource_index/parent_prefix_path/tutorial_interfaces
[0.789s] -- Up-to-date: /home/bettanin/ros2dev/install/tutorial_interfaces/share/tutorial_interfaces/environment/ament_prefix_path.sh
[0.789s] -- Up-to-date: /home/bettanin/ros2dev/install/tutorial_interfaces/share/tutorial_interfaces/environment/ament_prefix_path.dsv
[0.789s] -- Up-to-date: /home/bettanin/ros2dev/install/tutorial_interfaces/share/tutorial_interfaces/environment/path.sh
[0.790s] -- Up-to-date: /home/bettanin/ros2dev/install/tutorial_interfaces/share/tutorial_interfaces/environment/path.dsv
[0.790s] -- Up-to-date: /home/bettanin/ros2dev/install/tutorial_interfaces/share/tutorial_interfaces/local_setup.bash
[0.790s] -- Up-to-date: /home/bettanin/ros2dev/install/tutorial_interfaces/share/tutorial_interfaces/local_setup.sh
[0.790s] -- Up-to-date: /home/bettanin/ros2dev/install/tutorial_interfaces/share/tutorial_interfaces/local_setup.zsh
[0.790s] -- Up-to-date: /home/bettanin/ros2dev/install/tutorial_interfaces/share/tutorial_interfaces/local_setup.dsv
[0.790s] -- Installing: /home/bettanin/ros2dev/install/tutorial_interfaces/share/tutorial_interfaces/package.dsv
[0.791s] -- Up-to-date: /home/bettanin/ros2dev/install/tutorial_interfaces/share/ament_index/resource_index/packages/tutorial_interfaces
[0.792s] -- Up-to-date: /home/bettanin/ros2dev/install/tutorial_interfaces/share/tutorial_interfaces/cmake/tutorial_interfaces__rosidl_generator_cExport.cmake
[0.792s] -- Up-to-date: /home/bettanin/ros2dev/install/tutorial_interfaces/share/tutorial_interfaces/cmake/tutorial_interfaces__rosidl_generator_cExport-noconfig.cmake
[0.793s] -- Up-to-date: /home/bettanin/ros2dev/install/tutorial_interfaces/share/tutorial_interfaces/cmake/tutorial_interfaces__rosidl_typesupport_introspection_cExport.cmake
[0.793s] -- Up-to-date: /home/bettanin/ros2dev/install/tutorial_interfaces/share/tutorial_interfaces/cmake/tutorial_interfaces__rosidl_typesupport_introspection_cExport-noconfig.cmake
[0.794s] -- Up-to-date: /home/bettanin/ros2dev/install/tutorial_interfaces/share/tutorial_interfaces/cmake/tutorial_interfaces__rosidl_typesupport_cExport.cmake
[0.794s] -- Up-to-date: /home/bettanin/ros2dev/install/tutorial_interfaces/share/tutorial_interfaces/cmake/tutorial_interfaces__rosidl_typesupport_cExport-noconfig.cmake
[0.795s] -- Up-to-date: /home/bettanin/ros2dev/install/tutorial_interfaces/share/tutorial_interfaces/cmake/tutorial_interfaces__rosidl_generator_cppExport.cmake
[0.796s] -- Up-to-date: /home/bettanin/ros2dev/install/tutorial_interfaces/share/tutorial_interfaces/cmake/tutorial_interfaces__rosidl_typesupport_introspection_cppExport.cmake
[0.796s] -- Up-to-date: /home/bettanin/ros2dev/install/tutorial_interfaces/share/tutorial_interfaces/cmake/tutorial_interfaces__rosidl_typesupport_introspection_cppExport-noconfig.cmake
[0.796s] -- Up-to-date: /home/bettanin/ros2dev/install/tutorial_interfaces/share/tutorial_interfaces/cmake/tutorial_interfaces__rosidl_typesupport_cppExport.cmake
[0.797s] -- Up-to-date: /home/bettanin/ros2dev/install/tutorial_interfaces/share/tutorial_interfaces/cmake/tutorial_interfaces__rosidl_typesupport_cppExport-noconfig.cmake
[0.797s] -- Up-to-date: /home/bettanin/ros2dev/install/tutorial_interfaces/share/tutorial_interfaces/cmake/rosidl_cmake-extras.cmake
[0.798s] -- Up-to-date: /home/bettanin/ros2dev/install/tutorial_interfaces/share/tutorial_interfaces/cmake/ament_cmake_export_dependencies-extras.cmake
[0.798s] -- Up-to-date: /home/bettanin/ros2dev/install/tutorial_interfaces/share/tutorial_interfaces/cmake/ament_cmake_export_libraries-extras.cmake
[0.798s] -- Up-to-date: /home/bettanin/ros2dev/install/tutorial_interfaces/share/tutorial_interfaces/cmake/ament_cmake_export_targets-extras.cmake
[0.798s] -- Up-to-date: /home/bettanin/ros2dev/install/tutorial_interfaces/share/tutorial_interfaces/cmake/ament_cmake_export_include_directories-extras.cmake
[0.798s] -- Up-to-date: /home/bettanin/ros2dev/install/tutorial_interfaces/share/tutorial_interfaces/cmake/rosidl_cmake_export_typesupport_libraries-extras.cmake
[0.799s] -- Up-to-date: /home/bettanin/ros2dev/install/tutorial_interfaces/share/tutorial_interfaces/cmake/rosidl_cmake_export_typesupport_targets-extras.cmake
[0.799s] -- Up-to-date: /home/bettanin/ros2dev/install/tutorial_interfaces/share/tutorial_interfaces/cmake/tutorial_interfacesConfig.cmake
[0.799s] -- Up-to-date: /home/bettanin/ros2dev/install/tutorial_interfaces/share/tutorial_interfaces/cmake/tutorial_interfacesConfig-version.cmake
[0.799s] -- Up-to-date: /home/bettanin/ros2dev/install/tutorial_interfaces/share/tutorial_interfaces/package.xml
[0.806s] Invoked command in '/home/bettanin/ros2dev/build/tutorial_interfaces' returned '0': CMAKE_PREFIX_PATH=${CMAKE_PREFIX_PATH}:/opt/ros/foxy /usr/bin/cmake --install /home/bettanin/ros2dev/build/tutorial_interfaces
