[0.028s] Invoking command in '/home/bettanin/ros2_ws/build/learning_tf2_cpp': CMAKE_PREFIX_PATH=${CMAKE_PREFIX_PATH}:/home/bettanin/ros2_ws/install/py_launch_example:/home/bettanin/ros2_ws/install/launch_tutorial:/opt/ros/foxy /usr/bin/cmake --build /home/bettanin/ros2_ws/build/learning_tf2_cpp -- -j8 -l8
[0.129s] [35m[1mScanning dependencies of target turtle_tf2_listener[0m
[0.163s] [ 20%] Built target static_turtle_tf2_broadcaster
[0.170s] [ 40%] Built target fixed_frame_tf2_broadcaster
[0.170s] [ 60%] Built target turtle_tf2_broadcaster
[0.180s] [ 80%] Built target dynamic_frame_tf2_broadcaster
[0.196s] [ 90%] [32mBuilding CXX object CMakeFiles/turtle_tf2_listener.dir/src/turtle_tf2_listener.cpp.o[0m
[6.855s] [100%] [32m[1mLinking CXX executable turtle_tf2_listener[0m
[7.275s] [100%] Built target turtle_tf2_listener
[7.299s] Invoked command in '/home/bettanin/ros2_ws/build/learning_tf2_cpp' returned '0': CMAKE_PREFIX_PATH=${CMAKE_PREFIX_PATH}:/home/bettanin/ros2_ws/install/py_launch_example:/home/bettanin/ros2_ws/install/launch_tutorial:/opt/ros/foxy /usr/bin/cmake --build /home/bettanin/ros2_ws/build/learning_tf2_cpp -- -j8 -l8
[7.385s] Invoking command in '/home/bettanin/ros2_ws/build/learning_tf2_cpp': CMAKE_PREFIX_PATH=${CMAKE_PREFIX_PATH}:/home/bettanin/ros2_ws/install/py_launch_example:/home/bettanin/ros2_ws/install/launch_tutorial:/opt/ros/foxy /usr/bin/cmake --install /home/bettanin/ros2_ws/build/learning_tf2_cpp
[7.402s] -- Install configuration: ""
[7.402s] -- Up-to-date: /home/bettanin/ros2_ws/install/learning_tf2_cpp/lib/learning_tf2_cpp/static_turtle_tf2_broadcaster
[7.403s] -- Up-to-date: /home/bettanin/ros2_ws/install/learning_tf2_cpp/lib/learning_tf2_cpp/turtle_tf2_broadcaster
[7.404s] -- Installing: /home/bettanin/ros2_ws/install/learning_tf2_cpp/lib/learning_tf2_cpp/turtle_tf2_listener
[7.407s] -- Set runtime path of "/home/bettanin/ros2_ws/install/learning_tf2_cpp/lib/learning_tf2_cpp/turtle_tf2_listener" to ""
[7.407s] -- Up-to-date: /home/bettanin/ros2_ws/install/learning_tf2_cpp/lib/learning_tf2_cpp/fixed_frame_tf2_broadcaster
[7.408s] -- Up-to-date: /home/bettanin/ros2_ws/install/learning_tf2_cpp/lib/learning_tf2_cpp/dynamic_frame_tf2_broadcaster
[7.409s] -- Up-to-date: /home/bettanin/ros2_ws/install/learning_tf2_cpp/share/learning_tf2_cpp/launch
[7.409s] -- Up-to-date: /home/bettanin/ros2_ws/install/learning_tf2_cpp/share/learning_tf2_cpp/launch/turtle_tf2_dynamic_frame_demo.launch.py
[7.410s] -- Up-to-date: /home/bettanin/ros2_ws/install/learning_tf2_cpp/share/learning_tf2_cpp/launch/turtle_tf2_demo.launch.py
[7.410s] -- Up-to-date: /home/bettanin/ros2_ws/install/learning_tf2_cpp/share/learning_tf2_cpp/launch/turtle_tf2_fixed_frame_demo.launch.py
[7.410s] -- Up-to-date: /home/bettanin/ros2_ws/install/learning_tf2_cpp/share/ament_index/resource_index/package_run_dependencies/learning_tf2_cpp
[7.410s] -- Up-to-date: /home/bettanin/ros2_ws/install/learning_tf2_cpp/share/ament_index/resource_index/parent_prefix_path/learning_tf2_cpp
[7.410s] -- Up-to-date: /home/bettanin/ros2_ws/install/learning_tf2_cpp/share/learning_tf2_cpp/environment/ament_prefix_path.sh
[7.410s] -- Up-to-date: /home/bettanin/ros2_ws/install/learning_tf2_cpp/share/learning_tf2_cpp/environment/ament_prefix_path.dsv
[7.411s] -- Up-to-date: /home/bettanin/ros2_ws/install/learning_tf2_cpp/share/learning_tf2_cpp/environment/path.sh
[7.411s] -- Up-to-date: /home/bettanin/ros2_ws/install/learning_tf2_cpp/share/learning_tf2_cpp/environment/path.dsv
[7.411s] -- Up-to-date: /home/bettanin/ros2_ws/install/learning_tf2_cpp/share/learning_tf2_cpp/local_setup.bash
[7.411s] -- Up-to-date: /home/bettanin/ros2_ws/install/learning_tf2_cpp/share/learning_tf2_cpp/local_setup.sh
[7.411s] -- Up-to-date: /home/bettanin/ros2_ws/install/learning_tf2_cpp/share/learning_tf2_cpp/local_setup.zsh
[7.411s] -- Up-to-date: /home/bettanin/ros2_ws/install/learning_tf2_cpp/share/learning_tf2_cpp/local_setup.dsv
[7.412s] -- Installing: /home/bettanin/ros2_ws/install/learning_tf2_cpp/share/learning_tf2_cpp/package.dsv
[7.412s] -- Up-to-date: /home/bettanin/ros2_ws/install/learning_tf2_cpp/share/ament_index/resource_index/packages/learning_tf2_cpp
[7.412s] -- Up-to-date: /home/bettanin/ros2_ws/install/learning_tf2_cpp/share/learning_tf2_cpp/cmake/learning_tf2_cppConfig.cmake
[7.412s] -- Up-to-date: /home/bettanin/ros2_ws/install/learning_tf2_cpp/share/learning_tf2_cpp/cmake/learning_tf2_cppConfig-version.cmake
[7.412s] -- Up-to-date: /home/bettanin/ros2_ws/install/learning_tf2_cpp/share/learning_tf2_cpp/package.xml
[7.415s] Invoked command in '/home/bettanin/ros2_ws/build/learning_tf2_cpp' returned '0': CMAKE_PREFIX_PATH=${CMAKE_PREFIX_PATH}:/home/bettanin/ros2_ws/install/py_launch_example:/home/bettanin/ros2_ws/install/launch_tutorial:/opt/ros/foxy /usr/bin/cmake --install /home/bettanin/ros2_ws/build/learning_tf2_cpp
