[0.064s] Invoking command in '/home/bettanin/ros2dev/build/tutorial_interfaces': CMAKE_PREFIX_PATH=${CMAKE_PREFIX_PATH}:/opt/ros/foxy /usr/bin/cmake --build /home/bettanin/ros2dev/build/tutorial_interfaces -- -j8 -l8
[0.177s] [  2%] Built target tutorial_interfaces__cpp
[0.199s] [ 12%] Built target tutorial_interfaces__rosidl_generator_c
[0.261s] [ 25%] Built target tutorial_interfaces__rosidl_typesupport_introspection_cpp
[0.262s] [ 34%] Built target tutorial_interfaces__rosidl_typesupport_cpp
[0.268s] [ 44%] Built target tutorial_interfaces__rosidl_typesupport_fastrtps_cpp
[0.277s] [ 55%] Built target tutorial_interfaces__rosidl_typesupport_introspection_c
[0.281s] [ 65%] Built target tutorial_interfaces__rosidl_typesupport_c
[0.340s] [ 76%] Built target tutorial_interfaces__rosidl_typesupport_fastrtps_c
[0.380s] [ 76%] Built target tutorial_interfaces
[0.430s] [ 78%] Built target tutorial_interfaces__py
[0.488s] [ 87%] Built target tutorial_interfaces__python
[0.548s] [ 91%] Built target tutorial_interfaces__rosidl_typesupport_introspection_c__pyext
[0.549s] [ 95%] Built target tutorial_interfaces__rosidl_typesupport_c__pyext
[0.552s] [100%] Built target tutorial_interfaces__rosidl_typesupport_fastrtps_c__pyext
[0.576s] Invoked command in '/home/bettanin/ros2dev/build/tutorial_interfaces' returned '0': CMAKE_PREFIX_PATH=${CMAKE_PREFIX_PATH}:/opt/ros/foxy /usr/bin/cmake --build /home/bettanin/ros2dev/build/tutorial_interfaces -- -j8 -l8
[0.738s] Invoking command in '/home/bettanin/ros2dev/build/tutorial_interfaces': CMAKE_PREFIX_PATH=${CMAKE_PREFIX_PATH}:/opt/ros/foxy /usr/bin/cmake --install /home/bettanin/ros2dev/build/tutorial_interfaces
[0.754s] -- Install configuration: ""
[0.755s] -- Up-to-date: /home/bettanin/ros2dev/install/tutorial_interfaces/share/ament_index/resource_index/rosidl_interfaces/tutorial_interfaces
[0.755s] -- Up-to-date: /home/bettanin/ros2dev/install/tutorial_interfaces/include/tutorial_interfaces
[0.756s] -- Up-to-date: /home/bettanin/ros2dev/install/tutorial_interfaces/include/tutorial_interfaces/srv
[0.756s] -- Up-to-date: /home/bettanin/ros2dev/install/tutorial_interfaces/include/tutorial_interfaces/srv/add_three_ints.h
[0.756s] -- Up-to-date: /home/bettanin/ros2dev/install/tutorial_interfaces/include/tutorial_interfaces/srv/detail
[0.756s] -- Up-to-date: /home/bettanin/ros2dev/install/tutorial_interfaces/include/tutorial_interfaces/srv/detail/add_three_ints__type_support.h
[0.757s] -- Up-to-date: /home/bettanin/ros2dev/install/tutorial_interfaces/include/tutorial_interfaces/srv/detail/add_three_ints__struct.h
[0.757s] -- Up-to-date: /home/bettanin/ros2dev/install/tutorial_interfaces/include/tutorial_interfaces/srv/detail/add_three_ints__functions.c
[0.757s] -- Up-to-date: /home/bettanin/ros2dev/install/tutorial_interfaces/include/tutorial_interfaces/srv/detail/add_three_ints__functions.h
[0.757s] -- Up-to-date: /home/bettanin/ros2dev/install/tutorial_interfaces/include/tutorial_interfaces/msg
[0.757s] -- Up-to-date: /home/bettanin/ros2dev/install/tutorial_interfaces/include/tutorial_interfaces/msg/rosidl_generator_c__visibility_control.h
[0.757s] -- Up-to-date: /home/bettanin/ros2dev/install/tutorial_interfaces/include/tutorial_interfaces/msg/sphere.h
[0.758s] -- Up-to-date: /home/bettanin/ros2dev/install/tutorial_interfaces/include/tutorial_interfaces/msg/num.h
[0.758s] -- Up-to-date: /home/bettanin/ros2dev/install/tutorial_interfaces/include/tutorial_interfaces/msg/detail
[0.758s] -- Up-to-date: /home/bettanin/ros2dev/install/tutorial_interfaces/include/tutorial_interfaces/msg/detail/sphere__type_support.h
[0.758s] -- Up-to-date: /home/bettanin/ros2dev/install/tutorial_interfaces/include/tutorial_interfaces/msg/detail/num__functions.c
[0.759s] -- Up-to-date: /home/bettanin/ros2dev/install/tutorial_interfaces/include/tutorial_interfaces/msg/detail/num__type_support.h
[0.759s] -- Up-to-date: /home/bettanin/ros2dev/install/tutorial_interfaces/include/tutorial_interfaces/msg/detail/num__functions.h
[0.759s] -- Up-to-date: /home/bettanin/ros2dev/install/tutorial_interfaces/include/tutorial_interfaces/msg/detail/sphere__struct.h
[0.760s] -- Up-to-date: /home/bettanin/ros2dev/install/tutorial_interfaces/include/tutorial_interfaces/msg/detail/sphere__functions.c
[0.760s] -- Up-to-date: /home/bettanin/ros2dev/install/tutorial_interfaces/include/tutorial_interfaces/msg/detail/sphere__functions.h
[0.760s] -- Up-to-date: /home/bettanin/ros2dev/install/tutorial_interfaces/include/tutorial_interfaces/msg/detail/num__struct.h
[0.761s] -- Up-to-date: /home/bettanin/ros2dev/install/tutorial_interfaces/share/tutorial_interfaces/environment/library_path.sh
[0.761s] -- Up-to-date: /home/bettanin/ros2dev/install/tutorial_interfaces/share/tutorial_interfaces/environment/library_path.dsv
[0.761s] -- Up-to-date: /home/bettanin/ros2dev/install/tutorial_interfaces/lib/libtutorial_interfaces__rosidl_generator_c.so
[0.761s] -- Up-to-date: /home/bettanin/ros2dev/install/tutorial_interfaces/include/tutorial_interfaces
[0.762s] -- Up-to-date: /home/bettanin/ros2dev/install/tutorial_interfaces/include/tutorial_interfaces/srv
[0.762s] -- Up-to-date: /home/bettanin/ros2dev/install/tutorial_interfaces/include/tutorial_interfaces/srv/detail
[0.763s] -- Up-to-date: /home/bettanin/ros2dev/install/tutorial_interfaces/include/tutorial_interfaces/srv/detail/add_three_ints__rosidl_typesupport_fastrtps_c.h
[0.763s] -- Up-to-date: /home/bettanin/ros2dev/install/tutorial_interfaces/include/tutorial_interfaces/msg
[0.763s] -- Up-to-date: /home/bettanin/ros2dev/install/tutorial_interfaces/include/tutorial_interfaces/msg/rosidl_typesupport_fastrtps_c__visibility_control.h
[0.763s] -- Up-to-date: /home/bettanin/ros2dev/install/tutorial_interfaces/include/tutorial_interfaces/msg/detail
[0.764s] -- Up-to-date: /home/bettanin/ros2dev/install/tutorial_interfaces/include/tutorial_interfaces/msg/detail/num__rosidl_typesupport_fastrtps_c.h
[0.764s] -- Up-to-date: /home/bettanin/ros2dev/install/tutorial_interfaces/include/tutorial_interfaces/msg/detail/sphere__rosidl_typesupport_fastrtps_c.h
[0.764s] -- Up-to-date: /home/bettanin/ros2dev/install/tutorial_interfaces/lib/libtutorial_interfaces__rosidl_typesupport_fastrtps_c.so
[0.765s] -- Up-to-date: /home/bettanin/ros2dev/install/tutorial_interfaces/include/tutorial_interfaces
[0.765s] -- Up-to-date: /home/bettanin/ros2dev/install/tutorial_interfaces/include/tutorial_interfaces/srv
[0.765s] -- Up-to-date: /home/bettanin/ros2dev/install/tutorial_interfaces/include/tutorial_interfaces/srv/detail
[0.766s] -- Up-to-date: /home/bettanin/ros2dev/install/tutorial_interfaces/include/tutorial_interfaces/srv/detail/add_three_ints__rosidl_typesupport_fastrtps_cpp.hpp
[0.766s] -- Up-to-date: /home/bettanin/ros2dev/install/tutorial_interfaces/include/tutorial_interfaces/srv/detail/dds_fastrtps
[0.766s] -- Up-to-date: /home/bettanin/ros2dev/install/tutorial_interfaces/include/tutorial_interfaces/msg
[0.767s] -- Up-to-date: /home/bettanin/ros2dev/install/tutorial_interfaces/include/tutorial_interfaces/msg/rosidl_typesupport_fastrtps_cpp__visibility_control.h
[0.767s] -- Up-to-date: /home/bettanin/ros2dev/install/tutorial_interfaces/include/tutorial_interfaces/msg/detail
[0.767s] -- Up-to-date: /home/bettanin/ros2dev/install/tutorial_interfaces/include/tutorial_interfaces/msg/detail/num__rosidl_typesupport_fastrtps_cpp.hpp
[0.768s] -- Up-to-date: /home/bettanin/ros2dev/install/tutorial_interfaces/include/tutorial_interfaces/msg/detail/sphere__rosidl_typesupport_fastrtps_cpp.hpp
[0.768s] -- Up-to-date: /home/bettanin/ros2dev/install/tutorial_interfaces/include/tutorial_interfaces/msg/detail/dds_fastrtps
[0.768s] -- Up-to-date: /home/bettanin/ros2dev/install/tutorial_interfaces/lib/libtutorial_interfaces__rosidl_typesupport_fastrtps_cpp.so
[0.768s] -- Up-to-date: /home/bettanin/ros2dev/install/tutorial_interfaces/include/tutorial_interfaces
[0.769s] -- Up-to-date: /home/bettanin/ros2dev/install/tutorial_interfaces/include/tutorial_interfaces/srv
[0.769s] -- Up-to-date: /home/bettanin/ros2dev/install/tutorial_interfaces/include/tutorial_interfaces/srv/detail
[0.769s] -- Up-to-date: /home/bettanin/ros2dev/install/tutorial_interfaces/include/tutorial_interfaces/srv/detail/add_three_ints__type_support.c
[0.770s] -- Up-to-date: /home/bettanin/ros2dev/install/tutorial_interfaces/include/tutorial_interfaces/srv/detail/add_three_ints__rosidl_typesupport_introspection_c.h
[0.770s] -- Up-to-date: /home/bettanin/ros2dev/install/tutorial_interfaces/include/tutorial_interfaces/msg
[0.770s] -- Up-to-date: /home/bettanin/ros2dev/install/tutorial_interfaces/include/tutorial_interfaces/msg/detail
[0.771s] -- Up-to-date: /home/bettanin/ros2dev/install/tutorial_interfaces/include/tutorial_interfaces/msg/detail/sphere__type_support.c
[0.771s] -- Up-to-date: /home/bettanin/ros2dev/install/tutorial_interfaces/include/tutorial_interfaces/msg/detail/num__rosidl_typesupport_introspection_c.h
[0.771s] -- Up-to-date: /home/bettanin/ros2dev/install/tutorial_interfaces/include/tutorial_interfaces/msg/detail/sphere__rosidl_typesupport_introspection_c.h
[0.771s] -- Up-to-date: /home/bettanin/ros2dev/install/tutorial_interfaces/include/tutorial_interfaces/msg/detail/num__type_support.c
[0.771s] -- Up-to-date: /home/bettanin/ros2dev/install/tutorial_interfaces/include/tutorial_interfaces/msg/rosidl_typesupport_introspection_c__visibility_control.h
[0.772s] -- Up-to-date: /home/bettanin/ros2dev/install/tutorial_interfaces/lib/libtutorial_interfaces__rosidl_typesupport_introspection_c.so
[0.772s] -- Up-to-date: /home/bettanin/ros2dev/install/tutorial_interfaces/lib/libtutorial_interfaces__rosidl_typesupport_c.so
[0.772s] -- Up-to-date: /home/bettanin/ros2dev/install/tutorial_interfaces/include/tutorial_interfaces
[0.772s] -- Up-to-date: /home/bettanin/ros2dev/install/tutorial_interfaces/include/tutorial_interfaces/srv
[0.773s] -- Up-to-date: /home/bettanin/ros2dev/install/tutorial_interfaces/include/tutorial_interfaces/srv/add_three_ints.hpp
[0.773s] -- Up-to-date: /home/bettanin/ros2dev/install/tutorial_interfaces/include/tutorial_interfaces/srv/detail
[0.773s] -- Up-to-date: /home/bettanin/ros2dev/install/tutorial_interfaces/include/tutorial_interfaces/srv/detail/add_three_ints__traits.hpp
[0.773s] -- Up-to-date: /home/bettanin/ros2dev/install/tutorial_interfaces/include/tutorial_interfaces/srv/detail/add_three_ints__struct.hpp
[0.773s] -- Up-to-date: /home/bettanin/ros2dev/install/tutorial_interfaces/include/tutorial_interfaces/srv/detail/add_three_ints__builder.hpp
[0.774s] -- Up-to-date: /home/bettanin/ros2dev/install/tutorial_interfaces/include/tutorial_interfaces/msg
[0.774s] -- Up-to-date: /home/bettanin/ros2dev/install/tutorial_interfaces/include/tutorial_interfaces/msg/sphere.hpp
[0.774s] -- Up-to-date: /home/bettanin/ros2dev/install/tutorial_interfaces/include/tutorial_interfaces/msg/num.hpp
[0.774s] -- Up-to-date: /home/bettanin/ros2dev/install/tutorial_interfaces/include/tutorial_interfaces/msg/detail
[0.775s] -- Up-to-date: /home/bettanin/ros2dev/install/tutorial_interfaces/include/tutorial_interfaces/msg/detail/num__struct.hpp
[0.775s] -- Up-to-date: /home/bettanin/ros2dev/install/tutorial_interfaces/include/tutorial_interfaces/msg/detail/sphere__traits.hpp
[0.775s] -- Up-to-date: /home/bettanin/ros2dev/install/tutorial_interfaces/include/tutorial_interfaces/msg/detail/sphere__builder.hpp
[0.775s] -- Up-to-date: /home/bettanin/ros2dev/install/tutorial_interfaces/include/tutorial_interfaces/msg/detail/num__traits.hpp
[0.775s] -- Up-to-date: /home/bettanin/ros2dev/install/tutorial_interfaces/include/tutorial_interfaces/msg/detail/sphere__struct.hpp
[0.776s] -- Up-to-date: /home/bettanin/ros2dev/install/tutorial_interfaces/include/tutorial_interfaces/msg/detail/num__builder.hpp
[0.776s] -- Up-to-date: /home/bettanin/ros2dev/install/tutorial_interfaces/include/tutorial_interfaces
[0.776s] -- Up-to-date: /home/bettanin/ros2dev/install/tutorial_interfaces/include/tutorial_interfaces/srv
[0.776s] -- Up-to-date: /home/bettanin/ros2dev/install/tutorial_interfaces/include/tutorial_interfaces/srv/detail
[0.776s] -- Up-to-date: /home/bettanin/ros2dev/install/tutorial_interfaces/include/tutorial_interfaces/srv/detail/add_three_ints__rosidl_typesupport_introspection_cpp.hpp
[0.776s] -- Up-to-date: /home/bettanin/ros2dev/install/tutorial_interfaces/include/tutorial_interfaces/srv/detail/add_three_ints__type_support.cpp
[0.776s] -- Up-to-date: /home/bettanin/ros2dev/install/tutorial_interfaces/include/tutorial_interfaces/msg
[0.776s] -- Up-to-date: /home/bettanin/ros2dev/install/tutorial_interfaces/include/tutorial_interfaces/msg/detail
[0.777s] -- Up-to-date: /home/bettanin/ros2dev/install/tutorial_interfaces/include/tutorial_interfaces/msg/detail/num__rosidl_typesupport_introspection_cpp.hpp
[0.777s] -- Up-to-date: /home/bettanin/ros2dev/install/tutorial_interfaces/include/tutorial_interfaces/msg/detail/num__type_support.cpp
[0.777s] -- Up-to-date: /home/bettanin/ros2dev/install/tutorial_interfaces/include/tutorial_interfaces/msg/detail/sphere__type_support.cpp
[0.777s] -- Up-to-date: /home/bettanin/ros2dev/install/tutorial_interfaces/include/tutorial_interfaces/msg/detail/sphere__rosidl_typesupport_introspection_cpp.hpp
[0.777s] -- Up-to-date: /home/bettanin/ros2dev/install/tutorial_interfaces/lib/libtutorial_interfaces__rosidl_typesupport_introspection_cpp.so
[0.777s] -- Up-to-date: /home/bettanin/ros2dev/install/tutorial_interfaces/lib/libtutorial_interfaces__rosidl_typesupport_cpp.so
[0.777s] -- Up-to-date: /home/bettanin/ros2dev/install/tutorial_interfaces/share/tutorial_interfaces/environment/pythonpath.sh
[0.778s] -- Up-to-date: /home/bettanin/ros2dev/install/tutorial_interfaces/share/tutorial_interfaces/environment/pythonpath.dsv
[0.778s] -- Up-to-date: /home/bettanin/ros2dev/install/tutorial_interfaces/lib/python3.8/site-packages/tutorial_interfaces/__init__.py
[0.835s] -- Up-to-date: /home/bettanin/ros2dev/install/tutorial_interfaces/lib/python3.8/site-packages/tutorial_interfaces/msg
[0.836s] -- Up-to-date: /home/bettanin/ros2dev/install/tutorial_interfaces/lib/python3.8/site-packages/tutorial_interfaces/msg/_sphere.py
[0.836s] -- Up-to-date: /home/bettanin/ros2dev/install/tutorial_interfaces/lib/python3.8/site-packages/tutorial_interfaces/msg/_num_s.c
[0.836s] -- Up-to-date: /home/bettanin/ros2dev/install/tutorial_interfaces/lib/python3.8/site-packages/tutorial_interfaces/msg/_sphere_s.c
[0.836s] -- Up-to-date: /home/bettanin/ros2dev/install/tutorial_interfaces/lib/python3.8/site-packages/tutorial_interfaces/msg/_num.py
[0.836s] -- Up-to-date: /home/bettanin/ros2dev/install/tutorial_interfaces/lib/python3.8/site-packages/tutorial_interfaces/msg/__init__.py
[0.836s] -- Up-to-date: /home/bettanin/ros2dev/install/tutorial_interfaces/lib/python3.8/site-packages/tutorial_interfaces/srv
[0.837s] -- Up-to-date: /home/bettanin/ros2dev/install/tutorial_interfaces/lib/python3.8/site-packages/tutorial_interfaces/srv/_add_three_ints_s.c
[0.837s] -- Up-to-date: /home/bettanin/ros2dev/install/tutorial_interfaces/lib/python3.8/site-packages/tutorial_interfaces/srv/_add_three_ints.py
[0.837s] -- Up-to-date: /home/bettanin/ros2dev/install/tutorial_interfaces/lib/python3.8/site-packages/tutorial_interfaces/srv/__init__.py
[0.837s] -- Up-to-date: /home/bettanin/ros2dev/install/tutorial_interfaces/lib/python3.8/site-packages/tutorial_interfaces/tutorial_interfaces_s__rosidl_typesupport_fastrtps_c.cpython-38-x86_64-linux-gnu.so
[0.838s] -- Up-to-date: /home/bettanin/ros2dev/install/tutorial_interfaces/lib/python3.8/site-packages/tutorial_interfaces/tutorial_interfaces_s__rosidl_typesupport_introspection_c.cpython-38-x86_64-linux-gnu.so
[0.839s] -- Up-to-date: /home/bettanin/ros2dev/install/tutorial_interfaces/lib/python3.8/site-packages/tutorial_interfaces/tutorial_interfaces_s__rosidl_typesupport_c.cpython-38-x86_64-linux-gnu.so
[0.841s] -- Up-to-date: /home/bettanin/ros2dev/install/tutorial_interfaces/lib/libtutorial_interfaces__python.so
[0.841s] -- Up-to-date: /home/bettanin/ros2dev/install/tutorial_interfaces/share/tutorial_interfaces/msg/Num.idl
[0.842s] -- Up-to-date: /home/bettanin/ros2dev/install/tutorial_interfaces/share/tutorial_interfaces/msg/Sphere.idl
[0.842s] -- Up-to-date: /home/bettanin/ros2dev/install/tutorial_interfaces/share/tutorial_interfaces/srv/AddThreeInts.idl
[0.842s] -- Up-to-date: /home/bettanin/ros2dev/install/tutorial_interfaces/share/tutorial_interfaces/msg/Num.msg
[0.843s] -- Up-to-date: /home/bettanin/ros2dev/install/tutorial_interfaces/share/tutorial_interfaces/msg/Sphere.msg
[0.843s] -- Up-to-date: /home/bettanin/ros2dev/install/tutorial_interfaces/share/tutorial_interfaces/srv/AddThreeInts.srv
[0.844s] -- Up-to-date: /home/bettanin/ros2dev/install/tutorial_interfaces/share/tutorial_interfaces/srv/AddThreeInts_Request.msg
[0.844s] -- Up-to-date: /home/bettanin/ros2dev/install/tutorial_interfaces/share/tutorial_interfaces/srv/AddThreeInts_Response.msg
[0.844s] -- Up-to-date: /home/bettanin/ros2dev/install/tutorial_interfaces/share/ament_index/resource_index/package_run_dependencies/tutorial_interfaces
[0.844s] -- Up-to-date: /home/bettanin/ros2dev/install/tutorial_interfaces/share/ament_index/resource_index/parent_prefix_path/tutorial_interfaces
[0.845s] -- Up-to-date: /home/bettanin/ros2dev/install/tutorial_interfaces/share/tutorial_interfaces/environment/ament_prefix_path.sh
[0.845s] -- Up-to-date: /home/bettanin/ros2dev/install/tutorial_interfaces/share/tutorial_interfaces/environment/ament_prefix_path.dsv
[0.845s] -- Up-to-date: /home/bettanin/ros2dev/install/tutorial_interfaces/share/tutorial_interfaces/environment/path.sh
[0.845s] -- Up-to-date: /home/bettanin/ros2dev/install/tutorial_interfaces/share/tutorial_interfaces/environment/path.dsv
[0.846s] -- Up-to-date: /home/bettanin/ros2dev/install/tutorial_interfaces/share/tutorial_interfaces/local_setup.bash
[0.846s] -- Up-to-date: /home/bettanin/ros2dev/install/tutorial_interfaces/share/tutorial_interfaces/local_setup.sh
[0.846s] -- Up-to-date: /home/bettanin/ros2dev/install/tutorial_interfaces/share/tutorial_interfaces/local_setup.zsh
[0.846s] -- Up-to-date: /home/bettanin/ros2dev/install/tutorial_interfaces/share/tutorial_interfaces/local_setup.dsv
[0.846s] -- Installing: /home/bettanin/ros2dev/install/tutorial_interfaces/share/tutorial_interfaces/package.dsv
[0.846s] -- Up-to-date: /home/bettanin/ros2dev/install/tutorial_interfaces/share/ament_index/resource_index/packages/tutorial_interfaces
[0.847s] -- Up-to-date: /home/bettanin/ros2dev/install/tutorial_interfaces/share/tutorial_interfaces/cmake/tutorial_interfaces__rosidl_generator_cExport.cmake
[0.847s] -- Up-to-date: /home/bettanin/ros2dev/install/tutorial_interfaces/share/tutorial_interfaces/cmake/tutorial_interfaces__rosidl_generator_cExport-noconfig.cmake
[0.847s] -- Up-to-date: /home/bettanin/ros2dev/install/tutorial_interfaces/share/tutorial_interfaces/cmake/tutorial_interfaces__rosidl_typesupport_introspection_cExport.cmake
[0.848s] -- Up-to-date: /home/bettanin/ros2dev/install/tutorial_interfaces/share/tutorial_interfaces/cmake/tutorial_interfaces__rosidl_typesupport_introspection_cExport-noconfig.cmake
[0.848s] -- Up-to-date: /home/bettanin/ros2dev/install/tutorial_interfaces/share/tutorial_interfaces/cmake/tutorial_interfaces__rosidl_typesupport_cExport.cmake
[0.848s] -- Up-to-date: /home/bettanin/ros2dev/install/tutorial_interfaces/share/tutorial_interfaces/cmake/tutorial_interfaces__rosidl_typesupport_cExport-noconfig.cmake
[0.849s] -- Up-to-date: /home/bettanin/ros2dev/install/tutorial_interfaces/share/tutorial_interfaces/cmake/tutorial_interfaces__rosidl_generator_cppExport.cmake
[0.849s] -- Up-to-date: /home/bettanin/ros2dev/install/tutorial_interfaces/share/tutorial_interfaces/cmake/tutorial_interfaces__rosidl_typesupport_introspection_cppExport.cmake
[0.849s] -- Up-to-date: /home/bettanin/ros2dev/install/tutorial_interfaces/share/tutorial_interfaces/cmake/tutorial_interfaces__rosidl_typesupport_introspection_cppExport-noconfig.cmake
[0.849s] -- Up-to-date: /home/bettanin/ros2dev/install/tutorial_interfaces/share/tutorial_interfaces/cmake/tutorial_interfaces__rosidl_typesupport_cppExport.cmake
[0.849s] -- Up-to-date: /home/bettanin/ros2dev/install/tutorial_interfaces/share/tutorial_interfaces/cmake/tutorial_interfaces__rosidl_typesupport_cppExport-noconfig.cmake
[0.850s] -- Up-to-date: /home/bettanin/ros2dev/install/tutorial_interfaces/share/tutorial_interfaces/cmake/rosidl_cmake-extras.cmake
[0.850s] -- Up-to-date: /home/bettanin/ros2dev/install/tutorial_interfaces/share/tutorial_interfaces/cmake/ament_cmake_export_dependencies-extras.cmake
[0.850s] -- Up-to-date: /home/bettanin/ros2dev/install/tutorial_interfaces/share/tutorial_interfaces/cmake/ament_cmake_export_libraries-extras.cmake
[0.850s] -- Up-to-date: /home/bettanin/ros2dev/install/tutorial_interfaces/share/tutorial_interfaces/cmake/ament_cmake_export_targets-extras.cmake
[0.851s] -- Up-to-date: /home/bettanin/ros2dev/install/tutorial_interfaces/share/tutorial_interfaces/cmake/ament_cmake_export_include_directories-extras.cmake
[0.851s] -- Up-to-date: /home/bettanin/ros2dev/install/tutorial_interfaces/share/tutorial_interfaces/cmake/rosidl_cmake_export_typesupport_libraries-extras.cmake
[0.851s] -- Up-to-date: /home/bettanin/ros2dev/install/tutorial_interfaces/share/tutorial_interfaces/cmake/rosidl_cmake_export_typesupport_targets-extras.cmake
[0.851s] -- Up-to-date: /home/bettanin/ros2dev/install/tutorial_interfaces/share/tutorial_interfaces/cmake/tutorial_interfacesConfig.cmake
[0.852s] -- Up-to-date: /home/bettanin/ros2dev/install/tutorial_interfaces/share/tutorial_interfaces/cmake/tutorial_interfacesConfig-version.cmake
[0.859s] -- Up-to-date: /home/bettanin/ros2dev/install/tutorial_interfaces/share/tutorial_interfaces/package.xml
[0.859s] Invoked command in '/home/bettanin/ros2dev/build/tutorial_interfaces' returned '0': CMAKE_PREFIX_PATH=${CMAKE_PREFIX_PATH}:/opt/ros/foxy /usr/bin/cmake --install /home/bettanin/ros2dev/build/tutorial_interfaces
