[1.407s] Invoking command in '/home/bettanin/ros2dev_ws/src/py_launch_example': PYTHONPATH=/home/bettanin/ros2dev_ws/install/py_launch_example/lib/python3.8/site-packages:${PYTHONPATH} /usr/bin/python3 setup.py egg_info --egg-base ../../build/py_launch_example build --build-base /home/bettanin/ros2dev_ws/build/py_launch_example/build install --prefix /home/bettanin/ros2dev_ws/install/py_launch_example --record /home/bettanin/ros2dev_ws/build/py_launch_example/install.log --single-version-externally-managed
[1.883s] running egg_info
[1.884s] creating ../../build/py_launch_example/py_launch_example.egg-info
[1.884s] writing ../../build/py_launch_example/py_launch_example.egg-info/PKG-INFO
[1.885s] writing dependency_links to ../../build/py_launch_example/py_launch_example.egg-info/dependency_links.txt
[1.885s] writing entry points to ../../build/py_launch_example/py_launch_example.egg-info/entry_points.txt
[1.885s] writing requirements to ../../build/py_launch_example/py_launch_example.egg-info/requires.txt
[1.885s] writing top-level names to ../../build/py_launch_example/py_launch_example.egg-info/top_level.txt
[1.890s] writing manifest file '../../build/py_launch_example/py_launch_example.egg-info/SOURCES.txt'
[1.964s] reading manifest file '../../build/py_launch_example/py_launch_example.egg-info/SOURCES.txt'
[1.966s] writing manifest file '../../build/py_launch_example/py_launch_example.egg-info/SOURCES.txt'
[1.966s] running build
[1.966s] running build_py
[1.966s] creating /home/bettanin/ros2dev_ws/build/py_launch_example/build
[1.967s] creating /home/bettanin/ros2dev_ws/build/py_launch_example/build/lib
[1.967s] creating /home/bettanin/ros2dev_ws/build/py_launch_example/build/lib/py_launch_example
[1.967s] copying py_launch_example/__init__.py -> /home/bettanin/ros2dev_ws/build/py_launch_example/build/lib/py_launch_example
[1.967s] running install
[1.969s] running install_lib
[1.971s] creating /home/bettanin/ros2dev_ws/install/py_launch_example/lib/python3.8/site-packages/py_launch_example
[1.972s] copying /home/bettanin/ros2dev_ws/build/py_launch_example/build/lib/py_launch_example/__init__.py -> /home/bettanin/ros2dev_ws/install/py_launch_example/lib/python3.8/site-packages/py_launch_example
[1.973s] byte-compiling /home/bettanin/ros2dev_ws/install/py_launch_example/lib/python3.8/site-packages/py_launch_example/__init__.py to __init__.cpython-38.pyc
[1.976s] running install_data
[1.977s] creating /home/bettanin/ros2dev_ws/install/py_launch_example/share/ament_index
[1.978s] creating /home/bettanin/ros2dev_ws/install/py_launch_example/share/ament_index/resource_index
[1.978s] creating /home/bettanin/ros2dev_ws/install/py_launch_example/share/ament_index/resource_index/packages
[1.978s] copying resource/py_launch_example -> /home/bettanin/ros2dev_ws/install/py_launch_example/share/ament_index/resource_index/packages
[1.978s] copying package.xml -> /home/bettanin/ros2dev_ws/install/py_launch_example/share/py_launch_example
[1.979s] copying launch/my_srcipt_launch.py -> /home/bettanin/ros2dev_ws/install/py_launch_example/share/py_launch_example
[1.979s] running install_egg_info
[1.982s] Copying ../../build/py_launch_example/py_launch_example.egg-info to /home/bettanin/ros2dev_ws/install/py_launch_example/lib/python3.8/site-packages/py_launch_example-0.0.0-py3.8.egg-info
[1.984s] running install_scripts
[2.016s] writing list of installed files to '/home/bettanin/ros2dev_ws/build/py_launch_example/install.log'
[2.054s] Invoked command in '/home/bettanin/ros2dev_ws/src/py_launch_example' returned '0': PYTHONPATH=/home/bettanin/ros2dev_ws/install/py_launch_example/lib/python3.8/site-packages:${PYTHONPATH} /usr/bin/python3 setup.py egg_info --egg-base ../../build/py_launch_example build --build-base /home/bettanin/ros2dev_ws/build/py_launch_example/build install --prefix /home/bettanin/ros2dev_ws/install/py_launch_example --record /home/bettanin/ros2dev_ws/build/py_launch_example/install.log --single-version-externally-managed
