[0.029s] Invoking command in '/home/bettanin/ros2dev/build/cpp_srvcli': CMAKE_PREFIX_PATH=${CMAKE_PREFIX_PATH}:/opt/ros/foxy /usr/bin/cmake --build /home/bettanin/ros2dev/build/cpp_srvcli -- -j8 -l8
[0.105s] -- Found ament_cmake: 0.9.9 (/opt/ros/foxy/share/ament_cmake/cmake)
[0.154s] -- Using PYTHON_EXECUTABLE: /usr/bin/python3
[0.556s] -- Found rclcpp: 2.4.1 (/opt/ros/foxy/share/rclcpp/cmake)
[0.640s] -- Using all available rosidl_typesupport_c: rosidl_typesupport_fastrtps_c;rosidl_typesupport_introspection_c
[0.647s] -- Found rosidl_adapter: 1.2.1 (/opt/ros/foxy/share/rosidl_adapter/cmake)
[0.915s] -- Using all available rosidl_typesupport_cpp: rosidl_typesupport_fastrtps_cpp;rosidl_typesupport_introspection_cpp
[1.032s] -- Found rmw_implementation_cmake: 1.0.3 (/opt/ros/foxy/share/rmw_implementation_cmake/cmake)
[1.035s] -- Using RMW implementation 'rmw_fastrtps_cpp' as default
[1.360s] -- Found tutorial_interfaces: 0.0.0 (/home/bettanin/ros2dev/install/tutorial_interfaces/share/tutorial_interfaces/cmake)
[1.599s] -- Found ament_lint_auto: 0.9.6 (/opt/ros/foxy/share/ament_lint_auto/cmake)
[1.733s] -- Added test 'copyright' to check source files copyright and LICENSE
[1.735s] -- Added test 'cppcheck' to perform static code analysis on C / C++ code
[1.735s] -- Configured cppcheck include dirs: 
[1.735s] -- Configured cppcheck exclude dirs and/or files: 
[1.737s] -- Added test 'cpplint' to check C / C++ code against the Google style
[1.737s] -- Configured cpplint exclude dirs and/or files: 
[1.738s] -- Added test 'lint_cmake' to check CMake code style
[1.740s] -- Added test 'uncrustify' to check C / C++ code style
[1.740s] -- Configured uncrustify additional arguments: 
[1.741s] -- Added test 'xmllint' to check XML markup files
[1.747s] -- Configuring done
[1.772s] -- Generating done
[1.775s] -- Build files have been written to: /home/bettanin/ros2dev/build/cpp_srvcli
[1.831s] [35m[1mScanning dependencies of target server[0m
[1.831s] [35m[1mScanning dependencies of target client[0m
[1.893s] [ 25%] [32mBuilding CXX object CMakeFiles/server.dir/src/add_two_ints_server.cpp.o[0m
[1.898s] [ 50%] [32mBuilding CXX object CMakeFiles/client.dir/src/add_two_ints_client.cpp.o[0m
[6.105s] [ 75%] [32m[1mLinking CXX executable server[0m
[6.420s] [ 75%] Built target server
[6.684s] [100%] [32m[1mLinking CXX executable client[0m
[6.981s] [100%] Built target client
[7.002s] Invoked command in '/home/bettanin/ros2dev/build/cpp_srvcli' returned '0': CMAKE_PREFIX_PATH=${CMAKE_PREFIX_PATH}:/opt/ros/foxy /usr/bin/cmake --build /home/bettanin/ros2dev/build/cpp_srvcli -- -j8 -l8
[7.086s] Invoking command in '/home/bettanin/ros2dev/build/cpp_srvcli': CMAKE_PREFIX_PATH=${CMAKE_PREFIX_PATH}:/opt/ros/foxy /usr/bin/cmake --install /home/bettanin/ros2dev/build/cpp_srvcli
[7.101s] -- Install configuration: ""
[7.102s] -- Installing: /home/bettanin/ros2dev/install/cpp_srvcli/lib/cpp_srvcli/server
[7.104s] -- Set runtime path of "/home/bettanin/ros2dev/install/cpp_srvcli/lib/cpp_srvcli/server" to ""
[7.106s] -- Installing: /home/bettanin/ros2dev/install/cpp_srvcli/lib/cpp_srvcli/client
[7.108s] -- Set runtime path of "/home/bettanin/ros2dev/install/cpp_srvcli/lib/cpp_srvcli/client" to ""
[7.108s] -- Up-to-date: /home/bettanin/ros2dev/install/cpp_srvcli/share/ament_index/resource_index/package_run_dependencies/cpp_srvcli
[7.109s] -- Installing: /home/bettanin/ros2dev/install/cpp_srvcli/share/ament_index/resource_index/parent_prefix_path/cpp_srvcli
[7.109s] -- Up-to-date: /home/bettanin/ros2dev/install/cpp_srvcli/share/cpp_srvcli/environment/ament_prefix_path.sh
[7.109s] -- Installing: /home/bettanin/ros2dev/install/cpp_srvcli/share/cpp_srvcli/environment/ament_prefix_path.dsv
[7.110s] -- Up-to-date: /home/bettanin/ros2dev/install/cpp_srvcli/share/cpp_srvcli/environment/path.sh
[7.110s] -- Installing: /home/bettanin/ros2dev/install/cpp_srvcli/share/cpp_srvcli/environment/path.dsv
[7.111s] -- Up-to-date: /home/bettanin/ros2dev/install/cpp_srvcli/share/cpp_srvcli/local_setup.bash
[7.111s] -- Up-to-date: /home/bettanin/ros2dev/install/cpp_srvcli/share/cpp_srvcli/local_setup.sh
[7.111s] -- Up-to-date: /home/bettanin/ros2dev/install/cpp_srvcli/share/cpp_srvcli/local_setup.zsh
[7.111s] -- Installing: /home/bettanin/ros2dev/install/cpp_srvcli/share/cpp_srvcli/local_setup.dsv
[7.112s] -- Installing: /home/bettanin/ros2dev/install/cpp_srvcli/share/cpp_srvcli/package.dsv
[7.112s] -- Up-to-date: /home/bettanin/ros2dev/install/cpp_srvcli/share/ament_index/resource_index/packages/cpp_srvcli
[7.112s] -- Up-to-date: /home/bettanin/ros2dev/install/cpp_srvcli/share/cpp_srvcli/cmake/cpp_srvcliConfig.cmake
[7.113s] -- Up-to-date: /home/bettanin/ros2dev/install/cpp_srvcli/share/cpp_srvcli/cmake/cpp_srvcliConfig-version.cmake
[7.113s] -- Up-to-date: /home/bettanin/ros2dev/install/cpp_srvcli/share/cpp_srvcli/package.xml
[7.116s] Invoked command in '/home/bettanin/ros2dev/build/cpp_srvcli' returned '0': CMAKE_PREFIX_PATH=${CMAKE_PREFIX_PATH}:/opt/ros/foxy /usr/bin/cmake --install /home/bettanin/ros2dev/build/cpp_srvcli
