[0.022s] Invoking command in '/home/bettanin/ros2_ws/build/learning_tf2_cpp': CMAKE_PREFIX_PATH=/opt/ros/foxy /usr/bin/cmake /home/bettanin/ros2_ws/src/learning_tf2_cpp -DCMAKE_INSTALL_PREFIX=/home/bettanin/ros2_ws/install/learning_tf2_cpp
[0.062s] -- Found ament_cmake: 0.9.9 (/opt/ros/foxy/share/ament_cmake/cmake)
[0.115s] -- Found PythonInterp: /usr/bin/python3 (found suitable version "3.8.10", minimum required is "3") 
[0.115s] -- Using PYTHON_EXECUTABLE: /usr/bin/python3
[0.533s] -- Found geometry_msgs: 2.0.5 (/opt/ros/foxy/share/geometry_msgs/cmake)
[0.608s] -- Using all available rosidl_typesupport_c: rosidl_typesupport_fastrtps_c;rosidl_typesupport_introspection_c
[0.626s] -- Found rosidl_adapter: 1.2.1 (/opt/ros/foxy/share/rosidl_adapter/cmake)
[0.798s] -- Found OpenSSL: /usr/lib/x86_64-linux-gnu/libcrypto.so (found version "1.1.1f")  
[0.859s] -- Found FastRTPS: /opt/ros/foxy/include  
[1.033s] -- Using all available rosidl_typesupport_cpp: rosidl_typesupport_fastrtps_cpp;rosidl_typesupport_introspection_cpp
[1.216s] -- Found rclcpp: 2.4.1 (/opt/ros/foxy/share/rclcpp/cmake)
[1.335s] -- Found rmw_implementation_cmake: 1.0.3 (/opt/ros/foxy/share/rmw_implementation_cmake/cmake)
[1.339s] -- Using RMW implementation 'rmw_fastrtps_cpp' as default
[1.345s] -- Looking for pthread.h
[1.479s] -- Looking for pthread.h - found
[1.479s] -- Performing Test CMAKE_HAVE_LIBC_PTHREAD
[1.615s] -- Performing Test CMAKE_HAVE_LIBC_PTHREAD - Failed
[1.615s] -- Looking for pthread_create in pthreads
[1.724s] -- Looking for pthread_create in pthreads - not found
[1.724s] -- Looking for pthread_create in pthread
[1.860s] -- Looking for pthread_create in pthread - found
[1.862s] -- Found Threads: TRUE  
[2.157s] -- Found tf2: 0.13.13 (/opt/ros/foxy/share/tf2/cmake)
[2.181s] -- Found tf2_ros: 0.13.13 (/opt/ros/foxy/share/tf2_ros/cmake)
[2.886s] -- Found turtlesim: 1.2.5 (/opt/ros/foxy/share/turtlesim/cmake)
[3.002s] -- Found ament_lint_auto: 0.9.6 (/opt/ros/foxy/share/ament_lint_auto/cmake)
[3.149s] -- Added test 'copyright' to check source files copyright and LICENSE
[3.152s] -- Added test 'cppcheck' to perform static code analysis on C / C++ code
[3.152s] -- Configured cppcheck include dirs: 
[3.152s] -- Configured cppcheck exclude dirs and/or files: 
[3.154s] -- Added test 'cpplint' to check C / C++ code against the Google style
[3.154s] -- Configured cpplint exclude dirs and/or files: 
[3.156s] -- Added test 'lint_cmake' to check CMake code style
[3.158s] -- Added test 'uncrustify' to check C / C++ code style
[3.159s] -- Configured uncrustify additional arguments: 
[3.160s] -- Added test 'xmllint' to check XML markup files
[3.167s] -- Configuring done
[3.187s] -- Generating done
[3.190s] -- Build files have been written to: /home/bettanin/ros2_ws/build/learning_tf2_cpp
[3.202s] Invoked command in '/home/bettanin/ros2_ws/build/learning_tf2_cpp' returned '0': CMAKE_PREFIX_PATH=/opt/ros/foxy /usr/bin/cmake /home/bettanin/ros2_ws/src/learning_tf2_cpp -DCMAKE_INSTALL_PREFIX=/home/bettanin/ros2_ws/install/learning_tf2_cpp
[3.208s] Invoking command in '/home/bettanin/ros2_ws/build/learning_tf2_cpp': CMAKE_PREFIX_PATH=/opt/ros/foxy /usr/bin/cmake --build /home/bettanin/ros2_ws/build/learning_tf2_cpp -- -j8 -l8
[3.284s] [35m[1mScanning dependencies of target static_turtle_tf2_broadcaster[0m
[3.474s] [ 50%] [32mBuilding CXX object CMakeFiles/static_turtle_tf2_broadcaster.dir/src/static_turtle_tf2_broadcaster.cpp.o[0m
[8.603s] [100%] [32m[1mLinking CXX executable static_turtle_tf2_broadcaster[0m
[9.014s] [100%] Built target static_turtle_tf2_broadcaster
[9.037s] Invoked command in '/home/bettanin/ros2_ws/build/learning_tf2_cpp' returned '0': CMAKE_PREFIX_PATH=/opt/ros/foxy /usr/bin/cmake --build /home/bettanin/ros2_ws/build/learning_tf2_cpp -- -j8 -l8
[9.098s] Invoking command in '/home/bettanin/ros2_ws/build/learning_tf2_cpp': CMAKE_PREFIX_PATH=/opt/ros/foxy /usr/bin/cmake --install /home/bettanin/ros2_ws/build/learning_tf2_cpp
[9.112s] -- Install configuration: ""
[9.113s] -- Installing: /home/bettanin/ros2_ws/install/learning_tf2_cpp/lib/learning_tf2_cpp/static_turtle_tf2_broadcaster
[9.115s] -- Set runtime path of "/home/bettanin/ros2_ws/install/learning_tf2_cpp/lib/learning_tf2_cpp/static_turtle_tf2_broadcaster" to ""
[9.115s] -- Installing: /home/bettanin/ros2_ws/install/learning_tf2_cpp/share/ament_index/resource_index/package_run_dependencies/learning_tf2_cpp
[9.115s] -- Installing: /home/bettanin/ros2_ws/install/learning_tf2_cpp/share/ament_index/resource_index/parent_prefix_path/learning_tf2_cpp
[9.116s] -- Installing: /home/bettanin/ros2_ws/install/learning_tf2_cpp/share/learning_tf2_cpp/environment/ament_prefix_path.sh
[9.116s] -- Installing: /home/bettanin/ros2_ws/install/learning_tf2_cpp/share/learning_tf2_cpp/environment/ament_prefix_path.dsv
[9.117s] -- Installing: /home/bettanin/ros2_ws/install/learning_tf2_cpp/share/learning_tf2_cpp/environment/path.sh
[9.117s] -- Installing: /home/bettanin/ros2_ws/install/learning_tf2_cpp/share/learning_tf2_cpp/environment/path.dsv
[9.117s] -- Installing: /home/bettanin/ros2_ws/install/learning_tf2_cpp/share/learning_tf2_cpp/local_setup.bash
[9.117s] -- Installing: /home/bettanin/ros2_ws/install/learning_tf2_cpp/share/learning_tf2_cpp/local_setup.sh
[9.117s] -- Installing: /home/bettanin/ros2_ws/install/learning_tf2_cpp/share/learning_tf2_cpp/local_setup.zsh
[9.118s] -- Installing: /home/bettanin/ros2_ws/install/learning_tf2_cpp/share/learning_tf2_cpp/local_setup.dsv
[9.118s] -- Installing: /home/bettanin/ros2_ws/install/learning_tf2_cpp/share/learning_tf2_cpp/package.dsv
[9.118s] -- Installing: /home/bettanin/ros2_ws/install/learning_tf2_cpp/share/ament_index/resource_index/packages/learning_tf2_cpp
[9.119s] -- Installing: /home/bettanin/ros2_ws/install/learning_tf2_cpp/share/learning_tf2_cpp/cmake/learning_tf2_cppConfig.cmake
[9.119s] -- Installing: /home/bettanin/ros2_ws/install/learning_tf2_cpp/share/learning_tf2_cpp/cmake/learning_tf2_cppConfig-version.cmake
[9.119s] -- Installing: /home/bettanin/ros2_ws/install/learning_tf2_cpp/share/learning_tf2_cpp/package.xml
[9.126s] Invoked command in '/home/bettanin/ros2_ws/build/learning_tf2_cpp' returned '0': CMAKE_PREFIX_PATH=/opt/ros/foxy /usr/bin/cmake --install /home/bettanin/ros2_ws/build/learning_tf2_cpp
