[0.028s] Invoking command in '/home/bettanin/ros2_ws/build/learning_tf2_cpp': CMAKE_PREFIX_PATH=${CMAKE_PREFIX_PATH}:/home/bettanin/ros2_ws/install/py_launch_example:/home/bettanin/ros2_ws/install/launch_tutorial:/opt/ros/foxy /usr/bin/cmake --build /home/bettanin/ros2_ws/build/learning_tf2_cpp -- -j8 -l8
[0.123s] [35m[1mScanning dependencies of target turtle_tf2_listener[0m
[0.160s] [ 20%] Built target dynamic_frame_tf2_broadcaster
[0.168s] [ 40%] Built target fixed_frame_tf2_broadcaster
[0.174s] [ 60%] Built target static_turtle_tf2_broadcaster
[0.179s] [ 80%] Built target turtle_tf2_broadcaster
[0.197s] [ 90%] [32mBuilding CXX object CMakeFiles/turtle_tf2_listener.dir/src/turtle_tf2_listener.cpp.o[0m
[6.993s] [100%] [32m[1mLinking CXX executable turtle_tf2_listener[0m
[7.419s] [100%] Built target turtle_tf2_listener
[7.442s] Invoked command in '/home/bettanin/ros2_ws/build/learning_tf2_cpp' returned '0': CMAKE_PREFIX_PATH=${CMAKE_PREFIX_PATH}:/home/bettanin/ros2_ws/install/py_launch_example:/home/bettanin/ros2_ws/install/launch_tutorial:/opt/ros/foxy /usr/bin/cmake --build /home/bettanin/ros2_ws/build/learning_tf2_cpp -- -j8 -l8
[7.532s] Invoking command in '/home/bettanin/ros2_ws/build/learning_tf2_cpp': CMAKE_PREFIX_PATH=${CMAKE_PREFIX_PATH}:/home/bettanin/ros2_ws/install/py_launch_example:/home/bettanin/ros2_ws/install/launch_tutorial:/opt/ros/foxy /usr/bin/cmake --install /home/bettanin/ros2_ws/build/learning_tf2_cpp
[7.548s] -- Install configuration: ""
[7.549s] -- Up-to-date: /home/bettanin/ros2_ws/install/learning_tf2_cpp/lib/learning_tf2_cpp/static_turtle_tf2_broadcaster
[7.550s] -- Up-to-date: /home/bettanin/ros2_ws/install/learning_tf2_cpp/lib/learning_tf2_cpp/turtle_tf2_broadcaster
[7.550s] -- Installing: /home/bettanin/ros2_ws/install/learning_tf2_cpp/lib/learning_tf2_cpp/turtle_tf2_listener
[7.554s] -- Set runtime path of "/home/bettanin/ros2_ws/install/learning_tf2_cpp/lib/learning_tf2_cpp/turtle_tf2_listener" to ""
[7.554s] -- Up-to-date: /home/bettanin/ros2_ws/install/learning_tf2_cpp/lib/learning_tf2_cpp/fixed_frame_tf2_broadcaster
[7.555s] -- Up-to-date: /home/bettanin/ros2_ws/install/learning_tf2_cpp/lib/learning_tf2_cpp/dynamic_frame_tf2_broadcaster
[7.556s] -- Up-to-date: /home/bettanin/ros2_ws/install/learning_tf2_cpp/share/learning_tf2_cpp/launch
[7.556s] -- Up-to-date: /home/bettanin/ros2_ws/install/learning_tf2_cpp/share/learning_tf2_cpp/launch/turtle_tf2_dynamic_frame_demo.launch.py
[7.556s] -- Up-to-date: /home/bettanin/ros2_ws/install/learning_tf2_cpp/share/learning_tf2_cpp/launch/turtle_tf2_demo.launch.py
[7.557s] -- Up-to-date: /home/bettanin/ros2_ws/install/learning_tf2_cpp/share/learning_tf2_cpp/launch/turtle_tf2_fixed_frame_demo.launch.py
[7.557s] -- Up-to-date: /home/bettanin/ros2_ws/install/learning_tf2_cpp/share/ament_index/resource_index/package_run_dependencies/learning_tf2_cpp
[7.557s] -- Up-to-date: /home/bettanin/ros2_ws/install/learning_tf2_cpp/share/ament_index/resource_index/parent_prefix_path/learning_tf2_cpp
[7.558s] -- Up-to-date: /home/bettanin/ros2_ws/install/learning_tf2_cpp/share/learning_tf2_cpp/environment/ament_prefix_path.sh
[7.558s] -- Up-to-date: /home/bettanin/ros2_ws/install/learning_tf2_cpp/share/learning_tf2_cpp/environment/ament_prefix_path.dsv
[7.558s] -- Up-to-date: /home/bettanin/ros2_ws/install/learning_tf2_cpp/share/learning_tf2_cpp/environment/path.sh
[7.559s] -- Up-to-date: /home/bettanin/ros2_ws/install/learning_tf2_cpp/share/learning_tf2_cpp/environment/path.dsv
[7.559s] -- Up-to-date: /home/bettanin/ros2_ws/install/learning_tf2_cpp/share/learning_tf2_cpp/local_setup.bash
[7.559s] -- Up-to-date: /home/bettanin/ros2_ws/install/learning_tf2_cpp/share/learning_tf2_cpp/local_setup.sh
[7.560s] -- Up-to-date: /home/bettanin/ros2_ws/install/learning_tf2_cpp/share/learning_tf2_cpp/local_setup.zsh
[7.560s] -- Up-to-date: /home/bettanin/ros2_ws/install/learning_tf2_cpp/share/learning_tf2_cpp/local_setup.dsv
[7.561s] -- Installing: /home/bettanin/ros2_ws/install/learning_tf2_cpp/share/learning_tf2_cpp/package.dsv
[7.563s] -- Up-to-date: /home/bettanin/ros2_ws/install/learning_tf2_cpp/share/ament_index/resource_index/packages/learning_tf2_cpp
[7.566s] -- Up-to-date: /home/bettanin/ros2_ws/install/learning_tf2_cpp/share/learning_tf2_cpp/cmake/learning_tf2_cppConfig.cmake
[7.566s] -- Up-to-date: /home/bettanin/ros2_ws/install/learning_tf2_cpp/share/learning_tf2_cpp/cmake/learning_tf2_cppConfig-version.cmake
[7.567s] -- Up-to-date: /home/bettanin/ros2_ws/install/learning_tf2_cpp/share/learning_tf2_cpp/package.xml
[7.567s] Invoked command in '/home/bettanin/ros2_ws/build/learning_tf2_cpp' returned '0': CMAKE_PREFIX_PATH=${CMAKE_PREFIX_PATH}:/home/bettanin/ros2_ws/install/py_launch_example:/home/bettanin/ros2_ws/install/launch_tutorial:/opt/ros/foxy /usr/bin/cmake --install /home/bettanin/ros2_ws/build/learning_tf2_cpp
