[0.037s] Invoking command in '/home/bettanin/ros2dev/build/my_package': CMAKE_PREFIX_PATH=${CMAKE_PREFIX_PATH}:/opt/ros/foxy /usr/bin/cmake --build /home/bettanin/ros2dev/build/my_package -- -j8 -l8
[0.124s] [100%] Built target my_node
[0.144s] Invoked command in '/home/bettanin/ros2dev/build/my_package' returned '0': CMAKE_PREFIX_PATH=${CMAKE_PREFIX_PATH}:/opt/ros/foxy /usr/bin/cmake --build /home/bettanin/ros2dev/build/my_package -- -j8 -l8
[0.212s] Invoking command in '/home/bettanin/ros2dev/build/my_package': CMAKE_PREFIX_PATH=${CMAKE_PREFIX_PATH}:/opt/ros/foxy /usr/bin/cmake --install /home/bettanin/ros2dev/build/my_package
[0.226s] -- Install configuration: ""
[0.227s] -- Up-to-date: /home/bettanin/ros2dev/install/my_package/lib/my_package/my_node
[0.227s] -- Up-to-date: /home/bettanin/ros2dev/install/my_package/share/ament_index/resource_index/package_run_dependencies/my_package
[0.228s] -- Up-to-date: /home/bettanin/ros2dev/install/my_package/share/ament_index/resource_index/parent_prefix_path/my_package
[0.228s] -- Up-to-date: /home/bettanin/ros2dev/install/my_package/share/my_package/environment/ament_prefix_path.sh
[0.228s] -- Up-to-date: /home/bettanin/ros2dev/install/my_package/share/my_package/environment/ament_prefix_path.dsv
[0.229s] -- Up-to-date: /home/bettanin/ros2dev/install/my_package/share/my_package/environment/path.sh
[0.229s] -- Up-to-date: /home/bettanin/ros2dev/install/my_package/share/my_package/environment/path.dsv
[0.229s] -- Up-to-date: /home/bettanin/ros2dev/install/my_package/share/my_package/local_setup.bash
[0.229s] -- Up-to-date: /home/bettanin/ros2dev/install/my_package/share/my_package/local_setup.sh
[0.229s] -- Up-to-date: /home/bettanin/ros2dev/install/my_package/share/my_package/local_setup.zsh
[0.229s] -- Up-to-date: /home/bettanin/ros2dev/install/my_package/share/my_package/local_setup.dsv
[0.230s] -- Up-to-date: /home/bettanin/ros2dev/install/my_package/share/my_package/package.dsv
[0.230s] -- Up-to-date: /home/bettanin/ros2dev/install/my_package/share/ament_index/resource_index/packages/my_package
[0.230s] -- Up-to-date: /home/bettanin/ros2dev/install/my_package/share/my_package/cmake/my_packageConfig.cmake
[0.230s] -- Up-to-date: /home/bettanin/ros2dev/install/my_package/share/my_package/cmake/my_packageConfig-version.cmake
[0.230s] -- Up-to-date: /home/bettanin/ros2dev/install/my_package/share/my_package/package.xml
[0.234s] Invoked command in '/home/bettanin/ros2dev/build/my_package' returned '0': CMAKE_PREFIX_PATH=${CMAKE_PREFIX_PATH}:/opt/ros/foxy /usr/bin/cmake --install /home/bettanin/ros2dev/build/my_package
