[0.374s] DEBUG:colcon:Command line arguments: ['/usr/bin/colcon', 'build', '--packages-select', 'cpp_action_srvcli']
[0.375s] DEBUG:colcon:Parsed command line arguments: Namespace(allow_overriding=[], ament_cmake_args=None, base_paths=['.'], build_base='build', catkin_cmake_args=None, catkin_skip_building_tests=False, cmake_args=None, cmake_clean_cache=False, cmake_clean_first=False, cmake_force_configure=False, cmake_target=None, cmake_target_skip_unavailable=False, continue_on_error=False, event_handlers=None, executor='parallel', ignore_user_meta=False, install_base='install', log_base=None, log_level=None, main=<bound method BuildVerb.main of <colcon_core.verb.build.BuildVerb object at 0x7fe2f2d211f0>>, merge_install=False, metas=['./colcon.meta'], mixin=None, mixin_files=None, mixin_verb=('build',), packages_above=None, packages_above_and_dependencies=None, packages_above_depth=None, packages_end=None, packages_ignore=None, packages_ignore_regex=None, packages_select=['cpp_action_srvcli'], packages_select_build_failed=False, packages_select_by_dep=None, packages_select_regex=None, packages_select_test_failures=False, packages_skip=None, packages_skip_build_finished=False, packages_skip_by_dep=None, packages_skip_regex=None, packages_skip_test_passed=False, packages_skip_up_to=None, packages_start=None, packages_up_to=None, packages_up_to_regex=None, parallel_workers=8, paths=None, symlink_install=False, test_result_base=None, verb_extension=<colcon_core.verb.build.BuildVerb object at 0x7fe2f2d211f0>, verb_name='build', verb_parser=<colcon_mixin.mixin.mixin_argument.MixinArgumentDecorator object at 0x7fe2f2d21850>)
[0.427s] Level 1:colcon.colcon_core.package_discovery:discover_packages(colcon_meta) check parameters
[0.427s] Level 1:colcon.colcon_core.package_discovery:discover_packages(recursive) check parameters
[0.427s] Level 1:colcon.colcon_core.package_discovery:discover_packages(ignore) check parameters
[0.427s] Level 1:colcon.colcon_core.package_discovery:discover_packages(path) check parameters
[0.427s] Level 1:colcon.colcon_core.package_discovery:discover_packages(colcon_meta) discover
[0.427s] Level 1:colcon.colcon_core.package_discovery:discover_packages(recursive) discover
[0.427s] INFO:colcon.colcon_core.package_discovery:Crawling recursively for packages in '/home/bettanin/ros2dev'
[0.428s] Level 1:colcon.colcon_core.package_identification:_identify(.) by extensions ['ignore', 'ignore_ament_install']
[0.428s] Level 1:colcon.colcon_core.package_identification:_identify(.) by extension 'ignore'
[0.428s] Level 1:colcon.colcon_core.package_identification:_identify(.) by extension 'ignore_ament_install'
[0.428s] Level 1:colcon.colcon_core.package_identification:_identify(.) by extensions ['colcon_pkg']
[0.428s] Level 1:colcon.colcon_core.package_identification:_identify(.) by extension 'colcon_pkg'
[0.429s] Level 1:colcon.colcon_core.package_identification:_identify(.) by extensions ['colcon_meta']
[0.429s] Level 1:colcon.colcon_core.package_identification:_identify(.) by extension 'colcon_meta'
[0.429s] Level 1:colcon.colcon_core.package_identification:_identify(.) by extensions ['ros']
[0.429s] Level 1:colcon.colcon_core.package_identification:_identify(.) by extension 'ros'
[0.471s] Level 1:colcon.colcon_core.package_identification:_identify(.) by extensions ['cmake', 'python']
[0.471s] Level 1:colcon.colcon_core.package_identification:_identify(.) by extension 'cmake'
[0.471s] Level 1:colcon.colcon_core.package_identification:_identify(.) by extension 'python'
[0.471s] Level 1:colcon.colcon_core.package_identification:_identify(.) by extensions ['python_setup_py']
[0.471s] Level 1:colcon.colcon_core.package_identification:_identify(.) by extension 'python_setup_py'
[0.471s] Level 1:colcon.colcon_core.package_identification:_identify(build) by extensions ['ignore', 'ignore_ament_install']
[0.472s] Level 1:colcon.colcon_core.package_identification:_identify(build) by extension 'ignore'
[0.472s] Level 1:colcon.colcon_core.package_identification:_identify(build) ignored
[0.472s] Level 1:colcon.colcon_core.package_identification:_identify(install) by extensions ['ignore', 'ignore_ament_install']
[0.472s] Level 1:colcon.colcon_core.package_identification:_identify(install) by extension 'ignore'
[0.472s] Level 1:colcon.colcon_core.package_identification:_identify(install) ignored
[0.473s] Level 1:colcon.colcon_core.package_identification:_identify(log) by extensions ['ignore', 'ignore_ament_install']
[0.473s] Level 1:colcon.colcon_core.package_identification:_identify(log) by extension 'ignore'
[0.473s] Level 1:colcon.colcon_core.package_identification:_identify(log) ignored
[0.473s] Level 1:colcon.colcon_core.package_identification:_identify(src) by extensions ['ignore', 'ignore_ament_install']
[0.473s] Level 1:colcon.colcon_core.package_identification:_identify(src) by extension 'ignore'
[0.473s] Level 1:colcon.colcon_core.package_identification:_identify(src) by extension 'ignore_ament_install'
[0.474s] Level 1:colcon.colcon_core.package_identification:_identify(src) by extensions ['colcon_pkg']
[0.474s] Level 1:colcon.colcon_core.package_identification:_identify(src) by extension 'colcon_pkg'
[0.474s] Level 1:colcon.colcon_core.package_identification:_identify(src) by extensions ['colcon_meta']
[0.474s] Level 1:colcon.colcon_core.package_identification:_identify(src) by extension 'colcon_meta'
[0.474s] Level 1:colcon.colcon_core.package_identification:_identify(src) by extensions ['ros']
[0.474s] Level 1:colcon.colcon_core.package_identification:_identify(src) by extension 'ros'
[0.474s] Level 1:colcon.colcon_core.package_identification:_identify(src) by extensions ['cmake', 'python']
[0.474s] Level 1:colcon.colcon_core.package_identification:_identify(src) by extension 'cmake'
[0.474s] Level 1:colcon.colcon_core.package_identification:_identify(src) by extension 'python'
[0.475s] Level 1:colcon.colcon_core.package_identification:_identify(src) by extensions ['python_setup_py']
[0.475s] Level 1:colcon.colcon_core.package_identification:_identify(src) by extension 'python_setup_py'
[0.475s] Level 1:colcon.colcon_core.package_identification:_identify(src/action_tutorials_interfaces) by extensions ['ignore', 'ignore_ament_install']
[0.475s] Level 1:colcon.colcon_core.package_identification:_identify(src/action_tutorials_interfaces) by extension 'ignore'
[0.475s] Level 1:colcon.colcon_core.package_identification:_identify(src/action_tutorials_interfaces) by extension 'ignore_ament_install'
[0.475s] Level 1:colcon.colcon_core.package_identification:_identify(src/action_tutorials_interfaces) by extensions ['colcon_pkg']
[0.476s] Level 1:colcon.colcon_core.package_identification:_identify(src/action_tutorials_interfaces) by extension 'colcon_pkg'
[0.476s] Level 1:colcon.colcon_core.package_identification:_identify(src/action_tutorials_interfaces) by extensions ['colcon_meta']
[0.476s] Level 1:colcon.colcon_core.package_identification:_identify(src/action_tutorials_interfaces) by extension 'colcon_meta'
[0.476s] Level 1:colcon.colcon_core.package_identification:_identify(src/action_tutorials_interfaces) by extensions ['ros']
[0.476s] Level 1:colcon.colcon_core.package_identification:_identify(src/action_tutorials_interfaces) by extension 'ros'
[0.482s] DEBUG:colcon.colcon_core.package_identification:Package 'src/action_tutorials_interfaces' with type 'ros.ament_cmake' and name 'action_tutorials_interfaces'
[0.483s] Level 1:colcon.colcon_core.package_identification:_identify(src/cpp_action_srvcli) by extensions ['ignore', 'ignore_ament_install']
[0.483s] Level 1:colcon.colcon_core.package_identification:_identify(src/cpp_action_srvcli) by extension 'ignore'
[0.483s] Level 1:colcon.colcon_core.package_identification:_identify(src/cpp_action_srvcli) by extension 'ignore_ament_install'
[0.483s] Level 1:colcon.colcon_core.package_identification:_identify(src/cpp_action_srvcli) by extensions ['colcon_pkg']
[0.483s] Level 1:colcon.colcon_core.package_identification:_identify(src/cpp_action_srvcli) by extension 'colcon_pkg'
[0.483s] Level 1:colcon.colcon_core.package_identification:_identify(src/cpp_action_srvcli) by extensions ['colcon_meta']
[0.483s] Level 1:colcon.colcon_core.package_identification:_identify(src/cpp_action_srvcli) by extension 'colcon_meta'
[0.484s] Level 1:colcon.colcon_core.package_identification:_identify(src/cpp_action_srvcli) by extensions ['ros']
[0.484s] Level 1:colcon.colcon_core.package_identification:_identify(src/cpp_action_srvcli) by extension 'ros'
[0.486s] DEBUG:colcon.colcon_core.package_identification:Package 'src/cpp_action_srvcli' with type 'ros.ament_cmake' and name 'cpp_action_srvcli'
[0.486s] Level 1:colcon.colcon_core.package_identification:_identify(src/cpp_parameters) by extensions ['ignore', 'ignore_ament_install']
[0.486s] Level 1:colcon.colcon_core.package_identification:_identify(src/cpp_parameters) by extension 'ignore'
[0.487s] Level 1:colcon.colcon_core.package_identification:_identify(src/cpp_parameters) by extension 'ignore_ament_install'
[0.487s] Level 1:colcon.colcon_core.package_identification:_identify(src/cpp_parameters) by extensions ['colcon_pkg']
[0.487s] Level 1:colcon.colcon_core.package_identification:_identify(src/cpp_parameters) by extension 'colcon_pkg'
[0.487s] Level 1:colcon.colcon_core.package_identification:_identify(src/cpp_parameters) by extensions ['colcon_meta']
[0.487s] Level 1:colcon.colcon_core.package_identification:_identify(src/cpp_parameters) by extension 'colcon_meta'
[0.487s] Level 1:colcon.colcon_core.package_identification:_identify(src/cpp_parameters) by extensions ['ros']
[0.487s] Level 1:colcon.colcon_core.package_identification:_identify(src/cpp_parameters) by extension 'ros'
[0.488s] DEBUG:colcon.colcon_core.package_identification:Package 'src/cpp_parameters' with type 'ros.ament_cmake' and name 'cpp_parameters'
[0.488s] Level 1:colcon.colcon_core.package_identification:_identify(src/cpp_pubsub) by extensions ['ignore', 'ignore_ament_install']
[0.489s] Level 1:colcon.colcon_core.package_identification:_identify(src/cpp_pubsub) by extension 'ignore'
[0.489s] Level 1:colcon.colcon_core.package_identification:_identify(src/cpp_pubsub) by extension 'ignore_ament_install'
[0.489s] Level 1:colcon.colcon_core.package_identification:_identify(src/cpp_pubsub) by extensions ['colcon_pkg']
[0.489s] Level 1:colcon.colcon_core.package_identification:_identify(src/cpp_pubsub) by extension 'colcon_pkg'
[0.489s] Level 1:colcon.colcon_core.package_identification:_identify(src/cpp_pubsub) by extensions ['colcon_meta']
[0.489s] Level 1:colcon.colcon_core.package_identification:_identify(src/cpp_pubsub) by extension 'colcon_meta'
[0.489s] Level 1:colcon.colcon_core.package_identification:_identify(src/cpp_pubsub) by extensions ['ros']
[0.489s] Level 1:colcon.colcon_core.package_identification:_identify(src/cpp_pubsub) by extension 'ros'
[0.491s] DEBUG:colcon.colcon_core.package_identification:Package 'src/cpp_pubsub' with type 'ros.ament_cmake' and name 'cpp_pubsub'
[0.491s] Level 1:colcon.colcon_core.package_identification:_identify(src/cpp_srvcli) by extensions ['ignore', 'ignore_ament_install']
[0.491s] Level 1:colcon.colcon_core.package_identification:_identify(src/cpp_srvcli) by extension 'ignore'
[0.491s] Level 1:colcon.colcon_core.package_identification:_identify(src/cpp_srvcli) by extension 'ignore_ament_install'
[0.491s] Level 1:colcon.colcon_core.package_identification:_identify(src/cpp_srvcli) by extensions ['colcon_pkg']
[0.491s] Level 1:colcon.colcon_core.package_identification:_identify(src/cpp_srvcli) by extension 'colcon_pkg'
[0.491s] Level 1:colcon.colcon_core.package_identification:_identify(src/cpp_srvcli) by extensions ['colcon_meta']
[0.492s] Level 1:colcon.colcon_core.package_identification:_identify(src/cpp_srvcli) by extension 'colcon_meta'
[0.492s] Level 1:colcon.colcon_core.package_identification:_identify(src/cpp_srvcli) by extensions ['ros']
[0.492s] Level 1:colcon.colcon_core.package_identification:_identify(src/cpp_srvcli) by extension 'ros'
[0.493s] DEBUG:colcon.colcon_core.package_identification:Package 'src/cpp_srvcli' with type 'ros.ament_cmake' and name 'cpp_srvcli'
[0.493s] Level 1:colcon.colcon_core.package_identification:_identify(src/examples) by extensions ['ignore', 'ignore_ament_install']
[0.493s] Level 1:colcon.colcon_core.package_identification:_identify(src/examples) by extension 'ignore'
[0.493s] Level 1:colcon.colcon_core.package_identification:_identify(src/examples) by extension 'ignore_ament_install'
[0.494s] Level 1:colcon.colcon_core.package_identification:_identify(src/examples) by extensions ['colcon_pkg']
[0.494s] Level 1:colcon.colcon_core.package_identification:_identify(src/examples) by extension 'colcon_pkg'
[0.494s] Level 1:colcon.colcon_core.package_identification:_identify(src/examples) by extensions ['colcon_meta']
[0.494s] Level 1:colcon.colcon_core.package_identification:_identify(src/examples) by extension 'colcon_meta'
[0.494s] Level 1:colcon.colcon_core.package_identification:_identify(src/examples) by extensions ['ros']
[0.494s] Level 1:colcon.colcon_core.package_identification:_identify(src/examples) by extension 'ros'
[0.494s] Level 1:colcon.colcon_core.package_identification:_identify(src/examples) by extensions ['cmake', 'python']
[0.494s] Level 1:colcon.colcon_core.package_identification:_identify(src/examples) by extension 'cmake'
[0.494s] Level 1:colcon.colcon_core.package_identification:_identify(src/examples) by extension 'python'
[0.495s] Level 1:colcon.colcon_core.package_identification:_identify(src/examples) by extensions ['python_setup_py']
[0.495s] Level 1:colcon.colcon_core.package_identification:_identify(src/examples) by extension 'python_setup_py'
[0.495s] Level 1:colcon.colcon_core.package_identification:_identify(src/examples/rclcpp) by extensions ['ignore', 'ignore_ament_install']
[0.495s] Level 1:colcon.colcon_core.package_identification:_identify(src/examples/rclcpp) by extension 'ignore'
[0.495s] Level 1:colcon.colcon_core.package_identification:_identify(src/examples/rclcpp) ignored
[0.496s] Level 1:colcon.colcon_core.package_identification:_identify(src/examples/rclpy) by extensions ['ignore', 'ignore_ament_install']
[0.496s] Level 1:colcon.colcon_core.package_identification:_identify(src/examples/rclpy) by extension 'ignore'
[0.496s] Level 1:colcon.colcon_core.package_identification:_identify(src/examples/rclpy) ignored
[0.496s] Level 1:colcon.colcon_core.package_identification:_identify(src/more_interfaces) by extensions ['ignore', 'ignore_ament_install']
[0.497s] Level 1:colcon.colcon_core.package_identification:_identify(src/more_interfaces) by extension 'ignore'
[0.497s] Level 1:colcon.colcon_core.package_identification:_identify(src/more_interfaces) by extension 'ignore_ament_install'
[0.497s] Level 1:colcon.colcon_core.package_identification:_identify(src/more_interfaces) by extensions ['colcon_pkg']
[0.497s] Level 1:colcon.colcon_core.package_identification:_identify(src/more_interfaces) by extension 'colcon_pkg'
[0.497s] Level 1:colcon.colcon_core.package_identification:_identify(src/more_interfaces) by extensions ['colcon_meta']
[0.497s] Level 1:colcon.colcon_core.package_identification:_identify(src/more_interfaces) by extension 'colcon_meta'
[0.498s] Level 1:colcon.colcon_core.package_identification:_identify(src/more_interfaces) by extensions ['ros']
[0.498s] Level 1:colcon.colcon_core.package_identification:_identify(src/more_interfaces) by extension 'ros'
[0.500s] DEBUG:colcon.colcon_core.package_identification:Package 'src/more_interfaces' with type 'ros.ament_cmake' and name 'more_interfaces'
[0.500s] Level 1:colcon.colcon_core.package_identification:_identify(src/my_package) by extensions ['ignore', 'ignore_ament_install']
[0.500s] Level 1:colcon.colcon_core.package_identification:_identify(src/my_package) by extension 'ignore'
[0.500s] Level 1:colcon.colcon_core.package_identification:_identify(src/my_package) by extension 'ignore_ament_install'
[0.500s] Level 1:colcon.colcon_core.package_identification:_identify(src/my_package) by extensions ['colcon_pkg']
[0.501s] Level 1:colcon.colcon_core.package_identification:_identify(src/my_package) by extension 'colcon_pkg'
[0.501s] Level 1:colcon.colcon_core.package_identification:_identify(src/my_package) by extensions ['colcon_meta']
[0.501s] Level 1:colcon.colcon_core.package_identification:_identify(src/my_package) by extension 'colcon_meta'
[0.501s] Level 1:colcon.colcon_core.package_identification:_identify(src/my_package) by extensions ['ros']
[0.501s] Level 1:colcon.colcon_core.package_identification:_identify(src/my_package) by extension 'ros'
[0.503s] DEBUG:colcon.colcon_core.package_identification:Package 'src/my_package' with type 'ros.ament_cmake' and name 'my_package'
[0.503s] Level 1:colcon.colcon_core.package_identification:_identify(src/ros_tutorials) by extensions ['ignore', 'ignore_ament_install']
[0.503s] Level 1:colcon.colcon_core.package_identification:_identify(src/ros_tutorials) by extension 'ignore'
[0.503s] Level 1:colcon.colcon_core.package_identification:_identify(src/ros_tutorials) by extension 'ignore_ament_install'
[0.503s] Level 1:colcon.colcon_core.package_identification:_identify(src/ros_tutorials) by extensions ['colcon_pkg']
[0.503s] Level 1:colcon.colcon_core.package_identification:_identify(src/ros_tutorials) by extension 'colcon_pkg'
[0.504s] Level 1:colcon.colcon_core.package_identification:_identify(src/ros_tutorials) by extensions ['colcon_meta']
[0.504s] Level 1:colcon.colcon_core.package_identification:_identify(src/ros_tutorials) by extension 'colcon_meta'
[0.504s] Level 1:colcon.colcon_core.package_identification:_identify(src/ros_tutorials) by extensions ['ros']
[0.504s] Level 1:colcon.colcon_core.package_identification:_identify(src/ros_tutorials) by extension 'ros'
[0.504s] Level 1:colcon.colcon_core.package_identification:_identify(src/ros_tutorials) by extensions ['cmake', 'python']
[0.504s] Level 1:colcon.colcon_core.package_identification:_identify(src/ros_tutorials) by extension 'cmake'
[0.504s] Level 1:colcon.colcon_core.package_identification:_identify(src/ros_tutorials) by extension 'python'
[0.505s] Level 1:colcon.colcon_core.package_identification:_identify(src/ros_tutorials) by extensions ['python_setup_py']
[0.505s] Level 1:colcon.colcon_core.package_identification:_identify(src/ros_tutorials) by extension 'python_setup_py'
[0.505s] Level 1:colcon.colcon_core.package_identification:_identify(src/ros_tutorials/ros_tutorials) by extensions ['ignore', 'ignore_ament_install']
[0.505s] Level 1:colcon.colcon_core.package_identification:_identify(src/ros_tutorials/ros_tutorials) by extension 'ignore'
[0.505s] Level 1:colcon.colcon_core.package_identification:_identify(src/ros_tutorials/ros_tutorials) ignored
[0.505s] Level 1:colcon.colcon_core.package_identification:_identify(src/ros_tutorials/roscpp_tutorials) by extensions ['ignore', 'ignore_ament_install']
[0.506s] Level 1:colcon.colcon_core.package_identification:_identify(src/ros_tutorials/roscpp_tutorials) by extension 'ignore'
[0.506s] Level 1:colcon.colcon_core.package_identification:_identify(src/ros_tutorials/roscpp_tutorials) ignored
[0.506s] Level 1:colcon.colcon_core.package_identification:_identify(src/ros_tutorials/rospy_tutorials) by extensions ['ignore', 'ignore_ament_install']
[0.506s] Level 1:colcon.colcon_core.package_identification:_identify(src/ros_tutorials/rospy_tutorials) by extension 'ignore'
[0.506s] Level 1:colcon.colcon_core.package_identification:_identify(src/ros_tutorials/rospy_tutorials) ignored
[0.507s] Level 1:colcon.colcon_core.package_identification:_identify(src/ros_tutorials/turtlesim) by extensions ['ignore', 'ignore_ament_install']
[0.507s] Level 1:colcon.colcon_core.package_identification:_identify(src/ros_tutorials/turtlesim) by extension 'ignore'
[0.507s] Level 1:colcon.colcon_core.package_identification:_identify(src/ros_tutorials/turtlesim) ignored
[0.507s] Level 1:colcon.colcon_core.package_identification:_identify(src/tutorial_interfaces) by extensions ['ignore', 'ignore_ament_install']
[0.507s] Level 1:colcon.colcon_core.package_identification:_identify(src/tutorial_interfaces) by extension 'ignore'
[0.508s] Level 1:colcon.colcon_core.package_identification:_identify(src/tutorial_interfaces) by extension 'ignore_ament_install'
[0.508s] Level 1:colcon.colcon_core.package_identification:_identify(src/tutorial_interfaces) by extensions ['colcon_pkg']
[0.508s] Level 1:colcon.colcon_core.package_identification:_identify(src/tutorial_interfaces) by extension 'colcon_pkg'
[0.508s] Level 1:colcon.colcon_core.package_identification:_identify(src/tutorial_interfaces) by extensions ['colcon_meta']
[0.508s] Level 1:colcon.colcon_core.package_identification:_identify(src/tutorial_interfaces) by extension 'colcon_meta'
[0.508s] Level 1:colcon.colcon_core.package_identification:_identify(src/tutorial_interfaces) by extensions ['ros']
[0.508s] Level 1:colcon.colcon_core.package_identification:_identify(src/tutorial_interfaces) by extension 'ros'
[0.510s] DEBUG:colcon.colcon_core.package_identification:Package 'src/tutorial_interfaces' with type 'ros.ament_cmake' and name 'tutorial_interfaces'
[0.510s] Level 1:colcon.colcon_core.package_discovery:discover_packages(recursive) using defaults
[0.510s] Level 1:colcon.colcon_core.package_discovery:discover_packages(ignore) discover
[0.510s] Level 1:colcon.colcon_core.package_discovery:discover_packages(ignore) using defaults
[0.510s] Level 1:colcon.colcon_core.package_discovery:discover_packages(path) discover
[0.510s] Level 1:colcon.colcon_core.package_discovery:discover_packages(path) using defaults
[0.554s] INFO:colcon.colcon_core.package_selection:Skipping not selected package 'action_tutorials_interfaces' in 'src/action_tutorials_interfaces'
[0.554s] INFO:colcon.colcon_core.package_selection:Skipping not selected package 'cpp_parameters' in 'src/cpp_parameters'
[0.554s] INFO:colcon.colcon_core.package_selection:Skipping not selected package 'cpp_srvcli' in 'src/cpp_srvcli'
[0.554s] INFO:colcon.colcon_core.package_selection:Skipping not selected package 'more_interfaces' in 'src/more_interfaces'
[0.554s] INFO:colcon.colcon_core.package_selection:Skipping not selected package 'my_package' in 'src/my_package'
[0.554s] INFO:colcon.colcon_core.package_selection:Skipping not selected package 'tutorial_interfaces' in 'src/tutorial_interfaces'
[0.554s] INFO:colcon.colcon_core.package_selection:Skipping not selected package 'cpp_pubsub' in 'src/cpp_pubsub'
[0.556s] Level 1:colcon.colcon_core.package_discovery:discover_packages(prefix_path) check parameters
[0.556s] Level 1:colcon.colcon_core.package_discovery:discover_packages(prefix_path) discover
[0.564s] DEBUG:colcon.colcon_installed_package_information.package_discovery:Found 9 installed packages in /home/bettanin/ros2dev/install
[0.568s] DEBUG:colcon.colcon_installed_package_information.package_discovery:Found 311 installed packages in /opt/ros/foxy
[0.571s] Level 1:colcon.colcon_core.package_discovery:discover_packages(prefix_path) using defaults
[0.724s] Level 5:colcon.colcon_core.verb:set package 'cpp_action_srvcli' build argument 'cmake_args' from command line to 'None'
[0.724s] Level 5:colcon.colcon_core.verb:set package 'cpp_action_srvcli' build argument 'cmake_target' from command line to 'None'
[0.724s] Level 5:colcon.colcon_core.verb:set package 'cpp_action_srvcli' build argument 'cmake_target_skip_unavailable' from command line to 'False'
[0.724s] Level 5:colcon.colcon_core.verb:set package 'cpp_action_srvcli' build argument 'cmake_clean_cache' from command line to 'False'
[0.724s] Level 5:colcon.colcon_core.verb:set package 'cpp_action_srvcli' build argument 'cmake_clean_first' from command line to 'False'
[0.724s] Level 5:colcon.colcon_core.verb:set package 'cpp_action_srvcli' build argument 'cmake_force_configure' from command line to 'False'
[0.724s] Level 5:colcon.colcon_core.verb:set package 'cpp_action_srvcli' build argument 'ament_cmake_args' from command line to 'None'
[0.724s] Level 5:colcon.colcon_core.verb:set package 'cpp_action_srvcli' build argument 'catkin_cmake_args' from command line to 'None'
[0.724s] Level 5:colcon.colcon_core.verb:set package 'cpp_action_srvcli' build argument 'catkin_skip_building_tests' from command line to 'False'
[0.725s] DEBUG:colcon.colcon_core.verb:Building package 'cpp_action_srvcli' with the following arguments: {'ament_cmake_args': None, 'build_base': '/home/bettanin/ros2dev/build/cpp_action_srvcli', 'catkin_cmake_args': None, 'catkin_skip_building_tests': False, 'cmake_args': None, 'cmake_clean_cache': False, 'cmake_clean_first': False, 'cmake_force_configure': False, 'cmake_target': None, 'cmake_target_skip_unavailable': False, 'install_base': '/home/bettanin/ros2dev/install/cpp_action_srvcli', 'merge_install': False, 'path': '/home/bettanin/ros2dev/src/cpp_action_srvcli', 'symlink_install': False, 'test_result_base': None}
[0.726s] INFO:colcon.colcon_core.executor:Executing jobs using 'parallel' executor
[0.735s] DEBUG:colcon.colcon_parallel_executor.executor.parallel:run_until_complete
[0.735s] INFO:colcon.colcon_ros.task.ament_cmake.build:Building ROS package in '/home/bettanin/ros2dev/src/cpp_action_srvcli' with build type 'ament_cmake'
[0.735s] INFO:colcon.colcon_cmake.task.cmake.build:Building CMake package in '/home/bettanin/ros2dev/src/cpp_action_srvcli'
[0.745s] INFO:colcon.colcon_core.plugin_system:Skipping extension 'colcon_core.shell.bat': Not used on non-Windows systems
[0.745s] INFO:colcon.colcon_core.shell:Skip shell extension 'powershell' for command environment: Not usable outside of PowerShell
[0.745s] DEBUG:colcon.colcon_core.shell:Skip shell extension 'dsv' for command environment
[0.775s] DEBUG:colcon.colcon_core.event_handler.log_command:Invoking command in '/home/bettanin/ros2dev/build/cpp_action_srvcli': CMAKE_PREFIX_PATH=/home/bettanin/ros2dev/install/action_tutorials_interfaces:/home/bettanin/ros2dev/install/cpp_action_srvcli:/home/bettanin/ros2dev/install/cpp_pubsub:/home/bettanin/ros2dev/install/tutorial_interfaces:/home/bettanin/ros2dev/install/my_package:/home/bettanin/ros2dev/install/more_interfaces:/home/bettanin/ros2dev/install/cpp_srvcli:/home/bettanin/ros2dev/install/cpp_parameters:/opt/ros/foxy LD_LIBRARY_PATH=/home/bettanin/ros2dev/install/action_tutorials_interfaces/lib:/home/bettanin/ros2dev/install/cpp_action_srvcli/lib:/home/bettanin/ros2dev/install/tutorial_interfaces/lib:/home/bettanin/ros2dev/install/more_interfaces/lib:/opt/ros/foxy/opt/yaml_cpp_vendor/lib:/opt/ros/foxy/opt/rviz_ogre_vendor/lib:/opt/ros/foxy/lib/x86_64-linux-gnu:/opt/ros/foxy/lib /usr/bin/cmake --build /home/bettanin/ros2dev/build/cpp_action_srvcli -- -j8 -l8
[9.462s] DEBUG:colcon.colcon_core.event_handler.log_command:Invoked command in '/home/bettanin/ros2dev/build/cpp_action_srvcli' returned '0': CMAKE_PREFIX_PATH=/home/bettanin/ros2dev/install/action_tutorials_interfaces:/home/bettanin/ros2dev/install/cpp_action_srvcli:/home/bettanin/ros2dev/install/cpp_pubsub:/home/bettanin/ros2dev/install/tutorial_interfaces:/home/bettanin/ros2dev/install/my_package:/home/bettanin/ros2dev/install/more_interfaces:/home/bettanin/ros2dev/install/cpp_srvcli:/home/bettanin/ros2dev/install/cpp_parameters:/opt/ros/foxy LD_LIBRARY_PATH=/home/bettanin/ros2dev/install/action_tutorials_interfaces/lib:/home/bettanin/ros2dev/install/cpp_action_srvcli/lib:/home/bettanin/ros2dev/install/tutorial_interfaces/lib:/home/bettanin/ros2dev/install/more_interfaces/lib:/opt/ros/foxy/opt/yaml_cpp_vendor/lib:/opt/ros/foxy/opt/rviz_ogre_vendor/lib:/opt/ros/foxy/lib/x86_64-linux-gnu:/opt/ros/foxy/lib /usr/bin/cmake --build /home/bettanin/ros2dev/build/cpp_action_srvcli -- -j8 -l8
[9.550s] DEBUG:colcon.colcon_core.event_handler.log_command:Invoking command in '/home/bettanin/ros2dev/build/cpp_action_srvcli': CMAKE_PREFIX_PATH=/home/bettanin/ros2dev/install/action_tutorials_interfaces:/home/bettanin/ros2dev/install/cpp_action_srvcli:/home/bettanin/ros2dev/install/cpp_pubsub:/home/bettanin/ros2dev/install/tutorial_interfaces:/home/bettanin/ros2dev/install/my_package:/home/bettanin/ros2dev/install/more_interfaces:/home/bettanin/ros2dev/install/cpp_srvcli:/home/bettanin/ros2dev/install/cpp_parameters:/opt/ros/foxy LD_LIBRARY_PATH=/home/bettanin/ros2dev/install/action_tutorials_interfaces/lib:/home/bettanin/ros2dev/install/cpp_action_srvcli/lib:/home/bettanin/ros2dev/install/tutorial_interfaces/lib:/home/bettanin/ros2dev/install/more_interfaces/lib:/opt/ros/foxy/opt/yaml_cpp_vendor/lib:/opt/ros/foxy/opt/rviz_ogre_vendor/lib:/opt/ros/foxy/lib/x86_64-linux-gnu:/opt/ros/foxy/lib /usr/bin/cmake --install /home/bettanin/ros2dev/build/cpp_action_srvcli
[9.583s] Level 1:colcon.colcon_core.environment:create_environment_scripts_only(cpp_action_srvcli)
[9.585s] DEBUG:colcon.colcon_core.event_handler.log_command:Invoked command in '/home/bettanin/ros2dev/build/cpp_action_srvcli' returned '0': CMAKE_PREFIX_PATH=/home/bettanin/ros2dev/install/action_tutorials_interfaces:/home/bettanin/ros2dev/install/cpp_action_srvcli:/home/bettanin/ros2dev/install/cpp_pubsub:/home/bettanin/ros2dev/install/tutorial_interfaces:/home/bettanin/ros2dev/install/my_package:/home/bettanin/ros2dev/install/more_interfaces:/home/bettanin/ros2dev/install/cpp_srvcli:/home/bettanin/ros2dev/install/cpp_parameters:/opt/ros/foxy LD_LIBRARY_PATH=/home/bettanin/ros2dev/install/action_tutorials_interfaces/lib:/home/bettanin/ros2dev/install/cpp_action_srvcli/lib:/home/bettanin/ros2dev/install/tutorial_interfaces/lib:/home/bettanin/ros2dev/install/more_interfaces/lib:/opt/ros/foxy/opt/yaml_cpp_vendor/lib:/opt/ros/foxy/opt/rviz_ogre_vendor/lib:/opt/ros/foxy/lib/x86_64-linux-gnu:/opt/ros/foxy/lib /usr/bin/cmake --install /home/bettanin/ros2dev/build/cpp_action_srvcli
[9.594s] Level 1:colcon.colcon_core.environment:checking '/home/bettanin/ros2dev/install/cpp_action_srvcli' for CMake module files
[9.595s] Level 1:colcon.colcon_core.environment:checking '/home/bettanin/ros2dev/install/cpp_action_srvcli' for CMake config files
[9.595s] Level 1:colcon.colcon_core.shell:create_environment_hook('cpp_action_srvcli', 'cmake_prefix_path')
[9.598s] INFO:colcon.colcon_core.shell:Creating environment hook '/home/bettanin/ros2dev/install/cpp_action_srvcli/share/cpp_action_srvcli/hook/cmake_prefix_path.ps1'
[9.599s] INFO:colcon.colcon_core.shell:Creating environment descriptor '/home/bettanin/ros2dev/install/cpp_action_srvcli/share/cpp_action_srvcli/hook/cmake_prefix_path.dsv'
[9.600s] INFO:colcon.colcon_core.shell:Creating environment hook '/home/bettanin/ros2dev/install/cpp_action_srvcli/share/cpp_action_srvcli/hook/cmake_prefix_path.sh'
[9.602s] Level 1:colcon.colcon_core.environment:checking '/home/bettanin/ros2dev/install/cpp_action_srvcli/lib'
[9.602s] Level 1:colcon.colcon_core.shell:create_environment_hook('cpp_action_srvcli', 'ld_library_path_lib')
[9.605s] INFO:colcon.colcon_core.shell:Creating environment hook '/home/bettanin/ros2dev/install/cpp_action_srvcli/share/cpp_action_srvcli/hook/ld_library_path_lib.ps1'
[9.605s] INFO:colcon.colcon_core.shell:Creating environment descriptor '/home/bettanin/ros2dev/install/cpp_action_srvcli/share/cpp_action_srvcli/hook/ld_library_path_lib.dsv'
[9.606s] INFO:colcon.colcon_core.shell:Creating environment hook '/home/bettanin/ros2dev/install/cpp_action_srvcli/share/cpp_action_srvcli/hook/ld_library_path_lib.sh'
[9.607s] Level 1:colcon.colcon_core.environment:checking '/home/bettanin/ros2dev/install/cpp_action_srvcli/bin'
[9.607s] Level 1:colcon.colcon_core.environment:checking '/home/bettanin/ros2dev/install/cpp_action_srvcli/lib/pkgconfig/cpp_action_srvcli.pc'
[9.607s] Level 1:colcon.colcon_core.environment:checking '/home/bettanin/ros2dev/install/cpp_action_srvcli/lib/python3.8/site-packages'
[9.608s] Level 1:colcon.colcon_core.environment:checking '/home/bettanin/ros2dev/install/cpp_action_srvcli/bin'
[9.610s] INFO:colcon.colcon_core.shell:Creating package script '/home/bettanin/ros2dev/install/cpp_action_srvcli/share/cpp_action_srvcli/package.ps1'
[9.612s] INFO:colcon.colcon_core.shell:Creating package descriptor '/home/bettanin/ros2dev/install/cpp_action_srvcli/share/cpp_action_srvcli/package.dsv'
[9.613s] INFO:colcon.colcon_core.shell:Creating package script '/home/bettanin/ros2dev/install/cpp_action_srvcli/share/cpp_action_srvcli/package.sh'
[9.614s] INFO:colcon.colcon_core.shell:Creating package script '/home/bettanin/ros2dev/install/cpp_action_srvcli/share/cpp_action_srvcli/package.bash'
[9.615s] INFO:colcon.colcon_core.shell:Creating package script '/home/bettanin/ros2dev/install/cpp_action_srvcli/share/cpp_action_srvcli/package.zsh'
[9.616s] Level 1:colcon.colcon_core.environment:create_file_with_runtime_dependencies(/home/bettanin/ros2dev/install/cpp_action_srvcli/share/colcon-core/packages/cpp_action_srvcli)
[9.683s] Level 1:colcon.colcon_core.environment:create_environment_scripts_only(cpp_action_srvcli)
[9.687s] Level 1:colcon.colcon_core.environment:checking '/home/bettanin/ros2dev/install/cpp_action_srvcli' for CMake module files
[9.688s] Level 1:colcon.colcon_core.environment:checking '/home/bettanin/ros2dev/install/cpp_action_srvcli' for CMake config files
[9.689s] Level 1:colcon.colcon_core.shell:create_environment_hook('cpp_action_srvcli', 'cmake_prefix_path')
[9.691s] INFO:colcon.colcon_core.shell:Creating environment hook '/home/bettanin/ros2dev/install/cpp_action_srvcli/share/cpp_action_srvcli/hook/cmake_prefix_path.ps1'
[9.692s] INFO:colcon.colcon_core.shell:Creating environment descriptor '/home/bettanin/ros2dev/install/cpp_action_srvcli/share/cpp_action_srvcli/hook/cmake_prefix_path.dsv'
[9.693s] INFO:colcon.colcon_core.shell:Creating environment hook '/home/bettanin/ros2dev/install/cpp_action_srvcli/share/cpp_action_srvcli/hook/cmake_prefix_path.sh'
[9.694s] Level 1:colcon.colcon_core.environment:checking '/home/bettanin/ros2dev/install/cpp_action_srvcli/lib'
[9.694s] Level 1:colcon.colcon_core.shell:create_environment_hook('cpp_action_srvcli', 'ld_library_path_lib')
[9.697s] INFO:colcon.colcon_core.shell:Creating environment hook '/home/bettanin/ros2dev/install/cpp_action_srvcli/share/cpp_action_srvcli/hook/ld_library_path_lib.ps1'
[9.697s] INFO:colcon.colcon_core.shell:Creating environment descriptor '/home/bettanin/ros2dev/install/cpp_action_srvcli/share/cpp_action_srvcli/hook/ld_library_path_lib.dsv'
[9.698s] INFO:colcon.colcon_core.shell:Creating environment hook '/home/bettanin/ros2dev/install/cpp_action_srvcli/share/cpp_action_srvcli/hook/ld_library_path_lib.sh'
[9.699s] Level 1:colcon.colcon_core.environment:checking '/home/bettanin/ros2dev/install/cpp_action_srvcli/bin'
[9.699s] Level 1:colcon.colcon_core.environment:checking '/home/bettanin/ros2dev/install/cpp_action_srvcli/lib/pkgconfig/cpp_action_srvcli.pc'
[9.699s] Level 1:colcon.colcon_core.environment:checking '/home/bettanin/ros2dev/install/cpp_action_srvcli/lib/python3.8/site-packages'
[9.700s] Level 1:colcon.colcon_core.environment:checking '/home/bettanin/ros2dev/install/cpp_action_srvcli/bin'
[9.702s] INFO:colcon.colcon_core.shell:Creating package script '/home/bettanin/ros2dev/install/cpp_action_srvcli/share/cpp_action_srvcli/package.ps1'
[9.703s] INFO:colcon.colcon_core.shell:Creating package descriptor '/home/bettanin/ros2dev/install/cpp_action_srvcli/share/cpp_action_srvcli/package.dsv'
[9.704s] INFO:colcon.colcon_core.shell:Creating package script '/home/bettanin/ros2dev/install/cpp_action_srvcli/share/cpp_action_srvcli/package.sh'
[9.705s] INFO:colcon.colcon_core.shell:Creating package script '/home/bettanin/ros2dev/install/cpp_action_srvcli/share/cpp_action_srvcli/package.bash'
[9.706s] INFO:colcon.colcon_core.shell:Creating package script '/home/bettanin/ros2dev/install/cpp_action_srvcli/share/cpp_action_srvcli/package.zsh'
[9.706s] Level 1:colcon.colcon_core.environment:create_file_with_runtime_dependencies(/home/bettanin/ros2dev/install/cpp_action_srvcli/share/colcon-core/packages/cpp_action_srvcli)
[9.707s] DEBUG:colcon.colcon_parallel_executor.executor.parallel:closing loop
[9.707s] DEBUG:colcon.colcon_parallel_executor.executor.parallel:loop closed
[9.708s] DEBUG:colcon.colcon_parallel_executor.executor.parallel:run_until_complete finished with '0'
[9.708s] DEBUG:colcon.colcon_core.event_reactor:joining thread
[9.720s] INFO:colcon.colcon_core.plugin_system:Skipping extension 'colcon_notification.desktop_notification.terminal_notifier': Not used on non-Darwin systems
[9.720s] INFO:colcon.colcon_core.plugin_system:Skipping extension 'colcon_notification.desktop_notification.win32': Not used on non-Windows systems
[9.720s] INFO:colcon.colcon_notification.desktop_notification:Sending desktop notification using 'notify2'
[9.747s] DEBUG:colcon.colcon_core.event_reactor:joined thread
[9.750s] INFO:colcon.colcon_core.shell:Creating prefix script '/home/bettanin/ros2dev/install/local_setup.ps1'
[9.752s] INFO:colcon.colcon_core.shell:Creating prefix util module '/home/bettanin/ros2dev/install/_local_setup_util_ps1.py'
[9.754s] INFO:colcon.colcon_core.shell:Creating prefix chain script '/home/bettanin/ros2dev/install/setup.ps1'
[9.757s] INFO:colcon.colcon_core.shell:Creating prefix script '/home/bettanin/ros2dev/install/local_setup.sh'
[9.758s] INFO:colcon.colcon_core.shell:Creating prefix util module '/home/bettanin/ros2dev/install/_local_setup_util_sh.py'
[9.759s] INFO:colcon.colcon_core.shell:Creating prefix chain script '/home/bettanin/ros2dev/install/setup.sh'
[9.761s] INFO:colcon.colcon_core.shell:Creating prefix script '/home/bettanin/ros2dev/install/local_setup.bash'
[9.762s] INFO:colcon.colcon_core.shell:Creating prefix chain script '/home/bettanin/ros2dev/install/setup.bash'
[9.765s] INFO:colcon.colcon_core.shell:Creating prefix script '/home/bettanin/ros2dev/install/local_setup.zsh'
[9.766s] INFO:colcon.colcon_core.shell:Creating prefix chain script '/home/bettanin/ros2dev/install/setup.zsh'
