[0.028s] Invoking command in '/home/bettanin/ros2_ws/build/learning_tf2_cpp': CMAKE_PREFIX_PATH=${CMAKE_PREFIX_PATH}:/home/bettanin/ros2_ws/install/py_launch_example:/home/bettanin/ros2_ws/install/launch_tutorial:/opt/ros/foxy /usr/bin/cmake --build /home/bettanin/ros2_ws/build/learning_tf2_cpp -- -j8 -l8
[0.083s] -- Found ament_cmake: 0.9.9 (/opt/ros/foxy/share/ament_cmake/cmake)
[0.128s] -- Using PYTHON_EXECUTABLE: /usr/bin/python3
[0.501s] -- Found geometry_msgs: 2.0.5 (/opt/ros/foxy/share/geometry_msgs/cmake)
[0.550s] -- Using all available rosidl_typesupport_c: rosidl_typesupport_fastrtps_c;rosidl_typesupport_introspection_c
[0.556s] -- Found rosidl_adapter: 1.2.1 (/opt/ros/foxy/share/rosidl_adapter/cmake)
[0.807s] -- Using all available rosidl_typesupport_cpp: rosidl_typesupport_fastrtps_cpp;rosidl_typesupport_introspection_cpp
[0.965s] -- Found rclcpp: 2.4.1 (/opt/ros/foxy/share/rclcpp/cmake)
[1.035s] -- Found rmw_implementation_cmake: 1.0.3 (/opt/ros/foxy/share/rmw_implementation_cmake/cmake)
[1.038s] -- Using RMW implementation 'rmw_fastrtps_cpp' as default
[1.295s] -- Found tf2: 0.13.13 (/opt/ros/foxy/share/tf2/cmake)
[1.313s] -- Found tf2_ros: 0.13.13 (/opt/ros/foxy/share/tf2_ros/cmake)
[1.940s] -- Found turtlesim: 1.2.5 (/opt/ros/foxy/share/turtlesim/cmake)
[2.051s] -- Found ament_lint_auto: 0.9.6 (/opt/ros/foxy/share/ament_lint_auto/cmake)
[2.173s] -- Added test 'copyright' to check source files copyright and LICENSE
[2.175s] -- Added test 'cppcheck' to perform static code analysis on C / C++ code
[2.176s] -- Configured cppcheck include dirs: 
[2.176s] -- Configured cppcheck exclude dirs and/or files: 
[2.177s] -- Added test 'cpplint' to check C / C++ code against the Google style
[2.178s] -- Configured cpplint exclude dirs and/or files: 
[2.178s] -- Added test 'flake8' to check Python code syntax and style conventions
[2.180s] -- Added test 'lint_cmake' to check CMake code style
[2.180s] -- Added test 'pep257' to check Python code against some of the style conventions in PEP 257
[2.182s] -- Added test 'uncrustify' to check C / C++ code style
[2.182s] -- Configured uncrustify additional arguments: 
[2.183s] -- Added test 'xmllint' to check XML markup files
[2.189s] -- Configuring done
[2.220s] -- Generating done
[2.223s] -- Build files have been written to: /home/bettanin/ros2_ws/build/learning_tf2_cpp
[2.272s] [35m[1mScanning dependencies of target turtle_tf2_broadcaster[0m
[2.315s] [ 50%] Built target static_turtle_tf2_broadcaster
[2.350s] [ 75%] [32mBuilding CXX object CMakeFiles/turtle_tf2_broadcaster.dir/src/turtle_tf2_broadcaster.cpp.o[0m
[11.315s] [100%] [32m[1mLinking CXX executable turtle_tf2_broadcaster[0m
[11.885s] [100%] Built target turtle_tf2_broadcaster
[11.907s] Invoked command in '/home/bettanin/ros2_ws/build/learning_tf2_cpp' returned '0': CMAKE_PREFIX_PATH=${CMAKE_PREFIX_PATH}:/home/bettanin/ros2_ws/install/py_launch_example:/home/bettanin/ros2_ws/install/launch_tutorial:/opt/ros/foxy /usr/bin/cmake --build /home/bettanin/ros2_ws/build/learning_tf2_cpp -- -j8 -l8
[11.985s] Invoking command in '/home/bettanin/ros2_ws/build/learning_tf2_cpp': CMAKE_PREFIX_PATH=${CMAKE_PREFIX_PATH}:/home/bettanin/ros2_ws/install/py_launch_example:/home/bettanin/ros2_ws/install/launch_tutorial:/opt/ros/foxy /usr/bin/cmake --install /home/bettanin/ros2_ws/build/learning_tf2_cpp
[12.001s] -- Install configuration: ""
[12.001s] -- Up-to-date: /home/bettanin/ros2_ws/install/learning_tf2_cpp/lib/learning_tf2_cpp/static_turtle_tf2_broadcaster
[12.002s] -- Installing: /home/bettanin/ros2_ws/install/learning_tf2_cpp/lib/learning_tf2_cpp/turtle_tf2_broadcaster
[12.006s] -- Set runtime path of "/home/bettanin/ros2_ws/install/learning_tf2_cpp/lib/learning_tf2_cpp/turtle_tf2_broadcaster" to ""
[12.006s] -- Installing: /home/bettanin/ros2_ws/install/learning_tf2_cpp/share/learning_tf2_cpp/launch
[12.007s] -- Installing: /home/bettanin/ros2_ws/install/learning_tf2_cpp/share/learning_tf2_cpp/launch/turtle_tf2_demo.launch.py
[12.007s] -- Installing: /home/bettanin/ros2_ws/install/learning_tf2_cpp/share/ament_index/resource_index/package_run_dependencies/learning_tf2_cpp
[12.008s] -- Installing: /home/bettanin/ros2_ws/install/learning_tf2_cpp/share/ament_index/resource_index/parent_prefix_path/learning_tf2_cpp
[12.008s] -- Up-to-date: /home/bettanin/ros2_ws/install/learning_tf2_cpp/share/learning_tf2_cpp/environment/ament_prefix_path.sh
[12.008s] -- Installing: /home/bettanin/ros2_ws/install/learning_tf2_cpp/share/learning_tf2_cpp/environment/ament_prefix_path.dsv
[12.009s] -- Up-to-date: /home/bettanin/ros2_ws/install/learning_tf2_cpp/share/learning_tf2_cpp/environment/path.sh
[12.009s] -- Installing: /home/bettanin/ros2_ws/install/learning_tf2_cpp/share/learning_tf2_cpp/environment/path.dsv
[12.009s] -- Up-to-date: /home/bettanin/ros2_ws/install/learning_tf2_cpp/share/learning_tf2_cpp/local_setup.bash
[12.010s] -- Up-to-date: /home/bettanin/ros2_ws/install/learning_tf2_cpp/share/learning_tf2_cpp/local_setup.sh
[12.010s] -- Up-to-date: /home/bettanin/ros2_ws/install/learning_tf2_cpp/share/learning_tf2_cpp/local_setup.zsh
[12.010s] -- Installing: /home/bettanin/ros2_ws/install/learning_tf2_cpp/share/learning_tf2_cpp/local_setup.dsv
[12.010s] -- Installing: /home/bettanin/ros2_ws/install/learning_tf2_cpp/share/learning_tf2_cpp/package.dsv
[12.011s] -- Up-to-date: /home/bettanin/ros2_ws/install/learning_tf2_cpp/share/ament_index/resource_index/packages/learning_tf2_cpp
[12.011s] -- Up-to-date: /home/bettanin/ros2_ws/install/learning_tf2_cpp/share/learning_tf2_cpp/cmake/learning_tf2_cppConfig.cmake
[12.011s] -- Up-to-date: /home/bettanin/ros2_ws/install/learning_tf2_cpp/share/learning_tf2_cpp/cmake/learning_tf2_cppConfig-version.cmake
[12.011s] -- Installing: /home/bettanin/ros2_ws/install/learning_tf2_cpp/share/learning_tf2_cpp/package.xml
[12.015s] Invoked command in '/home/bettanin/ros2_ws/build/learning_tf2_cpp' returned '0': CMAKE_PREFIX_PATH=${CMAKE_PREFIX_PATH}:/home/bettanin/ros2_ws/install/py_launch_example:/home/bettanin/ros2_ws/install/launch_tutorial:/opt/ros/foxy /usr/bin/cmake --install /home/bettanin/ros2_ws/build/learning_tf2_cpp
