[0.032s] Invoking command in '/home/bettanin/ros2dev/build/more_interfaces': CMAKE_PREFIX_PATH=/opt/ros/foxy /usr/bin/cmake --build /home/bettanin/ros2dev/build/more_interfaces -- -j8 -l8
[0.079s] -- Found ament_cmake: 0.9.9 (/opt/ros/foxy/share/ament_cmake/cmake)
[0.123s] -- Using PYTHON_EXECUTABLE: /usr/bin/python3
[0.509s] -- Found rclcpp: 2.4.1 (/opt/ros/foxy/share/rclcpp/cmake)
[0.588s] -- Using all available rosidl_typesupport_c: rosidl_typesupport_fastrtps_c;rosidl_typesupport_introspection_c
[0.597s] -- Found rosidl_adapter: 1.2.1 (/opt/ros/foxy/share/rosidl_adapter/cmake)
[0.884s] -- Using all available rosidl_typesupport_cpp: rosidl_typesupport_fastrtps_cpp;rosidl_typesupport_introspection_cpp
[0.985s] -- Found rmw_implementation_cmake: 1.0.3 (/opt/ros/foxy/share/rmw_implementation_cmake/cmake)
[0.986s] -- Using RMW implementation 'rmw_fastrtps_cpp' as default
[1.269s] -- Found rosidl_default_generators: 1.0.1 (/opt/ros/foxy/share/rosidl_default_generators/cmake)
[1.310s] CMake Error at CMakeLists.txt:22 (find_package):
[1.310s]   By not providing "Findrosidl_tutorials_msgs.cmake" in CMAKE_MODULE_PATH
[1.310s]   this project has asked CMake to find a package configuration file provided
[1.311s]   by "rosidl_tutorials_msgs", but CMake did not find one.
[1.311s] 
[1.311s]   Could not find a package configuration file provided by
[1.311s]   "rosidl_tutorials_msgs" with any of the following names:
[1.311s] 
[1.311s]     rosidl_tutorials_msgsConfig.cmake
[1.312s]     rosidl_tutorials_msgs-config.cmake
[1.312s] 
[1.312s]   Add the installation prefix of "rosidl_tutorials_msgs" to CMAKE_PREFIX_PATH
[1.312s]   or set "rosidl_tutorials_msgs_DIR" to a directory containing one of the
[1.312s]   above files.  If "rosidl_tutorials_msgs" provides a separate development
[1.312s]   package or SDK, be sure it has been installed.
[1.312s] 
[1.313s] 
[1.314s] -- Configuring incomplete, errors occurred!
[1.314s] See also "/home/bettanin/ros2dev/build/more_interfaces/CMakeFiles/CMakeOutput.log".
[1.314s] See also "/home/bettanin/ros2dev/build/more_interfaces/CMakeFiles/CMakeError.log".
[1.324s] make: *** [Makefile:792: cmake_check_build_system] Error 1
[1.328s] Invoked command in '/home/bettanin/ros2dev/build/more_interfaces' returned '2': CMAKE_PREFIX_PATH=/opt/ros/foxy /usr/bin/cmake --build /home/bettanin/ros2dev/build/more_interfaces -- -j8 -l8
