running egg_info
writing ../../build/launch_tutorial/launch_tutorial.egg-info/PKG-INFO
writing dependency_links to ../../build/launch_tutorial/launch_tutorial.egg-info/dependency_links.txt
writing entry points to ../../build/launch_tutorial/launch_tutorial.egg-info/entry_points.txt
writing requirements to ../../build/launch_tutorial/launch_tutorial.egg-info/requires.txt
writing top-level names to ../../build/launch_tutorial/launch_tutorial.egg-info/top_level.txt
reading manifest file '../../build/launch_tutorial/launch_tutorial.egg-info/SOURCES.txt'
writing manifest file '../../build/launch_tutorial/launch_tutorial.egg-info/SOURCES.txt'
running build
running build_py
running install
running install_lib
creating /home/bettanin/ros2dev_ws/install/launch_tutorial/lib/python3.8/site-packages/launch_tutorial
copying /home/bettanin/ros2dev_ws/build/launch_tutorial/build/lib/launch_tutorial/__init__.py -> /home/bettanin/ros2dev_ws/install/launch_tutorial/lib/python3.8/site-packages/launch_tutorial
byte-compiling /home/bettanin/ros2dev_ws/install/launch_tutorial/lib/python3.8/site-packages/launch_tutorial/__init__.py to __init__.cpython-38.pyc
running install_data
creating /home/bettanin/ros2dev_ws/install/launch_tutorial/share/ament_index
creating /home/bettanin/ros2dev_ws/install/launch_tutorial/share/ament_index/resource_index
creating /home/bettanin/ros2dev_ws/install/launch_tutorial/share/ament_index/resource_index/packages
copying resource/launch_tutorial -> /home/bettanin/ros2dev_ws/install/launch_tutorial/share/ament_index/resource_index/packages
copying package.xml -> /home/bettanin/ros2dev_ws/install/launch_tutorial/share/launch_tutorial
creating /home/bettanin/ros2dev_ws/install/launch_tutorial/share/launch_tutorial/launch
copying launch/turtlesim_world_2.launch.py -> /home/bettanin/ros2dev_ws/install/launch_tutorial/share/launch_tutorial/launch
copying launch/fixed_broadcaster.launch.py -> /home/bettanin/ros2dev_ws/install/launch_tutorial/share/launch_tutorial/launch
copying launch/example_event_handlers.launch.py -> /home/bettanin/ros2dev_ws/install/launch_tutorial/share/launch_tutorial/launch
copying launch/turtlesim_world_1.launch.py -> /home/bettanin/ros2dev_ws/install/launch_tutorial/share/launch_tutorial/launch
copying launch/turtlesim_world_3.launch.py -> /home/bettanin/ros2dev_ws/install/launch_tutorial/share/launch_tutorial/launch
copying launch/turtlesim_rviz.launch.py -> /home/bettanin/ros2dev_ws/install/launch_tutorial/share/launch_tutorial/launch
copying launch/launch_turtlesim.launch.py -> /home/bettanin/ros2dev_ws/install/launch_tutorial/share/launch_tutorial/launch
copying launch/mimic.launch.py -> /home/bettanin/ros2dev_ws/install/launch_tutorial/share/launch_tutorial/launch
copying launch/broadcaster_listener.launch.py -> /home/bettanin/ros2dev_ws/install/launch_tutorial/share/launch_tutorial/launch
copying launch/example_substitutions.launch.py -> /home/bettanin/ros2dev_ws/install/launch_tutorial/share/launch_tutorial/launch
copying launch/example_main.launch.py -> /home/bettanin/ros2dev_ws/install/launch_tutorial/share/launch_tutorial/launch
creating /home/bettanin/ros2dev_ws/install/launch_tutorial/share/launch_tutorial/config
copying config/turtlesim.yaml -> /home/bettanin/ros2dev_ws/install/launch_tutorial/share/launch_tutorial/config
running install_egg_info
Copying ../../build/launch_tutorial/launch_tutorial.egg-info to /home/bettanin/ros2dev_ws/install/launch_tutorial/lib/python3.8/site-packages/launch_tutorial-0.0.0-py3.8.egg-info
running install_scripts
writing list of installed files to '/home/bettanin/ros2dev_ws/build/launch_tutorial/install.log'
