[0.028s] Invoking command in '/home/bettanin/ros2_ws/build/learning_tf2_cpp': CMAKE_PREFIX_PATH=${CMAKE_PREFIX_PATH}:/home/bettanin/ros2_ws/install/py_launch_example:/home/bettanin/ros2_ws/install/launch_tutorial:/opt/ros/foxy /usr/bin/cmake --build /home/bettanin/ros2_ws/build/learning_tf2_cpp -- -j8 -l8
[0.085s] -- Found ament_cmake: 0.9.9 (/opt/ros/foxy/share/ament_cmake/cmake)
[0.129s] -- Using PYTHON_EXECUTABLE: /usr/bin/python3
[0.497s] -- Found geometry_msgs: 2.0.5 (/opt/ros/foxy/share/geometry_msgs/cmake)
[0.547s] -- Using all available rosidl_typesupport_c: rosidl_typesupport_fastrtps_c;rosidl_typesupport_introspection_c
[0.554s] -- Found rosidl_adapter: 1.2.1 (/opt/ros/foxy/share/rosidl_adapter/cmake)
[0.809s] -- Using all available rosidl_typesupport_cpp: rosidl_typesupport_fastrtps_cpp;rosidl_typesupport_introspection_cpp
[0.970s] -- Found rclcpp: 2.4.1 (/opt/ros/foxy/share/rclcpp/cmake)
[1.041s] -- Found rmw_implementation_cmake: 1.0.3 (/opt/ros/foxy/share/rmw_implementation_cmake/cmake)
[1.044s] -- Using RMW implementation 'rmw_fastrtps_cpp' as default
[1.302s] -- Found tf2: 0.13.13 (/opt/ros/foxy/share/tf2/cmake)
[1.320s] -- Found tf2_ros: 0.13.13 (/opt/ros/foxy/share/tf2_ros/cmake)
[1.951s] -- Found turtlesim: 1.2.5 (/opt/ros/foxy/share/turtlesim/cmake)
[2.073s] -- Found ament_lint_auto: 0.9.6 (/opt/ros/foxy/share/ament_lint_auto/cmake)
[2.195s] -- Added test 'copyright' to check source files copyright and LICENSE
[2.197s] -- Added test 'cppcheck' to perform static code analysis on C / C++ code
[2.198s] -- Configured cppcheck include dirs: 
[2.198s] -- Configured cppcheck exclude dirs and/or files: 
[2.200s] -- Added test 'cpplint' to check C / C++ code against the Google style
[2.200s] -- Configured cpplint exclude dirs and/or files: 
[2.201s] -- Added test 'flake8' to check Python code syntax and style conventions
[2.202s] -- Added test 'lint_cmake' to check CMake code style
[2.202s] -- Added test 'pep257' to check Python code against some of the style conventions in PEP 257
[2.204s] -- Added test 'uncrustify' to check C / C++ code style
[2.204s] -- Configured uncrustify additional arguments: 
[2.205s] -- Added test 'xmllint' to check XML markup files
[2.211s] -- Configuring done
[2.286s] -- Generating done
[2.290s] -- Build files have been written to: /home/bettanin/ros2_ws/build/learning_tf2_cpp
[2.340s] [35m[1mScanning dependencies of target turtle_tf2_listener_debug[0m
[2.400s] [ 33%] Built target dynamic_frame_tf2_broadcaster
[2.400s] [ 33%] Built target fixed_frame_tf2_broadcaster
[2.408s] [ 50%] Built target turtle_tf2_broadcaster
[2.410s] [ 66%] Built target turtle_tf2_listener
[2.412s] [ 83%] Built target static_turtle_tf2_broadcaster
[2.435s] [ 91%] [32mBuilding CXX object CMakeFiles/turtle_tf2_listener_debug.dir/src/turtle_tf2_listener.cpp.o[0m
[9.050s] [100%] [32m[1mLinking CXX executable turtle_tf2_listener_debug[0m
[9.463s] [100%] Built target turtle_tf2_listener_debug
[9.485s] Invoked command in '/home/bettanin/ros2_ws/build/learning_tf2_cpp' returned '0': CMAKE_PREFIX_PATH=${CMAKE_PREFIX_PATH}:/home/bettanin/ros2_ws/install/py_launch_example:/home/bettanin/ros2_ws/install/launch_tutorial:/opt/ros/foxy /usr/bin/cmake --build /home/bettanin/ros2_ws/build/learning_tf2_cpp -- -j8 -l8
[9.575s] Invoking command in '/home/bettanin/ros2_ws/build/learning_tf2_cpp': CMAKE_PREFIX_PATH=${CMAKE_PREFIX_PATH}:/home/bettanin/ros2_ws/install/py_launch_example:/home/bettanin/ros2_ws/install/launch_tutorial:/opt/ros/foxy /usr/bin/cmake --install /home/bettanin/ros2_ws/build/learning_tf2_cpp
[9.592s] -- Install configuration: ""
[9.592s] -- Up-to-date: /home/bettanin/ros2_ws/install/learning_tf2_cpp/lib/learning_tf2_cpp/static_turtle_tf2_broadcaster
[9.593s] -- Up-to-date: /home/bettanin/ros2_ws/install/learning_tf2_cpp/lib/learning_tf2_cpp/turtle_tf2_broadcaster
[9.594s] -- Up-to-date: /home/bettanin/ros2_ws/install/learning_tf2_cpp/lib/learning_tf2_cpp/turtle_tf2_listener
[9.594s] -- Installing: /home/bettanin/ros2_ws/install/learning_tf2_cpp/lib/learning_tf2_cpp/turtle_tf2_listener_debug
[9.597s] -- Set runtime path of "/home/bettanin/ros2_ws/install/learning_tf2_cpp/lib/learning_tf2_cpp/turtle_tf2_listener_debug" to ""
[9.598s] -- Up-to-date: /home/bettanin/ros2_ws/install/learning_tf2_cpp/lib/learning_tf2_cpp/fixed_frame_tf2_broadcaster
[9.598s] -- Up-to-date: /home/bettanin/ros2_ws/install/learning_tf2_cpp/lib/learning_tf2_cpp/dynamic_frame_tf2_broadcaster
[9.599s] -- Up-to-date: /home/bettanin/ros2_ws/install/learning_tf2_cpp/share/learning_tf2_cpp/launch
[9.600s] -- Installing: /home/bettanin/ros2_ws/install/learning_tf2_cpp/share/learning_tf2_cpp/launch/turtle_tf2_debug_demo.launch.py
[9.600s] -- Up-to-date: /home/bettanin/ros2_ws/install/learning_tf2_cpp/share/learning_tf2_cpp/launch/turtle_tf2_dynamic_frame_demo.launch.py
[9.600s] -- Up-to-date: /home/bettanin/ros2_ws/install/learning_tf2_cpp/share/learning_tf2_cpp/launch/turtle_tf2_demo.launch.py
[9.600s] -- Up-to-date: /home/bettanin/ros2_ws/install/learning_tf2_cpp/share/learning_tf2_cpp/launch/turtle_tf2_fixed_frame_demo.launch.py
[9.600s] -- Up-to-date: /home/bettanin/ros2_ws/install/learning_tf2_cpp/share/ament_index/resource_index/package_run_dependencies/learning_tf2_cpp
[9.601s] -- Installing: /home/bettanin/ros2_ws/install/learning_tf2_cpp/share/ament_index/resource_index/parent_prefix_path/learning_tf2_cpp
[9.601s] -- Up-to-date: /home/bettanin/ros2_ws/install/learning_tf2_cpp/share/learning_tf2_cpp/environment/ament_prefix_path.sh
[9.601s] -- Installing: /home/bettanin/ros2_ws/install/learning_tf2_cpp/share/learning_tf2_cpp/environment/ament_prefix_path.dsv
[9.601s] -- Up-to-date: /home/bettanin/ros2_ws/install/learning_tf2_cpp/share/learning_tf2_cpp/environment/path.sh
[9.601s] -- Installing: /home/bettanin/ros2_ws/install/learning_tf2_cpp/share/learning_tf2_cpp/environment/path.dsv
[9.602s] -- Up-to-date: /home/bettanin/ros2_ws/install/learning_tf2_cpp/share/learning_tf2_cpp/local_setup.bash
[9.602s] -- Up-to-date: /home/bettanin/ros2_ws/install/learning_tf2_cpp/share/learning_tf2_cpp/local_setup.sh
[9.602s] -- Up-to-date: /home/bettanin/ros2_ws/install/learning_tf2_cpp/share/learning_tf2_cpp/local_setup.zsh
[9.602s] -- Installing: /home/bettanin/ros2_ws/install/learning_tf2_cpp/share/learning_tf2_cpp/local_setup.dsv
[9.602s] -- Installing: /home/bettanin/ros2_ws/install/learning_tf2_cpp/share/learning_tf2_cpp/package.dsv
[9.602s] -- Up-to-date: /home/bettanin/ros2_ws/install/learning_tf2_cpp/share/ament_index/resource_index/packages/learning_tf2_cpp
[9.602s] -- Up-to-date: /home/bettanin/ros2_ws/install/learning_tf2_cpp/share/learning_tf2_cpp/cmake/learning_tf2_cppConfig.cmake
[9.603s] -- Up-to-date: /home/bettanin/ros2_ws/install/learning_tf2_cpp/share/learning_tf2_cpp/cmake/learning_tf2_cppConfig-version.cmake
[9.603s] -- Up-to-date: /home/bettanin/ros2_ws/install/learning_tf2_cpp/share/learning_tf2_cpp/package.xml
[9.606s] Invoked command in '/home/bettanin/ros2_ws/build/learning_tf2_cpp' returned '0': CMAKE_PREFIX_PATH=${CMAKE_PREFIX_PATH}:/home/bettanin/ros2_ws/install/py_launch_example:/home/bettanin/ros2_ws/install/launch_tutorial:/opt/ros/foxy /usr/bin/cmake --install /home/bettanin/ros2_ws/build/learning_tf2_cpp
