[1.581s] Invoking command in '/home/bettanin/ros2dev_ws/src/py_launch_example': PYTHONPATH=/home/bettanin/ros2dev_ws/install/py_launch_example/lib/python3.8/site-packages:${PYTHONPATH} /usr/bin/python3 setup.py egg_info --egg-base ../../build/py_launch_example build --build-base /home/bettanin/ros2dev_ws/build/py_launch_example/build install --prefix /home/bettanin/ros2dev_ws/install/py_launch_example --record /home/bettanin/ros2dev_ws/build/py_launch_example/install.log --single-version-externally-managed
[2.076s] running egg_info
[2.077s] writing ../../build/py_launch_example/py_launch_example.egg-info/PKG-INFO
[2.077s] writing dependency_links to ../../build/py_launch_example/py_launch_example.egg-info/dependency_links.txt
[2.078s] writing entry points to ../../build/py_launch_example/py_launch_example.egg-info/entry_points.txt
[2.078s] writing requirements to ../../build/py_launch_example/py_launch_example.egg-info/requires.txt
[2.078s] writing top-level names to ../../build/py_launch_example/py_launch_example.egg-info/top_level.txt
[2.156s] reading manifest file '../../build/py_launch_example/py_launch_example.egg-info/SOURCES.txt'
[2.158s] writing manifest file '../../build/py_launch_example/py_launch_example.egg-info/SOURCES.txt'
[2.158s] running build
[2.158s] running build_py
[2.159s] running install
[2.160s] running install_lib
[2.163s] running install_data
[2.164s] copying launch/my_script_launch.py -> /home/bettanin/ros2dev_ws/install/py_launch_example/share/py_launch_example
[2.165s] running install_egg_info
[2.168s] removing '/home/bettanin/ros2dev_ws/install/py_launch_example/lib/python3.8/site-packages/py_launch_example-0.0.0-py3.8.egg-info' (and everything under it)
[2.168s] Copying ../../build/py_launch_example/py_launch_example.egg-info to /home/bettanin/ros2dev_ws/install/py_launch_example/lib/python3.8/site-packages/py_launch_example-0.0.0-py3.8.egg-info
[2.170s] running install_scripts
[2.200s] writing list of installed files to '/home/bettanin/ros2dev_ws/build/py_launch_example/install.log'
[2.244s] Invoked command in '/home/bettanin/ros2dev_ws/src/py_launch_example' returned '0': PYTHONPATH=/home/bettanin/ros2dev_ws/install/py_launch_example/lib/python3.8/site-packages:${PYTHONPATH} /usr/bin/python3 setup.py egg_info --egg-base ../../build/py_launch_example build --build-base /home/bettanin/ros2dev_ws/build/py_launch_example/build install --prefix /home/bettanin/ros2dev_ws/install/py_launch_example --record /home/bettanin/ros2dev_ws/build/py_launch_example/install.log --single-version-externally-managed
