[0.028s] Invoking command in '/home/bettanin/ros2dev/build/cpp_idl': CMAKE_PREFIX_PATH=${CMAKE_PREFIX_PATH}:/opt/ros/foxy /usr/bin/cmake /home/bettanin/ros2dev/src/cpp_idl -DCMAKE_INSTALL_PREFIX=/home/bettanin/ros2dev/install/cpp_idl
[0.223s] -- The C compiler identification is GNU 9.4.0
[0.366s] -- The CXX compiler identification is GNU 9.4.0
[0.375s] -- Check for working C compiler: /usr/bin/cc
[0.527s] -- Check for working C compiler: /usr/bin/cc -- works
[0.531s] -- Detecting C compiler ABI info
[0.668s] -- Detecting C compiler ABI info - done
[0.692s] -- Detecting C compile features
[0.693s] -- Detecting C compile features - done
[0.698s] -- Check for working CXX compiler: /usr/bin/c++
[0.848s] -- Check for working CXX compiler: /usr/bin/c++ -- works
[0.850s] -- Detecting CXX compiler ABI info
[1.000s] -- Detecting CXX compiler ABI info - done
[1.023s] -- Detecting CXX compile features
[1.024s] -- Detecting CXX compile features - done
[1.033s] -- Found ament_cmake: 0.9.9 (/opt/ros/foxy/share/ament_cmake/cmake)
[1.080s] -- Found PythonInterp: /usr/bin/python3 (found suitable version "3.8.10", minimum required is "3") 
[1.080s] -- Using PYTHON_EXECUTABLE: /usr/bin/python3
[1.490s] -- Found rclcpp: 2.4.1 (/opt/ros/foxy/share/rclcpp/cmake)
[1.595s] -- Using all available rosidl_typesupport_c: rosidl_typesupport_fastrtps_c;rosidl_typesupport_introspection_c
[1.614s] -- Found rosidl_adapter: 1.2.1 (/opt/ros/foxy/share/rosidl_adapter/cmake)
[1.790s] -- Found OpenSSL: /usr/lib/x86_64-linux-gnu/libcrypto.so (found version "1.1.1f")  
[1.851s] -- Found FastRTPS: /opt/ros/foxy/include  
[2.018s] -- Using all available rosidl_typesupport_cpp: rosidl_typesupport_fastrtps_cpp;rosidl_typesupport_introspection_cpp
[2.137s] -- Found rmw_implementation_cmake: 1.0.3 (/opt/ros/foxy/share/rmw_implementation_cmake/cmake)
[2.140s] -- Using RMW implementation 'rmw_fastrtps_cpp' as default
[2.144s] -- Looking for pthread.h
[2.281s] -- Looking for pthread.h - found
[2.282s] -- Performing Test CMAKE_HAVE_LIBC_PTHREAD
[2.439s] -- Performing Test CMAKE_HAVE_LIBC_PTHREAD - Failed
[2.439s] -- Looking for pthread_create in pthreads
[2.561s] -- Looking for pthread_create in pthreads - not found
[2.561s] -- Looking for pthread_create in pthread
[2.695s] -- Looking for pthread_create in pthread - found
[2.699s] -- Found Threads: TRUE  
[3.052s] CMake Error at CMakeLists.txt:21 (find_package):
[3.052s]   By not providing "Findrosidl_tutorials_msgs.cmake" in CMAKE_MODULE_PATH
[3.052s]   this project has asked CMake to find a package configuration file provided
[3.053s]   by "rosidl_tutorials_msgs", but CMake did not find one.
[3.053s] 
[3.053s]   Could not find a package configuration file provided by
[3.053s]   "rosidl_tutorials_msgs" with any of the following names:
[3.053s] 
[3.053s]     rosidl_tutorials_msgsConfig.cmake
[3.053s]     rosidl_tutorials_msgs-config.cmake
[3.053s] 
[3.054s]   Add the installation prefix of "rosidl_tutorials_msgs" to CMAKE_PREFIX_PATH
[3.054s]   or set "rosidl_tutorials_msgs_DIR" to a directory containing one of the
[3.054s]   above files.  If "rosidl_tutorials_msgs" provides a separate development
[3.054s]   package or SDK, be sure it has been installed.
[3.054s] 
[3.054s] 
[3.055s] -- Configuring incomplete, errors occurred!
[3.056s] See also "/home/bettanin/ros2dev/build/cpp_idl/CMakeFiles/CMakeOutput.log".
[3.056s] See also "/home/bettanin/ros2dev/build/cpp_idl/CMakeFiles/CMakeError.log".
[3.068s] Invoked command in '/home/bettanin/ros2dev/build/cpp_idl' returned '1': CMAKE_PREFIX_PATH=${CMAKE_PREFIX_PATH}:/opt/ros/foxy /usr/bin/cmake /home/bettanin/ros2dev/src/cpp_idl -DCMAKE_INSTALL_PREFIX=/home/bettanin/ros2dev/install/cpp_idl
